#wl	elem	excit	loggf	vdwaals	Do
5339.188	20.1	8.44	-0.075	-7.196	 
5339.416	26.0	4.43	-2.166	-7.51	 
5339.526	27.0	4.23	-0.377	-7.51	 
5339.937	26.0	3.27	-0.609	-7.221	 
5340.189	26.0	4.29	-2.807	-7.52	 
5340.447	24.0	3.44	-0.724	-7.262	 
5340.666	22.0	0.82	-3.174	-7.65	 
5341.033	26.0	1.61	-1.717	-7.68	 
5341.053	25.0	2.11	-1.401	-7.74	 
5341.070	21.0	1.94	3.341	0.0	 
5341.327	27.0	4.15	0.064	-7.51	 
5341.489	22.0	3.06	-1.197	-7.58	 
5341.524	58.1	0.67	-5.088	0.0	 
5342.701	27.0	4.02	0.578	-7.51	 
5342.958	21.0	0.0	-2.275	-6.11	 
5342.969	19.0	1.61	-2.18	0.0	 
5343.380	27.0	4.03	0.024	-7.51	 
5343.438	26.0	4.37	-0.806	-7.51	 
5343.831	26.0	4.99	-2.552	-7.27	 
5344.154	58.1	1.14	-0.676	0.0	 
5344.246	22.0	3.11	-0.647	-7.65	 
5344.445	25.0	5.38	0.434	0.0	 
5344.568	27.0	4.03	-0.444	-7.51	 
5344.756	24.0	3.45	-0.981	-7.26	 
5345.512	58.1	0.52	-1.75	0.0	 
5345.543	24.0	3.46	-1.56	-7.55	 
5345.805	24.0	1.0	-0.784	-7.62	 
5346.076	24.1	3.83	-2.512	-7.86	 
5346.538	24.1	3.76	-3.095	-7.862	 
5346.562	26.1	3.23	-5.074	-7.89	 
5346.645	26.1	8.18	-0.028	-7.556	 
5346.813	28.0	3.83	-2.057	-7.48	 
5346.814	606.0	1.27	0.993	0.0	6.25
5346.931	606.0	1.27	0.693	0.0	6.25
5347.497	27.0	4.15	-0.174	-7.51	 
5347.708	28.0	3.8	-1.953	-7.222	 
5348.043	26.0	5.39	-2.779	-7.16	 
5348.056	25.0	3.38	-1.769	-7.77	 
5348.326	24.0	1.0	-1.078	-7.62	 
5348.352	26.0	5.65	-4.997	-7.39	 
5348.707	23.0	1.85	-3.181	-7.8	 
5348.744	26.0	5.06	-2.022	-7.15	 
5348.777	25.0	4.43	-2.064	-7.13	 
5349.090	27.0	4.15	-0.283	-7.51	 
5349.308	21.0	1.85	0.005	-7.7	 
5349.466	20.0	2.71	-0.192	-7.652	 
5349.731	21.0	0.02	-1.854	-7.801	 
5349.737	26.0	4.39	-1.105	-7.166	 
5349.861	25.0	5.37	0.614	-7.59	 
5350.089	40.1	1.83	-0.785	0.0	 
5350.350	40.1	1.77	-0.853	0.0	 
5350.358	23.0	2.27	-0.797	-7.86	 
5351.6704	26.0	5.064	-4.165	-7.31	 
5351.8394	28.0	3.941	-2.514	-7.56	 
5351.8931	27.0	3.576	-3.244	0.0	 
5351.9244	27.0	3.576	-2.855	0.0	 
5351.9526	27.0	3.576	-1.736	0.0	 
5351.9770	27.0	3.576	-1.5319999999999998	0.0	 
5351.9985	27.0	3.576	-1.459	0.0	 
5352.0191	27.0	3.576	-0.581	0.0	 
5352.0282	23.0	2.684	-0.8220000000000001	-7.73	 
5352.0321	27.0	3.576	-0.662	0.0	 
5352.0457	24.0	4.4110000000000005	-2.684	-7.46	 
5352.0509	27.0	3.576	-0.503	0.0	 
5352.0696	27.0	3.576	-0.569	0.0	 
5352.224	58.0	0.68	1.536	0.0	 
5352.404	59.2	0.48	1.287	0.0	 
5353.38	26.0	4.1	-0.707	-7.262	 
5353.399	28.0	1.95	-2.64	-7.771	 
5353.407	24.0	4.62	-0.92	-7.79	 
5353.515	27.0	4.15	0.462	-7.51	 
5358.113	26.0	3.3	-3.167	-7.8	 
5358.928	27.0	4.15	-0.563	-7.51	 
5358.928	24.0	4.53	-1.083	-7.75	 
5359.199	27.0	4.15	0.007	-7.51	 
5359.498	19.0	1.62	-2.88	0.0	 
5359.508	58.1	1.78	0.032	0.0	 
5359.715	23.0	2.33	-1.611	-7.76	 
5359.932	22.0	3.15	-4.941	-7.52	 
5360.158	29.0	7.35	-8.833	-7.06	 
5361.17	60.1	0.56	-1.465	0.0	 
5361.361	607.0	0.69	-1.348	0.0	7.63
5361.477	60.1	0.68	-0.099	0.0	 
5361.624	26.0	4.42	-1.216	-7.152	 
5361.712	22.0	0.84	-3.01	-7.636	 
5362.560	40.0	0.54	-1.87	0.0	 
5362.729	58.0	0.17	-1.477	0.0	 
5362.780	27.0	4.23	0.404	-7.51	 
5362.861	26.1	3.20	-2.570	-7.878	 
5364.170	58.1	2.17	0.622	0.0	 
5364.426	25.0	2.89	-2.307	-7.77	 
5364.871	26.0	4.45	0.228	-7.136	 
5365.379	606.0	1.19	-2.437	0.0	6.25
5365.399	26.0	3.57	-1.02	-7.82	 
5366.639	22.0	0.82	-2.46	-7.639	 
5366.753	27.0	4.14	-0.43	-7.51	 
5366.923	58.0	0.55	1.406	0.0	 
5367.473	26.0	4.42	0.444	-7.153	 
5367.949	23.0	6.69	-7.611	-7.73	 
5368.266	58.1	1.67	0.54	0.0	 
5368.276	26.0	5.03	-6.021	-7.14	 
5368.436	26.0	4.96	-2.454	-7.28	 
5368.537	24.0	3.85	-1.083	-7.78	 
5368.899	27.0	3.53	-1.152	-7.73	 
5369.35	24.1	3.87	-2.821	-7.862	 
5369.564	26.0	5.09	-4.883	-7.25	 
5369.571	26.0	5.69	-4.623	-7.14	 
5369.594	27.0	1.74	-1.339	-7.665	 
5369.971	26.0	4.37	0.536	-7.179	 
5370.33	27.0	3.73	-0.372	-7.55	 
5371.33	28.0	4.42	-0.31	-7.276	 
5371.436	26.0	4.43	-1.101	-7.46	 
5371.492	26.0	0.96	-1.724	-7.753	 
5371.506	24.0	3.84	-0.615	-7.78	 
5373.67	23.0	1.96	-5.353	-7.8	 
5373.709	26.0	4.47	-0.71	-7.123	 
5374.15	26.0	5.03	-2.066	-7.28	 
5374.396	25.0	5.38	-0.205	-7.55	 
5379.577	26.0	3.69	-1.514	-7.575	 
5380.322	6.0	7.68	-1.615	-7.37	 
5380.696	23.1	6.68	-7.358	-7.73	 
5380.729	606.0	1.44	-3.573	0.0	6.25
5380.736	69.1	4.85	-1.85	0.0	 
5381.015	16.0	7.87	-4.22	-6.71	 
5381.025	22.1	1.57	-1.776	-7.85	 
5381.171	58.1	0.81	-0.379	0.0	 
5381.312	20.0	5.39	-2.338	-6.58	 
5381.77	27.0	4.24	-0.158	-7.51	 
5382.256	26.0	0.12	-8.998	-7.82	 
5382.273	26.0	5.67	-0.434	-7.39	 
5382.913	22.0	1.87	-2.05	-7.77	 
5383.378	26.0	4.31	0.555	-7.219	 
5383.407	27.0	4.15	-0.682	-7.51	 
5383.408	23.0	2.58	-0.31	-7.52	 
5384.156	23.0	3.87	-5.883	-7.27	 
5384.630	22.0	0.83	-2.77	-7.639	 
5384.870	23.1	2.27	-2.353	-7.87	 
5385.132	40.0	0.52	-0.664	0.0	 
5388.342	28.0	1.94	-3.328	-7.774	 
5388.481	24.0	3.55	-3.559	-7.78	 
5388.503	25.0	3.37	-1.69	-7.531	 
5389.169	22.0	0.81	-2.35	-7.642	 
5389.485	26.0	4.42	-0.410	-7.159	 
5389.501	64.0	1.31	3.823	0.0	 
5389.844	26.0	4.99	-1.503	-7.43	 
5389.872	606.0	1.09	-3.653	0.0	6.25
5389.975	22.1	3.12	-3.76	-7.83	 
5389.989	22.0	1.87	-1.1	-7.77	 
5390.38	24.0	3.37	-0.995	-7.77	 
5390.523	58.1	0.96	0.9	0.0	 
5390.77	27.0	4.05	-0.8440000000000001	-7.51	 
5391.057	22.0	1.88	-1.96	-7.77	 
5391.339	24.0	3.37	-1.178	-7.77	 
5391.366	24.0	4.54	-1.145	-7.78	 
5391.459	26.0	4.15	-0.782	-7.53	 
5391.592	22.0	0.90	-4.597	-7.77	 
5391.623	26.0	3.63	-4.137	-7.82	 
5391.656	29.0	5.51	-0.638	-7.59	 
5392.015	26.0	4.8	-2.139	-7.32	 
5392.078	21.0	1.99	0.166	-7.56	 
5392.331	28.0	4.15	-1.226	-7.192	 
5392.356	28.0	3.8	-3.813	-7.51	 
5393.172	26.0	3.24	-0.686	-7.235	 
5393.392	58.1	1.1	-0.006	0.0	 
5393.913	26.0	3.05	-4.253	-7.83	 
5394.304	22.0	3.29	-2.49	-7.54	 
5394.346	26.0	4.83	-2.102	-7.32	 
5394.626	25.0	0.0	-4.068	-7.795	 
5394.687	25.0	0.0	-4.149	-7.795	 
5394.69	25.0	0.0	-3.964	-7.795	 
5394.728	25.0	0.0	-9.492	-7.795	 
5394.73	25.0	0.0	-8.215	-7.795	 
5394.731	25.0	0.0	-8.268	-7.795	 
5394.742	25.0	0.0	-6.936	-7.795	 
5394.743	25.0	0.0	-4.653	-7.795	 
5395.217	26.0	4.45	-2.07	-7.143	 
5395.252	58.0	0.03	-4.946	0.0	 
5395.408	22.0	3.11	-2.378	-7.54	 
5395.445	606.0	1.18	0.694	0.0	6.25
5396.247	22.1	1.58	-3.18	-7.84	 
5396.561	22.1	2.6	-1.954	-7.85	 
5396.593	22.0	0.0	-3.37	-7.77	 
5396.61	22.0	0.02	-3.799	-7.77	 
5396.716	26.0	5.11	-2.203	-7.16	 
5396.716	26.0	5.06	-2.352	-7.25	 
5396.89	24.1	4.48	-4.081	-7.758	 
5396.898	26.0	3.02	-3.964	-7.82	 
5397.135	26.0	0.92	-1.991	-7.759	 
5397.618	26.0	3.63	-2.343	-7.589	 
5397.636	58.0	0.27	-2.199	0.0	 
5398.279	26.0	4.45	-0.63	-7.144	 
5398.812	26.0	5.01	-2.959	-7.46	 
5398.845	14.0	5.61	-2.372	-6.86	 
5399.45	25.0	3.85	-0.611	-6.35	 
5399.455	25.0	3.85	-2.855	-6.35	 
5399.465	25.0	3.85	-5.951	-6.35	 
5399.478	25.0	3.85	-7.504	-6.35	 
5399.485	25.0	3.85	-1.337	-6.35	 
5399.494	25.0	3.85	-0.828	-6.35	 
5399.497	25.0	3.85	-0.982	-6.35	 
5399.521	25.0	3.85	-1.236	-6.35	 
5399.555	25.0	3.85	-8.35	-6.35	 
5399.71	606.0	1.1	-2.903	0.0	6.25
5399.76	27.0	4.21	-1.411	-7.45	 
5400.501	26.0	4.37	-0.03	-7.187	 
5400.62	24.0	3.38	-0.506	-7.649	 
5400.655	26.0	3.63	-2.6180000000000003	-7.82	 
5401.266	26.0	4.32	-1.82	-7.219	 
5401.375	22.0	0.82	-2.877	-7.64	 
5401.7	24.0	4.62	-2.805	-7.75	 
5401.8327	23.0	2.684	-1.163	-7.73	 
5401.8803	39.0	1.89	-1.805	-7.52	 
5401.9261	23.0	2.359	0.07200000000000001	-7.76	 
5401.986	20.0	5.045	-2.077	-7.07	 
5401.9918	27.0	4.24	-0.198	-7.51	 
5402.0703	26.0	4.913	-2.218	-7.3	 
5408.13	27.0	2.28	-2.232	-7.76	 
5408.362	58.0	0.8	1.672	0.0	 
5408.815	26.1	5.96	-2.21	-7.795	 
5408.94	22.0	0.0	-3.836	-7.736	 
5409.133	26.0	4.37	-1.2	-7.189	 
5409.136	26.0	4.80	-2.058	-7.310	 
5409.162	606.0	1.03	1.113	0.0	6.25
5409.608	22.0	1.89	-0.73	-7.77	 
5409.766	14.0	5.62	-8.488	-6.86	 
5409.795	24.0	1.03	-0.544	-7.62	 
5410.424	58.1	0.7	-1.091	0.0	 
5410.46	23.0	2.58	-5.392	-7.69	 
5410.49	26.0	3.64	-3.84	-7.82	 
5410.910	26.0	4.47	 0.398	-7.82	 
5410.9502	22.0	3.161	-2.897	-7.52	 
5411.0014	22.0	2.48	-2.988	-7.77	 
5411.175	22.0	3.15	-2.398	-7.52	 
5411.218	28.0	4.09	-1.065	-7.37	 
5411.371	26.0	5.02	-8.161	-7.47	 
5411.389	26.0	3.64	-3.42	-7.82	 
5411.397	62.0	0.39	0.829	0.0	 
5411.95	23.0	2.36	-0.396	-7.77	 
5412.759	606.0	1.05	-0.364	0.0	6.25
5412.784	26.0	4.43	-1.709	-7.154	 
5413.095	14.0	5.62	-1.88	-6.87	 
5413.107	26.0	5.11	-7.122	-7.16	 
5413.193	606.0	0.99	0.433	0.0	6.25
5413.193	64.0	0.88	-3.214	0.0	 
5413.22	59.1	0.06	-4.354	0.0	 
5413.369	23.0	0.28	-4.672	-7.79	 
5413.6	25.0	3.86	-1.874	0.0	 
5413.605	25.0	3.86	-1.872	0.0	 
5413.639	25.0	3.86	-1.109	0.0	 
5413.649	25.0	3.86	-1.699	0.0	 
5413.697	25.0	3.86	-2.054	0.0	 
5413.699	27.0	4.06	-0.6940000000000001	-7.51	 
5413.702	25.0	3.86	-1.81	0.0	 
5413.930	40.0	0.687	-2.37	0.0	 
5414.040	606.0	1.01	-3.396	0.0	6.25
5414.070	26.1	3.221	-3.58	0.0	 
5414.106	58.0	0.55	-2.238	0.0	 
5414.861	39.0	1.85	-1.597	-7.52	 
5415.205	26.0	4.39	0.541	-7.182	 
5415.2488	23.0	2.374	0.28	0.0	 
5415.2596	26.1	6.703	-4.255	0.0	 
5415.303	60.0	0.29	1.369	0.0	 
5415.51	26.0	4.97	-3.649	-7.35	 
5415.538	26.0	5.1	-3.13	-7.17	 
5416.374	60.1	0.86	-0.985	0.0	 
5417.04	26.0	4.42	-1.35	-7.166	 
5418.0	40.1	1.76	-1.247	0.0	 
5418.12	14.0	5.62	-2.002	-6.86	 
5418.259	26.0	4.99	-2.804	-7.4	 
5418.768	22.1	1.58	-2.13	-7.85	 
5418.856	44.0	1.12	-2.2	0.0	 
5419.057	24.0	4.49	-2.38	-7.49	 
5419.158	26.0	4.19	-3.808	-7.72	 
5419.191	22.0	2.35	-1.244	-7.71	 
5419.362	607.0	0.66	-1.926	0.0	7.63
5419.391	23.0	1.93	-1.6130000000000002	-7.81	 
5419.89	25.0	6.13	-4.135	-7.87	 
5423.322	66.0	0.0	-4.108	0.0	 
5423.428	58.0	0.55	-3.816	0.0	 
5423.464	606.0	0.97	0.607	0.0	6.25
5423.467	16.0	9.71	-0.153	0.0	 
5423.467	606.0	1.61	-2.959	0.0	6.25
5423.738	26.0	3.69	-2.972	-7.82	 
5424.0602	23.0	2.359	-0.204	-7.76	 
5424.0678	26.0	4.32	0.52	0.0	 
5424.142	26.0	4.08	-2.326	-7.8	 
5424.536	28.0	4.17	-1.461	-7.56	 
5424.607	58.1	0.79	-0.429	0.0	 
5424.638	28.0	1.95	-2.809	-7.774	 
5424.669	606.0	0.95	1.109	0.0	6.25
5425.248	26.1	3.2	-3.22	-7.886	 
5425.646	27.0	4.07	-2.989	-7.73	 
5426.25	22.0	0.02	-2.95	-7.734	 
5433.382	606.0	0.93	-1.288	0.0	6.25
5433.397	25.0	5.37	0.113	-7.61	 
5433.402	606.0	0.97	-4.857	0.0	6.25
5433.44	606.0	0.93	-7.622	0.0	6.25
5433.577	606.0	0.93	-4.001	0.0	6.25
5433.599	606.0	1.03	-3.476	0.0	6.25
5433.604	26.0	5.37	-1.867	-7.51	 
5433.643	26.0	5.07	-1.369	-7.33	 
5434.155	23.0	2.37	-0.514	-7.72	 
5434.182	23.0	1.85	-3.381	-7.8	 
5434.534	26.0	1.01	-2.142	-7.749	 
5435.026	26.0	5.07	-1.454	-7.32	 
5435.042	74.0	0.21	-9.426	0.0	 
5435.170	26.0	4.43	-2.19	-7.16	 
5435.191	22.0	3.15	-2.55	-7.54	 
5435.672	42.0	2.5	-1.362	0.0	 
5435.863	28.0	1.99	-2.314	-7.77	 
5436.256	24.0	4.41	-1.666	-7.42	 
5436.295	26.0	4.39	-1.44	-7.187	 
5436.590	26.0	2.28	-2.964	-7.579	 
5436.710	22.0	0.9	-2.471	-7.727	 
5436.996	27.0	4.11	-0.401	-7.48	 
5437.083	26.0	2.45	-4.111	-7.73	 
5437.196	26.0	4.313	-2.761	-7.52	 
5437.256	41.0	0.657	-1.108	-7.76	 
5437.658	23.0	2.374	-0.885	-7.76	 
5444.584	27.0	4.07	-0.281	-7.51	 
5444.843	16.0	9.76	-5.069	-6.7	 
5445.049	26.0	4.39	0.084	-7.189	 
5446.195	21.0	2.01	-0.002	-7.56	 
5446.582	26.0	4.42	-0.311	-7.51	 
5446.615	22.0	0.02	-3.26	-7.734	 
5446.872	26.0	1.61	-3.109	-7.684	 
5446.924	26.0	0.99	-1.851	-7.753	 
5447.233	28.0	3.84	-2.692	-7.51	 
5447.385	21.0	1.85	-1.392	-7.69	 
5447.507	606.0	0.88	0.123	0.0	6.25
5447.550	25.0	6.24	-0.145	-7.55	 
5447.673	606.0	0.88	-5.245	0.0	6.25
5447.675	22.0	3.57	-4.733	-7.66	 
5447.917	22.0	2.49	-1.472	-7.77	 
5453.987	26.0	4.15	-2.434	-7.47	 
5454.099	22.1	1.57	-3.6	-7.84	 
5454.570	27.0	4.07	0.238	-7.51	 
5455.103	26.0	3.25	-4.619	-7.82	 
5455.459	26.0	4.32	-2.356	-7.52	 
5455.454	26.0	4.32	0.27	-7.52	 
5455.601	25.0	2.953	-4.39	-7.77	 
5455.609	26.0	1.011	-2.093	0.0	 
5455.864	606.0	0.89	0.468	0.0	6.25
5455.958	22.0	1.43	-2.35	-7.69	 
5456.339	26.0	5.11	-3.012	-7.49	 
5456.349	606.0	0.95	0.513	0.0	6.25
5456.383	58.0	0.17	-7.327	0.0	 
5456.456	606.0	0.84	-5.03	0.0	6.25
5456.513	26.0	3.6	-3.33	-7.55	 
5456.617	68.0	1.2	1.585	0.0	 
5456.893	22.0	2.58	-1.36	-7.71	 
5457.069	606.0	1.44	-5.368	0.0	6.25
5457.100	606.0	0.82	0.171	0.0	6.25
5457.118	23.1	2.28	-3.061	-7.87	 
5461.550	26.0	4.45	-1.700	-7.16	 
5461.550	62.0	1.806	-0.032	-7.56	 
5462.454	606.0	0.8	-3.439	0.0	6.25
5462.493	28.0	3.85	-0.774	-7.221	 
5462.959	26.0	4.47	-0.002	-7.46	 
5463.273	22.0	3.32	-2.436	-7.54	 
5463.275	26.0	4.43	-0.141	-7.166	 
5463.3	606.0	0.93	1.901	0.0	6.25
5463.464	20.0	4.88	-0.657	-7.15	 
5463.793	26.0	3.55	-3.701	-7.76	 
5463.921	28.0	3.85	-2.7960000000000003	-7.5	 
5463.964	24.0	3.44	-1.371	-7.75	 
5463.982	606.0	1.26	0.229	0.0	6.25
5464.280	26.0	4.14	-1.402	-7.77	 
5465.770	27.0	4.57	-3.798	-7.45	 
5465.773	22.0	1.07	-2.91	-7.75	 
5466.010	22.0	3.32	-0.318	-7.52	 
5466.395	26.0	4.37	-0.630	-7.51	 
5466.987	26.0	3.57	-2.233	-7.82	 
5467.379	606.0	0.78	-0.052	0.0	6.25
5467.405	26.1	6.81	-1.748	-7.835	 
5467.772	26.0	3.55	-3.612	-7.77	 
5467.792	23.0	2.37	-1.535	-7.75	 
5472.279	58.1	1.25	-1.217	0.0	 
5472.51	24.0	3.55	-3.15	-7.78	 
5472.69	22.0	1.44	-1.63	-7.7	 
5472.709	26.0	4.21	-1.425	-7.253	 
5473.163	26.0	4.19	-1.955	-7.173	 
5473.385	39.1	1.74	-0.89	-7.75	 
5473.542	22.0	2.33	-0.948	-7.72	 
5473.763	27.0	4.24	-1.932	-7.45	 
5473.905	26.0	4.15	-0.720	-7.266	 
5474.223	22.0	1.46	-1.278	-7.732	 
5474.452	22.0	2.35	-0.95	-7.72	 
5486.112	58.1	1.61	0.011	0.0	 
5486.989	23.1	2.27	-2.6010000000000004	-7.86	 
5487.147	26.0	4.42	-1.314	-7.283	 
5487.347	24.0	4.44	-5.158	-7.47	 
5487.487	26.0	5.07	-4.013999999999999	-7.26	 
5487.51	26.0	3.64	-2.37	-7.82	 
5487.524	26.0	4.19	-7.547	-7.5	 
5487.745	26.0	4.14	-0.317	-7.45	 
5487.915	23.0	2.37	0.197	-7.627	 
5488.12	27.0	4.21	-1.6	-7.51	 
5488.135	26.0	4.61	-6.105	-7.41	 
5488.178	22.0	2.4	-0.088	-7.52	 
5496.477	26.0	3.57	-3.788	-7.82	 
5496.562	26.0	4.91	-1.579	-7.345	 
5496.582	606.0	1.09	-7.081	0.0	6.25
5496.815	23.0	2.36	-2.144	-7.8	 
5497.124	606.0	1.22	0.681	0.0	6.25
5497.196	606.0	0.69	0.066	0.0	6.25
5497.41	39.1	1.75	-0.583	-7.75	 
5497.523	26.0	1.01	-2.801	-7.751	 
5497.948	22.0	0.9	-3.03	-7.718	 
5499.498	42.0	4.043	-0.532	0.0	 
5499.5885	26.0	4.473	-2.67	0.0	 
5499.8018	20.0	5.39	-2.67	-6.7	 
5500.797	606.0	0.73	-0.061	0.0	6.25
5501.465	26.0	0.96	-3.046	-7.757	 
5501.528	606.0	0.65	-5.369	0.0	6.25
5501.538	16.0	7.87	-6.125	-6.79	 
5501.611	606.0	1.05	0.853	0.0	6.25
5501.641	28.0	4.54	-2.204	-7.28	 
5501.694	606.0	0.65	-4.94	0.0	6.25
5501.702	606.0	0.9	-9.446	0.0	6.25
5501.714	606.0	0.89	-9.613	0.0	6.25
5501.879	606.0	0.89	0.53	0.0	6.25
5501.883	606.0	0.9	-1.134	0.0	6.25
5502.088	24.1	4.17	-1.869	-7.845	 
5502.6474	26.0	5.033	-3.279	-7.14	 
5502.761	26.0	3.695	-5.773	-7.64	 
5502.938	14.0	5.62	-2.298	-6.86	 
5502.9755	22.0	2.117	-4.671	-7.78	 
5503.061	58.0	1.456	-2.18	-7.55	 
5503.0709	26.0	4.386	-1.317	-7.51	 
5503.2117	24.1	4.143	-2.310	-7.847	 
5503.4438	26.0	5.106	-3.279	-7.31	 
5503.4653	39.0	1.967	0.418	-7.63	 
5503.4841	58.0	1.520	-2.170	0.0
5503.5030	74.0	1.857	-1.880	0.0	 
5503.5995	23.0	0.017	-4.173	-7.78	 
5503.7013	24.0	3.556	-3.668	-7.79	 
5503.731	24.0	3.888	-2.688	-7.73	 
5503.895	22.0	2.578	-0.050	0.0	 
5503.9046	22.0	3.062	-1.26	-7.55	 
5504.088	28.0	3.834	-1.7	0.0	 
5504.2043	25.0	3.133	-2.54	0.0	 
5504.3616	26.0	3.573	-3.208	-7.82	 
5504.4035	26.0	4.956	-2.45	-7.3	 
5504.4777	22.0	2.103	-4.915	-7.77	 
5504.542	26.0	4.733	-3.892	-7.34	 
5505.733	26.0	4.47	-2.464	0.0	 
5505.866	25.0	2.18	-2.527	-7.74	 
5505.881	26.0	4.42	-1.298	-7.51	 
5506.155	606.0	1.02	0.402	0.0	6.25
5506.199	26.1	10.52	1.493	-7.59	 
5506.493	42.0	1.33	0.06	0.0	 
5506.784	26.0	0.99	-2.752	-7.753	 
5506.965	16.0	7.87	-4.329	-6.79	 
5507.735	23.0	1.71	-1.222	-7.78	 
5507.757	23.0	2.36	-0.274	-7.63	 
5514.215	21.0	1.85	0.175	-7.72	 
5514.349	22.0	1.43	-0.566	-7.71	 
5514.4191	24.1	6.484	-2.904	0.0	 
5514.5335	22.0	1.443	-0.5	-7.71	 
5514.793	28.0	3.85	-1.99	-7.234	 
5514.884	606.0	0.6	-0.041	0.0	6.25
5514.91	606.0	0.78	-3.526	0.0	6.25
5514.94	606.0	0.96	-0.611	0.0	6.25
5514.947	606.0	0.6	-3.054	0.0	6.25
5514.981	606.0	0.63	0.167	0.0	6.25
5515.079	23.0	0.07	-3.165	-7.78	 
5515.082	606.0	0.6	-7.085	0.0	6.25
5515.343	606.0	1.12	0.478	0.0	6.25
5515.609	606.0	0.76	0.622	0.0	6.25
5515.63	606.0	1.19	-7.14	0.0	6.25
5516.014	58.1	1.4	-0.156	0.0	 
5516.016	68.0	1.43	1.792	0.0	 
5516.295	26.0	4.1	-2.74	-7.54	 
5516.478	606.0	0.69	-2.354	0.0	6.25
5516.482	26.0	3.55	-3.037	-7.78	 
5516.699	25.0	2.18	-2.551	-7.54	 
5516.709	25.0	2.18	-2.897	-7.54	 
5516.718	25.0	2.18	-4.39	-7.54	 
5516.728	25.0	2.18	-3.236	-7.54	 
5516.743	25.0	2.18	-2.883	-7.54	 
5516.757	25.0	2.18	-2.682	-7.54	 
5516.771	25.0	2.18	-2.597	-7.54	 
5516.79	25.0	2.18	-2.849	-7.54	 
5516.809	25.0	2.18	-3.765	-7.54	 
5516.828	25.0	2.18	-2.338	-7.54	 
5517.065	26.0	4.21	-1.966	-7.48	 
5517.201	23.0	0.0	-3.417	-7.78	 
5517.533	14.0	5.08	-2.392	-7.32	 
5518.07	22.0	2.41	-1.397	-7.52	 
5518.107	606.0	0.69	-0.044	0.0	6.25
5518.359	58.1	0.55	-1.703	0.0	 
5518.374	606.0	0.62	-0.131	0.0	6.25
5518.566	26.0	5.03	-2.044	-7.37	 
5519.394	606.0	0.59	0.113	0.0	6.25
5519.554	606.0	1.09	-0.423	0.0	6.25
5519.556	606.0	0.59	-0.744	0.0	6.25
5519.58	26.0	6.15	-0.004	-7.51	 
5519.799	606.0	1.01	0.18	0.0	6.25
5519.84	24.0	3.89	-2.918	-7.73	 
5519.849	606.0	1.01	0.351	0.0	6.25
5520.03	606.0	0.69	-0.013	0.0	6.25
5520.179	58.1	1.67	-0.245	0.0	 
5520.21	26.0	4.45	-2.942	-7.51	 
5520.467	606.0	0.91	-4.827	0.0	6.25
5520.486	606.0	0.91	0.438	0.0	6.25
5520.497	21.0	1.86	0.319	-7.72	 
5520.927	26.0	5.01	-1.564	-7.35	 
5521.125	26.0	3.63	-2.998	-7.8	 
5521.131	20.0	1.89	-4.3210000000000015	-7.48	 
5521.138	22.0	3.42	-1.341	-7.47	 
5521.28	26.0	4.43	-2.25	-7.51	 
5521.426	28.0	3.84	-2.187	-7.58	 
5521.538	606.0	0.61	-0.757	0.0	6.25
5521.562	39.1	1.74	-0.933	-7.75	 
5521.578	606.0	0.68	0.027	0.0	6.25
5522.163	606.0	0.9	0.176	0.0	6.25
5522.233	606.0	0.9	-0.752	0.0	6.25
5522.425	606.0	0.68	-3.686	0.0	6.25
5522.444	26.0	4.21	-1.450	-7.257	 
5522.458	23.0	2.37	-1.1740000000000002	-7.79	 
5522.461	58.0	0.55	1.389	0.0	 
5524.778	606.0	0.67	-5.241	0.0	6.25
5524.813	607.0	1.28	-0.905	0.0	7.63
5524.99	27.0	4.11	-0.216	-7.5	 
5525.117	26.1	3.27	-3.978	-7.876	 
5525.544	26.0	4.23	-1.084	-7.259	 
5525.705	20.0	5.18	-0.452	-6.98	 
5525.847	26.0	5.11	-1.948	-7.33	 
5525.88	24.0	2.97	-3.423	-7.79	 
5525.911	59.1	0.42	-1.136	0.0	 
5525.92	24.1	3.76	-4.44	-7.86	 
5526.178	606.0	0.97	0.483	0.0	6.25
5526.188	606.0	0.67	-4.306	0.0	6.25
5526.199	606.0	0.67	-3.427	0.0	6.25
5526.202	26.0	5.07	-8.424	-7.31	 
5526.306	606.0	0.97	-0.03	0.0	6.25
5526.800	21.1	1.768	-0.010	-7.81	 
5531.983	26.0	4.91	-1.371	-7.351	 
5532.032	58.1	1.7	-7.749	0.0	 
5532.088	606.0	0.54	-4.148	0.0	6.25
5532.119	606.0	0.82	-0.089	0.0	6.25
5532.119	26.0	2.85	-4.682	-7.67	 
5532.156	606.0	0.93	0.379	0.0	6.25
5532.186	606.0	0.82	-3.142	0.0	6.25
5532.203	606.0	0.93	-3.388	0.0	6.25
5532.264	26.0	5.07	-6.995	-7.47	 
5532.272	58.1	0.17	-2.281	0.0	 
5532.329	606.0	1.02	-2.583	0.0	6.25
5532.332	606.0	0.93	-3.01	0.0	6.25
5532.347	606.0	0.82	0.346	0.0	6.25
5532.747	26.0	3.57	-2.12	-7.762	 
5532.866	26.0	4.45	-1.5219999999999998	-7.52	 
5533.031	42.0	1.33	0.066	0.0	 
5533.82	60.1	0.56	-0.994	0.0	 
5534.1918	24.0	4.4460000000000015	-1.661	-7.76	 
5534.2491	26.0	5.064	-4.109	-7.27	 
5534.3144	26.0	4.9910000000000005	-2.944	-7.14	 
5534.3251	26.0	3.267	-5.229	-7.82	 
5534.659	26.0	3.64	-2.869	-7.81	 
5534.845	26.1	3.25	-2.689	-7.883	 
5535.18	606.0	0.91	0.382	0.0	6.25
5535.32	60.1	1.41	-5.886	0.0	 
5535.344	23.0	0.02	-3.602	-7.763	 
5535.412	26.0	3.25	-7.072	-7.82	 
5535.418	26.0	4.19	-1.158	-7.8	 
5535.52	56.0	0.0	-0.111	0.0	 
5535.55	26.0	6.15	0.336	-7.51	 
5536.053	606.0	0.53	-2.101	0.0	6.25
5536.074	606.0	0.78	0.328	0.0	6.25
5536.086	606.0	0.53	-4.641	0.0	6.25
5536.156	606.0	0.78	-6.09	0.0	6.25
5536.249	606.0	0.53	0.12	0.0	6.25
5542.715	23.0	0.02	-3.389	-7.78	 
5543.030	26.0	4.19	-3.97	-7.47	 
5543.040	26.0	3.69	-3.741	-7.81	 
5543.187	26.0	3.69	-1.470	0.0	 
5543.189	26.0	4.91	-2.413	-7.29	 
5543.936	26.0	4.22	-1.04	-7.263	 
5544.147	606.0	0.5	-7.692	0.0	6.25
5544.167	606.0	0.95	0.471	0.0	6.25
5544.284	606.0	0.95	-4.258	0.0	6.25
5544.328	606.0	0.54	-3.477	0.0	6.25
5544.611	39.1	1.74	-0.83	-7.75	 
5545.921	23.0	1.06	-1.960	-7.593	 
5545.934	27.0	4.11	-0.483	-7.51	 
5546.009	39.1	1.75	-1.200	-7.75	 
5546.506	26.0	4.37	-1.21	-7.224	 
5546.714	24.0	2.98	-3.67	-7.79	 
5546.725	26.0	5.01	-2.043	-7.4	 
5546.969	27.0	4.23	-1.032	-7.51	 
5546.99	26.0	4.22	-1.805	-7.263	 
5547.056	23.0	1.08	-1.111	-7.59	 
5553.104	606.0	0.79	0.03	0.0	6.25
5553.160	6.0	8.64	-1.812	-6.97	 
5553.221	26.0	4.22	-3.074	-7.5	 
5553.58	26.0	4.43	-1.211	-7.188	 
5553.69	28.0	1.94	-3.23	-7.783	 
5554.741	26.0	5.03	-2.822	-7.28	 
5554.894	26.0	4.55	-0.156	-7.125	 
5555.102	606.0	0.46	-4.238	0.0	6.25
5555.122	26.0	4.14	-2.142	-7.8	 
5555.184	26.0	3.55	-9.303	-7.82	 
5555.193	606.0	0.46	-0.321	0.0	6.25
5555.197	24.0	3.56	-2.307	-7.79	 
5555.346	606.0	0.46	-5.144	0.0	6.25
5555.441	606.0	0.78	0.167	0.0	6.25
5555.569	24.0	3.56	-1.664	-7.79	 
5555.617	606.0	0.78	-5.107	0.0	6.25
5555.634	606.0	0.88	0.384	0.0	6.25
5555.719	606.0	0.91	-3.945	0.0	6.25
5555.746	25.0	4.35	-0.83	-7.77	 
5555.762	606.0	0.88	-2.758	0.0	6.25
5559.23	606.0	0.98	-1.789	0.0	6.25
5559.639	26.0	4.99	-1.651	-7.3	 
5559.845	606.0	0.86	0.25	0.0	6.25
5559.860	20.0	4.78	-2.54	-7.23	 
5559.752	44.0	0.928	-1.86	0.0	 
5559.8596	20.0	4.78	-2.54	-7.23	 
5559.893	26.0	4.638	-1.661	-7.31	 
5560.2115	26.0	4.435	-1.09	0.0	 
5560.2832	26.1	6.703	-4.107	0.0	 
5560.547	23.0	0.04	-3.59	-7.761	 
5560.675	606.0	0.5	-0.368	0.0	6.25
5561.445	58.1	1.46	0.028	0.0	 
5561.659	606.0	0.73	0.372	0.0	6.25
5561.663	23.0	1.71	-1.526	-7.74	 
5561.717	606.0	0.74	-7.888	0.0	6.25
5562.092	28.0	4.54	-2.794	-7.27	 
5562.115	26.0	4.39	-2.278	-7.51	 
5562.273	606.0	0.49	0.222	0.0	6.25
5562.484	606.0	0.44	0.073	0.0	6.25
5562.704	26.0	3.27	-4.891	-7.81	 
5562.706	26.0	4.43	-0.6409999999999999	-7.52	 
5563.600	26.0	4.19	-0.75	-7.268	 
5563.669	24.0	3.42	-2.376	-7.76	 
5563.671	27.0	3.57	-2.377	-7.55	 
5563.676	26.0	4.14	-2.98	-7.45	 
5563.693	26.0	2.42	-3.414	-7.75	 
5564.143	606.0	0.49	-0.626	0.0	6.25
5564.577	606.0	0.49	-3.793	0.0	6.25
5565.449	606.0	0.71	-4.695	0.0	6.25
5565.474	22.0	2.24	-0.261	-7.73	 
5565.48	26.1	6.73	-2.777	-7.89	 
5565.685	26.0	0.05	-7.414	-7.82	 
5565.704	26.0	4.61	-0.213	-7.41	 
5565.742	606.0	0.43	0.612	0.0	6.25
5565.912	23.0	1.05	-2.823	-7.595	 
5565.945	27.0	4.23	-1.244	-7.51	 
5565.955	606.0	0.53	-2.365	0.0	6.25
5565.968	58.0	0.47	-4.274	0.0	 
5566.073	26.0	6.17	-0.14	-7.51	 
5566.42	606.0	0.35	-6.176	0.0	6.25
5566.72	16.0	8.05	-0.485	-6.43	 
5566.722	26.0	5.01	-2.571	-7.3	 
5566.759	606.0	0.49	-2.836	0.0	6.25
5566.799	26.0	3.25	-4.057	-7.79	 
5567.276	26.0	4.42	-1.992	-7.51	 
5567.391	26.0	2.61	-2.547	-7.565	 
5567.755	25.0	5.52	0.426	-7.58	 
5567.761	39.0	1.92	-0.862	-7.68	 
5567.82	58.0	1.06	-6.198	0.0	 
5567.831	26.1	6.73	-1.866	-7.89	 
5568.074	26.0	4.15	-2.807	-7.51	 
5568.86	26.0	3.63	-2.841	-7.77	 
5569.034	606.0	0.42	-0.766	0.0	6.25
5569.037	44.0	1.0	-2.79	0.0	 
5569.112	606.0	0.68	-0.171	0.0	6.25
5569.143	606.0	0.42	-6.405	0.0	6.25
5569.618	26.0	3.42	-0.517	-7.204	 
5570.051	26.0	2.85	-4.277	-7.83	 
5570.262	606.0	0.48	-3.906	0.0	6.25
5570.444	42.0	1.33	-0.337	0.0	 
5570.539	25.1	6.18	-1.4340000000000002	-7.88	 
5570.578	24.0	4.11	-1.666	-7.77	 
5570.58	606.0	0.67	-3.502	0.0	6.25
5572.11	606.0	0.66	-0.067	0.0	6.25
5572.193	58.0	0.17	-5.007	0.0	 
5572.204	26.0	3.25	-4.3	-7.83	 
5572.382	606.0	0.41	-6.252	0.0	6.25
5572.402	26.0	4.99	-2.411	-7.18	 
5572.664	606.0	0.41	-6.459	0.0	6.25
5572.842	26.0	3.4	-0.289	-7.211	 
5573.102	26.0	4.19	-1.295	-7.57	 
5573.409	62.0	0.39	-1.952	0.0	 
5573.554	606.0	0.65	0.001	0.0	6.25
5573.659	25.0	5.54	0.35	-7.58	 
5573.707	27.0	4.23	-1.7009999999999998	-7.51	 
5573.724	25.0	4.36	-1.664	-7.77	 
5573.734	606.0	0.65	-4.652	0.0	6.25
5573.757	26.0	5.07	-2.852	-7.31	 
5574.01	23.0	0.04	-3.707	-7.78	 
5574.393	24.0	4.45	-1.349	-7.76	 
5575.36	606.0	0.39	-0.826	0.0	6.25
5575.523	606.0	0.4	-0.512	0.0	6.25
5575.645	606.0	0.4	-0.385	0.0	6.25
5575.831	606.0	0.47	-0.332	0.0	6.25
5576.089	26.0	3.43	-0.9	-7.201	 
5576.209	606.0	0.62	0.142	0.0	6.25
5576.502	23.0	1.06	-2.232	-7.75	 
5577.025	26.0	5.03	-1.422	-7.39	 
5577.321	606.0	0.61	-0.349	0.0	6.25
5577.339	8.0	1.97	-8.172	0.0	 
5577.39	606.0	0.61	-0.143	0.0	6.25
5578.372	23.0	1.05	-2.204	-7.75	 
5578.718	28.0	1.68	-2.83	-7.673	 
5579.009	606.0	0.39	-0.165	0.0	6.25
5579.34	26.0	4.23	-2.196	-7.263	 
5581.521	606.0	0.38	-0.256	0.0	6.25
5581.97	20.0	2.52	-0.371	-7.538	 
5582.107	23.0	1.93	-2.759	-7.8	 
5582.273	606.0	0.72	-0.02	0.0	6.25
5582.29	606.0	0.57	-0.139	0.0	6.25
5582.417	606.0	0.72	0.131	0.0	6.25
5582.431	23.1	2.37	-2.935	-7.86	 
5582.711	606.0	0.56	0.022	0.0	6.25
5582.73	58.0	0.17	-3.951	0.0	 
5582.809	606.0	0.56	-0.21	0.0	6.25
5582.96	606.0	0.56	0.194	0.0	6.25
5585.645	26.0	4.23	-3.865	-7.5	 
5585.987	23.0	1.86	-1.366	-7.83	 
5586.267	26.0	4.64	-2.127	-7.31	 
5586.285	24.0	4.61	-2.256	-7.75	 
5586.76	26.0	3.37	-0.166	-7.221	 
5586.766	26.0	4.26	0.139	-7.53	 
5587.574	26.0	4.14	-1.75	-7.8	 
5587.858	28.0	1.94	-2.39	-7.783	 
5587.874	606.0	0.36	0.573	0.0	6.25
5588.759	20.0	2.53	0.353	-7.538	 
5589.01	26.0	4.47	-3.439	-7.51	 
5589.358	28.0	3.9	-1.029	-7.221	 
5589.851	26.0	5.07	-1.264	-7.43	 
5590.114	20.0	2.52	-0.5710000000000001	-7.539	 
5590.151	26.0	4.1	-1.925	-7.55	 
5590.666	27.0	2.04	-2.714	-7.82	 
5590.718	27.0	2.04	-2.376	-7.82	 
5590.727	27.0	2.04	-6.879	-7.82	 
5590.784	27.0	2.04	-2.604	-7.82	 
5590.812	27.0	2.04	-2.421	-7.82	 
5590.818	27.0	2.04	-3.95	-7.82	 
5591.359	26.1	3.27	-4.356	-7.883	 
5591.363	21.0	1.99	-0.57	-7.83	 
5593.735	28.0	3.9	-0.684	-7.222	 
5594.42	60.1	1.12	1.085	0.0	 
5594.465	20.0	2.52	0.044	-7.539	 
5594.655	26.0	4.55	-0.657	-7.51	 
5595.06	26.0	5.06	-1.631	-7.37	 
5597.805	24.0	3.84	-1.508	-7.34	 
5598.295	26.0	4.65	-0.306	-7.085	 
5598.425	26.0	3.63	-7.385	-7.75	 
5598.466	26.0	2.42	-8.272	-7.77	 
5598.48	20.0	2.52	-0.087	-7.541	 
5598.825	606.0	0.62	0.047	0.0	6.25
6454.937	27.0	3.63	-3.616	-7.222	 
6454.941	27.0	3.63	-2.769	-7.222	 
6454.948	27.0	3.63	-1.9	-7.222	 
6454.95	27.0	3.63	-1.1909999999999998	-7.222	 
6454.958	27.0	3.63	-2.182	-7.222	 
6454.964	27.0	3.63	-1.36	-7.222	 
6454.969	27.0	3.63	-1.746	-7.222	 
6454.972	27.0	3.63	-1.328	-7.222	 
6454.982	27.0	3.63	-1.349	-7.222	 
6454.989	27.0	3.63	-1.48	-7.222	 
6455.006	27.0	3.63	-1.362	-7.222	 
6455.014	27.0	3.63	-1.846	-7.222	 
6455.016	27.0	3.63	-1.862	-7.222	 
6455.034	27.0	3.63	-1.165	-7.222	 
6455.044	27.0	3.63	-1.54	-7.222	 
6455.045	27.0	3.63	-1.562	-7.222	 
6455.079	27.0	3.63	-1.88	-7.222	 
6455.118	27.0	3.63	-3.232	-7.222	 
6455.603	20.0	2.52	-1.24	-7.57	 
6456.385	26.1	3.9	-1.994	-7.873	 
6456.871	26.0	4.8	-4.0280000000000005	-7.51	 
6456.875	20.1	8.44	0.419	-7.377	 
6457.319	607.0	0.5	-1.888	0.0	7.63
6457.372	14.0	5.96	-2.078	-6.82	 
6469.117	26.0	2.4	-4.493	-7.79	 
6469.192	26.0	4.83	-0.623	-7.15	 
6470.017	24.0	5.85	-0.385	-7.33	 
6470.2	40.0	1.58	-0.259	0.0	 
6480.961	607.0	0.56	-1.811	0.0	7.63
6481.875	26.0	2.28	-2.961	-7.646	 
6482.200	26.1	6.22	-1.693	-7.871	 
6482.252	60.1	0.32	-1.981	0.0	 
6482.804	28.0	1.94	-2.665	-7.679	 
6491.580	22.1	2.06	-1.89	-7.85	 
6491.666	25.0	3.76	-1.298	-7.513	 
6493.041	26.0	5.58	-1.485	-7.763	 
6493.788	20.0	2.52	-0.027	-7.571	 
6494.498	26.0	4.73	-1.456	-7.51	 
6494.994	26.0	2.4	-1.253	-7.629	 
6495.745	26.0	4.83	-0.840	-7.154	 
6496.473	26.0	4.8	-0.465	-7.175	 
6496.869	607.0	0.53	-8.191	0.0	7.63
6496.885	56.1	0.604	-1.143	-7.578	 
6496.885	56.1	0.604	-1.140	-7.578	 
6496.897	56.1	0.604	-0.407	-7.578	 
6496.898	56.1	0.604	-0.407	-7.578	 
6496.899	56.1	0.604	-0.407	-7.578	 
6496.900	56.1	0.604	-0.503	-7.578	 
6496.900	56.1	0.604	-0.507	-7.578	 
6497.684	22.0	1.44	-2.02	-7.75	 
6498.945	26.0	0.96	-4.537	-7.782	 
6499.650	20.0	2.52	-0.818	-8.162	 
6518.373	26.0	2.83	-2.431	-7.609	 
6518.741	14.0	5.95	-1.373	-6.89	 
6519.014	24.0	5.21	-0.7120000000000001	-7.51	 
6519.355	25.0	3.77	-1.25	-7.513	 
6519.400	22.0	3.57	-1.2919999999999998	-7.52	 
6519.722	606.0	1.72	-4.768	0.0	6.25
6532.543	26.0	5.52	-3.889	-7.42	 
6532.553	607.0	0.6	-1.95	0.0	7.63
6532.876	28.0	1.94	-3.26	-7.681	 
6533.110	23.1	1.14	-3.368	0.0	 
6533.928	26.0	4.56	-1.36	-7.182	 
6546.242	26.0	2.76	-1.588	-7.626	 
6546.269	22.0	1.43	-1.31	-7.75	 
6546.943	607.0	0.72	-1.467	0.0	7.63
6591.313	26.0	4.59	-1.935	-7.697	 
6591.592	64.0	0.21	-0.495	0.0	 
6591.605	607.0	0.79	0.004	0.0	6.25
6592.513	28.0	4.24	-0.936	-7.5	 
6592.921	26.0	2.73	-1.464	-7.633	 
6593.879	22.0	3.31	-2.265	-7.55	 
6593.880	26.0	2.43	-2.400	-7.629	 
6595.7071	24.0	4.099	-2.155	-7.56	 
6595.8642	27.0	3.713	-0.549	-7.55	 
6595.8768	22.0	0.0	-7.93	-7.77	 
6597.565	26.0	4.8	-0.970	-7.52	 
6598.605	28.0	4.24	-0.823	-7.218	 
6599.11	22.0	0.9	-1.938	-7.667	 
6604.586	26.0	4.83	-1.819	-7.52	 
6604.595	21.1	1.36	-1.163	-7.85	 
6605.542	24.0	4.14	-0.937	-7.31	 
6605.882	22.1	4.01	-1.44	-7.84	 
6605.974	23.0	1.2	-1.128	-7.626	 
6606.451	23.0	1.05	-3.934	-7.81	 
6606.724	26.0	5.51	-2.004	-7.17	 
6606.950	22.1	2.06	-2.753	-7.85	 
6607.259	16.0	9.98	-2.807	-6.93	 
6607.339	22.0	3.32	-2.139	-7.55	 
6607.825	23.0	1.35	-1.875	-7.638	 
6608.030	26.0	2.28	-3.912	-7.648	 
6609.115	26.0	2.56	-2.691	-7.61	 
6609.566	20.0	5.84	-7.869	-6.45	 
6609.678	26.0	0.99	-5.2	-7.83	 
6623.717	27.0	2.08	-3.079	-7.82	 
6623.771	27.0	2.08	-7.036	-7.82	 
6623.779	26.0	4.07	-6.633	-7.64	 
6623.817	27.0	2.08	-3.082	-7.82	 
6623.928	26.0	5.65	-9.697	-7.06	 
6623.941	27.0	2.08	-3.364	-7.82	 
6624.335	26.0	5.39	-1.851	-7.28	 
6624.339	25.0	5.86	-9.757	-7.7	 
6624.838	23.0	1.22	-1.268	-7.623	 
6625.023	26.0	1.01	-5.272	-7.83	 
6627.240	26.1	7.27	-1.779	-7.86	 
6627.546	26.0	4.55	-1.590	-7.25	 
6633.410	26.0	4.83	-1.390	-7.176	 
6633.755	26.0	4.56	-0.633	-7.198	 
6634.112	26.0	4.8	-1.08	-7.195	 
6635.122	28.0	4.42	-0.662	-7.227	 
6635.405	607.0	0.78	-5.092	0.0	7.63
6635.685	26.0	4.43	-8.273	-7.54	 
6635.687	14.0	5.86	-1.799	-7.02	 
6639.434	607.0	0.73	-1.693	0.0	7.63
6639.694	26.0	4.61	-1.72	-7.53	 
6639.876	26.0	4.08	-2.46	-7.184	 
6640.471	606.0	1.63	-4.8	0.0	6.25
6640.48	607.0	0.89	-1.489	0.0	7.63
6640.486	606.0	1.35	-7.497	0.0	6.25
6646.935	26.0	2.61	-3.903	-7.604	 
6647.803	28.0	4.42	-2.016	-7.21	 
6648.086	26.0	1.01	-5.918	-7.83	 
6652.97	26.0	5.52	-2.156	0.0	 
6653.261	607.0	0.8	-1.641	0.0	7.63
6653.85	26.0	4.15	-2.381	-7.153	 
6654.517	607.0	0.74	-1.709	0.0	7.63
6654.61	6.0	9.0	-2.612	-7.009	 
6662.422	26.0	4.45	-3.607	-7.54	 
6662.469	606.0	1.05	-4.335	0.0	6.25
6662.471	607.0	0.77	-1.594	0.0	7.63
6662.921	607.0	0.8	-1.543	0.0	7.63
6663.231	26.0	4.56	-1.039	-7.53	 
6663.448	26.0	2.42	-2.479	-7.606	 
6664.312	607.0	0.85	-1.267	0.0	7.63
6676.613	26.0	5.49	-2.161	-7.14	 
6676.866	26.0	4.56	-3.091	-7.57	 
6677.179	22.0	2.49	-1.02	-7.71	 
6677.953	26.0	2.56	-3.669	-7.79	 
6677.995	26.0	2.69	-1.354	-7.643	 
6678.569	22.0	2.25	-1.36	-7.73	 
6678.809	27.0	1.96	-2.68	-7.749	 
6703.36	607.0	0.88	-7.547	0.0	7.63
6703.57	26.0	2.76	-2.947	-7.633	 
6703.947	607.0	0.81	-1.635	0.0	7.63
6703.998	607.0	0.81	-1.927	0.0	7.63
6704.48	26.0	4.22	-2.555	-7.54	 
6704.612	22.0	3.32	-2.307	-7.55	 
6705.106	26.0	4.61	-0.870	-7.48	 
6705.106	26.0	4.96	-2.379	-7.42	 
6709.893	20.0	2.93	-3.061	-7.312	 
6710.322	26.0	1.49	-4.768	-7.733	 
6711.169	26.0	5.61	-2.788	-7.1	 
6711.225	25.0	5.92	-8.611	-7.71	 
6711.315	6.0	8.54	-2.084	-7.23	 
#6711.579	28.0	1.99	-3.991	-7.8	 
#6711.820	26.0	4.96	-1.380	-7.31	 
#6711.828	607.0	0.88	-2.312	0.0	7.63
6712.455	26.0	4.99	-2.059	-7.122	 
6713.044	26.0	4.61	-1.480	-7.53	 
6713.195	26.0	4.14	-2.449	-7.7	 
6713.743	26.0	4.80	-1.500	-7.207	 
6724.646	26.0	5.61	-1.432	-7.18	 
6724.725	58.1	1.96	-0.079	0.0	 
6724.726	62.0	2.09	0.566	0.0	 
6725.360	26.0	4.10	-2.050	-7.181	 
6725.714	16.0	9.5	-6.151	-7.23	 
6725.738	16.0	9.5	-7.525	-7.23	 
6726.284	8.0	9.15	-2.324	0.0	 
6726.670	26.0	4.61	-0.927	-7.5	 
6731.800	62.0	1.17	-0.74	0.0	 
6732.044	23.0	1.89	-1.758	-7.8	 
6732.065	26.0	4.58	-2.142	-7.7	 
6733.150	26.0	4.64	-1.300	-7.247	 
6733.538	606.0	1.03	0.19	0.0	6.25
6733.678	26.0	5.68	-7.194	-7.01	 
6734.114	24.0	5.27	-0.972	-7.51	 
6734.200	24.0	4.19	-0.957	-7.28	 
6734.312	607.0	1.02	-1.267	0.0	7.63
6734.990	26.0	4.43	-2.981	-7.54	 
6737.268	26.0	3.27	-4.209	-7.82	 
6737.985	26.0	4.56	-1.573	-7.213	 
6738.215	26.0	5.35	-1.351	-7.33	 
6738.620	22.0	3.39	-0.438	-7.628	 
6738.660	21.0	4.82	-2.931	-6.78	 
6738.842	26.0	4.84	-1.878	-7.52	 
6739.205	29.0	6.99	1.293	-7.31	 
6739.520	26.0	1.56	-4.794	-7.726	 
6740.078	60.1	0.06	-1.615	0.0	 
6740.415	14.0	6.1	-2.551	-6.74	 
6740.942	607.0	0.81	-1.871	0.0	7.63
6741.0	607.0	0.93	-1.648	0.0	7.63
6741.418	21.0	5.89	-4.168	-6.9	 
6741.628	14.0	5.98	-1.523	-6.92	 
6741.915	607.0	0.9	-1.55	0.0	7.63
6742.297	26.0	4.96	-2.583	-7.42	 
6742.587	28.0	4.42	-2.643	-7.56	 
6743.122	22.0	0.9	-1.635	-7.67	 
6743.483	16.0	7.87	-1.03	-7.16	 
6743.54	16.0	7.87	-1.071	-7.16	 
6743.58	16.0	7.87	-7.222	-7.16	 
6743.64	16.0	7.87	-0.815	0.0	 
6745.100	26.0	4.58	-2.04	-7.726	 
6745.544	22.0	2.24	-1.23	-7.72	 
6745.956	26.0	4.08	-2.617	-7.82	 
6746.333	22.0	1.89	-2.21	-7.73	 
6750.158	26.0	2.42	-2.618	-7.609	 
6752.707	26.0	4.64	-1.204	-7.249	 
6753.464	26.0	4.56	-2.209	-7.216	 
6785.751	26.0	4.58	-2.34	-7.77	 
6785.850	26.0	4.08	-2.649	-7.8	 
6786.010	24.0	4.1	-1.067	-7.7	 
6786.178	606.0	0.94	-5.139	0.0	6.25
6786.230	24.0	5.94	0.909	-7.33	 
6786.425	26.0	3.24	-3.769	-7.82	 
6786.858	26.0	4.19	-1.97	-7.152	 
6787.117	40.1	2.49	-1.17	0.0	 
6062.6729	24.0	3.195	-1.566	-7.52
6062.8472	26.0	2.176	-4.040	-7.691
6062.9435	26.0	4.988	-1.614	-7.31
6063.1178	24.0	3.890	-2.152	-7.61
#6063.3076	26.0	4.913	-0.888	-7.35
6064.6262	22.0	1.046	-1.888	-7.77
6065.4914	26.0	2.609	-1.529	-7.584
6065.8001	26.0	3.301	-4.236	-7.83
6066.6702	26.0	5.539	-2.075	-7.06
6067.6235	14.0	5.082	-3.103	-7.29
6067.7767	26.0	5.033	-2.575	-7.3
6086.6572	27.0	3.409	-0.831	-7.73
6086.9322	23.1	2.556	-2.340	-7.86
6087.159	14.0	5.984	-2.132	-6.66
6087.6972	14.0	5.871	-2.365	-6.86
6087.8047	14.0	5.871	-1.815	-6.86
6087.8819	26.0	4.186	-3.421	-7.79
6090.0518	25.0	4.354	-1.502	-7.77
6090.2084	23.0	1.081	-0.070	-7.613
6091.1684	22.0	2.267	-1.605	-7.74
6091.1694	22.0	2.267	-1.587	-7.74
6091.1708	22.0	2.267	-0.452	-7.74
6091.1719	22.0	2.267	-1.449	-7.74
6091.1733	22.0	2.267	-1.404	-7.74
6091.7187	26.0	4.607	-2.412	-7.51
6091.9188	14.0	5.871	-1.463	-6.87
6163.3968	28.0	4.105	-2.092	-7.51
6163.413	28.0	4.105	-1.234	-7.51
6163.4311	28.0	4.105	-0.820	-7.51
6163.5433	26.0	2.198	-3.619	-7.661
6163.755	20.0	2.521	-1.286	-7.146
#6164.5463	26.0	5.314	-1.159	-7.5
6165.1218	26.0	5.086	-2.420	-7.33
6165.3595	26.0	4.143	-1.474	-7.78
6165.8131	26.0	5.352	-2.239	-7.22
6165.940	59.1	0.923	-0.205	0
6166.0078	26.0	5.064	-2.526	-7.32
6166.439	20.0	2.521	-1.142	-7.146
#6167.8589	26.0	4.786	-1.922	-7.78
6168.2235	24.0	4.785	-0.589	-7.54
6170.3661	23.0	0.287	-2.290	-7.74
6170.5055	26.0	4.796	-0.440	-7.119
6170.5559	28.0	4.105	-2.015	-7.5
6170.5758	28.0	4.105	-1.601	-7.5
6170.6136	28.0	4.088	-2.272	-7.51
6170.8361	26.0	5.086	-1.704	-7.32
6171.0091	26.0	4.733	-1.985	-7.51
6172.0393	24.0	4.106	-1.285	-7.8
6173.3339	26.0	2.223	-2.880	-7.69
6175.1368	26.1	6.223	-2.086	-7.873
6175.3555	28.0	4.089	-2.563	-7.51
6175.3579	28.0	4.089	-1.969	-7.51
6175.3604	28.0	4.089	-2.473	-7.51
6175.3625	28.0	4.089	-1.111	-7.51
6175.3694	28.0	4.089	-0.697	-7.51
6175.8178	16.0	8.046	-0.964	-6.88
6185.6839	25.0	4.332	-3.619	-7.770	
6185.6927	26.0	5.649	-0.685	-7.510	
6185.6927	23.0	2.678	-2.914	-7.76
6186.1406	22.0	2.175	-1.270	-7.77
6186.2182	26.0	5.385	-1.573	-7.1
6186.6803	28.0	4.105	-2.399	-7.51
6186.6987	28.0	4.105	-1.541	-7.51
6186.7188	28.0	4.105	-1.127	-7.51
6186.8158	26.0	4.415	-2.957	-7.53
6187.3975	26.0	2.832	-4.158	-7.73
6187.9888	26.0	3.943	-1.620	-7.179
6188.5002	26.0	5.352	-4.095	-7.11
6188.9963	27.0	1.710	-2.450	-7.73
6190.3982	26.0	5.273	-1.950	-7.4
6226.7338	26.0	3.884	-2.120	-7.208
6227.4870	26.0	5.458	-3.030	-7.110	
6227.5034	26.0	5.320	-3.309	-7.270	
6229.2255	26.0	2.845	-2.805	-7.592
6229.3404	26.1	2.828	-5.041	-7.91
6230.0761	28.0	4.105	-1.260	-7.51
#6230.0971	28.0	4.105	-1.427	-7.51
6230.5626	20.0	4.744	-1.053	-7.35
6230.7318	26.0	2.559	-1.281	-7.597
6230.7980	23.0	0.267	-1.370	-7.742
6230.9897	27.0	1.785	-2.490	-7.723
6232.4328	27.0	3.409	-1.295	-7.73
6232.5552	58.0	2.108	-1.470	-7.20
6232.6399	26.0	3.654	-1.223	-7.54
6232.6599	26.0	5.012	-5.243	-7.29
6233.1738	23.0	0.275	-2.070	-7.742
6233.4513	69.1	4.140	-1.990	0	
6233.4950	57.0	0.929	-1.070	0	
6233.5304	26.1	5.484	-2.832	-7.769
#6233.636	26.0	5.086	-1.048	-7.32
#6234.4912	22.1	1.893	-3.150	-7.84
6320.376	57.1	0.173	-1.650	0
6320.851	21.1	1.500	-1.816	-7.830
6320.4181	27.0	4.395	-0.107	-7.5
6320.8513	21.0	1.500	-1.816	-7.83
6321.2669	23.0	3.315	0.337	-7.53
6322.1511	28.0	4.154	-1.751	-7.5
6322.1747	28.0	4.154	-1.337	-7.5
6322.6850	26.0	2.588	-2.426	-7.596
6322.8249	26.0	5.693	-1.896	-7.51
6325.1632	22.0	0.021	-3.757	-7.77
6696.185	13.0	4.022	-1.576	0
6696.3152	26.0	4.835	-1.670	-7.185
6696.788	13.0	4.022	-1.421	0
6697.3762	26.0	5.828	-1.260	-7.54
6698.673	13.0	3.143	-1.760	0
6699.1408	26.0	4.593	-2.101	-7.667
6700.9061	28.0	4.266	-2.366	-7.5
6701.4176	14.0	5.964	-2.634	-6.91
