#Wavelength	ele	EP	newloggf	vdwaals	Do	EW
5339.188	20.1	8.44	-0.326	-7.196	nan	3.80
5339.416	26.0	4.43	-2.176	-7.51	nan	8.4
5339.417	21.0	1.95	-0.568	-7.56	nan	0.5
5339.421	58.1	0.82	-1.998	0.0	nan	0.1
5339.516	27.0	4.23	-0.168	-7.510	nan	16.20
5339.929	26.0	3.27	-0.647	-7.221	nan	148.90
5340.184	822.0	0.73	-0.128	0.000	6.94	0.00
5340.189	26.0	4.29	-2.212	-7.520	nan	10.63
5340.224	606.0	1.30	0.584	0.000	6.25	2.37
5340.447	24.0	3.44	-0.695	-7.262	nan	16.60
5340.655	57.1	2.26	0.247	0.0	nan	1.5
5340.666	22.0	0.82	-2.356	-7.65	nan	4.8
5340.966	112.0	0.70	-1.213	0.000	1.34	0.00
5341.030	26.0	1.61	-1.953	-7.680	nan	100.41
5341.053	25.0	2.11	-1.401	-7.740	nan	3.21
5341.060	21.0	1.94	-1.675	-0.488	nan	0.04
5341.132	26.1	11.18	-6.951	-7.740	nan	17.00
5341.327	27.0	4.15	0.129	-7.51	nan	13.3
5341.489	22.0	3.06	-0.521	-7.580	nan	2.22
5341.524	58.1	0.67	-2.049	0.000	nan	0.12
5342.701	27.0	4.02	0.501	-7.510	nan	30.30
5343.380	27.0	4.03	-0.090	-7.510	nan	10.86
5343.438	26.0	4.37	-0.951	-7.510	nan	54.81
5344.455	25.0	5.38	0.399	-7.590	nan	9.44
5344.538	23.0	1.89	-2.648	-7.780	nan	0.02
5344.568	27.0	4.03	-0.967	-7.510	nan	1.65
5344.585	24.0	3.89	-3.107	-7.540	nan	0.03
5344.756	24.0	3.45	-1.049	-7.260	nan	8.10
5345.512	58.1	0.52	-1.614	0.000	nan	0.46
5345.538	24.0	3.46	-1.857	-7.550	nan	6.24
5345.588	6.0	8.85	-2.251	-7.130	nan	0.00
5345.805	24.0	1.00	-0.896	-7.620	nan	114.30
5346.066	24.1	3.83	-2.815	-7.860	nan	16.80
5346.519	26.0	5.68	-0.892	-7.140	nan	15.16
5346.538	24.1	3.76	-2.948	-7.862	nan	5.19
5346.547	58.0	0.27	-0.966	0.000	nan	0.00
5346.562	26.1	3.23	-4.935	-7.890	nan	1.86
5346.586	106.0	1.25	-5.667	0.000	3.47	0.00
5346.645	26.1	8.18	-1.028	-7.556	nan	4.0
5346.813	28.0	3.83	-2.252	-7.480	nan	3.26
5346.814	606.0	1.27	-0.304	0.000	6.25	0.34
5346.931	606.0	1.27	0.589	0.000	6.25	7.20
5347.497	27.0	4.15	-0.490	-7.510	nan	3.70
5347.708	28.0	3.80	-2.085	-7.222	nan	5.00
5348.017	822.0	0.78	-0.126	0.000	6.94	0.00
5348.043	26.0	5.39	-2.947	-7.160	nan	0.21
5348.054	25.0	3.38	-1.793	-7.770	nan	4.28
5348.061	68.0	1.16	-0.309	0.000	nan	0.01
5348.284	28.0	0.42	-5.010	-7.810	nan	0.00
5348.326	24.0	1.00	-1.210	-7.620	nan	90.08
5348.352	26.0	5.65	-0.960	-7.390	nan	10.12
5348.707	23.0	1.85	-0.681	-7.800	nan	0.00
5348.734	26.0	5.06	-2.067	-7.150	nan	3.12
5348.777	25.0	4.43	-2.408	-7.130	nan	0.11
5349.090	27.0	4.15	-0.466	-7.510	nan	3.90
5349.466	20.0	2.71	-0.311	-7.652	nan	95.00
5349.711	21.0	0.02	-2.110	-7.801	nan	1.14
5349.737	26.0	4.39	-1.215	-7.166	nan	45.79
5349.757	23.1	2.28	-2.856	-7.860	nan	0.52
5349.861	25.0	5.37	0.573	-7.590	nan	11.74
5350.089	40.1	1.83	-0.890	0.000	nan	5.00
5352.028	23.0	2.68	0.145	-7.730	nan	2.30
5352.046	27.0	3.58	-0.134	-7.242	nan	22.40
5353.374	26.0	4.10	-0.704	-7.262	nan	56.81
5353.391	28.0	1.95	-2.604	-7.771	nan	24.55
5353.407	24.0	4.62	-1.084	-7.790	nan	0.66
5353.498	27.0	4.15	0.441	-7.51	nan	23.0
5353.524	58.1	0.88	-0.122	0.0	nan	5.8
5358.113	26.0	3.30	-3.215	-7.800	nan	9.60
5358.920	27.0	4.15	-0.614	-7.510	nan	2.82
5358.928	24.0	4.53	-1.224	-7.750	nan	0.58
5359.199	27.0	4.15	-0.044	-7.510	nan	9.50
5359.224	606.0	1.33	0.188	0.000	6.25	0.91
5359.498	19.0	1.62	-2.349	0.000	nan	0.23
5359.508	58.1	1.78	0.040	0.000	nan	1.22
5359.552	606.0	1.22	0.393	0.000	6.25	1.85
5359.715	23.0	2.33	-0.011	-7.760	nan	3.9
5361.361	607.0	0.689	-0.826	0.0	7.50	3.7
5361.477	60.1	0.68	-0.095	0.0	nan	10.0
5361.516	26.0	4.96	-2.704	-7.380	nan	0.92
5361.617	25.0	4.27	-2.209	-7.770	nan	0.25
5361.619	26.0	4.42	-1.300	-7.152	nan	35.79
5362.751	26.0	0.99	-4.652	-7.860	nan	38.90
5362.760	27.0	4.23	0.644	-7.510	nan	38.90
5362.848	112.0	1.03	-0.707	0.000	1.34	0.07
5362.861	26.1	3.20	-2.508	-7.878	nan	70.51
5364.419	25.0	2.89	-2.359	-7.770	nan	3.50
5364.871	26.0	4.45	0.228	-7.136	nan	72.63
5364.890	106.0	0.31	-1.410	0.000	3.47	66.07
5365.379	606.0	1.19	-0.136	0.000	6.25	0.59
5365.385	64.0	1.31	-0.192	0.000	nan	0.00
5365.399	26.0	3.57	-1.029	-7.820	nan	84.31
5366.639	22.0	0.82	-2.687	-7.639	nan	2.32
5366.649	606.0	1.21	-0.311	0.000	6.25	0.38
5366.753	27.0	4.14	-0.817	-7.510	nan	3.8
5367.422	112.0	1.13	0.403	0.000	1.34	0.00
5367.466	26.0	4.42	0.443	-7.153	nan	125.02
5367.487	606.0	1.29	-0.101	0.000	6.25	0.51
5368.276	58.1	1.67	-0.340	0.0	nan	4.7
5368.435	112.0	0.77	-0.556	0.000	1.34	0.18
5368.436	26.0	4.96	-1.971	-7.280	nan	4.72
5368.537	24.0	3.85	-0.803	-7.780	nan	6.10
5368.889	27.0	3.53	-1.382	-7.730	nan	2.50
5369.310	58.0	0.29	-0.949	0.000	nan	0.00
5369.350	24.1	3.87	-2.798	-7.862	nan	5.77
5369.390	40.0	0.60	-2.315	0.000	nan	0.03
5369.564	26.0	5.09	-2.963	-7.250	nan	0.39
5369.571	26.0	5.69	-0.747	-7.140	nan	14.43
5369.590	27.0	1.74	-1.492	-7.665	nan	48.1
5369.971	26.0	4.37	0.143	-7.179	nan	149.40
5370.323	27.0	3.73	-0.386	-7.550	nan	25.00
5370.985	26.0	4.28	-2.836	-7.520	nan	2.90
5371.330	28.0	4.42	-0.344	-7.276	nan	38.90
5371.436	26.0	4.43	-2.221	-7.460	nan	8.00
5371.489	26.0	0.96	-1.645	-7.753	nan	63.71
5371.506	24.0	3.84	-1.404	-7.780	nan	1.67
5371.561	58.0	0.00	-1.324	0.000	nan	0.00
5371.930	60.1	1.41	0.073	0.000	nan	3.03
5372.007	26.0	3.64	-4.244	-7.640	nan	0.48
5372.019	26.0	5.03	-2.345	-7.220	nan	1.79
5372.063	112.0	1.00	-0.832	0.000	1.34	0.06
5373.670	23.0	1.96	-2.133	-7.800	nan	0.06
5373.701	24.0	3.85	-1.109	-7.780	nan	3.15
5373.709	26.0	4.47	-0.700	-7.123	nan	57.45
5374.123	112.0	1.04	0.136	0.000	1.34	0.48
5374.145	26.0	5.03	-2.727	-7.280	nan	73.84
5374.270	112.0	0.73	-0.153	0.000	1.34	0.50
5374.396	25.0	5.38	-0.205	-7.550	nan	3.60
5379.580	26.0	3.69	-1.491	-7.575	nan	61.50
5380.287	112.0	1.06	-0.475	0.000	1.34	0.11
5380.317	112.0	0.97	-0.675	0.000	1.34	0.11
5380.325	6.0	7.68	-1.544	-7.370	nan	20.99
5381.015	16.0	7.87	-1.784	-6.710	nan	0.59
5381.022	22.1	1.57	-1.876	-7.850	nan	58.21
5381.307	41.0	0.74	-0.212	0.000	nan	0.50
5381.770	27.0	4.24	-0.336	-7.510	nan	4.30
5382.256	26.0	0.12	-8.998	-7.820	nan	0.03
5382.273	26.0	5.67	-0.518	-7.390	nan	30.77
5382.987	58.1	0.17	-1.540	0.000	nan	1.20
5383.378	26.0	4.31	0.421	-7.219	nan	197.21
5383.407	27.0	4.15	-0.776	-7.510	nan	1.97
5383.408	23.0	2.58	-0.380	-7.520	nan	0.88
5383.962	112.0	0.76	0.445	0.000	1.34	11.30
5384.055	23.0	3.27	-0.028	-7.440	nan	0.43
5384.114	112.0	1.00	0.354	0.000	1.34	0.87
5384.630	22.0	0.83	-2.844	-7.639	nan	1.60
5388.344	28.0	1.94	-3.390	-7.774	nan	13.90
5388.481	24.0	3.55	-3.559	-7.780	nan	0.02
5388.503	25.0	3.37	-1.674	-7.531	nan	5.68
5389.169	22.0	0.81	-2.350	-7.642	nan	8.90
5389.485	26.0	4.42	-0.410	-7.159	nan	84.40
5389.501	64.0	1.31	-0.244	0.000	nan	0.00
5389.844	26.0	4.99	-1.508	-7.43	nan	10.94
5389.872	606.0	1.09	-0.374	0.000	6.25	0.43
5389.975	22.1	3.12	-3.760	-7.830	nan	0.09
5389.989	22.0	1.87	-1.135	-7.77	nan	8.51
5390.380	24.0	3.37	-1.016	-7.770	nan	10.10
5390.523	22.0	0.81	-1.465	-7.810	nan	31.20
5390.523	58.1	0.96	-1.191	0.000	nan	4.82
5390.770	27.0	4.05	-0.844	-7.510	nan	0.50
5391.330	112.0	1.02	-0.737	0.000	1.34	0.07
5391.339	24.0	3.37	-1.263	-7.770	nan	6.06
5391.366	24.0	4.54	-2.270	-7.780	nan	0.05
5391.459	26.0	4.15	-0.777	-7.530	nan	83.84
5391.592	22.0	0.90	-3.370	-7.770	nan	0.41
5391.620	606.0	1.19	0.556	0.000	6.25	6.66
5391.620	26.0	3.63	-2.200	-7.820	nan	31.70
5391.656	29.0	5.51	0.527	-7.590	nan	9.37
5392.015	26.0	4.80	-2.026	-7.320	nan	5.80
5392.331	28.0	4.15	-1.303	-7.192	nan	12.70
5392.356	28.0	3.80	-3.813	-7.510	nan	0.10
5393.167	26.0	3.24	-0.746	-7.235	nan	164.54
5393.251	112.0	0.70	0.460	0.000	1.34	0.00
5393.262	23.0	1.87	-2.166	-7.780	nan	0.07
5393.391	112.0	0.67	-1.657	0.000	1.34	0.02
5393.392	58.1	1.10	-0.060	0.000	nan	1.45
5393.426	112.0	0.96	-1.112	0.000	1.34	0.03
5393.878	112.0	0.67	-0.704	0.000	1.34	0.16
5393.913	26.0	3.05	-4.221	-7.830	nan	1.86
5394.304	22.0	3.29	-2.490	-7.540	nan	0.01
5394.346	26.0	4.83	-2.507	-7.320	nan	1.90
5394.626	25.0	0.0	-4.07	-7.795	nan	74
5394.657	25.0	0.0	-4.988	-7.795	nan	74
5394.661	25.0	0.0	-4.21	-7.795	nan	74
5394.684	25.0	0.0	-6.205	-7.795	nan	74
5394.687	25.0	0.0	-4.812	-7.795	nan	74
5394.690	25.0	0.0	-4.368	-7.795	nan	74
5394.709	25.0	0.0	-5.853	-7.795	nan	74
5394.712	25.0	0.0	-4.786	-7.795	nan	74
5394.714	25.0	0.0	-4.552	-7.795	nan	74
5394.728	25.0	0.0	-5.728	-7.795	nan	74
5394.730	25.0	0.0	-4.853	-7.795	nan	74
5394.731	25.0	0.0	-4.774	-7.795	nan	74
5394.741	25.0	0.0	-5.807	-7.795	nan	74
5394.742	25.0	0.0	-5.029	-7.795	nan	74
5394.743	25.0	0.0	-5.059	-7.795	nan	74
5395.186	58.1	1.67	-0.865	0.0	nan	0.2
5395.217	26.0	4.45	-1.714	-7.143	nan	20.0
5395.230	606.0	1.12	-0.996	0.0	6.25	0.1
5395.252	58.0	0.03	-1.035	0.000	nan	0.00
5395.332	112.0	0.84	-0.560	0.000	1.34	0.15
5395.408	22.0	3.11	-1.355	-7.540	nan	0.30
5395.445	606.0	1.18	0.555	0.000	6.25	3.29
5396.247	22.1	1.58	-3.100	-7.840	nan	10.40
5396.561	22.1	2.60	-2.316	-7.850	nan	7.19
5396.593	22.0	0.00	-3.690	-7.770	nan	1.54
5396.610	22.0	0.02	-4.111	-7.770	nan	0.57
5396.716	26.0	5.11	-2.149	-7.160	nan	2.35
5396.716	26.0	5.06	-2.008	-7.250	nan	3.56
5396.727	112.0	0.91	0.218	0.000	1.34	0.78
5396.890	24.1	4.48	-4.081	-7.758	nan	0.46
5396.898	26.0	3.02	-3.934	-7.820	nan	19.74
5397.135	26.0	0.92	-1.993	-7.759	nan	184.90
5397.135	112.0	0.91	0.520	0.000	1.34	0.00
5397.618	26.0	3.63	-2.378	-7.589	nan	24.68
5397.636	58.0	0.27	-0.161	0.000	nan	0.02
5398.279	26.0	4.45	-0.600	-7.144	nan	72.03
5398.306	112.0	0.64	-1.090	0.000	1.34	0.07
5398.812	26.0	5.01	-4.022	-7.460	nan	0.04
5398.845	14.0	5.61	-2.589	-6.860	nan	3.46
5399.450	25.0	3.85	-1.35	-6.35	nan	38.40
5399.455	25.0	3.85	-1.21	-6.35	nan	38.40
5399.465	25.0	3.85	-1.71	-6.35	nan	38.40
5399.465	25.0	3.85	-1.32	-6.35	nan	38.40
5399.478	25.0	3.85	-2.92	-6.35	nan	38.40
5399.485	25.0	3.85	-0.84	-6.35	nan	38.40
5399.494	25.0	3.85	-1.35	-6.35	nan	38.40
5399.497	25.0	3.85	-1.39	-6.35	nan	38.40
5399.521	25.0	3.85	-1.21	-6.35	nan	38.40
5399.555	25.0	3.85	-1.32	-6.35	nan	38.40
5399.710	606.0	1.10	-0.239	0.000	6.25	1.82
5399.760	27.0	4.21	-0.911	-7.450	nan	1.28
5400.501	26.0	4.37	-0.117	-7.187	nan	115.40
5400.620	24.0	3.38	-0.544	-7.649	nan	23.4
5400.655	26.0	3.63	-2.765	-7.82	nan	12.0
5401.266	26.0	4.32	-1.744	-7.219	nan	24.10
5401.719	112.0	0.98	0.527	0.000	1.34	2.60
5401.926	23.0	2.36	0.163	-7.760	nan	5.90
5402.057	26.1	10.56	0.235	-7.590	nan	0.21
5402.070	26.0	4.91	-1.485	-7.300	nan	14.09
5408.300	29.0	5.72	-0.401	-7.550	nan	0.50
5408.815	26.1	5.96	-2.215	-7.795	nan	3.57
5408.843	112.0	0.66	-0.783	0.000	1.34	0.14
5409.133	26.0	4.37	-1.070	-7.189	nan	70.89
5409.136	26.0	4.80	-2.565	-7.300	nan	1.78
5409.162	606.0	1.03	-0.039	0.000	6.25	1.07
5409.608	22.0	1.89	-0.780	-7.770	nan	12.20
5409.766	14.0	5.62	-2.894	-6.860	nan	1.70
5409.795	24.0	1.03	-0.607	-7.620	nan	126.80
5410.490	26.0	3.64	-3.803	-7.820	nan	7.10
5410.915	26.0	4.47	0.398	-7.132	nan	123.70
5411.175	22.0	3.15	-2.148	-7.520	nan	0.04
5411.218	28.0	4.09	-0.755	-7.37	nan	38.56
5411.371	26.0	5.02	-2.294	-7.470	nan	2.05
5411.389	26.0	3.64	-3.359	-7.820	nan	3.55
5411.397	62.0	0.39	-0.902	0.000	nan	0.00
5412.557	26.0	4.58	-3.126	-7.790	nan	0.80
5412.756	112.0	0.62	-1.178	0.000	1.34	0.06
5412.759	606.0	1.05	-0.325	0.000	6.25	0.53
5412.784	26.0	4.43	-1.784	-7.154	nan	18.92
5413.095	14.0	5.62	-1.900	-6.870	nan	4.91
5413.107	26.0	5.11	-2.138	-7.160	nan	2.41
5413.193	606.0	0.99	-0.427	0.000	6.25	0.48
5413.193	64.0	0.88	-0.674	0.000	nan	0.00
5413.220	59.1	0.06	-0.976	0.000	nan	0.99
5413.337	112.0	0.88	0.036	0.000	1.34	0.55
5413.368	64.0	0.84	-0.989	0.000	nan	0.00
5413.369	23.0	0.28	-2.852	-7.790	nan	0.55
5413.600	25.0	3.86	-1.92	0.00	nan	20.00
5413.605	25.0	3.86	-1.49	0.00	nan	20.00
5413.639	25.0	3.86	-1.38	0.00	nan	20.00
5413.649	25.0	3.86	-1.38	0.00	nan	20.00
5413.697	25.0	3.86	-1.02	0.00	nan	20.00
5413.702	25.0	3.86	-1.48	0.00	nan	20.00
5413.699	27.0	4.06	-0.649	-7.510	nan	3.17
5414.040	606.0	1.01	-0.204	0.000	6.25	0.77
5414.070	26.1	3.22	-3.592	-7.878	nan	25.93
5414.106	58.0	0.55	-0.622	0.000	nan	0.00
5414.861	39.0	1.85	0.381	-7.520	nan	1.60
5415.199	26.0	4.39	0.642	-7.182	nan	168.34
5415.249	23.0	2.37	-1.595	-7.623	nan	0.09
5415.303	60.0	0.29	-0.950	0.000	nan	0.00
5415.510	26.0	4.97	-3.611	-7.350	nan	25.39
5415.510	112.0	0.69	-1.378	0.000	1.34	6.92
5415.538	26.0	5.10	-2.987	-7.170	nan	56.16
5417.033	26.0	4.42	-1.409	-7.166	nan	34.80
5417.034	112.0	0.64	-0.943	0.000	1.34	0.10
5417.036	39.0	1.99	0.444	-7.770	nan	0.00
5418.000	40.1	1.76	-1.434	0	nan	4.4
5418.124	14.0	5.62	-2.050	-6.860	nan	5.70
5418.259	26.0	4.99	-2.334	-7.400	nan	46.40
5418.768	22.1	1.58	-2.081	-7.850	nan	48.50
5418.848	112.0	0.57	0.466	0.000	1.34	0.00
5418.856	44.0	1.12	-0.523	0.000	nan	0.00
5419.057	24.0	4.49	-0.842	-7.490	nan	0.05
5419.100	112.0	0.82	-1.014	0.000	1.34	0.06
5419.158	26.0	4.19	-3.308	-7.720	nan	1.23
5419.191	22.0	2.35	-1.113	-7.710	nan	2.75
5419.362	607.0	0.66	-1.847	0.000	7.63	0.39
5419.376	112.0	0.57	-0.309	0.000	1.34	0.50
5419.391	23.0	1.93	-0.867	-7.810	nan	1.22
5419.866	64.1	1.31	0.114	0.000	nan	2.80
5423.322	66.0	0.00	0.407	0.000	nan	2.20
5423.428	58.0	0.55	-0.709	0.000	nan	0.00
5423.442	822.0	1.43	0.808	0.000	6.94	0.00
5423.464	606.0	0.97	-3.574	0.000	6.25	0.00
5423.467	606.0	1.61	-2.959	0.000	6.25	0.00
5423.467	16.0	9.71	-2.991	0.000	nan	0.00
5423.737	112.0	0.62	-1.183	0.000	1.34	0.06
5423.738	26.0	3.69	-2.836	-7.820	nan	9.69
5423.751	606.0	0.97	-0.252	0.000	6.25	0.75
5423.796	606.0	1.06	0.250	0.000	6.25	1.93
5423.802	606.0	0.97	0.089	0.000	6.25	1.64
5423.934	112.0	0.77	-0.707	0.000	1.34	0.13
5423.937	606.0	0.97	0.238	0.000	6.25	2.30
5423.959	606.0	1.06	-0.106	0.000	6.25	0.86
5424.060	23.0	2.36	-0.202	-7.760	nan	2.13
5424.071	26.0	4.32	-0.001	-6.624	nan	130.31
5424.142	26.0	4.08	-2.422	-7.800	nan	10.48
5424.536	28.0	4.17	-1.335	-7.560	nan	0.00
5424.607	58.1	0.79	-1.939	0.000	nan	0.12
5424.645	28.0	1.95	-2.688	-7.774	nan	40.36
5424.669	606.0	0.95	-0.192	0.000	6.25	0.91
5425.220	112.0	0.68	0.393	0.000	1.34	0.00
5425.234	606.0	1.00	-0.338	0.000	6.25	0.58
5425.248	26.1	3.20	-3.236	-7.886	nan	40.84
5425.257	112.0	0.76	-0.932	0.000	1.34	0.08
5426.250	22.0	0.02	-2.998	-7.734	nan	6.80
5433.382	606.0	0.93	0.134	0.000	6.25	1.99
5433.397	25.0	5.37	-0.627	-7.610	nan	0.88
5433.402	606.0	0.97	-0.019	0.000	6.25	1.29
5433.440	606.0	0.93	-0.187	0.000	6.25	0.96
5433.577	606.0	0.93	-0.267	0.0	6.25	0.8
5433.599	606.0	1.03	-1.066	0.0	6.25	0.1
5433.604	26.0	5.37	-3.258	-7.51	nan	0.1
5433.643	26.0	5.07	-1.833	-7.33	nan	4.9
5434.155	23.0	2.37	-0.752	-7.720	nan	0.60
5434.182	23.0	1.85	-3.381	-7.800	nan	0.00
5434.524	26.0	1.01	-2.212	-7.749	nan	197.30
5435.026	26.0	5.07	-1.983	-7.320	nan	3.69
5435.042	74.0	0.21	-3.220	0.000	nan	0.01
5435.170	26.0	4.43	-2.129	-7.160	nan	9.78
5435.191	22.0	3.15	-2.550	-7.540	nan	0.02
5435.672	42.0	2.50	-0.737	0.000	nan	0.05
5435.863	28.0	1.99	-2.415	-7.770	nan	48.14
5436.256	24.0	4.41	-1.666	-7.420	nan	0.00
5436.295	26.0	4.39	-1.317	-7.187	nan	40.60
5436.588	26.0	2.28	-3.296	-7.579	nan	42.00
5436.716	22.0	0.90	-2.344	-7.727	nan	4.20
5436.996	27.0	4.11	-0.963	-7.480	nan	1.41
5437.055	606.0	0.96	-0.677	0.000	6.25	0.29
5437.083	26.0	2.45	-4.082	-7.730	nan	4.30
5437.195	26.0	4.31	-1.951	-7.520	nan	16.94
5437.205	606.0	0.96	0.309	0.000	6.25	2.76
5438.036	26.0	4.59	-2.577	-7.792	nan	2.70
5444.584	27.0	4.07	0.145	-7.510	nan	15.90
5444.884	112.0	0.68	-0.013	0.000	1.34	0.00
5444.981	606.0	1.46	-0.732	0.000	6.25	0.00
5445.042	26.0	4.39	-0.002	-7.189	nan	117.80
5446.559	112.0	0.67	0.402	0.000	1.34	0.00
5446.582	26.0	4.42	-0.399	-7.510	nan	81.34
5446.615	22.0	0.02	-3.286	-7.734	nan	3.66
5446.924	26.0	0.99	-1.914	-7.753	nan	200.0
5447.233	28.0	3.84	-1.871	-7.510	nan	7.30
5447.385	21.0	1.85	-1.579	-7.690	nan	0.06
5447.485	24.0	4.54	-0.579	-7.750	nan	2.43
5447.507	606.0	0.88	0.311	0.000	6.25	3.32
5447.550	25.0	6.24	0.383	-7.550	nan	1.43
5447.673	606.0	0.88	-0.137	0.000	6.25	1.21
5447.675	22.0	3.57	-0.553	-7.660	nan	0.69
5453.955	58.0	0.52	-0.562	0.000	nan	0.00
5453.987	26.0	4.15	-2.529	-7.470	nan	7.40
5453.989	822.0	0.20	-0.684	0.000	6.94	0.00
5454.091	112.0	0.73	-0.664	0.000	1.34	0.16
5454.099	22.1	1.57	-3.438	-7.840	nan	5.29
5454.102	606.0	1.41	0.116	0.000	6.25	0.65
5454.554	822.0	0.21	-0.658	0.000	6.94	0.00
5454.570	27.0	4.07	0.028	-7.510	nan	12.80
5454.572	822.0	0.20	-0.827	0.000	6.94	0.00
5455.103	26.0	3.25	-3.661	-7.820	nan	4.20
5455.132	822.0	0.21	-0.635	0.000	6.94	0.00
5455.203	6.0	8.85	-2.195	-6.600	nan	0.00
5455.230	22.0	3.18	-1.423	-7.520	nan	0.00
5455.233	21.0	2.00	-0.331	-7.560	nan	0.00
5455.389	26.0	4.47	-2.146	-7.360	nan	8.72
5455.453	822.0	0.20	0.234	0.000	6.94	0.00
5455.459	26.0	4.32	-0.050	-7.520	nan	96.30
5455.462	66.1	2.42	-0.542	0.000	nan	0.07
5455.477	822.0	0.21	0.178	0.000	6.94	0.00
5455.575	112.0	0.50	-1.311	0.000	1.34	0.00
5455.601	25.0	2.95	-4.390	-7.770	nan	0.00
5455.619	26.0	1.01	-2.091	-7.749	nan	125.32
5455.663	606.0	0.89	-0.787	0.000	6.25	0.27
5455.737	606.0	0.89	0.212	0.000	6.25	2.61
5455.745	822.0	0.22	-0.611	0.000	6.94	0.00
5455.864	606.0	0.89	0.478	0.000	6.25	4.70
5456.339	26.0	5.11	-7.097	-7.490	nan	0.00
5456.349	24.0	4.42	-1.599	-7.420	nan	0.00
5456.349	606.0	0.95	0.447	0.000	6.25	3.85
5456.379	112.0	0.68	-0.303	0.000	1.34	0.40
5456.383	58.0	0.17	-0.794	0.000	nan	0.01
5456.385	822.0	0.22	-0.592	0.000	6.94	0.00
5456.456	606.0	0.84	-1.263	0.000	6.25	0.10
5456.495	822.0	0.22	-0.688	0.000	6.94	0.00
5456.513	26.0	3.60	-3.093	-7.550	nan	6.86
5456.594	112.0	1.18	0.394	0.000	1.34	0.00
5456.617	68.0	1.20	-2.000	0.000	nan	0.00
5456.645	606.0	0.84	-0.364	0.000	6.25	0.79
5456.650	822.0	0.21	-0.590	0.000	6.94	0.00
5457.069	606.0	1.44	0.032	0.000	6.25	0.50
5457.100	606.0	0.82	-0.112	0.000	6.25	1.47
5457.118	23.1	2.28	-2.897	-7.870	nan	0.48
5457.125	112.0	0.82	-1.029	0.000	1.34	0.06
5461.550	26.0	4.45	-1.584	-7.160	nan	25.80
5461.572	822.0	0.26	-0.480	0.000	6.94	0.00
5462.454	606.0	0.80	-0.235	0.000	6.25	1.16
5462.493	28.0	3.85	-0.876	-7.221	nan	40.16
5462.502	112.0	0.69	0.357	0.000	1.34	0.00
5462.511	112.0	0.77	-1.247	0.000	1.34	0.04
5462.940	606.0	1.36	-0.169	0.000	6.25	0.38
5462.959	26.0	4.47	-0.131	-7.460	nan	75.32
5463.063	112.0	0.76	0.426	0.000	1.34	2.93
5463.077	606.0	1.36	0.595	0.000	6.25	46.53
5463.118	822.0	0.27	-0.495	0.000	6.94	0.00
5463.143	112.0	0.54	0.402	0.000	1.34	4.13
5463.273	22.0	3.32	-2.824	-7.540	nan	0.00
5463.275	26.0	4.43	0.110	-7.166	nan	85.97
5463.291	822.0	0.27	0.350	0.000	6.94	0.00
5463.300	606.0	0.93	-0.535	0.000	6.25	0.43
5463.411	822.0	0.26	-0.456	0.000	6.94	0.00
5463.464	20.0	4.88	-0.659	-7.150	nan	4.10
5463.793	26.0	3.55	-3.204	-7.760	nan	6.02
5463.810	112.0	0.74	-0.938	0.000	1.34	0.08
5463.921	28.0	3.85	-2.497	-7.500	nan	1.83
5463.924	822.0	0.27	-0.481	0.000	6.94	0.00
5463.964	24.0	3.44	-1.052	-7.750	nan	8.26
5463.982	606.0	1.26	-0.078	0.000	6.25	0.59
5463.996	112.0	0.89	-1.336	0.000	1.34	0.02
5464.280	26.0	4.14	-1.565	-7.770	nan	37.90
5464.292	822.0	0.26	-0.445	0.000	6.94	0.00
5465.119	822.0	0.28	-0.434	0.000	6.94	0.00
5465.150	606.0	0.81	0.112	0.000	6.25	2.50
5465.334	58.0	0.29	0.060	0.000	nan	0.03
5465.346	606.0	0.81	0.219	0.000	6.25	3.17
5465.899	822.0	0.17	0.088	0.000	6.94	1.30
5466.395	26.0	4.37	-0.355	-7.510	nan	79.10
5466.987	26.0	3.57	-2.225	-7.820	nan	33.29
5466.992	26.0	3.65	-3.708	-7.550	nan	1.61
5467.379	606.0	0.78	-0.267	0.0	6.25	4.0
5467.417	822.0	0.3	0.367	0.0	6.94	4.0
5467.405	26.1	6.81	-1.758	-7.835	nan	4.0
5467.772	26.0	3.55	-3.323	-7.770	nan	4.67
5467.792	23.0	2.37	-1.020	-7.750	nan	0.33
5467.806	822.0	0.17	-0.914	0.000	6.94	0.00
5472.510	24.0	3.55	-1.834	-7.780	nan	1.18
5472.538	606.0	0.83	-0.465	0.000	6.25	12.52
5472.678	606.0	1.19	-0.455	0.000	6.25	0.29
5472.690	22.0	1.44	-1.701	-7.700	nan	5.36
5472.707	606.0	0.83	-0.549	0.000	6.25	0.53
5472.709	26.0	4.21	-1.495	-7.253	nan	34.44
5472.716	606.0	1.19	-0.450	0.000	6.25	0.29
5473.163	26.0	4.19	-2.024	-7.173	nan	18.00
5473.363	42.0	2.50	-0.814	0.000	nan	0.04
5473.379	58.0	0.97	-0.213	0.000	nan	0.00
5473.385	39.1	1.74	-0.893	-7.750	nan	7.46
5473.527	58.0	0.16	-1.017	0.000	nan	0.00
5473.542	22.0	2.33	-0.953	-7.720	nan	4.10
5473.763	27.0	4.24	-1.260	-7.450	nan	0.55
5473.773	606.0	0.78	0.372	0.000	6.25	4.76
5473.908	26.0	4.15	-0.760	-7.266	nan	75.80
5473.918	112.0	0.53	-1.594	0.000	1.34	0.00
5474.223	22.0	1.46	-1.213	-7.732	nan	14.00
5474.452	22.0	2.35	-0.912	-7.720	nan	4.30
5474.472	23.0	2.36	-1.549	-7.770	nan	0.10
5486.982	606.0	1.08	0.056	0.000	6.25	1.20
5486.989	23.1	2.27	-2.011	-7.860	nan	3.63
5487.001	822.0	0.42	-0.305	0.000	6.94	0.00
5487.002	24.0	2.97	-3.596	-7.790	nan	0.07
5487.141	26.0	4.42	-1.386	-7.283	nan	33.60
5487.487	26.0	5.07	-1.985	-7.260	nan	3.69
5487.495	822.0	0.41	0.508	0.000	6.94	0.00
5487.510	26.0	3.64	-2.744	-7.82	nan	20.0
5487.524	26.0	4.19	-2.456	-7.5	nan	10.2
5487.714	606.0	0.78	-0.908	0.000	6.25	0.26
5487.721	112.0	0.56	-1.212	0.000	1.34	0.00
5487.731	606.0	1.21	-0.361	0.000	6.25	0.34
5487.738	26.0	2.18	-4.154	-7.780	nan	0.00
5487.745	26.0	4.14	-0.490	-7.450	nan	87.40
5487.873	606.0	1.21	0.590	0.000	6.25	6.17
5487.889	27.0	2.14	-2.541	-7.760	nan	3.00
5487.915	23.0	2.37	-0.050	-7.627	nan	8.00
5487.930	606.0	0.78	-0.457	0.000	6.25	0.73
5488.120	27.0	4.21	-1.694	-7.510	nan	0.22
5488.135	26.0	4.61	-2.065	-7.410	nan	7.85
5488.140	822.0	0.27	-0.510	0.000	6.94	0.00
5488.178	22.0	2.40	-0.426	-7.520	nan	10.8
5488.188	112.0	0.70	-1.543	0.000	1.34	0.02
5496.449	606.0	1.09	-0.312	0.000	6.25	0.51
5496.477	26.0	3.57	-4.556	-7.820	nan	0.28
5496.562	26.0	4.91	-1.760	-7.345	nan	8.23
5496.579	822.0	0.47	-0.265	0.000	6.94	0.00
5496.582	606.0	1.09	-0.239	0.000	6.25	0.60
5496.787	112.0	0.93	0.466	0.000	1.34	1.54
5496.815	23.0	2.36	-0.492	-7.800	nan	1.12
5497.128	606.0	1.22	0.177	0.000	6.25	1.15
5497.133	606.0	0.69	-0.009	0.000	6.25	2.49
5497.181	112.0	0.64	-1.176	0.000	1.34	0.06
5497.196	606.0	0.69	-0.027	0.000	6.25	2.40
5497.361	25.0	4.33	-1.233	-7.770	nan	0.00
5497.409	39.1	1.75	-0.521	-7.750	nan	15.00
5497.489	822.0	0.30	-0.415	0.000	6.94	0.00
5497.516	26.0	1.01	-2.782	-7.751	nan	133.10
5500.797	606.0	0.73	-0.630	0.000	6.25	11.65
5500.798	112.0	0.75	-1.166	0.000	1.34	1.05
5500.971	606.0	0.68	-0.188	0.000	6.25	1.70
5501.429	22.0	3.20	-1.707	-7.520	nan	0.11
5501.449	606.0	1.19	-0.184	0.000	6.25	0.54
5501.465	26.0	0.96	-3.047	-7.757	nan	105.86
5501.477	606.0	1.05	-0.324	0.000	6.25	0.54
5501.493	27.0	1.96	-4.652	-7.790	nan	0.00
5501.528	606.0	0.65	-0.864	0.000	6.25	0.39
5501.538	42.0	2.52	0.421	0.000	nan	0.00
5501.538	16.0	7.87	-2.281	-6.790	nan	0.19
5501.611	606.0	1.05	-0.295	0.000	6.25	6.25
5501.641	28.0	4.54	-2.204	-7.280	nan	9.68
5501.676	822.0	0.32	0.822	0.000	6.94	0.00
5501.694	606.0	0.65	-0.049	0.000	6.25	0.00
5501.702	606.0	0.90	0.463	0.0	6.25	4.5
5501.714	606.0	0.89	0.454	0.0	6.25	4.5
5501.879	606.0	0.89	0.456	0.0	6.25	4.5
5501.883	606.0	0.90	0.466	0.0	6.25	4.5
5501.943	606.0	0.90	0.470	0.0	6.25	4.5
5502.085	24.1	4.17	-1.955	-7.845	nan	18.00
5505.633	822.0	0.53	0.302	0.000	6.94	0.00
5505.733	26.0	4.47	-2.477	0.000	nan	0.00
5505.753	112.0	0.40	-1.416	0.000	1.34	0.00
5505.845	6.0	8.85	-2.592	-6.660	nan	0.32
5505.862	23.0	2.36	-1.110	-7.790	nan	0.27
5505.864	822.0	0.34	-0.372	0.000	6.94	0.00
5505.866	25.0	2.18	-2.483	-7.740	nan	11.75
5505.881	26.0	4.42	-1.232	-7.510	nan	41.56
5506.131	822.0	0.34	0.054	0.000	6.94	0.00
5506.155	606.0	1.02	-0.295	0.000	6.25	3.10
5506.349	606.0	1.02	-0.316	0.000	6.25	1.22
5506.386	606.0	1.10	-0.148	0.000	6.25	1.23
5506.199	26.1	10.52	1.134	-7.590	nan	0.00
5506.492	24.0	3.89	-2.191	-7.730	nan	0.25
5506.493	42.0	1.33	0.060	0.000	nan	1.44
5506.779	26.0	0.99	-2.797	-7.753	nan	61.20
5506.965	16.0	7.87	-2.084	-6.790	nan	11.40
5507.735	23.0	1.71	-0.856	-7.780	nan	2.06
5507.757	23.0	2.36	-0.735	-7.630	nan	0.64
5514.215	21.0	1.85	-0.043	-7.720	nan	2.10
5514.227	822.0	0.39	-0.830	0.000	6.94	0.00
5514.244	112.0	0.54	-1.066	0.000	1.34	0.10
5514.349	22.0	1.43	-0.606	-7.71	nan	37.1
5514.537	22.0	1.44	-0.480	-7.71	nan	43.7
5514.793	28.0	3.85	-2.136	-7.234	nan	4.1
5514.804	606.0	0.96	-0.444	0.0	6.25	0.5
5514.813	606.0	0.63	-0.78	0.0	6.25	0.5
5514.884	606.0	0.60	-0.630	0.000	6.25	0.75
5514.905	112.0	0.61	-1.393	0.000	1.34	0.04
5514.918	822.0	0.38	-0.336	0.000	6.94	0.00
5514.940	606.0	0.96	-0.184	0.000	6.25	0.92
5514.947	606.0	0.60	-0.359	0.000	6.25	1.39
5514.981	606.0	0.63	-0.693	0.000	6.25	0.60
5515.079	23.0	0.07	-2.595	-7.780	nan	1.61
5515.082	606.0	0.60	-0.385	0.000	6.25	4.79
5515.385	606.0	1.12	-0.181	0.000	6.25	39.29
5515.387	21.0	1.94	-1.367	-7.830	nan	4.91
5515.609	606.0	0.76	0.455	0.0	6.25	6.0
5515.619	90.2	4.07	-2.840	0.000	nan	0.00
5515.630	606.0	1.19	-7.140	0.000	6.25	0.00
5516.275	60.0	1.20	-0.080	0.000	nan	0.00
5516.295	26.0	4.10	-2.774	-7.540	nan	4.90
5516.306	822.0	0.37	-0.330	0.000	6.94	0.00
5516.478	606.0	0.69	-1.139	0.000	6.25	0.19
5516.482	26.0	3.55	-3.352	-7.780	nan	4.41
5516.504	822.0	0.60	-0.226	0.000	6.94	0.00
5516.699	25.0	2.18	-3.27	-7.54	nan	45.50
5516.709	25.0	2.18	-2.91	-7.54	nan	45.50
5516.718	25.0	2.18	-2.91	-7.54	nan	45.50
5516.728	25.0	2.18	-4.48	-7.54	nan	45.50
5516.743	25.0	2.18	-2.77	-7.54	nan	45.50
5516.757	25.0	2.18	-2.77	-7.54	nan	45.50
5516.771	25.0	2.18	-2.95	-7.54	nan	45.50
5516.790	25.0	2.18	-2.88	-7.54	nan	45.50
5516.809	25.0	2.18	-2.88	-7.54	nan	45.50
5516.828	25.0	2.18	-2.40	-7.54	nan	45.50
5516.794	606.0	0.94	-0.432	0.000	6.25	0.54
5516.811	606.0	1.03	-0.259	0.000	6.25	0.66
5516.814	822.0	0.38	-0.330	0.000	6.94	0.00
5517.065	26.0	4.21	-1.993	-7.48	nan	18.1
5517.094	822.0	0.43	-0.767	0.000	6.94	0.00
5517.533	14.0	5.08	-2.423	-7.320	nan	13.70
5518.070	606.0	0.62	0.059	0.000	6.25	3.41
5518.107	606.0	0.69	-0.375	0.000	6.25	1.09
5518.359	58.1	0.55	-0.825	0.000	nan	2.61
5518.370	112.0	0.38	-0.414	0.000	1.34	0.61
5518.374	606.0	0.62	-0.459	0.000	6.25	16.23
5518.407	822.0	0.61	-0.223	0.000	6.94	0.00
5518.416	112.0	1.18	-0.228	0.000	1.34	0.16
5518.566	26.0	5.03	-2.328	-7.370	nan	3.0
5519.394	606.0	0.59	-0.375	0.0	6.25	4.4
5519.554	606.0	1.09	0.069	0.000	6.25	1.21
5519.556	606.0	0.59	-0.137	0.000	6.25	2.35
5519.580	26.0	6.15	-0.149	-7.510	nan	19.24
5519.799	606.0	1.01	0.464	0.000	6.25	3.55
5519.834	26.1	3.34	-5.956	-7.88	nan	7.0
5519.840	24.0	3.89	-2.212	-7.73	nan	7.1
5519.849	606.0	1.01	0.459	0.0	6.25	3.51
5519.860	112.0	0.85	-0.428	0.000	1.34	0.21
5520.002	112.0	0.94	-0.811	0.000	1.34	0.07
5520.030	606.0	0.69	-0.816	0.000	6.25	0.40
5520.034	112.0	0.47	-0.992	0.000	1.34	0.13
5520.179	58.1	1.67	-1.090	0.000	nan	0.12
5520.198	26.0	4.45	-2.864	-7.510	nan	1.92
5520.218	112.0	0.30	-1.482	0.000	1.34	0.06
5520.467	606.0	0.91	-0.421	0.000	6.25	0.60
5520.479	25.0	5.52	-0.332	-7.580	nan	1.26
5520.486	606.0	0.91	-0.425	0.000	6.25	0.59
5520.490	26.0	5.11	-1.835	-7.310	nan	4.73
5520.497	21.0	1.86	-0.574	-7.720	nan	0.62
5520.927	26.0	5.01	-1.612	-7.350	nan	9.20
5521.125	26.0	3.63	-3.048	-7.800	nan	7.16
5521.131	20.0	1.89	-4.555	-7.480	nan	0.35
5521.138	22.0	3.42	-1.591	-7.470	nan	0.09
5521.248	606.0	0.61	-0.415	0.0	6.25	1.2
5521.280	26.0	4.43	-2.352	-7.51	nan	5.9
5521.375	112.0	0.66	-1.334	0.000	1.34	0.04
5521.426	28.0	3.84	-2.184	-7.580	nan	3.76
5521.538	606.0	0.61	-0.639	0.000	6.25	0.72
5521.562	39.1	1.74	-1.109	-7.750	nan	4.78
5521.578	606.0	0.68	-1.100	0.000	6.25	0.21
5522.163	606.0	0.90	0.409	0.0	6.25	4.0
5522.233	606.0	0.90	0.408	0.0	6.25	4.0
5522.425	606.0	0.68	-0.955	0.000	6.25	0.30
5522.444	26.0	4.21	-1.417	-7.257	nan	42.9
5522.458	23.0	2.37	-1.064	-7.79	nan	0.3
5522.461	822.0	0.62	-0.213	0.000	6.94	0.00
5522.461	58.0	0.55	-0.539	0.000	nan	0.00
5524.990	27.0	4.11	-0.646	-7.500	nan	2.90
5525.113	822.0	0.49	0.488	0.000	6.94	0.00
5525.117	26.1	3.27	-4.067	-7.876	nan	11.7
5525.544	26.0	4.23	-1.084	-7.259	nan	85.83
5525.567	606.0	0.87	-0.296	0.000	6.25	0.87
5525.700	20.0	5.18	-0.671	-6.98	nan	4.0
5525.822	822.0	0.63	-0.206	0.000	6.94	0.00
5525.847	26.0	5.11	-2.009	-7.330	nan	3.23
5525.880	24.0	2.97	-4.048	-7.790	nan	0.03
5525.911	59.1	0.42	-1.597	0.000	nan	0.00
5525.920	24.1	3.76	-5.940	-7.860	nan	0.01
5526.202	26.0	5.07	-2.111	-7.310	nan	2.80
5526.306	606.0	0.97	-0.536	0.000	6.25	0.40
5526.332	822.0	0.65	-0.210	0.000	6.94	0.00
5526.813	21.1	1.77	0.044	-7.810	nan	73.70
5526.930	606.0	0.86	0.553	0.000	6.25	13.10
5531.947	606.0	0.54	-0.321	0.000	6.25	1.73
5531.983	26.0	4.91	-1.428	-7.351	nan	16.5
5532.032	58.1	1.70	-1.228	0.000	nan	0.08
5532.088	606.0	0.54	-0.627	0.000	6.25	0.87
5532.119	26.0	2.85	-4.718	-7.670	nan	0.95
5532.119	606.0	0.82	-0.718	0.000	6.25	0.37
5532.127	822.0	0.67	-0.197	0.000	6.94	0.00
5532.156	606.0	0.93	-0.856	0.000	6.25	0.21
5532.159	112.0	0.46	-1.505	0.000	1.34	0.04
5532.186	606.0	0.82	-1.438	0.000	6.25	0.07
5532.203	606.0	0.93	-1.085	0.000	6.25	0.12
5532.264	26.0	5.07	-3.209	-7.470	nan	0.23
5532.271	822.0	0.44	-0.285	0.000	6.94	0.00
5532.272	58.1	0.17	-2.680	0.000	nan	0.00
5532.329	606.0	1.02	-0.703	0.000	6.25	0.24
5532.332	606.0	0.93	-0.734	0.000	6.25	0.28
5532.347	606.0	0.82	-1.079	0.000	6.25	0.16
5532.747	26.0	3.57	-2.150	-7.762	nan	32.70
5532.862	26.1	6.73	-2.845	-7.889	nan	0.20
5532.866	26.0	4.45	-1.720	-7.520	nan	20.20
5533.031	42.0	1.33	-0.069	0.000	nan	26.21
5533.054	27.0	4.24	-1.172	-7.500	nan	5.57
5533.058	112.0	0.73	-0.248	0.000	1.34	0.41
5534.249	26.0	5.06	-2.127	-7.430	nan	2.76
5534.261	606.0	0.80	-0.783	0.000	6.25	0.33
5534.271	6.0	8.85	-2.769	-6.670	nan	0.21
5534.295	822.0	0.68	-0.194	0.000	6.94	0.00
5534.394	822.0	0.45	0.656	0.000	6.94	2.90
5534.659	26.0	3.64	-2.874	-7.810	nan	10.00
5534.835	112.0	0.27	-1.321	0.0	1.34	0.1
5534.848	26.1	3.25	-2.87	-7.883	nan	57.8
5535.320	60.1	1.41	-0.166	0.000	nan	1.81
5535.322	606.0	0.92	0.439	0.000	6.25	4.10
5535.344	23.0	0.02	-4.195	-7.763	nan	0.05
5535.392	822.0	0.47	-0.285	0.000	6.94	0.00
5535.412	26.0	3.25	-4.089	-7.820	nan	1.46
5535.413	112.0	0.27	-1.292	0.000	1.34	0.10
5535.414	606.0	0.79	-0.617	0.000	6.25	0.50
5535.418	26.0	4.19	-1.116	-7.8	nan	54.6
5535.520	56.0	0.0	0.45	0.0	nan	11.0
5535.545	26.0	6.15	0.406	-7.51	nan	49.0
5536.053	606.0	0.53	-0.325	0.000	6.25	1.76
5536.074	606.0	0.78	-0.529	0.000	6.25	0.63
5536.086	606.0	0.53	-0.408	0.000	6.25	1.46
5536.156	606.0	0.78	-1.821	0.000	6.25	0.03
5536.249	606.0	0.53	0.031	0.000	6.25	3.93
5543.030	26.0	4.19	-3.256	-7.470	nan	1.39
5543.030	26.0	3.69	-2.800	-7.810	nan	9.21
5543.170	822.0	0.48	-0.261	0.000	6.94	0.00
5543.189	26.0	4.91	-0.351	-7.290	nan	61.10
5543.933	606.0	0.50	-0.469	0.000	6.25	1.36
5543.936	26.0	4.22	-1.010	-7.263	nan	54.34
5543.947	26.1	5.57	-3.147	-7.885	nan	0.96
5544.147	606.0	0.50	-0.471	0.0	6.25	4.5
5544.167	606.0	0.95	-0.226	0.0	6.25	4.5
5544.284	606.0	0.95	-0.193	0.000	6.25	5.00
5544.328	606.0	0.54	-0.112	0.000	6.25	4.00
5544.586	112.0	0.37	-1.364	0.000	1.34	0.07
5544.600	39.1	1.74	-0.905	-7.750	nan	7.33
5545.931	23.0	1.06	-1.305	-7.593	nan	3.17
5545.936	27.0	4.11	-0.535	-7.51	nan	10.0	
5545.937	606.0	0.84	-1.597	0.000	6.25	0.00
5545.960	606.0	0.84	-0.258	0.000	6.25	1.71
5545.968	822.0	0.76	0.655	0.000	6.94	0.00
5546.009	39.1	1.75	-1.100	-7.750	nan	8.00
5546.491	822.0	0.76	-0.181	0.000	6.94	0.00
5546.506	26.0	4.37	-1.096	-7.224	nan	51.00
5546.714	24.0	2.98	-2.936	-7.790	nan	0.34
5546.725	26.0	5.01	-1.853	-7.400	nan	5.56
5546.969	27.0	4.23	-0.950	-7.510	nan	1.14
5546.990	26.0	4.22	-1.798	-7.263	nan	25.98
5547.009	22.0	3.15	-1.035	-7.580	nan	0.58
5553.069	822.0	0.80	-0.176	0.000	6.94	0.00
5553.104	606.0	0.79	0.121	0.0	6.25	2.7
5553.160	6.0	8.64	-1.458	-6.97	nan	5.7
5553.221	26.0	4.22	-2.795	-7.5	nan	3.5
5553.549	24.0	4.61	-0.234	-7.750	nan	4.54
5553.585	26.0	4.43	-1.203	-7.188	nan	35.8
5553.593	21.0	2.3	-0.944	-7.81	nan	0.1
5553.690	28.0	1.94	-3.137	-7.783	nan	22.2
5554.741	26.0	5.03	-1.656	-7.280	nan	0.00
5554.894	26.0	4.55	-0.229	-7.125	nan	99.50
5554.909	24.0	4.44	-2.084	-7.750	nan	0.10
5554.923	29.0	5.51	-0.988	-7.590	nan	0.20
5555.102	606.0	0.46	-1.392	0.000	6.25	0.18
5555.122	26.0	4.14	-3.057	-7.800	nan	2.43
5555.184	26.0	3.55	-5.233	-7.820	nan	0.06
5555.193	606.0	0.46	-1.344	0.000	6.25	0.20
5555.197	24.0	3.56	-3.120	-7.790	nan	0.06
5555.346	606.0	0.46	-0.622	0.000	6.25	1.05
5555.441	606.0	0.78	-0.276	0.000	6.25	1.12
5555.569	24.0	3.56	-2.094	-7.790	nan	0.65
5555.617	606.0	0.78	-0.218	0.000	6.25	1.28
5555.634	606.0	0.88	-0.155	0.000	6.25	1.18
5555.762	606.0	0.88	-0.531	0.000	6.25	0.50
5555.746	25.0	4.35	-1.303	-7.77	nan	6.0
5559.230	606.0	0.98	0.239	0.000	6.25	2.30
5559.639	26.0	4.99	-1.658	-7.300	nan	8.73
5559.718	112.0	0.55	-2.311	0.000	1.34	0.01
5559.845	606.0	0.86	-1.357	0.000	6.25	0.08
5559.860	20.0	4.78	-3.040	-7.230	nan	0.02
5559.893	26.0	4.64	-2.264	-7.310	nan	4.88
5560.215	26.0	4.43	-1.006	-7.189	nan	52.00
5561.439	112.0	0.53	-0.777	0.000	1.34	0.19
5561.445	58.1	1.46	-0.299	0.000	nan	1.17
5561.484	112.0	0.34	0.299	0.000	1.34	3.37
5561.659	606.0	0.73	-0.166	0.000	6.25	1.62
5561.663	23.0	1.71	-2.428	-7.740	nan	0.06
5561.717	606.0	0.74	-1.525	0.000	6.25	0.07
5561.791	112.0	0.74	-1.084	0.000	1.34	0.06
5562.092	28.0	4.54	-1.794	-7.27	nan	0.0
5562.116	26.0	4.39	-2.508	-7.51	nan	4.6
5562.118	822.0	0.56	-0.230	0.000	6.94	0.00
5562.273	606.0	0.49	-0.467	0.000	6.25	1.40
5562.514	112.0	0.22	-0.029	0.000	1.34	2.10
5562.704	26.0	3.27	-5.006	-7.810	nan	0.19
5562.706	26.0	4.43	-0.642	-7.520	nan	46.60
5562.708	22.0	0.90	-3.034	-7.632	nan	0.91
5563.307	112.0	0.52	-2.412	0.000	1.34	4.50
5563.354	112.0	0.50	-1.529	0.000	1.34	0.00
5563.600	26.0	4.19	-0.850	-7.268	nan	39.20
5563.669	24.0	3.42	-2.845	-7.760	nan	0.16
5563.671	27.0	3.57	-2.752	-7.550	nan	0.08
5563.676	26.0	4.14	-3.641	-7.450	nan	0.65
5563.680	606.0	0.72	-0.756	0.000	6.25	0.43
5563.693	26.0	2.42	-3.401	-7.750	nan	16.68
5565.449	606.0	0.71	-0.530	0.000	6.25	0.74
5565.463	822.0	0.60	-0.230	0.000	6.94	0.00
5565.474	22.0	2.24	-0.350	-7.730	nan	10.92
5565.480	26.1	6.73	-3.058	-7.890	nan	0.12
5565.684	112.0	0.38	0.340	0.000	1.34	0.00
5565.685	26.0	0.05	-8.133	-7.820	nan	0.23
5565.704	26.0	4.61	-0.203	-7.410	nan	75.93
5565.742	606.0	0.43	-0.771	0.000	6.25	0.80
5565.945	27.0	4.23	-1.015	-7.510	nan	0.00
5565.946	23.0	1.05	-2.188	-7.595	nan	0.00
5565.968	58.0	0.47	1.310	0.000	nan	0.00
5565.969	16.0	8.04	-1.003	-6.430	nan	0.00
5566.073	26.0	6.17	-0.462	-7.510	nan	10.52
5566.095	606.0	0.82	-0.275	0.000	6.25	1.03
5566.109	112.0	0.47	-1.599	0.000	1.34	0.03
5566.720	16.0	8.05	-2.004	-6.430	nan	0.00
5566.720	112.0	0.47	-0.775	0.000	1.34	0.22
5566.722	26.0	5.01	-1.971	-7.3	nan	4.33
5566.759	606.0	0.49	-0.997	0.0	6.25	0.0
5566.799	26.0	3.25	-3.564	-7.79	nan	5.0
5567.274	26.0	4.42	-1.961	-7.510	nan	13.83
5567.275	606.0	0.69	-0.604	0.000	6.25	0.65
5567.281	112.0	0.41	-2.167	0.000	1.34	0.01
5567.391	26.0	2.61	-2.668	-7.565	nan	57.64
5567.420	112.0	0.43	-1.372	0.000	1.34	0.06
5567.755	25.0	5.52	0.426	-7.580	nan	1.90
5567.761	39.0	1.92	-0.862	-7.680	nan	0.04
5567.820	58.0	1.06	0.069	0.000	nan	0.00
5567.824	112.0	0.21	-2.605	0.000	1.34	0.01
5567.831	26.1	6.73	-2.663	-7.890	nan	0.30
5568.074	26.0	4.15	-3.007	-7.510	nan	2.66
5568.086	112.0	0.43	-1.507	0.000	1.34	0.04
5568.821	22.0	0.84	-4.691	-7.770	nan	0.00
5568.860	26.0	3.63	-2.922	-7.770	nan	9.30
5569.034	606.0	0.42	-0.635	0.000	6.25	1.13
5569.037	44.0	1.00	-2.790	0.000	nan	0.01
5569.112	606.0	0.68	-1.527	0.000	6.25	0.08
5569.143	606.0	0.42	-1.467	0.000	6.25	0.17
5569.512	22.0	3.46	-0.294	-7.540	nan	1.60
5569.598	606.0	0.80	-0.284	0.000	6.25	1.06
5569.618	26.0	3.42	-0.486	-7.204	nan	98.80
5570.051	26.0	2.85	-4.131	-7.830	nan	0.00
5570.262	606.0	0.48	-1.328	0.000	6.25	0.20
5570.416	112.0	0.67	0.466	0.000	1.34	5.80
5570.539	25.1	6.18	-1.122	-7.880	nan	1.54
5570.578	24.0	4.11	-1.365	-7.770	nan	1.04
5570.580	606.0	0.67	-0.113	0.000	6.25	2.09
5570.784	822.0	0.61	0.663	0.000	6.94	2.20
5572.043	606.0	0.66	-0.583	0.000	6.25	0.73
5572.056	24.0	4.45	-1.620	-7.760	nan	0.28
5572.095	606.0	0.48	-1.193	0.000	6.25	0.27
5572.110	606.0	0.66	-0.440	0.000	6.25	1.02
5572.193	58.0	0.17	-1.188	0.000	nan	0.00
5572.204	26.0	3.25	-4.317	-7.830	nan	0.98
5572.297	822.0	0.61	-0.216	0.000	6.94	0.00
5572.346	112.0	1.04	-1.101	0.000	1.34	0.03
5572.382	606.0	0.41	-0.600	0.000	6.25	1.25
5572.402	26.0	4.99	-2.338	-7.180	nan	2.00
5572.469	606.0	0.41	-0.820	0.000	6.25	0.75
5572.500	27.0	2.28	-2.138	-7.760	nan	5.42
5572.664	606.0	0.41	-0.594	0.000	6.25	15.80
5572.842	26.0	3.40	-0.275	-7.211	nan	68.50
5573.102	26.0	4.19	-1.317	-7.570	nan	38.90
5573.110	822.0	0.63	-0.220	0.000	6.94	0.00
5573.390	822.0	0.62	0.664	0.000	6.94	5.00
5573.409	62.0	0.39	0.470	0.000	nan	2.40
5573.516	112.0	0.20	-0.979	0.000	1.34	0.25
5573.554	606.0	0.65	0.033	0.000	6.25	3.04
5573.558	112.0	0.70	-1.095	0.000	1.34	0.06
5573.574	112.0	0.18	-2.735	0.000	1.34	0.00
5573.659	25.0	5.54	-0.242	-7.580	nan	1.49
5573.707	27.0	4.23	-1.685	-7.510	nan	0.21
5573.724	25.0	4.36	-1.398	-7.770	nan	1.32
5573.734	606.0	0.65	-0.181	0.000	6.25	1.87
5573.757	26.0	5.07	-2.752	-7.310	nan	0.66
5574.344	112.0	0.20	-1.872	0.000	1.34	0.03
5574.388	26.0	4.42	-2.706	-7.510	nan	2.93
5574.393	24.0	4.45	-1.451	-7.760	nan	0.41
5574.419	112.0	0.53	-2.249	0.000	1.34	0.01
5575.500	60.0	1.04	-1.155	0.000	nan	0.00
5575.523	606.0	0.40	-0.402	0.000	6.25	2.00
5575.645	606.0	0.40	-0.269	0.000	6.25	2.70
5575.817	606.0	0.40	-1.010	0.000	6.25	0.50
5576.048	27.0	4.50	-1.710	-7.550	nan	0.11
5576.089	26.0	3.43	-0.791	-7.201	nan	128.54
5576.098	606.0	0.76	-0.279	0.000	6.25	1.17
5576.114	64.0	0.84	-1.068	0.000	nan	0.00
5576.209	606.0	0.62	-0.201	0.000	6.25	1.92
5576.232	606.0	0.76	-0.529	0.000	6.25	0.66
5577.025	26.0	5.03	-1.500	-7.390	nan	11.10
5577.321	606.0	0.61	-0.376	0.000	6.25	1.32
5577.339	8.0	1.97	-8.118	0.000	nan	1.72
5577.390	606.0	0.61	-0.395	0.000	6.25	1.27
5578.512	606.0	0.60	-0.497	0.000	6.25	4.60
5578.678	606.0	0.60	-0.449	0.000	6.25	1.14
5578.701	606.0	0.39	-0.548	0.000	6.25	1.47
5578.714	26.0	5.06	-3.143	-7.140	nan	0.28
5578.718	28.0	1.68	-2.729	-7.673	nan	51.67
5578.724	822.0	0.65	-0.210	0.000	6.94	0.00
5579.009	606.0	0.39	-1.115	0.000	6.25	0.40
5579.329	112.0	0.27	-1.033	0.000	1.34	0.19
5579.340	26.0	4.23	-2.299	-7.263	nan	10.31
5581.970	20.0	2.52	-0.300	-7.538	nan	108.58
5582.007	606.0	0.38	-0.671	0.000	6.25	1.14
5582.107	23.0	1.93	-2.384	-7.800	nan	0.04
5582.273	606.0	0.72	-0.271	0.000	6.25	1.31
5582.290	606.0	0.57	-0.446	0.000	6.25	1.23
5582.375	112.0	0.61	-1.341	0.000	1.34	0.04
5582.384	112.0	0.54	-2.187	0.000	1.34	0.01
5582.417	606.0	0.72	-0.419	0.000	6.25	0.93
5582.431	23.1	2.37	-3.029	-7.860	nan	0.30
5582.711	606.0	0.56	-0.026	0.000	6.25	3.26
5582.730	58.0	0.17	-0.165	0.000	nan	0.02
5582.809	606.0	0.56	-0.553	0.000	6.25	0.99
5582.960	606.0	0.56	-0.078	0.000	6.25	2.90
5582.964	822.0	0.65	-0.203	0.000	6.94	0.00
5582.981	112.0	0.25	-0.654	0.000	1.34	0.48
5583.003	606.0	0.48	-0.774	0.000	6.25	0.72
5586.256	112.0	1.00	0.412	0.000	1.34	0.00
5586.267	26.0	4.64	-2.210	-7.310	nan	5.49
5586.285	24.0	4.61	-2.756	-7.750	nan	0.01
5586.755	26.0	3.37	-0.120	-7.221	nan	109.49
5586.766	26.0	4.26	-2.903	-7.530	nan	1.11
5587.574	26.0	4.14	-1.628	-7.800	nan	35.40
5587.820	26.0	4.45	-3.735	-7.510	nan	0.27
5587.858	28.0	1.94	-2.438	-7.783	nan	52.84
5587.874	606.0	0.36	-0.716	0.000	6.25	1.08
5588.759	20.0	2.53	0.358	-7.538	nan	148.89
5588.764	26.0	3.30	-4.768	-7.800	nan	0.31
5588.968	26.0	5.03	-1.955	-7.410	nan	4.30
5589.346	26.0	5.07	-2.893	-7.320	nan	0.48
5589.358	28.0	3.90	-1.141	-7.221	nan	26.12
5589.851	26.0	5.07	-1.269	-7.430	nan	16.00
5590.114	20.0	2.52	-0.459	-7.539	nan	88.80
5590.151	26.0	4.10	-2.895	-7.550	nan	3.79
5590.666	27.0	2.04	-2.5	-7.82	nan	8.00
5590.718	27.0	2.04	-2.8	-7.82	nan	8.00
5590.727	27.0	2.04	-3.1	-7.82	nan	8.00
5590.738	27.0	2.04	-2.9	-7.82	nan	8.00
5590.769	27.0	2.04	-2.9	-7.82	nan	8.00
5590.784	27.0	2.04	-2.8	-7.82	nan	8.00
5590.812	27.0	2.04	-3.1	-7.82	nan	8.00
5590.818	27.0	2.04	-2.9	-7.82	nan	8.00
5591.360	26.1	3.27	-4.493	-7.883	nan	4.56
5591.364	21.0	1.99	-0.436	-7.830	nan	0.64
5593.735	28.0	3.90	-0.770	-7.222	nan	43.30
5594.420	60.1	1.12	0.684	0.000	nan	10.00
5594.458	24.0	3.10	-3.933	-7.730	nan	0.00
5594.465	20.0	2.52	-0.008	-7.539	nan	114.50
5594.655	26.0	4.55	-0.704	-7.510	nan	60.60
5594.671	112.0	0.81	0.431	0.000	1.34	0.00
5595.035	112.0	0.21	-1.250	0.000	1.34	0.13
5595.060	26.0	5.06	-1.708	-7.370	nan	6.87
5598.295	26.0	4.65	-0.280	-7.085	nan	73.80
5598.417	606.0	0.33	-1.290	0.000	6.25	0.31
5598.425	26.0	3.63	-3.611	-7.750	nan	2.11
5598.462	822.0	0.46	-0.276	0.000	6.94	0.00
5598.462	822.0	0.59	-0.088	0.000	6.94	0.00
5598.466	26.0	2.42	-4.724	-7.770	nan	2.46
5598.480	20.0	2.52	-0.007	-7.541	nan	105.03
5624.021	26.0	4.39	-1.155	-7.234	nan	45.70
5624.343	606.0	0.44	-0.564	0.000	6.25	5.64
5624.376	26.1	5.57	-2.562	-7.886	nan	3.46
5624.542	26.0	3.42	-0.755	-7.211	nan	119.56
5624.556	24.0	4.39	-1.739	-7.640	nan	0.24
5624.874	23.0	1.05	-1.050	-7.598	nan	0.00
5625.317	28.0	4.09	-0.699	-7.228	nan	38.00
5625.657	21.0	1.85	-2.138	-7.710	nan	0.13
5625.670	27.0	1.04	-2.784	-7.71	nan	27.4
5625.688	822.0	0.55	0.646	0.000	6.94	0.00
5625.740	606.0	0.43	-0.581	0.000	6.25	47.96
5625.802	6.0	8.85	-1.153	-6.750	nan	7.88
5626.731	58.1	1.64	-0.392	0.000	nan	0.64
5626.736	22.0	3.18	-1.355	-7.580	nan	0.26
5626.763	606.0	0.42	0.092	0.000	6.25	5.79
5626.768	822.0	0.76	0.087	0.000	6.94	0.00
5627.081	26.0	4.18	-2.831	-7.510	nan	3.70
5627.489	26.1	3.39	-4.195	-7.879	nan	6.76
5627.508	26.0	4.59	-3.164	-7.780	nan	0.73
5627.630	23.0	1.08	-0.350	-7.594	nan	23.90
5628.022	606.0	0.41	0.033	0.000	6.25	5.20
5628.318	24.0	5.78	0.035	-6.630	nan	0.75
5628.342	28.0	4.09	-1.283	-7.580	nan	12.95
5628.642	24.0	3.42	-0.788	-7.588	nan	14.60
5640.306	26.0	4.64	-1.637	-7.310	nan	14.20
5640.355	68.0	1.20	0.566	0.000	nan	0.00
5640.989	21.1	1.50	-0.983	-7.860	nan	38.10
5641.101	26.0	4.61	-4.123	-7.420	nan	0.08
5641.117	28.0	4.11	-2.003	-7.500	nan	3.22
5641.408	20.0	5.05	-1.638	-7.150	nan	0.32
5641.418	26.0	5.07	-1.048	-7.380	nan	19.12
5641.431	23.0	3.27	-0.284	-7.530	nan	0.25
5641.434	26.0	4.26	-1.100	-7.264	nan	43.48
5641.881	28.0	4.11	-1.057	-7.215	nan	21.70
5641.902	822.0	0.98	0.121	0.000	6.94	0.00
5642.359	24.0	3.86	-0.823	-7.184	nan	5.90
5642.376	25.0	4.36	-2.544	-7.770	nan	0.10
5642.604	28.0	3.90	-1.933	-7.235	nan	5.80
5642.750	26.0	4.61	-1.972	-7.113	nan	9.70
5642.784	822.0	0.66	-0.054	0.000	6.94	0.00
5643.078	28.0	4.16	-1.297	-7.223	nan	12.86
5643.083	27.0	3.53	-1.318	-7.730	nan	2.04
5643.807	20.0	4.53	-1.268	-7.340	nan	2.17
5643.851	112.0	0.86	0.313	0.000	1.34	0.00
5643.926	26.0	4.08	-2.259	-7.800	nan	16.00
5644.025	26.0	4.56	-1.641	-7.310	nan	19.70
5644.134	22.0	2.27	0.062	-7.730	nan	31.80
5644.357	26.0	4.15	-2.972	-7.237	nan	2.90
5644.387	822.0	0.68	-0.034	0.000	6.94	0.00
5645.033	14.0	5.61	-2.398	-6.980	nan	5.30
5645.445	822.0	1.03	0.127	0.000	6.94	0.00
5645.488	24.0	3.46	-1.672	-7.310	nan	2.10
5645.613	14.0	4.93	-2.006	-7.290	nan	36.10
5645.833	26.0	4.61	-1.840	-7.310	nan	12.50
5646.107	23.0	1.05	-1.172	-7.599	nan	4.40
5646.134	822.0	0.71	-0.018	0.000	6.94	0.00
5646.684	26.0	4.26	-2.420	-7.480	nan	7.58
5646.691	39.0	2.08	-0.818	-7.730	nan	0.02
5647.234	27.0	2.28	-1.655	-7.612	nan	14.60
5647.856	22.0	1.88	-1.413	-7.720	nan	4.00
5657.413	16.0	8.05	-2.110	-6.560	nan	0.00
5657.432	822.0	0.67	-0.263	0.000	6.94	0.00
5657.440	23.0	1.06	-0.997	-7.598	nan	6.30
5657.838	25.0	5.67	-1.147	-7.500	nan	0.14
5657.879	21.1	1.51	-0.323	-7.860	nan	68.86
5658.341	21.1	1.50	-1.208	-7.860	nan	25.50
5658.531	26.0	3.43	-1.871	-7.211	nan	60.80
5658.627	822.0	0.88	0.045	0.000	6.94	0.00
5658.631	24.0	3.56	-2.042	-7.790	nan	0.74
5658.642	112.0	0.87	0.322	0.000	1.34	0.00
5658.657	26.0	4.28	-1.186	-7.530	nan	32.96
5658.816	26.0	3.40	-0.793	-7.221	nan	130.00
5659.097	22.0	0.90	-2.978	-7.770	nan	12.10
5659.574	26.0	5.09	-1.101	-7.400	nan	20.90
5660.476	58.1	1.28	-1.485	0.000	nan	0.12
5660.520	14.0	5.62	-1.955	-6.98	nan	14.98
5660.675	14.0	5.62	-1.821	-6.980	nan	14.50
5660.800	26.0	3.64	-2.634	-7.563	nan	16.09
5661.020	26.0	4.58	-2.277	-7.776	nan	5.40
5661.344	26.0	4.28	-1.799	-7.244	nan	23.80
5661.970	26.0	4.26	-2.648	-7.179	nan	4.70
5661.975	822.0	0.71	-0.216	0.000	6.94	0.00
5662.150	22.0	2.32	-0.103	-7.226	nan	23.40
5662.171	822.0	0.93	0.055	0.000	6.94	0.00
5662.516	26.0	4.18	-0.313	-7.530	nan	94.00
5662.527	822.0	0.89	-0.020	0.000	6.94	0.00
5662.922	822.0	0.94	1.140	0.000	6.94	0.00
5662.924	39.1	1.94	0.200	-7.740	nan	8.16
5662.937	26.0	3.69	-1.916	-7.589	nan	42.84
5663.820	112.0	0.77	-1.276	0.000	1.34	12.20
5663.984	28.0	4.54	-0.507	-7.278	nan	27.10
5663.984	58.0	0.72	-0.200	0.000	nan	0.00
5664.030	24.0	3.43	-1.000	-7.760	nan	9.51
5664.581	24.0	3.83	-0.875	-7.360	nan	5.60
5665.555	14.0	4.92	-2.040	-7.300	nan	40.80
5666.677	14.0	5.62	-1.644	-6.980	nan	24.10
5666.793	28.0	4.11	-1.793	-7.500	nan	5.10
5667.141	21.1	1.50	-1.202	-7.860	nan	25.00
5667.513	26.0	4.18	-1.337	-7.530	nan	53.70
5668.362	23.0	1.08	-1.008	-7.595	nan	5.90
5668.925	6.0	8.54	-1.469	-7.070	nan	6.00
5669.032	21.1	1.50	-1.098	-7.860	nan	32.80
5669.730	822.0	0.71	-0.276	0.000	6.94	0.00
5669.736	14.0	5.62	-1.780	-6.980	nan	23.28
5669.753	60.0	0.46	-0.058	0.000	nan	0.02
5669.943	28.0	4.27	-1.031	-7.560	nan	17.10
5669.958	58.0	0.40	-0.917	0.000	nan	0.00
5669.975	822.0	0.71	-0.260	0.000	6.94	0.00
5670.848	23.0	1.08	-0.409	-7.633	nan	19.40
5671.499	822.0	0.73	0.667	0.000	6.94	8.10
5671.646	26.0	2.73	-5.381	-7.710	nan	0.28
5671.657	24.1	3.83	-3.548	-7.860	nan	1.22
5671.792	822.0	0.74	-0.180	0.000	6.94	0.00
5671.810	21.0	1.45	2.160	-7.810	nan	14.50
5683.451	26.0	4.58	-2.491	-7.470	nan	3.40
5684.190	21.1	1.51	-1.068	-7.860	nan	33.80
5684.484	26.0	5.07	-2.085	-7.410	nan	3.00
5684.484	14.0	4.95	-1.570	-7.300	nan	60.00
5694.740	24.0	3.86	-0.241	-7.191	nan	18.80
5694.983	28.0	4.09	-0.605	-7.248	nan	42.72
5694.992	26.0	4.59	-3.348	-7.680	nan	0.48
5695.007	822.0	1.04	0.006	0.000	6.94	0.00
5696.057	58.1	0.71	-2.164	0.000	nan	0.09
5696.088	26.0	4.55	-1.850	-7.156	nan	13.20
6448.501	607.0	0.42	-1.845	0.000	7.63	1.10
6448.879	26.0	5.58	-1.829	-7.250	nan	5.0	
6449.050	607.0	0.40	-0.946	0.0	7.63	15.0
6449.170	24.0	4.10	-0.373	-7.8	nan	15.4
6449.369	607.0	0.44	-1.480	0.000	7.63	2.40
6449.443	822.0	0.28	-1.367	0.000	6.94	0.00
6449.606	822.0	0.42	0.620	0.000	6.94	3.90
6449.815	20.0	2.52	-0.312	-7.570	nan	91.20
6450.067	20.0	4.45	-0.723	-7.500	nan	8.60
6450.168	27.0	1.71	-2.583	-7.81	nan	44
6450.189	27.0	1.71	-2.359	-7.81	nan	44
6450.213	27.0	1.71	-3.168	-7.81	nan	44
6450.262	27.0	1.71	-2.972	-7.81	nan	44
6450.276	27.0	1.71	-4.282	-7.81	nan	44
6450.281	27.0	1.71	-2.731	-7.81	nan	44
6450.302	27.0	1.71	-2.918	-7.81	nan	44
6450.314	27.0	1.71	-3.872	-7.81	nan	44
6450.320	27.0	1.71	-2.94	-7.81	nan	44
6450.325	27.0	1.71	-3.086	-7.81	nan	44
6450.343	27.0	1.71	-3.65	-7.81	nan	44
6450.350	27.0	1.71	-3.474	-7.81	nan	44
6450.356	27.0	1.71	-3.031	-7.81	nan	44
6450.364	27.0	1.71	-3.525	-7.81	nan	44
6450.371	27.0	1.71	-3.219	-7.81	nan	44
6450.377	27.0	1.71	-3.474	-7.81	nan	44
6450.381	27.0	1.71	-3.504	-7.81	nan	44
6451.508	607.0	0.50	-2.080	0.000	7.63	0.53
6451.517	14.0	5.98	-2.632	-6.820	nan	1.53
6451.533	26.0	3.69	-4.930	-7.820	nan	0.10
6451.557	28.0	4.16	-2.130	-7.580	nan	2.34
6454.937	27.0	3.63	-2.228	-7.222	nan	15.6
6454.937	27.0	3.63	-1.966	-7.222	nan	15.6
6454.941	27.0	3.63	-1.762	-7.222	nan	15.6
6454.948	27.0	3.63	-2.161	-7.222	nan	15.6
6454.950	27.0	3.63	-1.592	-7.222	nan	15.6
6454.958	27.0	3.63	-1.966	-7.222	nan	15.6
6454.964	27.0	3.63	-1.446	-7.222	nan	15.6
6454.969	27.0	3.63	-2.860	-7.222	nan	15.6
6454.972	27.0	3.63	-1.861	-7.222	nan	15.6
6454.982	27.0	3.63	-1.317	-7.222	nan	15.6
6454.989	27.0	3.63	-2.705	-7.222	nan	15.6
6454.992	27.0	3.63	-1.814	-7.222	nan	15.6
6455.006	27.0	3.63	-1.201	-7.222	nan	15.6
6455.014	27.0	3.63	-2.705	-7.222	nan	15.6
6455.016	27.0	3.63	-1.820	-7.222	nan	15.6
6455.034	27.0	3.63	-1.096	-7.222	nan	15.6
6455.044	27.0	3.63	-2.802	-7.222	nan	15.6
6455.045	27.0	3.63	-1.893	-7.222	nan	15.6
6455.079	27.0	3.63	-3.006	-7.222	nan	15.6
6455.079	27.0	3.63	-2.103	-7.222	nan	15.6
6455.118	27.0	3.63	-3.403	-7.222	nan	15.6
6455.582	822.0	0.44	0.184	0.000	6.94	0.00
6455.598	20.0	2.52	-1.297	-7.570	nan	59.00
6455.624	62.1	1.46	-1.150	0.000	nan	0.00
6456.380	26.1	3.90	-2.108	-7.873	nan	63.10
6456.391	822.0	0.31	0.087	0.000	6.94	0.00
6456.871	26.0	4.80	-1.750	-7.510	nan	15.00
6456.895	112.0	0.83	-1.246	0.000	1.34	0.00
6457.070	606.0	1.47	-0.947	0.000	6.25	0.00
6457.081	606.0	1.61	-1.471	0.000	6.25	0.00
6457.087	822.0	0.52	0.064	0.000	6.94	0.00
6457.109	606.0	1.65	-3.588	0.000	6.25	0.00
6457.114	60.0	1.23	-0.300	0.000	nan	0.00
6457.142	822.0	0.41	0.191	0.000	6.94	0.00
6457.174	24.0	3.89	-3.036	-7.730	nan	0.00
6457.319	607.0	0.50	-1.996	0.000	7.63	0.00
6457.372	14.0	5.96	-2.040	-6.820	nan	6.00
6461.824	822.0	0.47	0.204	0.000	6.94	0.00
6462.493	822.0	0.34	0.119	0.000	6.94	0.00
6462.567	20.0	2.52	-0.244	-7.591	nan	148.40
6462.631	607.0	0.43	-2.407	0.000	7.63	0.00
6462.713	26.0	0.92	-7.400	-7.830	nan	30.00
6462.725	26.0	2.45	-2.367	-7.622	nan	30.00
6463.199	822.0	0.44	0.227	0.000	6.94	0.00
6469.192	26.0	4.83	-0.605	-7.15	nan	59.1
6470.200	40.0	1.58	-0.810	0.000	nan	2.30
6470.017	24.0	5.85	-0.385	-7.330	nan	11.30
6470.825	822.0	0.38	-0.804	0.000	6.94	0.00
6470.846	607.0	0.48	-1.460	0.000	7.63	2.30
6471.662	20.0	2.53	-0.429	-7.570	nan	91.80
6471.667	822.0	0.35	0.093	0.000	6.94	0.00
6472.589	822.0	0.39	0.164	0.000	6.94	5.30
6473.166	26.0	5.45	-2.944	-7.250	nan	16.30
6474.145	607.0	0.67	-0.947	0.000	7.63	3.50
6475.042	822.0	0.49	0.632	0.000	6.94	18.60
6475.624	26.0	2.56	-2.795	-7.605	nan	62.5
6476.605	26.0	4.10	-2.983	-7.540	nan	3.40
6480.959	607.0	0.56	-1.954	0.000	7.63	3.30
6481.834	822.0	0.43	-0.701	0.000	6.94	0.00
6481.875	26.0	2.28	-2.880	-7.646	nan	64.6
6482.204	26.1	6.22	-1.753	-7.871	nan	7.6
6482.252	60.1	0.32	-2.720	0.000	nan	0.18
6482.761	26.0	4.15	-3.995	-7.540	nan	0.31
6482.809	28.0	1.94	-2.785	-7.679	nan	41.5
6482.806	27.0	2.33	-3.464	-7.790	nan	0.27
6491.580	22.1	2.06	-1.990	-7.850	nan	43.00
6491.669	25.0	3.76	-1.121	-7.513	nan	9.60
6493.788	20.0	2.52	-0.029	-7.571	nan	123.60
6494.498	26.0	4.73	-1.219	-7.510	nan	30.80
6494.822	607.0	0.51	-1.337	0.000	7.63	2.11
6494.853	607.0	0.53	-1.067	0.000	7.63	3.69
6494.905	822.0	0.31	-1.959	0.000	6.94	0.00
6494.973	822.0	0.45	-0.600	0.000	6.94	0.00
6494.994	26.0	2.40	-1.273	-7.629	nan	150.10
6495.724	822.0	0.31	0.025	0.000	6.94	0.00
6495.745	26.0	4.83	-0.955	-7.154	nan	42.1
6496.473	26.0	4.80	-0.545	-7.175	nan	61.57
6496.495	22.1	3.12	-3.123	-7.860	nan	0.43
6496.869	607.0	0.53	-2.352	0.000	7.63	0.20
6496.877	822.0	0.58	-0.444	0.000	6.94	0.00
6496.900	56.1	0.60	-0.018	-7.578	nan	98.10
6497.514	822.0	0.32	0.608	0.000	6.94	1.60
6498.945	26.0	0.96	-4.606	-7.782	nan	46.50
6499.650	20.0	2.52	-0.625	-8.162	nan	85.50
6514.705	112.0	0.89	-0.927	0.000	1.34	7.53
6514.773	607.0	0.63	-2.188	0.000	7.63	24.77
6515.840	607.0	0.77	-2.119	0.000	7.63	6.64
6515.843	607.0	0.57	-2.099	0.000	7.63	11.16
6515.860	822.0	0.41	0.220	0.000	6.94	0.00
6516.070	22.0	3.35	-1.465	-7.560	nan	0.15
6516.074	28.0	4.17	-2.293	-7.520	nan	1.60
6516.077	26.1	2.89	-3.320	-7.899	nan	48.35
6518.373	26.0	2.83	-2.460	-7.609	nan	51.80
6518.381	607.0	0.54	-2.662	0.000	7.63	0.10
6518.726	607.0	0.64	-1.801	0.000	7.63	0.54
6518.741	14.0	5.95	-1.450	-6.890	nan	18.06
6518.901	607.0	0.62	-1.618	0.000	7.63	0.87
6518.906	607.0	0.63	-1.330	0.000	7.63	1.63
6519.014	24.0	5.21	-0.535	-7.510	nan	0.70
6519.400	22.0	3.57	0.150	-7.520	nan	3.70
6519.531	112.0	1.24	0.398	0.000	1.34	5.60
6526.006	26.0	5.09	-3.085	-7.330	nan	4.80
6526.391	14.0	5.87	-2.229	-6.98	nan	7.5
6526.504	607.0	0.54	-2.247	0.000	7.63	0.34
6526.505	25.0	4.34	-1.548	-7.770	nan	1.06
6526.609	822.0	0.55	-0.526	0.000	6.94	0.00
6526.640	14.0	5.87	-1.527	-6.980	nan	20.20
6526.984	57.1	0.23	-1.744	0.000	nan	1.60
6527.202	14.0	5.87	-1.255	-6.980	nan	34.80
6527.400	607.0	0.53	-1.344	0.0	7.5	4.8
6527.625	607.0	0.65	-1.882	0.000	7.63	4.40
6528.535	26.0	3.11	-3.459	-7.710	nan	11.50
6532.365	607.0	0.56	-2.473	0.000	7.63	26.50
6532.873	28.0	1.94	-3.368	-7.681	nan	16.38
6532.888	24.0	5.22	-1.304	-7.510	nan	0.12
6532.908	822.0	0.48	-0.513	0.000	6.94	0.00
6533.928	26.0	4.56	-1.209	-7.182	nan	38.80
6534.181	25.0	4.34	-2.364	-7.770	nan	0.95
6534.183	607.0	0.82	-2.100	0.000	7.63	1.07
6534.210	607.0	0.66	-2.103	0.000	7.63	1.58
6534.232	14.0	6.12	-2.262	-6.910	nan	2.66
6534.651	822.0	0.49	0.635	0.000	6.94	2.60
6545.762	822.0	0.54	0.639	0.000	6.94	2.90
6546.212	112.0	1.17	0.392	0.000	1.34	0.00
6546.245	26.0	2.76	-1.536	-7.626	nan	86.37
6546.269	22.0	1.43	-1.310	-7.750	nan	10.13
6568.728	6.0	9.00	-2.000	-6.940	nan	0.80
6568.764	23.0	1.08	-2.556	-7.810	nan	0.20
6569.224	26.0	4.73	-0.334	-7.51	nan	72.57
6569.234	25.0	4.36	-2.001	-7.770	nan	0.36
6569.234	112.0	1.36	0.517	0.000	1.34	0.00
6574.195	607.0	0.63	-2.183	0.000	7.63	0.23
6574.235	26.0	0.99	-4.967	-7.83	nan	28.1
6575.010	22.0	3.55	-0.501	-7.53	nan	0.9
6575.015	822.0	0.5	-0.592	0.0	6.94	0.0
6575.027	26.0	2.59	-2.606	-7.604	nan	64.6
6576.205	607.0	0.69	-1.341	0.000	7.63	1.40
6580.213	28.0	4.42	-1.238	-7.500	nan	9.40
6580.334	822.0	0.52	-0.535	0.000	6.94	0.00
6580.356	112.0	0.94	-0.404	0.000	1.34	0.20
6580.808	607.0	0.62	-2.252	0.000	7.63	6.10
6581.210	26.0	1.49	-4.608	-7.73	nan	21.1
6591.313	26.0	4.59	-1.995	-7.697	nan	10.20
6592.515	28.0	4.24	-1.010	-7.500	nan	21.30
6592.915	22.0	1.44	-2.666	-7.750	nan	0.71
6592.921	26.0	2.73	-1.473	-7.633	nan	175.99
6593.879	22.0	3.31	-0.629	-7.550	nan	0.00
6593.880	26.0	2.43	-2.325	-7.629	nan	83.70
6597.550	24.0	4.17	-0.789	-7.340	nan	3.08
6597.565	26.0	4.80	-0.919	-7.520	nan	42.92
6598.598	28.0	4.24	-0.885	-7.218	nan	25.10
6599.073	112.0	1.08	0.344	0.0	1.34	0.0
6599.113	22.0	0.9	-2.019	-7.667	nan	9.7
6604.586	26.0	4.83	-2.021	-7.52	nan	5.8
6604.595	21.1	1.36	-1.224	-7.85	nan	35.6
6605.542	24.0	4.14	-0.937	-7.310	nan	4.30
6605.876	607.0	0.99	-2.041	0.000	7.63	0.06
6605.882	22.1	4.01	-1.440	-7.840	nan	1.29
6605.967	23.0	1.20	-1.340	-7.626	nan	0.87
6608.030	26.0	2.28	-3.925	-7.648	nan	17.40
6608.936	24.0	4.40	-1.499	-7.640	nan	0.44
6608.952	26.0	4.19	-2.949	-7.540	nan	3.06
6609.115	26.0	2.56	-2.589	-7.610	nan	63.10
6609.560	26.0	0.99	-5.48	-7.83	nan	14.7
6609.678	26.0	0.99	-5.805	-7.830	nan	4.70
6623.779	26.0	4.07	-3.250	-7.640	nan	5.00
6624.328	26.0	5.39	-1.896	-7.280	nan	2.5
6624.838	23.0	1.22	-1.300	-7.623	nan	3.60
6625.021	26.0	1.01	-5.306	-7.830	nan	14.90
6627.238	26.1	7.27	-1.506	-7.860	nan	1.38
6627.263	24.0	2.92	-3.064	-7.780	nan	0.32
6627.550	26.0	4.55	-1.480	-7.250	nan	27.20
6627.648	607.0	0.92	-1.025	0.000	7.63	1.70
6633.416	26.0	4.83	-1.249	-7.176	nan	25.90
6633.755	26.0	4.56	-0.735	-7.198	nan	64.50
6634.116	26.0	4.80	-1.168	-7.195	nan	30.60
6634.233	607.0	0.81	-0.999	0.000	7.63	1.00
6635.095	27.0	3.53	-1.603	-7.730	nan	1.33
6635.125	28.0	4.42	-0.760	-7.227	nan	21.57
6639.654	607.0	0.75	-2.835	0.000	7.63	0.04
6639.694	26.0	4.61	-1.577	-7.530	nan	21.40
6639.876	26.0	4.08	-2.279	-7.184	nan	15.0
6639.907	24.0	4.40	-1.015	-5.034	nan	0.00
6643.533	38.0	2.26	0.543	0.000	nan	8.50
6643.630	28.0	1.68	-1.990	-7.729	nan	85.40
6644.313	607.0	0.81	-1.065	0.000	7.63	2.00
6646.941	26.0	2.61	-3.919	-7.604	nan	10.0
6647.793	28.0	4.42	-1.984	-7.210	nan	2.50
6648.090	26.0	1.01	-5.669	-6.462	nan	7.90
6648.164	607.0	0.91	-0.827	0.000	7.63	2.72
6652.970	26.0	5.52	-2.004	0.000	nan	1.50
6653.261	607.0	0.80	-1.382	0.000	7.63	1.00
6653.861	26.0	4.15	-2.424	-7.153	nan	10.30
6654.517	607.0	0.74	-1.440	0.000	7.63	1.00
6654.610	6.0	9.00	-2.001	-7.009	nan	1.00
6663.231	26.0	4.56	-1.314	-7.53	nan	33.3
6663.237	607.0	0.76	-2.202	0.000	7.63	0.17
6663.448	26.0	2.42	-2.400	-7.606	nan	78.40
6677.920	65.1	1.68	-0.610	0.000	nan	0.04
6677.923	607.0	0.81	-2.465	0.000	7.63	0.08
6677.924	40.1	2.42	-1.907	0.000	nan	0.16
6677.953	26.0	2.56	-4.345	-7.790	nan	4.74
6677.995	26.0	2.69	-1.378	-7.643	nan	124.00
6678.569	22.0	2.25	-1.641	-7.730	nan	1.20
6678.809	27.0	1.96	-2.564	-7.749	nan	4.90
6678.830	822.0	0.24	-0.860	0.000	6.94	0.00
6696.023	13.0	3.14	-1.558	0.000	nan	35.20
6696.185	13.0	4.02	-1.576	0.000	nan	1.30
6696.315	26.0	4.83	-1.577	-7.185	nan	13.70
6696.653	26.0	3.61	-4.000	-7.820	nan	4.00
6696.788	13.0	4.02	-1.856	0.000	nan	4.00
6697.376	26.0	5.83	-1.315	-7.540	nan	5.00
6698.644	60.1	1.64	-1.423	0.000	nan	0.07
6698.659	822.0	0.08	-0.903	0.000	6.94	0.00
6698.673	13.0	3.14	-1.852	0.000	nan	21.63
6699.141	26.0	4.59	-2.101	-7.667	nan	11.90
6699.243	822.0	0.14	-0.135	0.000	6.94	0.00
6703.570	26.0	2.76	-3.010	-7.633	nan	36.90
6704.480	26.0	4.22	-2.622	-7.540	nan	5.90
6704.544	822.0	0.16	-0.099	0.000	6.94	0.00
6704.567	822.0	0.10	-0.703	0.000	6.94	0.00
6704.612	22.0	3.32	-1.213	-7.550	nan	0.30
6705.106	26.0	4.61	-1.075	-7.480	nan	46.38
6705.106	26.0	4.96	-1.680	-7.420	nan	3.02
6709.893	20.0	2.93	-2.692	-7.312	nan	0.00
6710.322	26.0	1.49	-4.799	-7.733	nan	16.0
6711.820	26.0	4.96	-2.200	-7.310	nan	3.17
6711.828	607.0	0.88	-2.880	0.000	7.63	0.03
6712.438	26.0	4.99	-2.159	-7.122	nan	3.27
6712.479	607.0	0.96	-1.589	0.000	7.63	0.43
6713.044	26.0	4.61	-1.482	-7.53	nan	24.3
6713.193	822.0	0.43	-0.599	0.000	6.94	0.00
6713.195	26.0	4.14	-2.424	-7.7	nan	10.0
6713.743	26.0	4.80	-1.389	-7.207	nan	21.30
6713.788	822.0	0.28	-0.824	0.000	6.94	0.00
6715.382	26.0	4.61	-1.439	-7.237	nan	27.60
6715.407	822.0	0.09	-0.224	0.000	6.94	0.00
6715.407	822.0	0.15	-0.542	0.000	6.94	0.00
6716.236	26.0	4.58	-1.791	-7.700	nan	15.50
6717.506	22.0	1.88	-3.332	-7.730	nan	0.06
6717.526	26.0	4.61	-1.701	-7.570	nan	11.00
6717.681	20.0	2.71	-0.331	-7.139	nan	107.90
6717.717	822.0	0.16	-0.226	0.000	6.94	0.00
6721.715	822.0	0.02	0.583	0.000	6.94	2.90
6721.844	14.0	5.86	-1.128	-7.081	nan	43.30
6721.934	24.0	4.11	-2.557	-7.610	nan	0.50
6722.611	24.0	3.40	-2.865	-7.520	nan	6.80
6724.645	58.1	1.19	-0.073	0.000	nan	3.90
6724.663	69.1	4.25	-2.870	0.000	nan	3.20
6725.360	26.0	4.10	-2.179	-7.181	nan	17.60
6726.670	26.0	4.61	-0.971	-7.500	nan	47.30
6732.044	23.0	1.89	-2.069	-7.800	nan	0.10
6732.065	26.0	4.58	-2.162	-7.700	nan	7.50
6733.137	822.0	0.07	-0.804	0.000	6.94	0.00
6733.150	26.0	4.64	-1.402	-7.247	nan	26.29
6733.161	607.0	1.00	-1.475	0.000	7.63	0.51
6733.538	606.0	1.028	0.157	0.0	6.25	2.0
6734.114	24.0	5.27	-1.066	-7.510	nan	0.19
6734.200	24.0	4.19	-0.916	-7.280	nan	2.64
6734.230	822.0	0.30	-0.745	0.000	6.94	0.00
6734.312	607.0	1.02	-0.815	0.000	7.63	2.20
6737.985	26.0	4.56	-1.625	-7.213	nan	21.41
6737.995	607.0	0.86	-2.054	0.000	7.63	0.19
6738.011	822.0	0.16	-0.057	0.000	6.94	0.00
6738.206	26.0	5.35	-1.483	-7.330	nan	8.10
6738.456	822.0	0.22	0.630	0.000	6.94	1.20
6738.620	22.0	3.39	-0.301	-7.628	nan	3.00
6738.833	21.0	3.08	-2.780	-7.550	nan	0.00
6738.842	26.0	4.84	-1.987	-7.520	nan	7.00
6738.910	822.0	0.26	0.643	0.000	6.94	13.50
6739.505	822.0	0.23	-0.553	0.000	6.94	0.00
6739.520	26.0	1.56	-4.884	-7.726	nan	11.9
6740.078	60.1	0.06	-1.682	0.000	nan	1.40
6740.415	14.0	6.10	-2.581	-6.740	nan	1.30
6740.942	607.0	0.81	-1.252	0.000	7.63	1.90
6741.000	607.0	0.93	-1.099	0.000	7.63	1.90
6741.596	822.0	0.40	-0.304	0.000	6.94	0.00
6741.628	14.0	5.98	-1.570	-6.920	nan	16.10
6741.920	607.0	0.90	-1.464	0.000	7.63	0.90
6742.297	26.0	4.96	-2.912	-7.420	nan	1.00
6742.587	28.0	4.42	-2.013	-7.560	nan	2.00
6742.916	607.0	0.89	-1.016	0.000	7.63	2.20
6743.122	22.0	0.90	-1.705	-7.670	nan	18.20
6743.483	16.0	7.87	-1.348	-7.160	nan	1.39
6743.540	16.0	7.87	-0.898	-7.160	nan	3.71
6743.633	822.0	0.18	-0.029	0.000	6.94	0.00
6743.640	16.0	7.87	-1.014	0.000	nan	2.90
6745.100	26.0	4.58	-2.099	-7.726	nan	8.2
6745.544	22.0	2.24	-1.190	-7.720	nan	3.40
6745.558	822.0	0.19	-0.020	0.000	6.94	0.00
6745.956	26.0	4.08	-2.658	-7.82	nan	7.0
6750.161	26.0	2.42	-2.500	-7.609	nan	74.20
6752.707	26.0	4.64	-1.21	-7.249	nan	36.0
6752.730	40.0	1.0	0.338	0.0	nan	0.0
6753.464	26.0	4.56	-2.290	-7.216	nan	10.60
6753.487	822.0	0.22	-0.132	0.000	6.94	0.00
6767.780	28.0	1.83	-2.000	-7.760	nan	79.10
6770.946	27.0	1.88	-3.167	-7.76	nan	20
6770.947	27.0	1.88	-3.366	-7.76	nan	20
6770.951	27.0	1.88	-3.103	-7.76	nan	20
6770.962	27.0	1.88	-3.134	-7.76	nan	20
6770.970	27.0	1.88	-3.621	-7.76	nan	20
6770.979	27.0	1.88	-3.315	-7.76	nan	20
6770.981	27.0	1.88	-5.274	-7.76	nan	20
6770.997	27.0	1.88	-4.031	-7.76	nan	20
6771.003	27.0	1.88	-3.366	-7.76	nan	20
6771.019	27.0	1.88	-3.314	-7.76	nan	20
6771.035	27.0	1.88	-3.167	-7.76	nan	20
6771.048	27.0	1.88	-2.908	-7.76	nan	20
6771.065	27.0	1.88	-3.103	-7.76	nan	20
6771.084	27.0	1.88	-2.616	-7.76	nan	20
6772.285	822.0	0.35	-0.666	0.000	6.94	0.00
6772.315	28.0	3.66	-0.956	-7.234	nan	49.50
6785.751	26.0	4.58	-2.356	-7.770	nan	5.00
6785.768	822.0	0.42	-0.271	0.000	6.94	0.00
6785.850	26.0	4.08	-3.659	-7.800	nan	0.80
6786.010	24.0	4.10	-1.774	-7.700	nan	2.0
6786.178	606.0	0.94	-5.139	0.000	6.25	4.00
6786.230	24.0	5.94	-0.200	-7.330	nan	2.0
6786.183	112.0	0.96	-1.745	0.000	1.34	4.00
6786.219	822.0	0.59	0.661	0.000	6.94	1.90
6786.425	26.0	3.24	-3.629	-7.820	nan	5.30
6786.858	26.0	4.19	-1.927	-7.152	nan	23.50
8491.279	607.0	0.79	-1.149	0.000	7.63	3.0
8492.077	14.0	5.86	-2.077	-7.230	nan	7.90
8493.406	607.0	0.81	-1.129	0.0	7.63	3.0
8493.794	26.0	4.96	-1.725	-7.57	nan	10.4
8493.820	20.0	5.27	-2.929	-7.230	nan	0.02
8494.450	22.0	1.74	-2.071	-7.800	nan	0.70
8494.592	607.0	0.79	-2.352	0.000	7.63	0.28
8494.642	28.0	5.47	-2.305	-7.260	nan	0.88
8495.322	58.1	0.96	-1.780	0.000	nan	8.40
8495.452	607.0	0.75	-2.718	0.000	7.63	1.80
8495.542	22.0	3.41	-1.250	-7.740	nan	0.00
8495.724	26.0	5.80	-1.474	-7.350	nan	0.00
8496.492	26.0	4.42	-2.562	-7.550	nan	7.80
8496.060	22.0	2.25	-1.230	-6.05	nan	3.0
8496.100	607.0	0.73	-1.555	0.0	7.63	3.0
8496.989	26.0	4.61	-1.130	-7.540	nan	38.40
8497.946	26.0	6.13	-0.165	-7.130	nan	0.52
8498.020	20.1	1.69	-1.429	-7.675	nan	43.57
8498.077	20.1	1.69	-3.605	-7.675	nan	30.76
8498.098	20.1	1.69	-4.286	-7.675	nan	16.34
8498.129	20.1	1.69	-3.097	-7.676	nan	139.42
8498.181	20.1	1.69	-5.814	-7.676	nan	0.34
8498.233	20.1	1.69	-4.144	-7.676	nan	11.08
8498.440	40.0	0.62	-2.220	0.000	nan	0.10
8499.329	26.0	5.83	-0.693	-7.430	nan	9.20
8499.619	22.0	2.25	-2.514	-7.700	nan	1.70
8500.333	26.0	5.79	-1.351	-7.410	nan	5.0
8501.544	14.0	5.87	-1.217	-7.32	nan	31.0
8501.796	28.0	3.85	-1.801	-7.560	nan	7.90
8502.228	14.0	5.87	-0.887	-7.320	nan	48.18
8502.270	28.0	5.31	-1.242	-7.250	nan	0.00
8502.492	607.0	0.81	-1.376	0.0	7.63	5.0
8503.860	607.0	0.75	-2.130	0.000	7.63	2.0
8503.981	607.0	0.73	-1.248	0.000	7.63	4.0
8504.530	607.0	0.89	-0.866	0.000	7.63	4.0
8505.110	607.0	0.77	-0.900	0.000	7.63	4.0
8512.120	607.0	0.73	-1.803	0.000	7.63	0.58
8512.120	26.0	5.85	-1.713	-7.460	nan	1.72
8512.953	26.0	3.02	-4.199	-7.770	nan	3.0
8513.326	607.0	0.79	-2.289	0.000	7.63	6.10
8513.982	607.0	0.84	-2.163	0.000	7.63	0.00
8514.012	26.1	6.80	-4.366	-7.823	nan	0.01
8514.032	607.0	0.78	-3.234	0.000	7.63	0.02
8514.053	607.0	0.82	-1.515	0.000	7.63	0.91
8514.080	26.0	2.20	-2.099	-7.725	nan	114.74
8514.617	607.0	0.91	-0.850	0.000	7.63	3.32
8514.663	57.1	0.93	-1.928	0.000	nan	0.28
8515.044	607.0	0.80	-3.257	0.000	7.63	0.02
8515.047	40.0	2.12	0.373	0.000	nan	0.00
8515.118	26.0	3.02	-1.803	-7.77	nan	82.0
8515.846	607.0	1.00	-1.563	0.000	7.63	7.50
8516.049	822.0	0.63	0.499	0.000	6.94	3.90
8516.056	822.0	0.82	0.575	0.000	6.94	3.90
8517.084	26.0	5.11	-2.282	-7.770	nan	2.32
8517.107	607.0	0.81	-2.665	0.000	7.63	0.07
8524.762	607.0	0.74	-1.064	0.000	7.63	4.5
8525.011	26.0	5.81	-0.880	-7.38	nan	10.21
8525.027	26.0	4.58	-3.177	-7.800	nan	0.97
8525.609	26.0	5.88	-1.301	-7.13	nan	4.0
8525.716	20.0	4.43	-1.032	-6.750	nan	5.0
8525.965	607.0	0.84	-1.130	0.0	7.63	4.3
8526.369	822.0	0.89	0.582	0.000	6.94	4.70
8526.369	822.0	0.67	0.542	0.000	6.94	4.70
8526.369	822.0	0.93	0.573	0.000	6.94	4.70
8526.673	26.0	4.91	-0.466	-7.530	nan	57.7
8526.776	607.0	1.24	-1.575	0.000	7.63	0.30
8526.955	26.0	5.83	-1.138	-7.230	nan	6.40
8526.958	41.0	1.35	-1.560	0.000	nan	0.00
8526.995	607.0	0.79	-2.123	0.000	7.63	0.24
8527.266	14.0	5.62	-3.332	-7.310	nan	0.80
8527.710	26.0	5.97	-3.419	-7.170	nan	0.03
8527.738	607.0	0.86	-2.591	0.000	7.63	0.07
8527.852	26.0	5.02	-1.536	-7.53	nan	13.0
8529.675	607.0	0.860	-0.851	0.000	7.63	5.0
8530.165	607.0	0.77	-0.86	0.0	7.63	6.0
8531.722	607.0	0.766	-1.127	0.000	nan	4.5
8536.145	26.0	5.87	-1.624	-7.260	nan	2.03
8536.163	14.0	6.18	-0.715	-7.13	nan	49.73
8538.017	26.0	4.91	-1.368	-7.53	nan	29.3
8538.175	26.0	2.83	-4.056	-7.790	nan	6.20
8539.342	22.0	2.24	-1.651	-7.710	nan	1.50
8541.872	23.0	2.68	0.223	-7.800	nan	3.90
8542.088	20.1	1.70	-0.476	-7.675	nan	345.60
8547.757	607.0	0.795	-1.127	0.000	7.63	5.0
8548.040	26.0	5.59	-2.287	-7.260	nan	0.82
8548.088	22.0	1.87	-1.299	-7.75	nan	8.38
8548.852	24.0	2.71	-2.166	-7.780	nan	4.80
8549.164	607.0	0.96	-0.962	0.000	7.63	3.5
8550.353	14.0	6.22	-1.605	-7.040	nan	10.70
8550.865	607.0	0.88	-1.100	0.000	7.63	4.0
8554.255	26.0	5.83	-1.534	-7.430	nan	3.4
8554.381	607.0	0.83	-1.819	0.000	7.63	1.1
8555.563	607.0	0.89	-0.667	0.000	7.63	7.0
8556.507	607.0	0.90	-2.049	0.000	7.63	0.30
8556.676	58.1	0.70	-0.570	0.000	nan	4.74
8556.706	22.0	2.27	-3.298	-7.730	nan	0.00
8556.797	14.0	5.87	-0.26	-7.33	nan	105.1
8556.880	607.0	0.92	0.302	0.000	7.63	0.00
8557.057	607.0	1.18	-0.855	0.000	7.63	2.40
8558.595	25.0	5.70	0.191	-7.570	nan	3.60
8559.040	27.0	4.24	-0.339	-7.550	nan	6.00
8559.738	26.0	5.11	-1.798	-7.710	nan	6.70
8560.000	56.0	1.41	0.593	0.000	nan	2.80
8561.605	26.0	5.72	-1.242	-7.330	nan	11.40
8562.104	26.0	4.47	-1.955	-7.550	nan	18.02
8562.133	607.0	1.06	-1.062	0.000	7.63	1.47
8562.364	607.0	0.91	-0.586	0.000	7.63	6.00
8563.827	607.0	0.90	-0.780	0.000	7.63	4.50
8570.659	24.0	5.32	0.523	-7.490	nan	5.10
8571.085	40.0	1.53	-0.367	0.000	nan	3.60
8571.306	14.0	6.19	-1.855	-7.130	nan	4.90
8571.798	822.0	0.63	-0.748	0.000	6.94	0.00
8571.804	26.0	5.01	-1.031	-7.48	nan	31.1
8571.892	16.0	8.70	-2.150	0.000	nan	0.05
8573.219	607.0	0.82	-1.360	0.000	7.63	1.30
8573.336	607.0	0.99	-0.626	0.000	7.63	4.60
8573.533	26.0	5.74	-1.312	-7.330	nan	5.30
8581.661	607.0	1.08	-1.088	0.000	7.63	1.8
8581.786	607.0	0.86	-1.316	0.000	7.63	1.8
8582.269	26.0	2.99	-1.980	-7.78	nan	78.9
8582.771	607.0	1.11	-1.010	0.000	7.63	2.0
8582.890	607.0	0.94	-1.056	0.0	7.5	2.0
8582.906	24.0	5.67	-0.012	-7.510	nan	1.06
8583.322	20.0	4.44	-0.690	-6.750	nan	12.00
8584.093	607.0	0.84	-1.185	0.000	7.63	2.5
8591.175	607.0	0.81	-0.851	0.000	7.63	4.20
8591.490	607.0	0.84	-1.202	0.000	7.63	1.78
8591.530	607.0	1.01	-0.918	0.000	7.63	2.29
8591.530	60.1	1.36	-1.337	0.000	nan	0.20
8592.121	26.0	5.01	-2.160	-7.570	nan	3.80
8592.909	58.1	0.61	-2.765	0.000	nan	0.04
8592.940	607.0	0.82	-1.802	0.000	7.63	0.48
8592.959	26.0	4.96	-0.758	-7.5	nan	53.34
8593.098	822.0	0.72	0.563	0.000	6.94	3.60
8593.138	26.0	5.70	-1.250	-7.290	nan	12.00
8597.050	14.0	6.19	-1.080	-7.130	nan	30.31
8597.089	607.0	0.96	-1.315	0.000	7.63	1.05
8597.123	58.1	0.74	-3.180	0.000	nan	0.01
8597.276	26.0	5.27	-2.645	-7.510	nan	0.73
8597.373	607.0	0.89	-2.366	0.000	7.63	0.11
8598.807	26.0	5.94	-2.704	-7.150	nan	0.15
8598.829	26.0	4.39	-1.194	-7.550	nan	54.86
8598.871	23.0	2.58	-0.527	-7.780	nan	0.00
8605.646	607.0	0.90	-1.393	0.000	7.63	1.01
8605.683	26.0	5.97	-1.613	-7.120	nan	1.70
8605.721	607.0	0.84	-1.864	0.000	7.63	0.39
8606.012	14.0	5.95	-2.025	-7.190	nan	7.50
8606.373	28.0	5.28	-0.566	-7.520	nan	8.50
8607.080	26.0	5.01	-1.424	-7.500	nan	17.10
8607.182	26.0	5.69	-3.104	-7.320	nan	0.10
8608.339	607.0	0.73	-0.588	0.0	7.63	11.8
8610.057	607.0	1.04	-1.117	0.000	7.63	0.00
8610.164	607.0	0.86	-1.490	0.000	7.63	0.00
8610.488	26.0	5.82	-1.230	-7.350	nan	5.40
8610.610	26.0	4.43	-1.755	-7.550	nan	25.40
8611.319	607.0	1.02	-1.320	0.000	7.63	0.90
8611.615	607.0	0.90	-1.146	0.000	7.63	1.77
8611.654	607.0	0.98	-0.855	0.000	7.63	2.83
8611.812	26.0	2.85	-1.706	-7.644	nan	99.93
8611.812	27.0	4.11	-1.277	-7.550	nan	0.97
8613.939	26.0	4.99	-1.056	-7.47	nan	31.4
8614.266	607.0	0.91	-2.388	0.000	7.63	0.10
8615.325	26.0	5.83	-0.986	-7.230	nan	8.90
8615.351	822.0	1.04	-0.079	0.000	6.94	0.00
8615.400	607.0	0.74	-3.321	0.000	7.63	2.70
8616.251	26.0	5.95	-2.726	-7.120	nan	0.14
8616.280	26.0	4.91	-0.811	-7.52	nan	43.6
8617.040	62.1	1.49	-1.260	0.000	nan	0.00
8621.610	26.0	2.95	-2.111	-7.78	nan	72.0
8622.749	607.0	0.86	-0.422	-0.357	7.50	9.60
8622.909	607.0	1.07	-0.683	0.000	7.63	3.40
8623.191	607.0	0.92	-1.296	0.000	7.63	1.20
8646.371	14.0	6.21	-1.620	-7.120	nan	4.80
8646.484	26.0	4.21	-4.307	-7.540	nan	2.70
8647.847	26.0	5.72	-1.624	-7.320	nan	10.00
8648.042	26.0	5.88	-1.326	-7.450	nan	16.00
8648.366	607.0	1.09	-1.102	0.000	7.63	0.21
8648.465	14.0	6.21	0.139	-7.130	nan	104.46
8648.688	607.0	0.91	-1.472	0.000	7.63	0.07
8648.716	20.0	4.55	-2.061	-6.520	nan	0.03
8648.892	607.0	0.87	-2.134	0.000	7.63	7.60
8649.195	607.0	1.18	-0.523	0.0	7.63	5.1
8649.360	607.0	1.02	-1.255	0.000	7.63	1.10
8652.480	26.0	4.15	-2.696	-7.540	nan	7.20
8654.082	26.0	4.97	-2.167	-7.500	nan	4.10
8654.423	26.0	3.30	-3.384	-7.73	nan	8.10
8656.673	26.0	5.02	-1.837	-7.57	nan	7.5
8661.068	27.0	2.72	-1.919	-7.810	nan	4.90
8661.177	14.0	6.21	-1.923	-7.130	nan	5.60
8661.285	26.0	5.95	-1.026	-7.170	nan	6.50
8661.899	26.0	2.22	-1.537	-7.725	nan	32.10
8662.138	20.1	1.69	-0.736	-7.675	nan	38.91
8662.197	20.1	1.69	-2.912	-7.675	nan	3.47
8662.217	20.1	1.69	-3.593	-7.675	nan	2.03
8662.251	20.1	1.69	-2.404	-7.676	nan	19.99
8662.304	20.1	1.69	-6.789	-7.676	nan	1.60
8662.358	20.1	1.69	-5.291	-7.676	nan	32.87
8663.717	26.0	4.99	-1.988	-7.530	nan	5.80
8665.022	1.0	12.09	-1.454	13.000	nan	3.00
8667.366	26.0	2.45	-4.302	-7.82	nan	8.3
8667.380	14.0	5.96	-2.373	-7.190	nan	3.47
8668.440	16.0	8.41	-0.389	-7.08	nan	4.40
8670.200	16.0	7.87	-0.761	-6.992	nan	4.7
8670.627	16.0	7.87	-0.620	-6.992	nan	7.4
8671.300	16.0	7.87	-0.533	-6.992	nan	8.80
8671.860	26.0	5.02	-1.465	-7.5	nan	15.7
8672.019	25.0	4.42	-1.096	-7.660	nan	3.10
8674.756	26.0	2.83	-1.855	-7.647	nan	107.0
8675.293	607.0	1.25	-1.467	0.000	7.63	0.00
8675.372	22.0	1.07	-1.589	-7.681	nan	20.40
8675.779	26.0	3.64	-4.849	-7.820	nan	0.17
8675.791	26.0	4.99	-2.155	-7.490	nan	4.05
8678.931	26.0	2.45	-5.082	-7.810	nan	1.50
8678.979	607.0	1.49	-1.198	0.000	7.63	0.40
8678.960	16.0	7.87	-0.523	-6.992	nan	9.00
8679.640	26.0	4.97	-1.050	-7.520	nan	36.00
8679.640	16.0	7.87	-0.750	-6.992	nan	5.69
8679.710	25.0	5.38	-2.213	-7.260	nan	0.03
8679.954	26.0	3.02	-4.853	-7.790	nan	0.70
8680.059	16.0	8.42	-0.802	-7.080	nan	1.87
8680.080	14.0	5.86	-1.835	-6.870	nan	22.23
8680.282	7.0	10.34	0.515	-7.441	nan	9.60
8680.440	16.0	7.87	-0.167	-6.992	nan	17.40
8680.631	607.0	0.99	-1.047	0.000	7.63	1.81
8680.719	28.0	5.77	-0.656	-7.340	nan	0.00
8680.810	26.0	4.19	-2.770	-7.800	nan	8.50
8682.430	607.0	1.15	-0.533	0.000	7.63	4.00
8686.723	607.0	0.94	-1.283	0.000	7.63	1.19
8686.780	26.0	4.99	-2.018	-7.570	nan	5.45
8686.918	607.0	1.39	-1.060	0.000	7.63	0.70
8687.820	607.0	1.15	-0.742	0.000	7.63	2.50
8688.274	607.0	0.92	-2.037	0.000	7.63	8.00
8688.642	26.0	2.18	-1.212	-7.732	nan	172.10
8688.848	607.0	0.96	-1.455	0.000	7.63	27.25
8688.852	22.0	3.06	-1.977	-7.770	nan	4.25
8689.298	38.1	6.95	0.657	0.000	nan	1.20
8689.700	26.0	3.05	-3.803	-7.770	nan	6.80
8689.817	607.0	0.91	-2.922	0.000	7.63	0.03
8689.859	26.0	5.11	-1.587	-7.690	nan	11.50
8690.055	607.0	1.08	-0.922	0.000	7.63	1.96
8690.083	23.0	3.31	-0.694	-7.520	nan	0.12
8691.303	60.1	1.35	-1.574	0.000	nan	0.12
8691.327	28.0	5.36	-1.322	-7.270	nan	3.20
8698.408	607.0	1.02	-1.582	0.000	7.63	0.50
8698.706	26.0	2.99	-3.351	-7.79	nan	18.1
8699.454	26.0	4.96	-0.380	-7.510	nan	60.40
8700.327	26.0	4.96	-2.321	-7.530	nan	3.00
8700.939	607.0	0.92	-2.464	0.000	7.63	0.08
8700.949	25.0	4.43	-0.688	-6.660	nan	9.47
8701.155	607.0	0.99	-0.769	0.000	7.63	3.40
8709.269	607.0	1.18	-1.081	0.000	7.63	3.50
8709.560	607.0	0.99	-1.447	0.000	7.63	1.58
8709.562	20.0	4.53	-2.356	-6.590	nan	0.52
8710.164	25.0	4.27	-1.983	-7.770	nan	0.35
8710.175	12.0	5.93	-1.715	0.0	nan	23.25
8710.392	26.0	4.91	-0.368	-7.510	nan	73.70
8711.670	7.0	10.33	-0.233	-7.443	nan	0.00
8712.449	607.0	0.94	-2.009	0.000	7.63	0.20
8712.690	12.0	5.93	-1.213	0.000	nan	49.40
8712.827	60.1	1.14	-1.930	0.000	nan	8.00
8712.885	26.0	5.68	-1.294	-7.290	nan	10.00
8713.184	27.0	1.71	-5.095	-7.810	nan	0.00
8713.208	26.0	2.95	-2.650	-7.780	nan	34.92
8713.208	26.0	4.99	-1.356	-7.500	nan	20.23
8713.858	607.0	1.11	-1.218	0.000	7.63	4.10
8717.511	26.0	5.33	-2.128	-7.510	nan	2.10
8717.825	12.0	5.93	-0.955	0.0	nan	76.95
8717.856	62.1	1.59	-1.321	0.000	nan	0.09
8718.073	607.0	1.20	-0.516	0.000	7.63	5.00
8718.815	607.0	1.05	-1.124	0.000	7.63	1.80
8734.710	22.0	1.05	-2.374	-7.683	nan	4.30
8736.031	12.0	5.95	-0.318	0.000	nan	164.50
8736.555	607.0	0.96	-1.880	0.000	7.63	0.40
8737.304	22.0	3.72	0.172	-7.540	nan	3.60
8745.423	607.0	1.04	-0.854	0.0	7.63	3.4
8747.435	26.0	3.02	-3.297	-7.78	nan	19.0
8755.750	26.0	5.35	-1.567	-7.510	nan	6.90
8757.029	607.0	1.10	-0.615	0.000	7.63	3.76
8757.116	607.0	1.26	-2.490	0.000	7.63	0.04
8757.195	26.0	2.85	-1.713	-7.647	nan	93.83
8757.307	26.0	6.02	-0.892	-7.190	nan	7.60
8763.976	26.0	4.65	-0.146	-7.540	nan	101.40
8764.940	14.0	6.22	-2.418	-7.050	nan	0.00
8784.313	22.0	3.92	-0.511	-7.600	nan	0.50
8784.440	26.0	4.96	-1.102	-7.53	nan	28.9
8784.824	607.0	1.63	-0.357	0.0	7.63	2.7
8785.115	607.0	1.03	-0.929	0.0	7.63	3.7
8790.050	607.0	1.29	-1.060	0.000	7.63	0.00
8790.389	14.0	6.19	-0.326	-7.130	nan	18.70
8790.521	26.0	4.99	-0.586	-7.500	nan	23.00
8792.882	607.0	1.14	-2.378	0.000	7.63	0.06
8792.965	14.0	6.19	-1.480	-7.130	nan	14.90
8793.120	11.0	3.62	-0.547	0.000	nan	8.70
8793.352	26.0	4.61	-0.002	-7.54	nan	110.8
8795.871	607.0	1.29	-0.863	0.000	7.63	1.40
8796.321	607.0	1.38	-1.008	0.000	7.63	0.82
8796.353	24.0	4.45	-2.551	-7.770	nan	0.05
8796.484	26.0	4.96	-1.229	-7.530	nan	20.30
8796.648	607.0	1.09	-1.142	0.000	7.63	1.18
8796.665	607.0	1.55	-0.959	0.000	7.63	0.62
8798.064	58.1	0.27	-2.605	0.000	nan	0.13
8798.072	26.0	4.99	-1.820	-7.520	nan	8.38
8803.796	607.0	1.23	-0.431	0.000	7.63	5.70
8803.928	28.0	5.53	-0.631	-7.490	nan	4.60
8804.615	607.0	1.15	-1.535	0.000	7.63	0.56
8804.631	26.0	2.28	-3.060	-7.666	nan	58.75
8805.169	607.0	1.67	-0.526	0.0	7.63	1.7
8805.225	26.0	4.91	-2.181	-7.55	nan	4.4
8805.430	26.0	5.35	-2.491	-7.510	nan	0.90
8805.625	607.0	1.08	-2.364	0.000	7.63	0.10
8806.724	607.0	1.16	-0.004	0.000	7.63	16.20
8806.767	12.0	4.35	-0.134	-7.413	nan	356.00
8807.623	26.0	5.97	-1.109	-7.120	nan	5.33
8807.646	607.0	1.05	-3.143	0.000	7.63	0.02
8808.170	26.0	5.01	-0.987	-7.49	nan	35.3
8809.226	26.0	5.01	-2.599	-7.53	nan	1.4
8809.247	26.0	6.27	-0.839	-7.54	nan	5.0
8809.415	28.0	3.90	-1.345	-7.560	nan	24.20
8809.812	26.1	6.72	-1.992	-7.891	nan	5.70
8816.183	607.0	1.25	-1.177	0.000	7.63	0.00
8816.885	26.0	4.99	-1.639	-7.520	nan	12.10
8817.016	22.0	0.90	-3.888	-7.770	nan	0.20
8818.689	607.0	1.33	-0.580	0.000	7.63	3.20
8823.835	21.0	3.19	0.542	-7.720	nan	1.30
8824.230	26.0	2.20	-1.540	-7.730	nan	160.00
8824.398	26.0	5.83	-0.835	-7.310	nan	12.30
8836.959	607.0	1.20	-1.580	0.000	7.63	0.34
8836.992	12.0	6.12	-2.765	0.000	nan	1.66
8838.435	26.0	2.86	-1.840	-7.647	nan	98.5
8846.740	26.0	5.01	-0.681	-7.50	nan	46.7
8862.056	26.0	5.36	-1.003	-7.51	nan	18.5
8862.550	28.0	4.09	-0.396	-7.560	nan	55.00
8863.587	26.0	4.97	-1.504	-7.540	nan	16.30
8866.613	607.0	1.18	-0.527	0.000	7.63	12.00
8866.731	26.0	5.33	-1.540	-7.510	nan	7.70
8866.941	26.0	4.55	0.067	-7.54	nan	132.0
8867.382	62.1	1.38	-0.204	0.000	nan	1.90
8868.435	26.0	3.02	-2.549	-7.79	nan	52.03
8868.497	26.0	5.31	-3.175	-7.520	nan	0.21
8874.480	16.0	8.42	-0.001	-6.667	nan	10.00
8875.988	26.0	4.58	-3.952	-7.770	nan	0.17
8876.024	26.0	5.02	-0.999	-7.49	nan	33.5
8876.051	58.1	0.53	-2.165	0.0	nan	0.2
8876.339	20.0	4.62	-0.788	-6.580	nan	0.00
8876.362	607.0	1.33	-1.154	0.000	7.63	3.30
8877.028	28.0	5.49	-0.542	-7.530	nan	6.10
8891.410	26.0	5.33	-1.332	-7.51	nan	11.3
8892.135	26.0	5.03	-2.163	-7.47	nan	3.6
8892.702	607.0	1.69	-1.233	0.000	7.63	0.24
8892.725	14.0	5.98	-0.738	-6.8	nan	69.56
8918.650	607.0	1.39	-0.190	0.000	7.63	7.0
8920.025	26.0	5.06	-0.305	-7.53	nan	68.7
8942.893	26.0	4.96	-1.666	-7.540	nan	12.30
8943.065	26.0	2.83	-3.457	-7.790	nan	21.20
8945.161	26.0	5.36	-3.085	-7.510	nan	0.23
8945.189	26.0	5.03	-0.223	-7.530	nan	76.47
8945.208	22.0	3.87	0.320	-7.550	nan	0.00
8945.230	26.0	6.33	-0.839	-7.160	nan	0.00
8945.738	607.0	1.23	-1.237	0.000	7.63	0.70
8946.260	26.0	2.85	-2.986	-7.790	nan	41.70
8947.182	24.0	3.10	-0.708	-7.800	nan	36.50
