# Wavelength     ele       EP      loggf   vdwaals   Do					
5339.188	20.1	8.44	-0.075	-7.196	nan
5339.416	26.0	4.43	-2.146	-7.51	nan
5339.526	27.0	4.23	-0.377	-7.51	nan
5339.937	26.0	3.27	-0.609	-7.221	nan
5340.189	26.0	4.29	-2.229	-7.52	nan
5340.447	24.0	3.44	-0.724	-7.262	nan
5340.666	22.0	0.82	-3.174	-7.65	nan
5341.033	26.0	1.61	-1.717	-7.68	nan
5341.053	25.0	2.11	-5.671	-7.74	nan
5341.070	21.0	1.94	3.341	0	nan
5341.327	27.0	4.15	-0.424	-7.51	nan
5341.489	22.0	3.06	-0.760	-7.58	nan
5341.524	58.1	0.67	-5.088	0	nan
5342.701	27.0	4.02	0.578	-7.51	nan
5342.958	21.0	0.00	-2.439	-6.11	nan
5342.969	19.0	1.61	-1.795	0	nan
5343.380	27.0	4.03	0.024	-7.51	nan
5343.438	26.0	4.37	-0.806	-7.51	nan
5343.831	26.0	4.99	-2.552	-7.27	nan
5344.154	58.1	1.14	-0.676	0	nan
5344.246	22.0	3.11	-0.647	-7.65	nan
5344.445	25.0	5.38	0.434	0	nan
5344.568	27.0	4.03	-0.673	-7.51	nan
5344.756	24.0	3.45	-0.981	-7.26	nan
5345.512	58.1	0.52	-1.750	0	nan
5345.543	24.0	3.46	-1.560	-7.55	nan
5345.805	24.0	1.00	-0.784	-7.62	nan
5346.076	24.1	3.83	-2.512	-7.86	nan
5346.538	24.1	3.76	-2.443	-7.862	nan
5346.562	26.1	3.23	-4.415	-7.89	nan
5346.645	26.1	8.18	-0.028	-7.556	nan
5346.813	28.0	3.83	-8.552	-7.48	nan
5346.814	606.0	1.27	0.993	0	6.25
5346.931	606.0	1.27	0.693	0	6.25
5347.497	27.0	4.15	-0.361	-7.51	nan
5347.708	28.0	3.80	-1.953	-7.222	nan
5348.043	26.0	5.39	-4.753	-7.16	nan
5348.056	25.0	3.38	-1.769	-7.77	nan
5348.326	24.0	1.00	-1.078	-7.62	nan
5348.352	26.0	5.65	-4.997	-7.39	nan
5348.707	23.0	1.85	-1.850	-7.8	nan
5348.744	26.0	5.06	-2.022	-7.15	nan
5348.777	25.0	4.43	-1.070	-7.13	nan
5349.090	27.0	4.15	-0.350	-7.51	nan
5349.308	21.0	1.85	-0.075	-7.7	nan
5349.466	20.0	2.71	-0.192	-7.652	nan
5349.731	21.0	0.02	-1.854	-7.801	nan
5349.737	26.0	4.39	-1.105	-7.166	nan
5349.861	25.0	5.37	0.650	-7.59	nan
5350.089	40.1	1.83	-0.785	0	nan
5350.350	40.1	1.77	-0.853	0	nan
5350.358	23.0	2.27	-0.797	-7.86	nan
5352.028	23.0	2.68	0.805	-7.73	nan
5352.048	27.0	3.58	-0.224	-7.242	nan
5352.224	58.0	0.68	1.536	0	nan
5352.404	59.2	0.48	1.287	0	nan
5353.380	26.0	4.10	-0.707	-7.262	nan
5353.399	28.0	1.95	-2.640	-7.771	nan
5353.407	24.0	4.62	-3.788	-7.79	nan
5353.515	27.0	4.15	0.462	-7.51	nan
5358.113	26.0	3.30	-3.167	-7.8	nan
5358.928	24.0	4.53	-6.299	-7.75	nan
5358.928	27.0	4.15	-0.563	-7.51	nan
5359.199	27.0	4.15	0.007	-7.51	nan
5359.498	19.0	1.62	-1.406	0	nan
5359.508	58.1	1.78	0.032	0	nan
5359.715	23.0	2.33	-0.280	-7.76	nan
5359.932	22.0	3.15	-4.941	-7.52	nan
5360.158	29.0	7.35	-8.833	-7.06	nan
5361.170	60.1	0.56	-1.465	0	nan
5361.361	607.0	0.69	-1.348	0	7.63
5361.477	60.1	0.68	-0.099	0	nan
5361.624	26.0	4.42	-1.216	-7.152	nan
5361.712	22.0	0.84	-3.019	-7.636	nan
5362.560	40.0	0.54	-1.364	0	nan
5362.780	27.0	4.23	1.096	-7.51	nan
5362.861	26.1	3.20	-2.532	-7.878	nan
5364.170	58.1	2.17	0.622	0	nan
5364.426	25.0	2.89	-2.307	-7.77	nan
5364.871	26.0	4.45	0.222	-7.136	nan
5365.379	606.0	1.19	-2.437	0	6.25
5365.399	26.0	3.57	-1.082	-7.82	nan
5366.639	22.0	0.82	-2.403	-7.639	nan
5366.753	27.0	4.14	-0.430	-7.51	nan
5366.923	58.0	0.55	1.406	0	nan
5367.473	26.0	4.42	0.343	-7.153	nan
5367.949	23.0	6.69	-7.611	-7.73	nan
5368.266	58.1	1.67	0.540	0	nan
5368.276	26.0	5.03	-6.021	-7.14	nan
5368.436	26.0	4.96	-1.832	-7.28	nan
5368.537	24.0	3.85	-0.796	-7.78	nan
5368.899	27.0	3.53	-1.152	-7.73	nan
5369.350	24.1	3.87	-2.821	-7.862	nan
5369.564	26.0	5.09	-4.883	-7.25	nan
5369.571	26.0	5.69	-4.623	-7.14	nan
5369.594	27.0	1.74	-1.339	-7.665	nan
5369.971	26.0	4.37	0.119	-7.179	nan
5370.330	27.0	3.73	-0.372	-7.55	nan
5371.330	28.0	4.42	-0.406	-7.276	nan
5371.436	26.0	4.43	-7.538	-7.46	nan
5371.492	26.0	0.96	-1.724	-7.753	nan
5371.506	24.0	3.84	2.307	-7.78	nan
5373.670	23.0	1.96	-5.353	-7.8	nan
5373.709	26.0	4.47	-0.683	-7.123	nan
5374.150	26.0	5.03	-2.066	-7.28	nan
5374.396	25.0	5.38	-0.142	-7.55	nan
5379.577	26.0	3.69	-1.371	-7.575	nan
5380.322	6.0	7.68	-1.495	-7.37	nan
5380.696	23.1	6.68	-7.358	-7.73	nan
5380.729	606.0	1.44	-3.573	0	6.25
5380.736	69.1	4.85	-1.850	0	nan
5381.015	16.0	7.87	-4.220	-6.71	nan
5381.025	22.1	1.57	-1.776	-7.85	nan
5381.171	58.1	0.81	-0.379	0	nan
5381.312	20.0	5.39	-0.414	-6.58	nan
5381.770	27.0	4.24	-0.158	-7.51	nan
5382.256	26.0	0.12	-8.081	-7.82	nan
5382.273	26.0	5.67	-0.434	-7.39	nan
5382.913	22.0	1.87	-1.838	-7.77	nan
5383.378	26.0	4.31	0.555	-7.219	nan
5383.407	27.0	4.15	-3.226	-7.51	nan
5383.408	23.0	2.58	-0.113	-7.52	nan
5384.156	23.0	3.87	-5.883	-7.27	nan
5384.630	22.0	0.83	-2.666	-7.639	nan
5384.870	23.1	2.27	-2.353	-7.87	nan
5385.132	40.0	0.52	-0.664	0	nan
5388.342	28.0	1.94	-3.328	-7.774	nan
5388.481	24.0	3.55	-1.762	-7.78	nan
5388.503	25.0	3.37	-1.756	-7.531	nan
5389.169	22.0	0.81	-2.288	-7.642	nan
5389.485	26.0	4.42	-0.390	-7.159	nan
5389.501	64.0	1.31	3.823	0	nan
5389.844	26.0	4.99	-1.503	-7.43	nan
5389.872	606.0	1.09	-3.653	0	6.25
5389.975	22.1	3.12	-9.767	-7.83	nan
5389.989	22.0	1.87	-1.088	-7.77	nan
5390.380	24.0	3.37	-0.988	-7.77	nan
5390.523	58.1	0.96	0.900	0	nan
5390.770	27.0	4.05	-0.667	-7.51	nan
5391.057	22.0	1.88	-1.863	-7.77	nan
5391.339	24.0	3.37	-1.172	-7.77	nan
5391.366	24.0	4.54	-3.268	-7.78	nan
5391.459	26.0	4.15	-0.729	-7.53	nan
5391.592	22.0	0.90	-4.192	-7.77	nan
5391.623	26.0	3.63	-2.107	-7.82	nan
5391.656	29.0	5.51	-1.775	-7.59	nan
5392.015	26.0	4.80	-2.004	-7.32	nan
5392.078	21.0	1.99	-0.041	-7.56	nan
5392.331	28.0	4.15	-1.226	-7.192	nan
5392.356	28.0	3.80	-7.370	-7.51	nan
5393.172	26.0	3.24	-0.686	-7.235	nan
5393.392	58.1	1.10	-0.006	0	nan
5393.913	26.0	3.05	-4.253	-7.83	nan
5394.304	22.0	3.29	-1.212	-7.54	nan
5394.346	26.0	4.83	-2.270	-7.32	nan
5394.626	25.0	0.00	-4.068	-7.795	nan
5394.687	25.0	0.00	-4.149	-7.795	nan
5394.690	25.0	0.00	-3.964	-7.795	nan
5394.728	25.0	0.00	-9.492	-7.795	nan
5394.730	25.0	0.00	-8.215	-7.795	nan
5394.731	25.0	0.00	-8.268	-7.795	nan
5394.742	25.0	0.00	-6.936	-7.795	nan
5394.743	25.0	0.00	-4.653	-7.795	nan
5395.217	26.0	4.45	-1.642	-7.143	nan
5395.252	58.0	0.03	-4.946	0	nan
5395.408	22.0	3.11	-5.602	-7.54	nan
5395.445	606.0	1.18	0.694	0	6.25
5396.247	22.1	1.58	-3.023	-7.84	nan
5396.561	22.1	2.60	-2.609	-7.85	nan
5396.593	22.0	0.00	-3.168	-7.77	nan
5396.610	22.0	0.02	-3.763	-7.77	nan
5396.716	26.0	5.06	-2.352	-7.25	nan
5396.716	26.0	5.11	-2.203	-7.16	nan
5396.890	24.1	4.48	-2.595	-7.758	nan
5396.898	26.0	3.02	-4.242	-7.82	nan
5397.135	26.0	0.92	-1.981	-7.759	nan
5397.618	26.0	3.63	-2.343	-7.589	nan
5397.636	58.0	0.27	-2.199	0	nan
5398.279	26.0	4.45	-0.524	-7.144	nan
5398.812	26.0	5.01	-6.100	-7.46	nan
5398.845	14.0	5.61	-2.372	-6.86	nan
5399.450	25.0	3.85	-0.611	-6.35	nan
5399.455	25.0	3.85	-2.855	-6.35	nan
5399.465	25.0	3.85	-8.236	-6.35	nan
5399.465	25.0	3.85	-5.951	-6.35	nan
5399.478	25.0	3.85	-7.504	-6.35	nan
5399.485	25.0	3.85	-1.337	-6.35	nan
5399.494	25.0	3.85	-0.828	-6.35	nan
5399.497	25.0	3.85	-0.982	-6.35	nan
5399.521	25.0	3.85	-1.236	-6.35	nan
5399.555	25.0	3.85	-8.350	-6.35	nan
5399.710	606.0	1.10	-2.903	0	6.25
5399.760	27.0	4.21	-0.752	-7.45	nan
5400.501	26.0	4.37	-0.030	-7.187	nan
5400.620	24.0	3.38	-0.506	-7.649	nan
5400.655	26.0	3.63	-2.888	-7.82	nan
5401.266	26.0	4.32	-1.660	-7.219	nan
5401.375	22.0	0.82	-2.877	-7.64	nan
5401.700	24.0	4.62	-0.210	-7.75	nan
5401.926	23.0	2.36	0.232	-7.76	nan
5402.057	26.1	10.56	-2.775	-7.59	nan
5402.070	26.0	4.91	-1.434	-7.3	nan
5408.130	27.0	2.28	-2.512	-7.76	nan
5408.362	58.0	0.80	1.672	0	nan
5408.815	26.1	5.96	-2.210	-7.795	nan
5408.940	22.0	0.00	-3.582	-7.736	nan
5409.133	26.0	4.37	-1.047	-7.189	nan
5409.136	26.0	4.80	-6.131	-7.3	nan
5409.162	606.0	1.03	1.113	0	6.25
5409.608	22.0	1.89	-0.858	-7.77	nan
5409.766	14.0	5.62	-8.488	-6.86	nan
5409.795	24.0	1.03	-0.544	-7.62	nan
5410.424	58.1	0.70	-1.091	0	nan
5410.460	23.0	2.58	-5.392	-7.69	nan
5410.490	26.0	3.64	-3.423	-7.82	nan
5410.915	26.0	4.47	0.248	-7.132	nan
5411.175	22.0	3.15	-0.866	-7.52	nan
5411.218	28.0	4.09	-0.702	-7.37	nan
5411.371	26.0	5.02	-8.161	-7.47	nan
5411.389	26.0	3.64	-3.409	-7.82	nan
5411.397	62.0	0.39	0.829	0	nan
5411.950	23.0	2.36	-0.396	-7.77	nan
5412.759	606.0	1.05	-0.364	0	6.25
5412.784	26.0	4.43	-1.709	-7.154	nan
5413.095	14.0	5.62	-1.880	-6.87	nan
5413.107	26.0	5.11	-7.122	-7.16	nan
5413.193	606.0	0.99	0.433	0	6.25
5413.193	64.0	0.88	-3.214	0	nan
5413.220	59.1	0.06	-4.354	0	nan
5413.369	23.0	0.28	-3.495	-7.79	nan
5413.600	25.0	3.86	-1.874	0	nan
5413.605	25.0	3.86	-1.872	0	nan
5413.639	25.0	3.86	-1.109	0	nan
5413.649	25.0	3.86	-1.699	0	nan
5413.697	25.0	3.86	-2.054	0	nan
5413.699	27.0	4.06	-0.003	-7.51	nan
5413.702	25.0	3.86	-1.810	0	nan
5414.040	606.0	1.01	-3.396	0	6.25
5414.070	26.1	3.22	-3.500	-7.878	nan
5414.106	58.0	0.55	-2.238	0	nan
5414.861	39.0	1.85	0.882	-7.52	nan
5415.205	26.0	4.39	0.541	-7.182	nan
5415.303	60.0	0.29	1.369	0	nan
5415.510	26.0	4.97	-7.069	-7.35	nan
5415.538	26.0	5.10	-2.459	-7.17	nan
5416.374	60.1	0.86	-0.985	0	nan
5417.040	26.0	4.42	-1.350	-7.166	nan
5418.000	40.1	1.76	-1.247	0	nan
5418.120	14.0	5.62	-2.002	-6.86	nan
5418.259	26.0	4.99	-2.248	-7.4	nan
5418.768	22.1	1.58	-2.002	-7.85	nan
5418.856	44.0	1.12	-1.017	0	nan
5419.057	24.0	4.49	-0.614	-7.49	nan
5419.158	26.0	4.19	-3.010	-7.72	nan
5419.191	22.0	2.35	-1.244	-7.71	nan
5419.362	607.0	0.66	-1.926	0	7.63
5419.391	23.0	1.93	-2.086	-7.81	nan
5419.890	25.0	6.13	-4.135	-7.87	nan
5423.322	66.0	0.00	-4.108	0	nan
5423.428	58.0	0.55	-3.816	0	nan
5423.464	606.0	0.97	0.607	0	6.25
5423.467	606.0	1.61	-2.959	0	6.25
5423.467	16.0	9.71	-0.153	0	nan
5423.738	26.0	3.69	-2.998	-7.82	nan
5424.071	26.0	4.32	0.110	-6.624	nan
5424.142	26.0	4.08	-1.810	-7.8	nan
5424.536	28.0	4.17	-1.461	-7.56	nan
5424.607	58.1	0.79	-0.429	0	nan
5424.638	28.0	1.95	-2.809	-7.774	nan
5424.669	606.0	0.95	1.109	0	6.25
5425.248	26.1	3.20	-3.169	-7.886	nan
5425.646	27.0	4.07	-1.210	-7.73	nan
5426.250	22.0	0.02	-2.888	-7.734	nan
5433.382	606.0	0.93	-1.288	0	6.25
5433.397	25.0	5.37	0.349	-7.61	nan
5433.402	606.0	0.97	-4.857	0	6.25
5433.440	606.0	0.93	-7.622	0	6.25
5433.577	606.0	0.93	-4.001	0	6.25
5433.599	606.0	1.03	-3.476	0	6.25
5433.604	26.0	5.37	-1.867	-7.51	nan
5433.643	26.0	5.07	-1.859	-7.33	nan
5434.155	23.0	2.37	-0.417	-7.72	nan
5434.182	23.0	1.85	-7.320	-7.8	nan
5434.534	26.0	1.01	-2.142	-7.749	nan
5435.026	26.0	5.07	-1.952	-7.32	nan
5435.042	74.0	0.21	-9.426	0	nan
5435.170	26.0	4.43	-2.170	-7.16	nan
5435.191	22.0	3.15	-0.633	-7.54	nan
5435.672	42.0	2.50	0.708	0	nan
5435.863	28.0	1.99	-2.314	-7.77	nan
5436.256	24.0	4.41	-5.098	-7.42	nan
5436.295	26.0	4.39	-1.256	-7.187	nan
5436.590	26.0	2.28	-3.232	-7.579	nan
5436.710	22.0	0.90	-2.471	-7.727	nan
5436.996	27.0	4.11	-0.646	-7.48	nan
5437.083	26.0	2.45	-4.111	-7.73	nan
5437.196	26.0	4.31	-1.838	-7.52	nan
5444.584	27.0	4.07	0.108	-7.51	nan
5444.843	16.0	9.76	-5.069	-6.7	nan
5445.049	26.0	4.39	0.084	-7.189	nan
5446.195	21.0	2.01	-0.138	-7.56	nan
5446.582	26.0	4.42	-0.311	-7.51	nan
5446.615	22.0	0.02	-2.734	-7.734	nan
5446.872	26.0	1.61	-3.389	-7.684	nan
5446.924	26.0	0.99	-1.851	-7.753	nan
5447.233	28.0	3.84	-5.420	-7.51	nan
5447.385	21.0	1.85	-6.439	-7.69	nan
5447.507	606.0	0.88	0.123	0	6.25
5447.550	25.0	6.24	0.391	-7.55	nan
5447.673	606.0	0.88	-5.245	0	6.25
5447.675	22.0	3.57	-4.733	-7.66	nan
5447.917	22.0	2.49	-1.472	-7.77	nan
5453.987	26.0	4.15	-2.434	-7.47	nan
5454.099	22.1	1.57	-3.367	-7.84	nan
5454.570	27.0	4.07	0.065	-7.51	nan
5455.103	26.0	3.25	-4.445	-7.82	nan
5455.459	26.0	4.32	-2.356	-7.52	nan
5455.462	66.1	2.42	4.656	0	nan
5455.601	25.0	2.95	-4.390	-7.77	nan
5455.620	26.0	1.01	-2.189	-7.749	nan
5455.864	606.0	0.89	0.468	0	6.25
5455.958	22.0	1.43	-2.399	-7.69	nan
5456.339	26.0	5.11	-7.097	-7.49	nan
5456.349	606.0	0.95	0.513	0	6.25
5456.383	58.0	0.17	-7.327	0	nan
5456.456	606.0	0.84	-5.030	0	6.25
5456.513	26.0	3.60	-3.024	-7.55	nan
5456.617	68.0	1.20	1.585	0	nan
5456.893	22.0	2.58	-1.484	-7.71	nan
5457.069	606.0	1.44	-5.368	0	6.25
5457.100	606.0	0.82	0.171	0	6.25
5457.118	23.1	2.28	-6.255	-7.87	nan
5461.550	26.0	4.45	-1.526	-7.16	nan
5462.454	606.0	0.80	-3.439	0	6.25
5462.493	28.0	3.85	-0.774	-7.221	nan
5462.959	26.0	4.47	-0.002	-7.46	nan
5463.273	22.0	3.32	-2.824	-7.54	nan
5463.275	26.0	4.43	-0.141	-7.166	nan
5463.300	606.0	0.93	1.901	0	6.25
5463.464	20.0	4.88	-1.107	-7.15	nan
5463.793	26.0	3.55	-3.382	-7.76	nan
5463.921	28.0	3.85	-2.232	-7.5	nan
5463.964	24.0	3.44	-1.006	-7.75	nan
5463.982	606.0	1.26	0.229	0	6.25
5464.280	26.0	4.14	-1.499	-7.77	nan
5465.770	27.0	4.57	-3.798	-7.45	nan
5465.773	22.0	1.07	-2.798	-7.75	nan
5466.010	22.0	3.32	-0.318	-7.52	nan
5466.395	26.0	4.37	-0.481	-7.51	nan
5466.987	26.0	3.57	-2.146	-7.82	nan
5467.379	606.0	0.78	-0.052	0	6.25
5467.405	26.1	6.81	-1.748	-7.835	nan
5467.772	26.0	3.55	-3.265	-7.77	nan
5467.792	23.0	2.37	-1.535	-7.75	nan
5472.279	58.1	1.25	-1.217	0	nan
5472.279	58.1	1.25	-0.233	0	nan
5472.510	24.0	3.55	-1.568	-7.78	nan
5472.690	22.0	1.44	-1.444	-7.7	nan
5472.709	26.0	4.21	-1.425	-7.253	nan
5473.163	26.0	4.19	-1.955	-7.173	nan
5473.385	39.1	1.74	-0.890	-7.75	nan
5473.542	22.0	2.33	-0.981	-7.72	nan
5473.763	27.0	4.24	-0.418	-7.45	nan
5473.905	26.0	4.15	-0.658	-7.266	nan
5474.223	22.0	1.46	-1.278	-7.732	nan
5474.452	22.0	2.35	-0.930	-7.72	nan
5486.112	58.1	1.61	0.011	0	nan
5486.989	23.1	2.27	-1.912	-7.86	nan
5487.147	26.0	4.42	-1.314	-7.283	nan
5487.347	24.0	4.44	-5.158	-7.47	nan
5487.487	26.0	5.07	-9.340	-7.26	nan
5487.510	26.0	3.64	-2.370	-7.82	nan
5487.524	26.0	4.19	-7.547	-7.5	nan
5487.745	26.0	4.14	-0.381	-7.45	nan
5487.915	23.0	2.37	0.197	-7.627	nan
5488.120	27.0	4.21	-9.544	-7.51	nan
5488.135	26.0	4.61	-6.105	-7.41	nan
5488.178	22.0	2.40	-0.088	-7.52	nan
5496.477	26.0	3.57	-3.788	-7.82	nan
5496.562	26.0	4.91	-1.579	-7.345	nan
5496.582	606.0	1.09	-7.081	0	6.25
5496.815	23.0	2.36	-0.456	-7.8	nan
5497.124	606.0	1.22	0.681	0	6.25
5497.196	606.0	0.69	0.066	0	6.25
5497.410	39.1	1.75	-0.583	-7.75	nan
5497.523	26.0	1.01	-2.801	-7.751	nan
5497.948	22.0	0.90	-2.892	-7.718	nan
5500.797	606.0	0.73	-0.061	0	6.25
5501.465	26.0	0.96	-2.950	-7.757	nan
5501.528	606.0	0.65	-5.369	0	6.25
5501.538	16.0	7.87	-6.125	-6.79	nan
5501.611	606.0	1.05	0.853	0	6.25
5501.641	28.0	4.54	-5.255	-7.28	nan
5501.694	606.0	0.65	-4.940	0	6.25
5501.702	606.0	0.90	-9.446	0	6.25
5501.714	606.0	0.89	-9.613	0	6.25
5501.879	606.0	0.89	0.530	0	6.25
5501.883	606.0	0.90	-1.134	0	6.25
5502.088	24.1	4.17	-1.869	-7.845	nan
5505.733	26.0	4.47	-2.464	0	nan
5505.866	25.0	2.18	-2.219	-7.74	nan
5505.881	26.0	4.42	-1.054	-7.51	nan
5506.155	606.0	1.02	0.402	0	6.25
5506.199	26.1	10.52	1.493	-7.59	nan
5506.493	42.0	1.33	0.249	0	nan
5506.784	26.0	0.99	-2.752	-7.753	nan
5506.965	16.0	7.87	-4.329	-6.79	nan
5507.735	23.0	1.71	-1.222	-7.78	nan
5507.757	23.0	2.36	-0.274	-7.63	nan
5514.215	21.0	1.85	0.069	-7.72	nan
5514.349	22.0	1.43	-0.566	-7.71	nan
5514.537	22.0	1.44	-0.404	-7.71	nan
5514.793	28.0	3.85	-1.756	-7.234	nan
5514.884	606.0	0.60	-0.041	0	6.25
5514.910	606.0	0.78	-3.526	0	6.25
5514.940	606.0	0.96	-0.611	0	6.25
5514.947	606.0	0.60	-3.054	0	6.25
5514.981	606.0	0.63	0.167	0	6.25
5515.079	23.0	0.07	-3.146	-7.78	nan
5515.082	606.0	0.60	-7.085	0	6.25
5515.343	606.0	1.12	0.478	0	6.25
5515.609	606.0	0.76	0.622	0	6.25
5515.630	606.0	1.19	-7.140	0	6.25
5516.014	58.1	1.40	-0.156	0	nan
5516.016	68.0	1.43	1.792	0	nan
5516.295	26.0	4.10	-2.740	-7.54	nan
5516.478	606.0	0.69	-2.354	0	6.25
5516.482	26.0	3.55	-3.271	-7.78	nan
5516.699	25.0	2.18	-2.551	-7.54	nan
5516.709	25.0	2.18	-3.909	-7.54	nan
5516.718	25.0	2.18	-4.390	-7.54	nan
5516.728	25.0	2.18	-3.236	-7.54	nan
5516.743	25.0	2.18	-2.883	-7.54	nan
5516.757	25.0	2.18	-2.682	-7.54	nan
5516.771	25.0	2.18	-2.597	-7.54	nan
5516.790	25.0	2.18	-2.849	-7.54	nan
5516.809	25.0	2.18	-3.765	-7.54	nan
5516.828	25.0	2.18	-2.338	-7.54	nan
5517.065	26.0	4.21	-1.966	-7.48	nan
5517.201	23.0	0.00	-3.476	-7.78	nan
5517.533	14.0	5.08	-2.392	-7.32	nan
5518.070	22.0	2.41	-1.397	-7.52	nan
5518.107	606.0	0.69	-0.044	0	6.25
5518.359	58.1	0.55	-1.703	0	nan
5518.374	606.0	0.62	-0.131	0	6.25
5518.566	26.0	5.03	-2.044	-7.37	nan
5519.394	606.0	0.59	0.113	0	6.25
5519.554	606.0	1.09	-0.423	0	6.25
5519.556	606.0	0.59	-0.744	0	6.25
5519.580	26.0	6.15	-0.004	-7.51	nan
5519.799	606.0	1.01	0.180	0	6.25
5519.840	24.0	3.89	-6.311	-7.73	nan
5519.849	606.0	1.01	0.351	0	6.25
5520.030	606.0	0.69	-0.013	0	6.25
5520.179	58.1	1.67	-0.245	0	nan
5520.210	26.0	4.45	-2.942	-7.51	nan
5520.467	606.0	0.91	-4.827	0	6.25
5520.486	606.0	0.91	0.438	0	6.25
5520.497	21.0	1.86	0.319	-7.72	nan
5520.927	26.0	5.01	-1.564	-7.35	nan
5521.125	26.0	3.63	-2.998	-7.8	nan
5521.131	20.0	1.89	-8.052	-7.48	nan
5521.138	22.0	3.42	-4.165	-7.47	nan
5521.280	26.0	4.43	-2.250	-7.51	nan
5521.426	28.0	3.84	-2.187	-7.58	nan
5521.538	606.0	0.61	-0.757	0	6.25
5521.562	39.1	1.74	-1.282	-7.75	nan
5521.578	606.0	0.68	0.027	0	6.25
5522.163	606.0	0.90	0.176	0	6.25
5522.233	606.0	0.90	-0.752	0	6.25
5522.425	606.0	0.68	-3.686	0	6.25
5522.444	26.0	4.21	-1.390	-7.257	nan
5522.458	23.0	2.37	0.437	-7.79	nan
5522.461	58.0	0.55	1.389	0	nan
5524.778	606.0	0.67	-5.241	0	6.25
5524.813	607.0	1.28	-0.905	0	7.63
5524.990	27.0	4.11	-0.523	-7.5	nan
5525.117	26.1	3.27	-3.978	-7.876	nan
5525.544	26.0	4.23	-1.089	-7.259	nan
5525.705	20.0	5.18	-0.452	-6.98	nan
5525.847	26.0	5.11	-1.948	-7.33	nan
5525.880	24.0	2.97	-3.655	-7.79	nan
5525.911	59.1	0.42	-1.136	0	nan
5525.920	24.1	3.76	-8.467	-7.86	nan
5526.178	606.0	0.97	0.483	0	6.25
5526.188	606.0	0.67	-4.306	0	6.25
5526.199	606.0	0.67	-3.427	0	6.25
5526.202	26.0	5.07	-8.424	-7.31	nan
5526.306	606.0	0.97	-0.030	0	6.25
5526.813	21.1	1.77	0.222	-7.81	nan
5531.983	26.0	4.91	-1.371	-7.351	nan
5532.032	58.1	1.70	-7.749	0	nan
5532.088	606.0	0.54	-4.148	0	6.25
5532.119	606.0	0.82	-0.089	0	6.25
5532.119	26.0	2.85	-4.682	-7.67	nan
5532.156	606.0	0.93	0.379	0	6.25
5532.186	606.0	0.82	-3.142	0	6.25
5532.203	606.0	0.93	-3.388	0	6.25
5532.264	26.0	5.07	-6.995	-7.47	nan
5532.272	58.1	0.17	-2.281	0	nan
5532.329	606.0	1.02	-2.583	0	6.25
5532.332	606.0	0.93	-3.010	0	6.25
5532.347	606.0	0.82	0.346	0	6.25
5532.747	26.0	3.57	-2.120	-7.762	nan
5532.866	26.0	4.45	-1.680	-7.52	nan
5533.031	42.0	1.33	0.066	0	nan
5533.820	60.1	0.56	-0.994	0	nan
5534.261	606.0	0.80	-0.265	0	6.25
5534.271	6.0	8.85	-1.443	-6.67	nan
5534.659	26.0	3.64	-2.869	-7.81	nan
5534.845	26.1	3.25	-2.689	-7.883	nan
5535.180	606.0	0.91	0.382	0	6.25
5535.320	60.1	1.41	-5.886	0	nan
5535.344	23.0	0.02	-3.602	-7.763	nan
5535.412	26.0	3.25	-7.072	-7.82	nan
5535.418	26.0	4.19	-0.905	-7.8	nan
5535.520	56.0	0.00	-0.111	0	nan
5535.550	26.0	6.15	0.336	-7.51	nan
5536.053	606.0	0.53	-2.101	0	6.25
5536.074	606.0	0.78	0.328	0	6.25
5536.086	606.0	0.53	-4.641	0	6.25
5536.156	606.0	0.78	-6.090	0	6.25
5536.249	606.0	0.53	0.120	0	6.25
5542.715	23.0	0.02	-3.389	-7.78	nan
5543.030	26.0	4.19	-2.312	-7.47	nan
5543.040	26.0	3.69	-6.889	-7.81	nan
5543.189	26.0	3.69	-1.412	-7.576	nan
5543.936	26.0	4.22	-0.919	-7.263	nan
5544.147	606.0	0.50	-7.692	0	6.25
5544.167	606.0	0.95	0.471	0	6.25
5544.284	606.0	0.95	-4.258	0	6.25
5544.328	606.0	0.54	-3.477	0	6.25
5544.611	39.1	1.74	-0.858	-7.75	nan
5545.921	23.0	1.06	-1.741	-7.593	nan
5545.934	27.0	4.11	-0.385	-7.51	nan
5546.009	39.1	1.75	-1.000	-7.75	nan
5546.506	26.0	4.37	-1.003	-7.224	nan
5546.714	24.0	2.98	-2.473	-7.79	nan
5546.725	26.0	5.01	-2.043	-7.4	nan
5546.969	27.0	4.23	-0.841	-7.51	nan
5546.990	26.0	4.22	-1.805	-7.263	nan
5547.056	23.0	1.08	-1.111	-7.59	nan
5553.104	606.0	0.79	0.030	0	6.25
5553.160	6.0	8.64	-1.570	-6.97	nan
5553.221	26.0	4.22	-3.074	-7.5	nan
5553.580	26.0	4.43	-1.211	-7.188	nan
5553.690	28.0	1.94	-3.125	-7.783	nan
5554.741	26.0	5.03	-1.815	-7.28	nan
5554.894	26.0	4.55	-0.156	-7.125	nan
5555.102	606.0	0.46	-4.238	0	6.25
5555.122	26.0	4.14	-3.967	-7.8	nan
5555.184	26.0	3.55	-9.303	-7.82	nan
5555.193	606.0	0.46	-0.321	0	6.25
5555.197	24.0	3.56	-6.834	-7.79	nan
5555.346	606.0	0.46	-5.144	0	6.25
5555.441	606.0	0.78	0.167	0	6.25
5555.569	24.0	3.56	-4.791	-7.79	nan
5555.617	606.0	0.78	-5.107	0	6.25
5555.634	606.0	0.88	0.384	0	6.25
5555.719	606.0	0.91	-3.945	0	6.25
5555.746	25.0	4.35	-0.830	-7.77	nan
5555.762	606.0	0.88	-2.758	0	6.25
5559.230	606.0	0.98	-1.789	0	6.25
5559.639	26.0	4.99	-1.651	-7.3	nan
5559.845	606.0	0.86	0.250	0	6.25
5559.860	20.0	4.78	-3.340	-7.23	nan
5559.893	26.0	4.64	-2.565	-7.31	nan
5560.211	26.0	4.43	-0.947	-7.189	nan
5560.547	23.0	0.04	-3.590	-7.761	nan
5560.675	606.0	0.50	-0.368	0	6.25
5561.445	58.1	1.46	0.028	0	nan
5561.659	606.0	0.73	0.372	0	6.25
5561.663	23.0	1.71	-1.526	-7.74	nan
5561.717	606.0	0.74	-7.888	0	6.25
5562.092	28.0	4.54	-1.908	-7.27	nan
5562.115	26.0	4.39	-2.278	-7.51	nan
5562.273	606.0	0.49	0.222	0	6.25
5562.484	606.0	0.44	0.073	0	6.25
5562.704	26.0	3.27	-2.996	-7.81	nan
5562.706	26.0	4.43	-0.717	-7.52	nan
5563.600	26.0	4.19	-0.779	-7.268	nan
5563.669	24.0	3.42	-5.587	-7.76	nan
5563.671	27.0	3.57	-1.735	-7.55	nan
5563.676	26.0	4.14	-5.335	-7.45	nan
5563.693	26.0	2.42	-3.414	-7.75	nan
5564.143	606.0	0.49	-0.626	0	6.25
5564.577	606.0	0.49	-3.793	0	6.25
5565.449	606.0	0.71	-4.695	0	6.25
5565.474	22.0	2.24	-0.261	-7.73	nan
5565.480	26.1	6.73	-6.196	-7.89	nan
5565.685	26.0	0.05	-7.414	-7.82	nan
5565.704	26.0	4.61	-0.088	-7.41	nan
5565.742	606.0	0.43	0.612	0	6.25
5565.912	23.0	1.05	-2.823	-7.595	nan
5565.945	27.0	4.23	-0.559	-7.51	nan
5565.955	606.0	0.53	-2.365	0	6.25
5565.968	58.0	0.47	-4.274	0	nan
5566.073	26.0	6.17	-0.140	-7.51	nan
5566.420	606.0	0.35	-6.176	0	6.25
5566.720	16.0	8.05	-0.485	-6.43	nan
5566.722	26.0	5.01	-2.076	-7.3	nan
5566.759	606.0	0.49	-2.836	0	6.25
5566.799	26.0	3.25	-3.617	-7.79	nan
5567.276	26.0	4.42	-1.992	-7.51	nan
5567.391	26.0	2.61	-2.547	-7.565	nan
5567.755	25.0	5.52	0.330	-7.58	nan
5567.761	39.0	1.92	0.539	-7.68	nan
5567.820	58.0	1.06	-6.198	0	nan
5567.831	26.1	6.73	-1.787	-7.89	nan
5568.074	26.0	4.15	-2.853	-7.51	nan
5568.860	26.0	3.63	-2.841	-7.77	nan
5569.034	606.0	0.42	-0.766	0	6.25
5569.037	44.0	1.00	-5.793	0	nan
5569.112	606.0	0.68	-0.171	0	6.25
5569.143	606.0	0.42	-6.405	0	6.25
5569.618	26.0	3.42	-0.458	-7.204	nan
5570.051	26.0	2.85	-4.153	-7.83	nan
5570.262	606.0	0.48	-3.906	0	6.25
5570.444	42.0	1.33	0.010	0	nan
5570.539	25.1	6.18	-2.002	-7.88	nan
5570.578	24.0	4.11	-0.887	-7.77	nan
5570.580	606.0	0.67	-3.502	0	6.25
5572.110	606.0	0.66	-0.067	0	6.25
5572.193	58.0	0.17	-5.007	0	nan
5572.204	26.0	3.25	-4.300	-7.83	nan
5572.382	606.0	0.41	-6.252	0	6.25
5572.402	26.0	4.99	-2.227	-7.18	nan
5572.664	606.0	0.41	-6.459	0	6.25
5572.842	26.0	3.40	-0.208	-7.211	nan
5573.102	26.0	4.19	-1.286	-7.57	nan
5573.409	62.0	0.39	-1.952	0	nan
5573.554	606.0	0.65	0.001	0	6.25
5573.659	25.0	5.54	0.258	-7.58	nan
5573.707	27.0	4.23	-7.617	-7.51	nan
5573.724	25.0	4.36	-1.668	-7.77	nan
5573.734	606.0	0.65	-4.652	0	6.25
5573.757	26.0	5.07	-2.358	-7.31	nan
5574.010	23.0	0.04	-3.707	-7.78	nan
5574.393	24.0	4.45	-0.360	-7.76	nan
5575.360	606.0	0.39	-0.826	0	6.25
5575.523	606.0	0.40	-0.512	0	6.25
5575.645	606.0	0.40	-0.385	0	6.25
5575.831	606.0	0.47	-0.332	0	6.25
5576.089	26.0	3.43	-0.856	-7.201	nan
5576.209	606.0	0.62	0.142	0	6.25
5576.502	23.0	1.06	-2.232	-7.75	nan
5577.025	26.0	5.03	-1.422	-7.39	nan
5577.321	606.0	0.61	-0.349	0	6.25
5577.339	8.0	1.97	-8.172	0	nan
5577.390	606.0	0.61	-0.143	0	6.25
5578.372	23.0	1.05	-2.204	-7.75	nan
5578.718	28.0	1.68	-2.502	-7.673	nan
5579.009	606.0	0.39	-0.165	0	6.25
5579.340	26.0	4.23	-2.196	-7.263	nan
5581.521	606.0	0.38	-0.256	0	6.25
5581.970	20.0	2.52	-0.371	-7.538	nan
5582.107	23.0	1.93	-7.268	-7.8	nan
5582.273	606.0	0.72	-0.020	0	6.25
5582.290	606.0	0.57	-0.139	0	6.25
5582.417	606.0	0.72	0.131	0	6.25
5582.431	23.1	2.37	-5.620	-7.86	nan
5582.711	606.0	0.56	0.022	0	6.25
5582.730	58.0	0.17	-3.951	0	nan
5582.809	606.0	0.56	-0.210	0	6.25
5582.960	606.0	0.56	0.194	0	6.25
5585.645	26.0	4.23	-2.653	-7.5	nan
5585.987	23.0	1.86	-1.260	-7.83	nan
5586.267	26.0	4.64	-2.127	-7.31	nan
5586.285	24.0	4.61	-6.448	-7.75	nan
5586.760	26.0	3.37	-0.166	-7.221	nan
5586.766	26.0	4.26	0.139	-7.53	nan
5587.574	26.0	4.14	-1.530	-7.8	nan
5587.858	28.0	1.94	-2.329	-7.783	nan
5587.874	606.0	0.36	0.573	0	6.25
5588.759	20.0	2.53	0.353	-7.538	nan
5589.010	26.0	4.47	-2.574	-7.51	nan
5589.358	28.0	3.90	-1.029	-7.221	nan
5589.851	26.0	5.07	-1.264	-7.43	nan
5590.114	20.0	2.52	-0.534	-7.539	nan
5590.151	26.0	4.10	-1.925	-7.55	nan
5590.666	27.0	2.04	-2.714	-7.82	nan
5590.718	27.0	2.04	-2.376	-7.82	nan
5590.727	27.0	2.04	-6.879	-7.82	nan
5590.784	27.0	2.04	-2.604	-7.82	nan
5590.812	27.0	2.04	-2.421	-7.82	nan
5590.818	27.0	2.04	-3.950	-7.82	nan
5591.359	26.1	3.27	-4.356	-7.883	nan
5591.363	21.0	1.99	-0.570	-7.83	nan
5593.735	28.0	3.90	-0.684	-7.222	nan
5594.420	60.1	1.12	1.085	0	nan
5594.465	20.0	2.52	0.044	-7.539	nan
5594.655	26.0	4.55	-0.657	-7.51	nan
5595.060	26.0	5.06	-1.631	-7.37	nan
5597.805	24.0	3.84	-1.508	-7.34	nan
5598.295	26.0	4.65	-0.306	-7.085	nan
5598.425	26.0	3.63	-7.385	-7.75	nan
5598.466	26.0	2.42	-8.272	-7.77	nan
5598.480	20.0	2.52	0.010	-7.541	nan
5598.825	606.0	0.62	0.047	0	nan
6454.937	27.0	3.63	-3.616	-7.222	nan
6454.937	27.0	3.63	-1.907	-7.222	nan
6454.941	27.0	3.63	-2.769	-7.222	nan
6454.948	27.0	3.63	-1.900	-7.222	nan
6454.950	27.0	3.63	-2.195	-7.222	nan
6454.958	27.0	3.63	-2.182	-7.222	nan
6454.964	27.0	3.63	-1.360	-7.222	nan
6454.969	27.0	3.63	-1.746	-7.222	nan
6454.972	27.0	3.63	-1.328	-7.222	nan
6454.982	27.0	3.63	-1.349	-7.222	nan
6454.989	27.0	3.63	-1.480	-7.222	nan
6455.006	27.0	3.63	-1.362	-7.222	nan
6455.014	27.0	3.63	-1.846	-7.222	nan
6455.016	27.0	3.63	-1.862	-7.222	nan
6455.034	27.0	3.63	-1.165	-7.222	nan
6455.044	27.0	3.63	-1.540	-7.222	nan
6455.045	27.0	3.63	-1.562	-7.222	nan
6455.079	27.0	3.63	-5.343	-7.222	nan
6455.079	27.0	3.63	-5.250	-7.222	nan
6455.118	27.0	3.63	-8.242	-7.222	nan
6455.603	20.0	2.52	-1.240	-7.57	nan
6456.385	26.1	3.90	-1.994	-7.873	nan
6456.871	26.0	4.80	-2.354	-7.51	nan
6456.875	20.1	8.44	0.419	-7.377	nan
6457.319	607.0	0.50	-1.888	0	7.63
6457.372	14.0	5.96	-2.078	-6.82	nan
6469.117	26.0	2.40	-4.493	-7.79	nan
6469.192	26.0	4.83	-0.623	-7.15	nan
6470.017	24.0	5.85	0.313	-7.33	nan
6470.200	40.0	1.58	-0.259	0	nan
6480.961	607.0	0.56	-1.811	0	7.63
6481.875	26.0	2.28	-2.828	-7.646	nan
6482.200	26.1	6.22	-1.693	-7.871	nan
6482.252	60.1	0.32	-1.981	0	nan
6482.804	28.0	1.94	-2.675	-7.679	nan
6491.580	22.1	2.06	-1.890	-7.85	nan
6491.666	25.0	3.76	-1.298	-7.513	nan
6493.041	26.0	5.58	-1.485	-7.763	nan
6493.788	20.0	2.52	-0.027	-7.571	nan
6494.498	26.0	4.73	-1.218	-7.51	nan
6494.994	26.0	2.40	-1.253	-7.629	nan
6495.745	26.0	4.83	-0.619	-7.154	nan
6496.473	26.0	4.80	-0.465	-7.175	nan
6496.869	607.0	0.53	-8.191	0	7.63
6496.905	56.1	0.60	-0.173	-7.578	nan
6497.684	22.0	1.44	-1.884	-7.75	nan
6498.945	26.0	0.96	-4.537	-7.782	nan
6499.650	20.0	2.52	-0.658	-8.162	nan
6518.373	26.0	2.83	-2.431	-7.609	nan
6518.741	14.0	5.95	-1.373	-6.89	nan
6519.014	24.0	5.21	-0.057	-7.51	nan
6519.355	25.0	3.77	-1.835	-7.513	nan
6519.400	22.0	3.57	-0.515	-7.52	nan
6519.722	606.0	1.72	-4.768	0	6.25
6532.543	26.0	5.52	-1.981	-7.42	nan
6532.553	607.0	0.60	-1.950	0	7.63
6532.876	28.0	1.94	-3.260	-7.681	nan
6533.110	23.1	1.14	-3.368	0	nan
6533.928	26.0	4.56	-1.160	-7.182	nan
6546.242	26.0	2.76	-1.588	-7.626	nan
6546.269	22.0	1.43	-0.407	-7.75	nan
6546.943	607.0	0.72	-1.467	0	7.63
6568.914	606.0	1.88	-8.375	0	6.25
6569.224	26.0	4.73	0.039	-7.51	nan
6569.290	62.1	1.49	-3.643	0	nan
6574.235	26.0	0.99	-4.803	-7.83	nan
6575.010	22.0	3.55	-7.807	-7.53	nan
6575.027	26.0	2.59	-2.500	-7.604	nan
6575.165	22.0	2.58	-1.086	-7.73	nan
6580.216	28.0	4.42	-1.087	-7.5	nan
6580.923	24.0	1.03	-4.155	-7.79	nan
6581.210	26.0	1.49	-4.598	-7.73	nan
6591.313	26.0	4.59	-1.935	-7.697	nan
6591.592	64.0	0.21	-0.495	0	nan
6591.605	607.0	0.79	0.004	0	6.25
6592.513	28.0	4.24	-0.936	-7.5	nan
6592.921	26.0	2.73	-1.464	-7.633	nan
6593.879	22.0	3.31	-2.476	-7.55	nan
6593.880	26.0	2.43	-2.242	-7.629	nan
6597.565	26.0	4.80	-0.821	-7.52	nan
6598.605	28.0	4.24	-0.823	-7.218	nan
6599.110	22.0	0.90	-1.938	-7.667	nan
6604.586	26.0	4.83	-6.706	-7.52	nan
6604.595	21.1	1.36	-1.163	-7.85	nan
6605.542	24.0	4.14	-0.704	-7.31	nan
6605.882	22.1	4.01	-1.342	-7.84	nan
6605.974	23.0	1.20	-1.128	-7.626	nan
6606.451	23.0	1.05	-2.844	-7.81	nan
6606.724	26.0	5.51	-2.004	-7.17	nan
6606.950	22.1	2.06	-2.753	-7.85	nan
6607.259	16.0	9.98	-2.807	-6.93	nan
6607.339	22.0	3.32	-0.268	-7.55	nan
6607.825	23.0	1.35	-1.875	-7.638	nan
6608.030	26.0	2.28	-3.912	-7.648	nan
6609.115	26.0	2.56	-2.525	-7.61	nan
6609.566	20.0	5.84	-7.869	-6.45	nan
6609.678	26.0	0.99	-5.579	-7.83	nan
6623.717	27.0	2.08	-3.079	-7.82	nan
6623.771	27.0	2.08	-7.036	-7.82	nan
6623.779	26.0	4.07	-6.633	-7.64	nan
6623.817	27.0	2.08	-3.082	-7.82	nan
6623.928	26.0	5.65	-9.697	-7.06	nan
6623.941	27.0	2.08	-3.364	-7.82	nan
6624.335	26.0	5.39	-1.851	-7.28	nan
6624.339	25.0	5.86	-9.757	-7.7	nan
6624.838	23.0	1.22	-1.168	-7.623	nan
6625.023	26.0	1.01	-5.272	-7.83	nan
6627.240	26.1	7.27	-1.779	-7.86	nan
6627.546	26.0	4.55	-1.432	-7.25	nan
6633.410	26.0	4.83	-1.178	-7.176	nan
6633.755	26.0	4.56	-0.633	-7.198	nan
6634.112	26.0	4.80	-1.080	-7.195	nan
6635.122	28.0	4.42	-0.662	-7.227	nan
6635.405	607.0	0.78	-5.092	0	7.63
6635.685	26.0	4.43	-8.273	-7.54	nan
6635.687	14.0	5.86	-1.799	-7.02	nan
6639.434	607.0	0.73	-1.693	0	7.63
6639.694	26.0	4.61	-1.546	-7.53	nan
6639.876	26.0	4.08	-2.299	-7.184	nan
6640.471	606.0	1.63	-4.800	0	6.25
6640.480	607.0	0.89	-1.489	0	7.63
6640.486	606.0	1.35	-7.497	0	6.25
6646.935	26.0	2.61	-3.903	-7.604	nan
6647.803	28.0	4.42	-2.016	-7.21	nan
6648.086	26.0	1.01	-5.681	-7.83	nan
6652.970	26.0	5.52	-2.156	0	nan
6653.261	607.0	0.80	-1.641	0	7.63
6653.850	26.0	4.15	-2.381	-7.153	nan
6654.517	607.0	0.74	-1.709	0	7.63
6654.610	6.0	9.00	-2.612	-7.009	nan
6662.422	26.0	4.45	-3.607	-7.54	nan
6662.469	606.0	1.05	-4.335	0	6.25
6662.471	607.0	0.77	-1.594	0	7.63
6662.921	607.0	0.80	-1.543	0	7.63
6663.231	26.0	4.56	-1.316	-7.53	nan
6663.448	26.0	2.42	-2.379	-7.606	nan
6664.312	607.0	0.85	-1.267	0	7.63
6676.613	26.0	5.49	-2.161	-7.14	nan
6676.866	26.0	4.56	-2.923	-7.57	nan
6677.179	22.0	2.49	-1.165	-7.71	nan
6677.953	26.0	2.56	-3.383	-7.79	nan
6677.995	26.0	2.69	-1.354	-7.643	nan
6678.569	22.0	2.25	-1.336	-7.73	nan
6678.809	27.0	1.96	-2.538	-7.749	nan
6703.360	607.0	0.88	-7.547	0	7.63
6703.570	26.0	2.76	-2.947	-7.633	nan
6703.947	607.0	0.81	-1.635	0	7.63
6703.998	607.0	0.81	-1.927	0	7.63
6704.480	26.0	4.22	-2.555	-7.54	nan
6704.612	22.0	3.32	-5.658	-7.55	nan
6705.106	26.0	4.96	-4.720	-7.42	nan
6705.106	26.0	4.61	-0.942	-7.48	nan
6709.893	20.0	2.93	-2.702	-7.312	nan
6710.322	26.0	1.49	-4.768	-7.733	nan
6711.169	26.0	5.61	-2.557	-7.1	nan
6711.225	25.0	5.92	-8.611	-7.71	nan
6711.315	6.0	8.54	-2.084	-7.23	nan
6711.579	22.0	1.99	-2.255	-7.8	nan
6711.820	26.0	4.96	-2.234	-7.31	nan
6711.828	607.0	0.88	-1.812	0	7.63
6712.455	26.0	4.99	-2.059	-7.122	nan
6713.044	26.0	4.61	-1.449	-7.53	nan
6713.195	26.0	4.14	-2.449	-7.7	nan
6713.743	26.0	4.80	-1.362	-7.207	nan
6724.646	26.0	5.61	-1.432	-7.18	nan
6724.725	58.1	1.96	-0.079	0	nan
6724.726	62.0	2.09	0.566	0	nan
6725.360	26.0	4.10	-2.151	-7.181	nan
6725.714	16.0	9.50	-6.151	-7.23	nan
6725.738	16.0	9.50	-7.525	-7.23	nan
6726.284	8.0	9.15	-2.324	0	nan
6726.670	26.0	4.61	-0.927	-7.5	nan
6731.800	62.0	1.17	-0.740	0	nan
6732.044	23.0	1.89	-1.805	-7.8	nan
6732.065	26.0	4.58	-2.142	-7.7	nan
6733.150	26.0	4.64	-1.374	-7.247	nan
6733.538	606.0	1.03	0.190	0	6.25
6733.678	26.0	5.68	-7.194	-7.01	nan
6734.114	24.0	5.27	-0.724	-7.51	nan
6734.200	24.0	4.19	-0.841	-7.28	nan
6734.312	607.0	1.02	-1.267	0	7.63
6734.990	26.0	4.43	-2.981	-7.54	nan
6737.268	26.0	3.27	-4.209	-7.82	nan
6737.985	26.0	4.56	-1.573	-7.213	nan
6738.215	26.0	5.35	-1.351	-7.33	nan
6738.620	22.0	3.39	-0.438	-7.628	nan
6738.660	21.0	4.82	-2.931	-6.78	nan
6738.842	26.0	4.84	-1.878	-7.52	nan
6739.205	29.0	6.99	1.293	-7.31	nan
6739.520	26.0	1.56	-4.843	-7.726	nan
6740.078	60.1	0.06	-1.615	0	nan
6740.415	14.0	6.10	-2.551	-6.74	nan
6740.942	607.0	0.81	-1.871	0	7.63
6741.000	607.0	0.93	-1.648	0	7.63
6741.418	21.0	5.89	-4.168	-6.9	nan
6741.628	14.0	5.98	-1.523	-6.92	nan
6741.915	607.0	0.90	-1.550	0	7.63
6742.297	26.0	4.96	-2.583	-7.42	nan
6742.587	28.0	4.42	-1.928	-7.56	nan
6743.122	22.0	0.90	-1.635	-7.67	nan
6743.483	16.0	7.87	-1.030	-7.16	nan
6743.540	16.0	7.87	-1.071	-7.16	nan
6743.580	16.0	7.87	-7.222	-7.16	nan
6743.640	16.0	7.87	-0.815	0	nan
6745.100	26.0	4.58	-2.040	-7.726	nan
6745.544	22.0	2.24	-1.139	-7.72	nan
6745.956	26.0	4.08	-2.617	-7.82	nan
6746.333	22.0	1.89	-2.030	-7.73	nan
6750.158	26.0	2.42	-2.485	-7.609	nan
6752.707	26.0	4.64	-1.154	-7.249	nan
6753.464	26.0	4.56	-2.209	-7.216	nan
6785.751	26.0	4.58	-2.340	-7.77	nan
6785.850	26.0	4.08	-3.360	-7.8	nan
6786.010	24.0	4.10	-1.067	-7.7	nan
6786.178	606.0	0.94	-5.139	0	6.25
6786.230	24.0	5.94	0.909	-7.33	nan
6786.425	26.0	3.24	-3.603	-7.82	nan
6786.858	26.0	4.19	-1.838	-7.152	nan
6787.117	40.0	2.49	0.895	0	nan
