# Wavelength     ele       EP      loggf   vdwaals   Do					
8491.290	607.0	0.79	-1.166	0.000	7.63
8492.077	14.0	5.86	-2.070	-7.230	nan
8493.406	607.0	0.81	-1.100	0.000	7.63
8493.785	26.0	4.96	-1.709	-7.570	nan
8493.820	20.0	5.27	-2.929	-7.230	nan
8494.450	22.0	1.74	-2.327	-7.800	nan
8494.592	607.0	0.79	-4.661	0.000	7.63
8494.642	28.0	5.47	-4.959	-7.260	nan
8495.322	58.1	0.96	-4.772	0.000	nan
8495.452	607.0	0.75	-8.334	0.000	7.63
8495.542	22.0	3.41	-3.910	-7.740	nan
8495.724	26.0	5.8	-1.581	-7.350	nan
8496.075	22.0	2.25	-1.072	-6.050	nan
8496.100	607.0	0.73	-1.734	0.000	7.63
8496.492	26.0	4.42	-2.210	-7.550	nan
8496.989	26.0	4.61	-0.832	-7.540	nan
8497.946	26.0	6.13	-10.000	-7.130	nan
8498.020	20.1	1.69	-1.485	-7.675	nan
8498.077	20.1	1.69	-3.605	-7.675	nan
8498.098	20.1	1.69	-10.000	-7.675	nan
8498.129	20.1	1.69	-6.463	-7.676	nan
8498.181	20.1	1.69	-4.198	-7.676	nan
8498.233	20.1	1.69	-3.964	-7.676	nan
8498.440	40.0	0.62	-2.220	0.000	nan
8499.329	26.0	5.83	-0.701	-7.430	nan
8499.619	22.0	2.25	-1.526	-7.700	nan
8500.333	26.0	5.79	-1.325	-7.410	nan
8501.544	14.0	5.87	-1.224	-7.320	nan
8501.796	28.0	3.85	-1.639	-7.560	nan
8502.228	14.0	5.87	-0.925	-7.320	nan
8502.270	28.0	5.31	-1.186	-7.250	nan
8502.492	607.0	0.81	-0.906	0.000	7.63
8503.860	607.0	0.75	-1.719	0.000	7.63
8503.981	607.0	0.73	-1.290	0.000	7.63
8504.530	607.0	0.89	-0.973	0.000	7.63
8505.110	607.0	0.77	-0.948	0.000	7.63
8512.120	607.0	0.73	-1.803	0.000	7.63
8512.120	26.0	5.85	-1.091	-7.460	nan
8512.953	26.0	3.02	-4.269	-7.770	nan
8513.326	607.0	0.79	-2.289	0.000	7.63
8513.982	607.0	0.84	-2.163	0.000	7.63
8514.012	26.1	6.8	-4.366	-7.823	nan
8514.032	607.0	0.78	-10.000	0.000	7.63
8514.053	607.0	0.82	-10.000	0.000	7.63
8514.080	26.0	2.2	-2.099	-7.725	nan
8514.617	607.0	0.91	-0.992	0.000	7.63
8514.663	57.1	0.93	-1.600	0.000	nan
8515.044	607.0	0.8	-10.000	0.000	7.63
8515.047	40.0	2.12	-7.997	0.000	nan
8515.118	26.0	3.02	-1.932	-7.770	nan
8515.846	607.0	1	-1.563	0.000	7.63
8516.049	822.0	0.63	0.499	0.000	6.94
8516.056	822.0	0.82	0.575	0.000	6.94
8517.084	26.0	5.11	-3.076	-7.770	nan
8517.107	607.0	0.804	-1.181	0.000	7.63
8517.228	607.0	0.842	-5.705	0.000	7.63
8517.305	26.0	6.132	-0.518	-7.130	nan
8517.951	607.0	0.991	-1.051	0.000	7.63
8518.028	22.0	2.134	-1.148	-7.800	nan
8518.065	607.0	0.78	-2.142	0.000	7.63
8518.212	24.0	4.532	-0.706	-7.780	nan
8518.256	607.0	0.846	-6.675	0.000	7.63
8518.393	22.0	1.879	-0.842	-7.750	nan
8518.770	20.0	4.43	-1.660	-6.750	nan
8519.059	26.0	4.956	-2.739	-7.500	nan
8519.115	607.0	0.793	-1.487	0.000	7.63
8519.251	24.0	5.288	1.000	-7.490	nan
8519.518	607.0	0.812	-2.198	0.000	7.63
8519.673	24.0	3.013	-4.411	-7.790	nan
8523.457	607.0	0.991	-1.241	0.000	7.63
8524.762	607.0	0.74	-1.342	0.000	7.63
8525.011	26.0	5.81	-0.966	-7.380	nan
8525.027	26.0	4.58	-3.100	-7.800	nan
8525.609	26.0	5.88	-1.556	-7.130	nan
8525.716	20.0	4.43	-1.038	-6.750	nan
8525.965	607.0	0.84	-1.184	0.000	7.63
8526.369	822.0	0.67	0.542	0.000	6.94
8526.369	822.0	0.93	0.573	0.000	6.94
8526.369	822.0	0.89	0.582	0.000	6.94
8526.673	26.0	4.91	-0.574	-7.530	nan
8526.776	607.0	1.24	-1.932	0.000	7.63
8526.955	26.0	5.83	-1.181	-7.230	nan
8526.958	41.0	1.35	-1.560	0.000	nan
8526.995	607.0	0.79	-1.849	0.000	7.63
8527.266	14.0	5.62	-7.289	-7.310	nan
8527.710	26.0	5.97	-10.000	-7.170	nan
8527.738	607.0	0.86	-8.581	0.000	7.63
8527.852	26.0	5.02	-1.630	-7.530	nan
8529.675	607.0	0.86	-1.023	0.000	7.63
8530.165	607.0	0.77	-1.185	0.000	7.63
8531.722	607.0	0.766	-1.324	0.000	nan
8536.145	26.0	5.87	-1.031	-7.260	nan
8536.163	14.0	6.18	-0.695	-7.130	nan
8538.017	26.0	4.91	-1.277	-7.530	nan
8538.175	26.0	2.83	-4.260	-7.790	nan
8539.342	22.0	2.24	-5.371	-7.710	nan
8541.872	23.0	2.68	1.000	-7.800	nan
8542.088	20.1	1.7	-0.492	-7.675	nan
8547.757	607.0	0.795	-1.095	0.000	7.63
8548.040	26.0	5.59	-1.778	-7.260	nan
8548.088	22.0	1.87	-1.314	-7.750	nan
8548.852	24.0	2.71	-2.197	-7.780	nan
8549.164	607.0	0.96	-1.073	0.000	7.63
8550.353	14.0	6.22	-1.629	-7.040	nan
8550.865	607.0	0.88	-1.071	0.000	7.63
8554.255	26.0	5.83	-1.453	-7.430	nan
8554.381	607.0	0.83	-1.560	0.000	7.63
8555.563	607.0	0.89	-0.648	0.000	7.63
8555.902	14.0	5.62	-3.127	-7.320	nan
8555.920	607.0	0.759	-3.323	0.000	7.63
8555.937	607.0	0.77	-2.647	0.000	7.63
8556.507	607.0	0.9	-0.814	0.000	7.63
8556.676	58.1	0.7	-0.501	0.000	nan
8556.795	14.0	5.87	-0.192	-7.330	nan
8556.880	607.0	0.92	-1.380	0.000	7.63
8557.057	607.0	1.18	-0.474	0.000	7.63
8558.595	25.0	5.7	0.034	-7.570	nan
8559.040	27.0	4.24	-0.367	-7.550	nan
8559.738	26.0	5.11	-1.917	-7.710	nan
8560.000	56.0	1.41	0.946	0.000	nan
8561.605	26.0	5.72	-1.311	-7.330	nan
8562.104	26.0	4.47	-2.007	-7.550	nan
8562.133	607.0	1.06	-1.032	0.000	7.63
8562.364	607.0	0.91	-0.783	0.000	7.63
8563.827	607.0	0.9	-1.014	0.000	7.63
8570.659	24.0	5.32	0.202	-7.490	nan
8571.080	40.0	1.53	0.589	0.000	nan
8571.320	14.0	6.19	-1.906	-7.130	nan
8571.798	822.0	0.63	-0.748	0.000	6.94
8571.804	26.0	5.01	-1.112	-7.480	nan
8571.892	16.0	8.7	-0.339	0.000	nan
8573.219	607.0	0.82	-0.911	0.000	7.63
8573.274	22.0	4.51	-4.325	-7.330	nan
8573.336	607.0	0.99	-0.860	0.000	7.63
8573.533	26.0	5.74	-1.318	-7.330	nan
8581.661	607.0	1.08	-1.091	0.000	7.63
8581.786	607.0	0.86	-1.340	0.000	7.63
8582.271	26.0	2.99	-2.080	-7.780	nan
8582.771	607.0	1.11	-0.937	0.000	7.63
8582.890	607.0	0.94	-0.934	0.000	7.5
8582.906	24.0	5.67	0.044	-7.510	nan
8583.322	20.0	4.44	-0.632	-6.750	nan
8584.093	607.0	0.84	-1.237	0.000	7.63
8591.175	607.0	0.81	-0.939	0.000	7.63
8591.490	607.0	0.84	-1.151	0.000	7.63
8591.530	607.0	1.01	-0.892	0.000	7.63
8591.530	60.1	1.36	-1.530	0.000	nan
8592.121	26.0	5.01	-1.988	-7.570	nan
8592.909	58.1	0.61	-0.375	0.000	nan
8592.960	26.0	4.96	-0.907	-7.500	nan
8593.130	26.0	5.70	-1.008	-7.290	nan
8595.968	14.0	6.191	-0.831	-6.680	nan
8597.060	14.0	6.19	-1.133	-7.130	nan
8597.089	607.0	0.96	-3.278	0.000	7.63
8597.123	58.1	0.74	-0.983	0.000	nan
8597.276	26.0	5.27	-2.002	-7.510	nan
8597.373	607.0	0.89	-1.365	0.000	7.63
8598.807	26.0	5.94	-4.050	-7.150	nan
8598.829	26.0	4.39	-1.258	-7.550	nan
8598.871	23.0	2.58	0.496	-7.780	nan
8605.646	607.0	0.9	-1.311	0.000	7.63
8605.683	26.0	5.97	-1.545	-7.120	nan
8605.721	607.0	0.84	-1.685	0.000	7.63
8606.012	14.0	5.95	-1.993	-7.190	nan
8606.373	28.0	5.28	-0.669	-7.520	nan
8607.080	26.0	5.01	-1.391	-7.500	nan
8607.182	26.0	5.69	-2.029	-7.320	nan
8608.339	607.0	0.73	-0.651	0.000	7.63
8610.057	607.0	1.04	-0.923	0.000	7.63
8610.164	607.0	0.86	-1.114	0.000	7.63
8610.488	26.0	5.82	-1.470	-7.350	nan
8610.610	26.0	4.43	-1.785	-7.550	nan
8611.319	607.0	1.02	-1.850	0.000	7.63
8611.615	607.0	0.9	-6.456	0.000	7.63
8611.654	607.0	0.98	-5.728	0.000	7.63
8611.812	26.0	2.85	-1.706	-7.644	nan
8611.812	27.0	4.11	-1.277	-7.550	nan
8613.939	26.0	4.99	-1.074	-7.470	nan
8614.266	607.0	0.91	-1.423	0.000	7.63
8615.325	26.0	5.83	-0.993	-7.230	nan
8615.351	822.0	1.04	-0.079	0.000	6.94
8615.400	607.0	0.74	-2.340	0.000	7.63
8616.251	26.0	5.95	-10.000	-7.120	nan
8616.280	26.0	4.91	-0.889	-7.520	nan
8617.040	62.1	1.49	0.159	0.000	nan
8621.610	26.0	2.95	-2.221	-7.780	nan
8622.749	607.0	0.86	-0.484	-0.357	7.5
8622.909	607.0	1.07	-0.736	0.000	7.63
8623.191	607.0	0.92	-1.363	0.000	7.63
8635.147	607.0	0.922	-1.169	0.000	7.63
8636.228	24.0	2.709	-2.544	-7.780	nan
8636.527	26.0	4.58	-3.030	-7.710	nan
8636.953	607.0	1.414	-8.600	0.000	7.63
8636.992	28.0	3.847	-1.763	-7.560	nan
8637.710	26.0	5.844	-2.062	-7.370	nan
8638.165	607.0	0.878	-1.343	0.000	7.63
8639.169	26.0	5.947	-1.901	-7.120	nan
8639.279	607.0	1.052	-1.413	0.000	7.63
8639.594	607.0	0.855	-1.513	0.000	7.63
8639.682	607.0	1.068	-1.412	0.000	7.63
8646.371	14.0	6.21	-1.669	-7.120	nan
8646.484	26.0	4.21	-3.884	-7.540	nan
8647.850	26.0	5.72	-1.321	-7.320	nan
8648.040	26.0	5.88	-1.170	-7.450	nan
8648.366	607.0	1.09	-1.525	0.000	7.63
8648.465	14.0	6.21	0.186	-7.130	nan
8648.688	607.0	0.91	-1.388	0.000	7.63
8648.716	20.0	4.55	-0.697	-6.52	nan
8648.892	607.0	0.87	-1.310	0.000	7.63
8649.195	607.0	1.18	-0.949	0.000	7.63
8649.360	607.0	1.02	-1.056	0.00	7.63
8652.480	26.0	4.15	-2.781	-7.540	nan
8654.082	26.0	4.97	-2.241	-7.500	nan
8654.423	26.0	3.30	-3.417	-7.730	nan
8656.673	26.0	5.02	-1.824	-7.570	nan
8661.068	27.0	2.72	-4.855	-7.810	nan
8661.177	14.0	6.21	-8.340	-7.130	nan
8661.285	26.0	5.95	-7.444	-7.170	nan
8661.899	26.0	2.22	-1.637	-7.725	nan
8662.138	20.1	1.69	-0.821	-7.675	nan
8662.197	20.1	1.69	-2.912	-7.675	nan
8662.217	20.1	1.69	-10.000	-7.675	nan
8662.251	20.1	1.69	-2.616	-7.676	nan
8662.304	20.1	1.69	-6.789	-7.676	nan
8662.358	20.1	1.69	-2.966	-7.676	nan
8663.717	26.0	4.99	-1.287	-7.530	nan
8665.022	1.0	12.09	-1.640	13.000	nan
8667.366	26.0	2.45	-5.063	-7.820	nan
8667.380	14.0	5.96	-1.923	-7.190	nan
8668.440	16.0	8.41	-0.158	-7.080	nan
8668.569	607.0	0.936	-1.463	0.000	7.63
8668.914	21.0	4.192	-2.986	-7.540	nan
8670.200	16.0	7.87	-0.698	-6.992	nan
8670.627	16.0	7.87	-0.366	-6.992	nan
8671.300	16.0	7.87	-0.522	-6.992	nan
8671.860	26.0	5.02	-1.473	-7.500	nan
8672.019	25.0	4.42	-0.986	-7.660	nan
8674.756	26.0	2.83	-1.626	-7.647	nan
8674.836	64.0	1.401	-1.627	0.0	nan
8675.293	607.0	1.25	-5.675	0.000	7.63
8675.372	22.0	1.07	-1.589	-7.681	nan
8675.779	26.0	3.64	-7.118	-7.820	nan
8675.791	26.0	4.99	-2.233	-7.490	nan
8686.351	14.0	6.21	-0.874	-7.130	nan
8686.723	607.0	0.94	-1.302	0.000	7.63
8686.780	26.0	4.99	-2.135	-7.570	nan
8686.918	607.0	1.39	-0.994	0.000	7.63
8687.820	607.0	1.15	-0.956	0.000	7.63
8688.274	607.0	0.92	-1.120	0.000	7.63
8688.642	26.0	2.18	-1.215	-7.732	nan
8688.848	607.0	0.96	-7.025	0.000	7.63
8688.852	22.0	3.06	-1.977	-7.770	nan
8689.298	38.1	6.95	0.157	0.000	nan
8689.700	26.0	3.05	-3.777	-7.770	nan
8689.817	607.0	0.91	-5.644	0.000	7.63
8689.859	26.0	5.11	-1.617	-7.690	nan
8690.055	607.0	1.08	-1.062	0.000	7.63
8690.083	23.0	3.31	-0.766	-7.520	nan
8691.303	60.1	1.35	-4.953	0.000	nan
8691.327	28.0	5.36	-1.658	-7.270	nan
8693.897	607.0	1.159	-0.566	0.000	7.63
8693.980	16.0	7.87	-0.674	-6.992	nan
8694.084	607.0	1.005	-1.426	0.000	7.63
8694.640	16.0	7.87	0.111	-6.992	nan
8695.126	607.0	1.02	-1.346	0.000	7.63
8695.170	60.1	1.699	-0.865	0.000	nan
8695.306	607.0	0.936	-1.355	0.000	7.63
8696.409	607.0	1.244	-0.943	0.000	7.63
8696.895	26.0	5.829	-2.303	-7.350	nan
8698.408	607.0	1.02	-1.237	0.000	7.63
8698.706	26.0	2.99	-3.351	-7.790	nan
8699.454	26.0	4.96	-0.397	-7.510	nan
8700.327	26.0	4.96	-2.130	-7.530	nan
8700.939	607.0	0.92	-1.825	0.000	7.63
8700.949	25.0	4.43	-0.692	-6.660	nan
8701.155	607.0	0.99	-0.998	0.000	7.63
8709.269	607.0	1.18	-0.756	0.000	7.63
8709.560	607.0	0.99	-1.196	0.000	7.63
8709.562	20.0	4.53	-1.898	-6.590	nan
8710.164	25.0	4.27	-3.076	-7.770	nan
8710.175	12.0	5.93	-1.706	0.000	nan
8710.392	26.0	4.91	-0.297	-7.510	nan
8711.670	7.0	10.33	0.095	-7.443	nan
8712.449	607.0	0.94	-1.060	0.000	7.63
8712.690	12.0	5.93	-1.213	0.000	nan
8712.827	60.1	1.14	-1.061	0.000	nan
8712.885	26.0	5.68	-1.255	-7.290	nan
8713.184	27.0	1.71	-2.235	-7.810	nan
8713.208	26.0	2.95	-6.803	-7.780	nan
8713.208	26.0	4.99	-0.700	-7.500	nan
8713.858	607.0	1.11	-0.847	0.000	7.63
8717.511	26.0	5.33	-1.946	-7.510	nan
8717.825	12.0	5.93	-0.955	0.000	nan
8717.856	62.1	1.59	-3.717	0.000	nan
8718.073	607.0	1.2	-0.338	0.000	7.63
8718.815	607.0	1.05	-0.786	0.000	7.63
8725.046	20.0	4.535	-2.108	-6.590	nan
8725.214	26.0	5.946	-1.159	-7.190	nan
8725.791	22.0	1.734	-2.610	-7.750	nan
8725.931	607.0	1.277	-0.956	0.000	7.63
8726.110	22.0	3.709	-0.621	-7.540	nan
8726.234	607.0	1.198	-1.370	0.000	7.63
8726.769	607.0	1.335	-1.134	0.000	7.63
8727.130	26.0	4.186	-2.821	-7.800	nan
8727.979	22.0	3.709	-2.075	-7.540	nan
8728.010	14.0	6.181	-0.254	-7.130	nan
8728.022	607.0	1.559	-10.000	0.000	7.63
8728.419	607.0	1.052	-1.011	0.000	7.63
8728.594	14.0	6.181	-1.537	-7.130	nan
8728.847	607.0	1.052	-0.900	0.000	7.63
8729.143	26.0	3.415	-2.872	-7.730	nan
8729.282	14.0	6.181	-1.785	-7.130	nan
8729.333	607.0	0.976	-1.230	0.000	7.63
8729.493	607.0	1.452	-0.836	0.000	7.63
8729.746	25.0	5.724	-0.702	-7.570	nan
8730.186	607.0	1.206	-0.848	0.000	7.63
8730.330	26.0	5.849	-1.747	-7.330	nan
8730.497	22.0	3.351	-1.637	-7.750	nan
8730.678	607.0	1.013	-1.173	0.000	7.63
8730.712	607.0	1.218	-1.533	0.000	7.63
8730.897	607.0	1.131	-1.037	0.000	7.63
8734.710	22.0	1.05	-2.256	-7.683	nan
8736.031	12.0	5.95	-0.364	-6.450	nan
8736.044	58.1	0.621	-3.83	0.0	nan
8737.128	25.0	4.43	-5.955	-7.660	nan
8737.136	25.0	4.43	-5.308	-7.660	nan
8737.202	25.0	4.43	-1.371	-7.660	nan
8737.255	25.0	4.43	-1.571	-7.660	nan
8737.263	25.0	4.43	-1.414	-7.660	nan
8740.687	25.0	4.43	-0.708	-7.660	nan
8740.770	25.0	4.43	-5.673	-7.660	nan
8740.836	25.0	4.43	-0.855	-7.660	nan
8740.841	25.0	4.43	-3.078	-7.660	nan
8740.907	25.0	4.43	-5.127	-7.660	nan
8740.960	25.0	4.43	-0.862	-7.660	nan
8740.966	25.0	4.43	-2.778	-7.660	nan
8741.019	25.0	4.43	-2.169	-7.660	nan
8741.060	25.0	4.43	-1.033	-7.660	nan
8741.067	25.0	4.43	-7.182	-7.660	nan
8741.108	25.0	4.43	-5.584	-7.660	nan
8741.138	25.0	4.43	-1.494	-7.660	nan
8741.144	25.0	4.43	-3.670	-7.660	nan
8741.194	25.0	4.43	-1.582	-7.660	nan
8741.704	607.0	1.155	-1.069	0.000	7.63
8742.460	14.0	5.871	-0.355	-7.330	nan
8743.505	26.0	5.273	-1.968	-7.510	nan
8743.531	24.0	3.368	-2.494	-7.780	nan
8743.720	607.0	1.239	-1.104	0.000	7.63
8743.923	607.0	1.086	-1.158	0.000	7.63
8744.316	27.0	5.241	-0.237	-7.550	nan
8744.731	607.0	1.362	-0.923	0.000	7.63
8745.423	607.0	1.04	-0.873	0.000	7.63
8747.435	26.0	3.02	-3.299	-7.780	nan
8749.173	607.0	0.975	-0.959	0.000	7.63
8749.480	40.0	0.603	-0.527	0.000	nan
8749.796	22.0	3.69	0.031	-7.540	nan
8749.943	26.0	5.067	-2.279	-7.750	nan
8750.181	22.0	4.24	0.755	-7.450	nan
8750.645	607.0	1.31	-0.461	0.000	7.63
8750.935	26.0	5.896	-1.135	-7.450	nan
8750.992	607.0	0.989	-8.601	0.000	7.63
8751.004	607.0	1.362	-4.045	0.000	7.63
8751.195	14.0	5.87	-1.601	-7.330	nan
8751.435	607.0	1.485	-0.432	0.000	7.63
8751.617	607.0	1.239	-0.658	0.000	7.63
8751.625	607.0	1.235	-1.024	0.000	7.63
8751.938	22.0	4.213	-2.611	-7.450	nan
8752.025	14.0	5.87	-0.202	-7.330	nan
8752.242	607.0	1.038	-0.715	0.000	7.63
8753.112	607.0	1.086	-0.794	0.000	7.63
8753.252	607.0	1.596	-0.737	0.000	7.63
8753.485	24.0	3.369	-1.996	-7.780	nan
8753.635	607.0	1.082	-1.092	0.000	7.63
8754.002	22.0	4.225	0.106	-7.450	nan
8755.750	26.0	5.35	-1.551	-7.510	nan
8757.029	607.0	1.1	-0.845	0.000	7.63
8756.987	26.0	5.995	-4.189	-7.11	nan
8757.195	26.0	2.845	-1.895	310.26	nan
8757.307	26.0	6.017	-2.503	-7.33	nan
8763.976	26.0	4.65	-0.039	-7.540	nan
8764.940	14.0	6.22	-2.084	-7.050	nan
8769.284	607.0	1.39	-1.161	0.000	7.63
8769.913	58.1	0.553	-1.497	0.000	nan
8770.187	20.0	4.554	-1.740	-6.600	nan
8770.492	607.0	1.121	-1.361	0.000	7.63
8770.632	607.0	1.345	-4.156	0.000	7.63
8770.678	28.0	2.74	-2.804	-7.810	nan
8770.853	607.0	1.281	-0.957	0.000	7.63
8771.128	22.0	3.715	-0.834	-7.540	nan
8771.273	26.0	5.313	-2.442	-7.520	nan
8771.821	26.0	4.985	-2.589	-7.500	nan
8772.135	58.1	0.357	-1.652	0.000	nan
8772.530	26.0	5.946	-0.873	-7.280	nan
8772.865	13.0	4.021	-0.461	-6.675	nan
8772.888	607.0	1.114	0.137	0.000	7.63
8773.521	607.0	1.265	-4.830	0.000	7.63
8773.553	24.0	4.41	-1.300	-7.640	nan
8773.827	607.0	1.518	-6.535	0.000	7.63
8773.896	13.0	4.021	-0.159	-6.675	nan
8773.899	13.0	4.021	-1.412	-6.675	nan
8773.921	58.1	0.232	-0.516	0.000	nan
8774.220	607.0	1.065	-1.331	0.000	7.63
8775.010	21.0	3.172	-0.644	-7.720	nan
8775.359	607.0	1.04	-1.249	0.000	7.63
8775.533	607.0	1.004	-1.516	0.000	7.63
8775.833	607.0	1.345	-0.924	0.000	7.63
8776.165	607.0	1.062	-1.675	0.000	7.63
8776.295	26.0	5.966	-2.225	-7.120	nan
8778.125	607.0	1.204	-1.081	0.000	7.63
8778.261	12.0	6.118	-2.980	0.000	nan
8778.570	607.0	1.02	-1.541	0.000	7.63
8778.686	22.0	1.748	-2.116	-7.810	nan
8778.881	607.0	1.114	-1.146	0.000	7.63
8779.004	607.0	1.518	-0.853	0.000	7.63
8779.110	26.0	4.23	-2.926	-7.540	nan
8779.287	607.0	1.121	-1.192	0.000	7.63
8780.136	22.0	1.873	-2.820	-7.760	nan
8780.597	62.1	1.304	-3.858	0.000	nan
8780.610	26.0	5.682	-1.577	-7.320	nan
8780.703	12.0	5.945	-5.826	0.000	nan
8780.730	58.1	2.145	-2.515	0.000	nan
8780.751	14.0	6.222	-1.187	-7.060	nan
8781.895	607.0	1.418	-1.033	0.000	7.63
8782.773	22.0	3.717	-0.670	-7.540	nan
8784.313	22.0	3.92	-0.056	-7.600	nan
8784.440	26.0	4.96	-1.175	-7.530	nan
8784.824	607.0	1.63	-0.457	0.000	7.63
8785.115	607.0	1.03	-0.939	0.000	7.63
8790.050	607.0	1.29	-0.561	0.000	7.63
8790.389	14.0	6.19	-0.387	-7.130	nan
8790.521	26.0	4.99	-0.586	-7.500	nan
8792.882	607.0	1.14	-2.174	0.000	7.63
8792.965	14.0	6.19	-1.531	-7.130	nan
8793.120	11.0	3.62	-0.647	0.000	nan
8793.352	26.0	4.61	0.005	-7.540	nan
8795.871	607.0	1.29	-0.821	0.000	7.63
8796.321	607.0	1.38	-0.750	0.000	7.63
8796.353	24.0	4.45	-3.482	-7.770	nan
8796.484	26.0	4.96	-1.237	-7.530	nan
8796.648	607.0	1.09	-1.023	0.000	7.63
8796.665	607.0	1.55	-0.930	0.000	7.63
8798.064	58.1	0.27	-6.155	0.000	nan
8798.072	26.0	4.99	-1.828	-7.520	nan
8803.796	607.0	1.23	-0.603	0.000	7.63
8803.928	28.0	5.53	-1.299	-7.490	nan
8804.615	607.0	1.15	-10.000	0.000	7.63
8804.631	26.0	2.28	-3.173	294.24	nan
8805.169	607.0	1.67	-1.870	0.000	7.63
8805.225	26.0	4.91	-1.967	-7.550	nan
8805.430	26.0	5.35	-2.120	-7.510	nan
8805.625	607.0	1.08	-8.293	0.000	7.63
8806.775	12.0	4.35	-0.207	0.000	nan
8807.623	26.0	5.97	-4.097	-7.120	nan
8807.646	607.0	1.05	-2.711	0.000	7.63
8808.170	26.0	5.01	-0.998	-7.490	nan
8809.226	26.0	5.01	-2.721	-7.530	nan
8809.247	26.0	6.27	-0.837	-7.540	nan
8809.415	28.0	3.9	-1.358	-7.560	nan
8809.812	26.1	6.72	-1.794	-7.891	nan
8816.183	607.0	1.25	-0.888	0.000	7.63
8816.885	26.0	4.99	-1.666	-7.520	nan
8817.016	22.0	0.9	-3.246	-7.770	nan
8818.689	607.0	1.33	-0.625	0.000	7.63
8823.835	21.0	3.19	-2.120	-7.720	nan
8824.230	26.0	2.2	-1.540	-7.730	nan
8824.398	26.0	5.83	-1.913	-7.310	nan
8836.953	26.0	5.828	-3.837	-7.14	nan
8836.959	607.0	1.2	-1.101	0.000	7.63
8836.999	12.0	6.12	-2.207	0.000	nan
8838.435	26.0	2.86	-1.787	-7.790	nan
8846.740	26.0	5.01	-0.715	-7.500	nan
8862.056	26.0	5.36	-1.075	-7.510	nan
8862.550	28.0	4.09	-0.491	-7.560	nan
8863.587	26.0	4.97	-1.538	-7.540	nan
8866.613	607.0	1.18	-0.814	0.000	7.63
8866.731	26.0	5.33	-1.965	-7.510	nan
8866.941	26.0	4.55	0.200	-7.540	nan
8867.382	62.1	1.38	-0.360	0.000	nan
8868.435	26.0	3.02	-2.609	-7.790	nan
8868.497	26.0	5.31	-2.077	-7.520	nan
8872.811	26.0	5.348	-2.847	-7.360	nan
8873.400	6.0	9.00	-1.256	-7.220	nan
8873.793	607.0	1.654	-7.870	0.000	7.63
8873.799	26.0	5.72	-1.941	-7.310	nan
8874.091	607.0	1.155	-1.171	0.000	7.63
8874.480	16.0	8.42	0.087	-6.667	nan
8874.828	26.0	5.989	-5.421	-7.120	nan
8874.847	26.0	6.995	-0.915	-7.510	nan
8875.988	26.0	4.58	-10.000	-7.770	nan
8876.024	26.0	5.02	-1.020	-7.490	nan
8876.051	58.1	0.53	-2.115	0.000	nan
8876.339	20.0	4.62	-1.135	-6.580	nan
8876.362	607.0	1.33	-1.245	0.000	7.63
8877.028	28.0	5.49	-0.565	-7.530	nan
8891.410	26.0	5.33	-1.342	-7.510	nan
8892.135	26.0	5.03	-2.218	-7.470	nan
8892.702	607.0	1.69	-5.798	0.000	7.63
8892.725	14.0	5.98	-0.740	-6.800	nan
8895.104	607.0	1.179	-1.120	0.000	7.63
8895.378	25.0	4.32	-2.005	-7.770	nan
8895.984	26.0	4.434	-2.850	-7.550	nan
8896.217	26.0	5.947	-1.641	-7.220	nan
8896.328	607.0	1.14	-1.143	0.000	7.63
8897.285	607.0	1.362	-0.876	0.000	7.63
8897.333	26.0	5.273	-2.371	-7.510	nan
8897.899	26.0	4.913	-1.881	-7.540	nan
8898.463	607.0	1.689	-0.807	0.000	7.63
8899.231	14.0	6.222	-0.920	-7.070	nan
8899.311	58.1	0.445	-2.989	0.000	nan
8899.520	40.0	1.583	0.167	0.000	nan
8899.830	607.0	1.281	-0.941	0.000	7.63
8900.521	26.0	4.260	-4.381	-7.540	nan
8900.806	25.0	5.611	-1.414	-7.360	nan
8901.418	20.0	4.534	-1.543	-6.690	nan
8902.180	19.0	2.67	-0.648	0.000	nan
8902.419	607.0	1.128	-1.352	0.000	7.63
8902.560	607.0	1.179	-1.400	0.000	7.63
8902.708	26.0	5.371	-2.321	-7.510	nan
8902.924	26.0	4.988	-1.828	-7.530	nan
8903.144	108.0	1.299	-6.953	0.000	4.395
8903.287	26.0	5.913	-1.917	-7.460	nan
8903.319	108.0	1.195	-6.545	0.000	4.395
8903.407	607.0	1.362	-3.107	0.000	7.63
8903.417	23.0	1.350	-5.707	-7.780	nan
8903.511	39.1	7.969	-0.725	-7.440	nan
8903.541	106.0	1.640	-6.160	0.000	3.47
8903.542	22.0	4.458	-5.499	-7.39	nan
8903.568	69.1	5.367	-2.25	0.0	nan
8903.573	58.1	3.886	-2.75	0.0	nan
8903.630	607.0	1.596	-0.499	0.0	7.63
8903.709	606.0	2.151	-5.466	0.0	6.25
8903.714	22.0	3.943	-6.498	-7.46	nan
8903.754	607.0	0.504	-6.28	0.0	7.63
8903.754	607.0	1.362	-0.55	0.0	7.63
8903.821	23.0	3.215	-3.488	-7.53	nan
8903.932	108.0	1.427	-8.482	0.0	4.395
8903.969	606.0	2.261	-7.371	0.0	6.25
8903.996	26.0	5.872	-1.558	-7.28	nan
8904.001	607.0	1.159	-1.816	0.0	7.63
8904.010	19.0	2.670	-0.816	-6.86	nan
8904.022	607.0	1.596	-2.9	0.0	7.63
8904.027	24.0	6.649	-5.065	-6.62	nan
8904.093	606.0	2.261	-7.62	0.0	6.25
8904.097	24.0	4.532	-5.359	-7.68	nan
8904.099	21.1	9.228	-1.921	-7.4	nan
8904.103	606.0	2.261	-7.575	0.0	6.25
8904.157	606.0	2.152	-5.961	0.0	6.25
8904.232	6.0	9.330	-3.87	-7.13	nan
8904.322	607.0	1.343	-3.656	0.0	7.63
8904.322	22.0	0.899	-6.782	-7.77	nan
8904.334	6.0	9.330	-1.193	-7.13	nan
8904.342	6.0	9.002	-5.457	-7.27	nan
8904.345	108.0	1.195	-6.545	0.0	4.395
8904.384	26.0	5.844	-2.681	-7.3	nan
8904.392	24.1	9.684	-6.776	-7.7	nan
8904.464	23.1	8.007	-4.049	-7.69	nan
8904.465	26.0	5.971	-4.87	-7.26	nan
8904.496	607.0	1.469	-0.74	0.0	7.63
8904.527	25.1	9.864	-7.482	-7.74	nan
8904.563	606.0	2.152	-5.649	0.0	6.25
8904.626	108.0	2.554	-7.946	0.0	4.395
8904.657	27.0	5.356	-0.201	-7.550	nan
8904.678	606.0	2.152	-5.968	0.000	6.25
8904.687	22.1	9.067	-4.108	-7.480	nan
8904.695	606.0	1.957	-8.712	0.000	6.25
8904.757	23.0	4.013	-5.97	-7.470	nan
8904.825	22.0	2.153	-2.326	-7.720	nan
8904.924	25.1	9.007	-3.422	-7.880	nan
8905.028	20.0	4.441	-1.634	-6.860	nan
8905.035	23.0	4.053	-9.752	-7.540	nan
8905.084	606.0	1.957	-5.763	0.000	6.25
8905.749	41.0	1.490	1.0	0.000	nan
8905.991	26.0	5.063	-1.282	-7.480	nan
8906.092	26.0	5.341	-2.181	-7.510	nan
8906.430	607.0	1.276	-1.155	0.000	7.63
8906.821	26.0	5.72	-2.155	-7.290	nan
8907.050	26.0	5.896	-1.609	-7.430	nan
8907.942	26.0	4.58	-3.305	-7.700	nan
8908.288	26.0	4.955	-3.082	-7.540	nan
8908.793	607.0	1.303	-1.035	0.000	7.63
8908.803	607.0	1.452	-0.987	0.000	7.63
8909.041	607.0	1.235	-1.005	0.000	7.63
8909.110	607.0	1.216	-1.112	0.000	7.63
8909.182	20.0	4.441	-1.061	-6.860	nan
8910.126	607.0	1.596	-0.767	0.000	7.63
8910.769	24.0	4.401	-1.095	-7.640	nan
8910.948	58.1	0.435	-1.800	0.000	nan
8911.380	20.0	4.43	-1.334	-6.850	nan
8912.090	20.1	7.047	0.944	-7.512	nan
8912.192	58.1	1.205	-0.289	0.000	nan
8912.479	607.0	1.494	-3.784	0.000	7.63
8912.900	13.0	4.085	-2.038	0.000	nan
8913.006	607.0	1.159	-1.708	0.000	7.63
8913.050	22.0	4.471	-0.459	-7.530	nan
8913.201	607.0	1.139	-0.967	0.000	7.63
8913.240	607.0	1.159	-1.338	0.000	7.63
8913.339	607.0	1.139	-1.512	0.000	7.63
8913.562	62.1	1.493	-0.845	0.000	nan
8913.609	26.0	6.581	-1.416	-7.390	nan
8913.657	26.0	5.989	-1.872	-7.140	nan
8913.697	62.1	1.445	-0.766	0.000	nan
8913.746	606.0	2.056	-3.966	0.000	6.25
8913.838	606.0	2.056	-3.973	0.000	6.25
8913.904	23.1	7.951	-3.180	-7.690	nan
8913.920	20.0	5.902	-3.910	-6.740	nan
8913.944	25.1	8.795	-3.977	-7.700	nan
8913.966	606.0	2.056	-7.605	0.000	6.25
8913.999	21.0	3.807	-5.592	-7.480	nan
8914.030	607.0	1.452	-1.920	0.000	7.63
8914.168	606.0	2.056	-3.979	0.000	6.25
8914.172	26.1	9.171	-7.236	-7.730	nan
8914.194	22.0	2.16	-3.281	-7.720	nan
8914.202	26.0	5.742	-4.976	-7.320	nan
8914.262	26.0	5.84	-5.494	-7.140	nan
8914.339	27.0	5.002	-3.761	-7.480	nan
8914.340	606.0	2.03	-9.383	0.000	6.25
8914.374	26.0	5.273	-2.425	-7.510	nan
8914.405	22.1	8.982	-4.011	-7.580	nan
8914.423	24.0	6.182	-4.482	-7.560	nan
8914.446	607.0	1.452	-0.860	0.000	7.63
8914.516	24.0	6.014	-0.180	-7.260	nan
8914.535	24.0	6.327	-1.541	-6.800	nan
8914.611	20.0	6.042	-9.197	-7.010	nan
8914.719	22.1	6.97	-3.089	-7.690	nan
8914.733	606.0	1.77	-10.522	0.000	6.25
8914.783	6.0	9.33	-7.452	-7.130	nan
8914.796	26.0	5.334	-2.531	-7.510	nan
8914.797	108.0	1.35	-7.653	0.000	4.395
8914.850	23.0	4.013	-7.016	-7.530	nan
8914.852	26.0	5.966	-7.785	-7.180	nan
8914.885	24.0	4.439	-6.086	-7.630	nan
8914.985	56.0	6.18	-9.211	-7.010	nan
8918.650	607.0	1.39	-0.247	0.000	7.63
8920.025	26.0	5.06	-0.320	-7.530	nan
8942.893	26.0	4.96	-1.762	-7.540	nan
8943.065	26.0	2.83	-3.005	-7.790	nan
8945.161	26.0	5.36	-10.000	-7.510	nan
8945.189	26.0	5.03	-0.225	-7.530	nan
8945.208	22.0	3.87	0.438	-7.550	nan
8945.230	26.0	6.33	-0.094	-7.160	nan
8945.738	607.0	1.23	-1.122	0.000	7.63
8946.260	26.0	2.85	-2.486	-7.790	nan
8947.182	24.0	3.1	-0.780	-7.800	nan
