# Wavelength     ele     EP     newloggf  vdwaals    Do    EW     loggf    diff%   EWdiff
5339.188	20.1	8.44	-0.326	-7.196	nan	3.8	-0.334	2.4	0.0
5339.416	26.0	4.43	-2.484	-7.51	nan	4.57	-2.166	-14.7	0.0
5339.417	21.0	1.95	-0.878	-7.56	nan	0.25	-0.566	-55.1	0.0
5339.421	58.1	0.82	-2.06	0.0	nan	0.08	-1.81	-13.8	0.0
5339.516	27.0	4.23	-0.168	-7.51	nan	16.2	-0.168	286.3	0.0
5339.929	26.0	3.27	-0.647	-7.221	nan	148.9	-0.647	-29.2	0.06
5340.184	822.0	0.73	-0.128	0.0	6.94	0.0	0.745	117.2	0.0
5340.189	26.0	4.29	-2.212	-7.52	nan	10.63	-2.958	25.2	0.0
5340.224	606.0	1.3	0.584	0.0	6.25	2.37	-0.115	607.8	0.0
5340.447	24.0	3.44	-0.695	-7.262	nan	16.6	-0.856	18.8	-0.02
5340.655	57.1	2.26	-0.46	0.0	nan	1.54	-0.46	156.5	0.0
5340.666	22.0	0.82	-3.09	-7.65	nan	4.76	-3.09	23.6	0.0
5340.966	112.0	0.7	-1.213	0.0	1.34	0.0	-1.213	136.7	2.07
5341.024	26.0	1.61	-1.953	-7.68	nan	100.41	-1.953	-37.8	0.03
5341.053	25.0	2.11	-1.401	-7.74	nan	3.21	-1.401	-125.3	0.0
5341.060	21.0	1.94	-1.675	-0.488	nan	0.04	-0.488	-243.2	0.0
5341.132	26.1	11.18	-6.951	-7.74	nan	0.0	-6.951	0.0	0.0
5341.327	27.0	4.15	0.089	-7.51	nan	12.3	0.064	-39.1	0.0
5341.489	22.0	3.06	-0.521	-7.58	nan	2.22	-1.197	56.5	0.0
5341.524	58.1	0.67	-2.049	0.0	nan	0.12	-2.33	12.1	0.0
5342.701	27.0	4.02	0.501	-7.51	nan	30.3	0.741	32.4	0.0
5343.380	27.0	4.03	-0.226	-7.51	nan	10.86	-0.226	-456.2	0.0
5343.438	26.0	4.37	-0.971	-7.51	nan	54.81	-0.971	-1.3	-0.01
5344.455	25.0	5.38	0.399	-7.59	nan	9.44	0.399	-18.0	0.0
5344.538	23.0	1.89	-2.648	-7.78	nan	0.02	-2.148	-23.3	0.0
5344.568	27.0	4.03	-0.967	-7.51	nan	1.65	-0.444	-117.8	0.0
5344.585	24.0	3.89	-3.107	-7.54	nan	0.03	-2.607	-19.2	0.0
5344.756	24.0	3.45	-1.049	-7.26	nan	8.1	-0.99	-6.0	0.0
5345.512	58.1	0.52	-1.614	0.0	nan	0.46	-2.27	28.9	0.0
5345.538	24.0	3.46	-1.857	-7.55	nan	6.24	-1.857	37.4	0.0
5345.588	6.0	8.85	-2.251	-7.13	nan	0.0	-2.251	-0.0	0.0
5345.796	24.0	1.0	-0.896	-7.62	nan	114.3	-0.896	-11.9	0.02
5346.066	24.1	3.83	-2.815	-7.86	nan	16.8	-2.815	19.1	0.0
5346.519	26.0	5.68	-0.892	-7.14	nan	15.16	-0.892	18.2	-0.02
5346.538	24.1	3.76	-2.948	-7.862	nan	5.19	-3.095	4.7	0.0
5346.547	58.0	0.27	-0.966	0.0	nan	0.0	-0.966	-0.0	0.0
5346.562	26.1	3.23	-4.935	-7.89	nan	1.86	-5.074	2.7	0.0
5346.586	106.0	1.25	-5.667	0.0	3.47	0.0	-5.667	0.0	0.0
5346.813	28.0	3.83	-2.252	-7.48	nan	3.26	-2.057	-9.5	0.0
5346.814	606.0	1.27	-0.304	0.0	6.25	0.34	-0.116	-162.1	0.0
5346.931	606.0	1.27	0.589	0.0	6.25	7.2	-0.122	582.8	-4.64
5347.497	27.0	4.15	-0.49	-7.51	nan	3.7	-0.174	-181.6	0.0
5347.708	28.0	3.8	-2.085	-7.222	nan	5.0	-2.04	-2.2	0.0
5348.017	822.0	0.78	-0.126	0.0	6.94	0.0	0.749	116.8	0.0
5348.043	26.0	5.39	-2.947	-7.16	nan	0.21	-2.931	-0.5	0.0
5348.054	25.0	3.38	-1.793	-7.77	nan	4.28	-1.78	-0.7	0.0
5348.061	68.0	1.16	-0.309	0.0	nan	0.01	-0.309	-0.0	0.0
5348.284	28.0	0.42	-5.01	-7.81	nan	0.0	-7.51	33.3	11.26
5348.314	24.0	1.0	-1.21	-7.62	nan	90.08	-1.21	-17.4	0.0
5348.352	26.0	5.65	-0.96	-7.39	nan	10.12	-0.9	-6.7	0.0
5348.707	23.0	1.85	-0.681	-7.8	nan	0.0	-3.181	78.6	2.2
5348.734	26.0	5.06	-2.067	-7.15	nan	3.12	-1.54	-34.2	0.0
5348.777	25.0	4.43	-2.408	-7.13	nan	0.11	-2.064	-16.7	0.0
5349.09	27.0	4.15	-0.466	-7.51	nan	3.9	-0.283	-64.7	0.0
5349.465	20.0	2.71	-0.311	-7.652	nan	95.0	-0.31	-0.3	0.04
5349.711	21.0	0.02	-2.11	-7.801	nan	1.14	-2.153	2.0	0.0
5349.737	26.0	4.39	-1.215	-7.166	nan	45.79	-1.3	6.5	-0.03
5349.757	23.1	2.28	-2.856	-7.86	nan	0.52	-2.887	1.1	0.0
5349.861	25.0	5.37	0.573	-7.59	nan	11.74	0.614	6.7	0.0
5350.089	40.1	1.83	-0.89	0.0	nan	5.0	-1.24	28.2	0.0
5352.028	23.0	2.68	0.145	-7.73	nan	2.3	-0.822	117.6	0.0
5352.040	27.0	3.58	-0.134	-7.242	nan	22.4	0.06	323.3	0.0
5353.374	26.0	4.1	-0.84	-7.262	nan	56.81	-0.84	-50.5	0.01
5353.391	28.0	1.95	-2.81	-7.771	nan	24.55	-2.81	-8.6	0.02
5353.407	24.0	4.62	-1.084	-7.79	nan	0.66	-0.92	-17.8	0.0
5353.498	27.0	4.15	0.377	-7.51	nan	20.72	0.637	40.8	0.0
5353.524	58.1	0.88	-0.512	0.0	nan	2.5	0.09	668.9	0.0
5358.113	26.0	3.3	-3.215	-7.8	nan	9.6	-3.671	12.4	-0.01
5358.920	27.0	4.15	-0.614	-7.51	nan	2.82	-0.466	-31.8	0.0
5358.928	24.0	4.53	-1.224	-7.75	nan	0.58	-1.083	-13.0	0.0
5359.199	27.0	4.15	-0.044	-7.51	nan	9.5	0.244	118.0	0.0
5359.224	606.0	1.33	0.188	0.0	6.25	0.91	-0.332	156.6	0.0
5359.498	19.0	1.62	-2.349	0.0	nan	0.23	-2.88	18.4	0.0
5359.508	58.1	1.78	0.04	0.0	nan	1.22	-0.49	108.2	0.0
5359.552	606.0	1.22	0.393	0.0	6.25	1.85	-0.135	391.1	0.0
5359.715	23.0	2.33	-0.011	-7.760	nan	3.9	-1.611	0.0	0.0
5361.361	607.0	0.689	-0.826	0.0	7.50	3.7	-4.192	0.0	0.0
5361.417	112.0	0.54	-1.777	0.0	1.34	0.02	-1.777	-0.0	0.0
5361.477	60.1	0.68	-0.095	0.0	nan	10.0	-0.370	0.0	0.0
5361.507	60.1	0.68	-0.432	0.0	nan	4.76	-0.37	-16.8	0.0
5361.516	26.0	4.96	-2.704	-7.38	nan	0.92	-1.985	-36.2	0.0
5361.617	25.0	4.27	-2.209	-7.77	nan	0.25	-2.225	0.7	0.0
5361.619	26.0	4.42	-1.300	-7.152	nan	35.79	-1.43	3.0	0.01
5362.751	26.0	0.99	-4.652	-7.860	nan	38.90	-12.802	0.0	0.0
5362.760	27.0	4.23	0.644	-7.51	nan	38.9	0.404	271.3	0.0
5362.848	112.0	1.03	-0.707	0.0	1.34	0.07	-0.644	-9.8	0.0
5362.861	26.1	3.2	-2.508	-7.878	nan	70.51	-2.616	0.5	-0.04
5364.419	25.0	2.89	-2.359	-7.77	nan	3.5	-2.5	19.8	0.0
5364.871	26.0	4.45	0.228	-7.136	nan	72.63	0.228	401.3	-0.01
5364.890	106.0	0.31	-1.41	0.0	3.47	66.07	-1.378	-2.3	0.0
5365.379	606.0	1.19	-0.136	0.0	6.25	0.59	-0.136	-0.0	0.0
5365.385	64.0	1.31	-0.192	0.0	nan	0.0	-0.192	-0.0	0.0
5365.399	26.0	3.57	-1.029	-7.82	nan	84.31	-1.02	-0.9	-0.03
5366.639	22.0	0.82	-2.687	-7.639	nan	2.32	-2.46	-9.2	0.0
5366.649	606.0	1.21	-0.311	0.0	6.25	0.38	-0.092	-238.0	0.0
5366.753	27.0	4.14	-0.817	-7.510	nan	3.8	-2.417	0.0	0.0
5367.422	112.0	1.13	0.403	0.0	1.34	0.0	-1.468	127.5	0.73
5367.466	26.0	4.42	0.443	-7.153	nan	125.02	0.443	108.4	-0.01
5367.487	606.0	1.29	-0.101	0.0	6.25	0.51	-0.332	69.6	0.0
5368.276	58.1	1.67	-0.340	0.0	nan	5.0	-2.340	0.0	0.0
5368.435	112.0	0.77	-0.556	0.0	1.34	0.18	-1.056	47.3	0.0
5368.436	26.0	4.96	-1.971	-7.28	nan	4.72	-2.458	19.8	0.0
5368.537	24.0	3.85	-0.803	-7.78	nan	6.1	-1.083	25.9	0.0
5368.889	27.0	3.53	-1.382	-7.73	nan	2.5	-1.382	0.0	0.0	
5369.310	58.0	0.29	-0.949	0.0	nan	0.0	-0.949	0.0	0.0
5369.350	24.1	3.87	-2.798	-7.862	nan	5.77	-3.045	8.1	-0.01
5369.390	40.0	0.6	-2.315	0.0	nan	0.03	-2.44	5.1	0.0
5369.564	26.0	5.09	-2.963	-7.25	nan	0.39	-2.854	-3.8	0.0
5369.571	26.0	5.69	-0.747	-7.14	nan	14.43	-0.432	-72.9	0.0
5369.585	27.0	4.26	-1.432	-7.45	nan	0.35	-1.174	-22.0	0.0
5369.590	27.0	1.74	-1.492	-7.665	nan	48.19	-1.65	-3.8	0.03
5369.961	26.0	4.37	0.143	-7.179	nan	149.4	0.536	73.3	0.0
5370.323	27.0	3.73	-0.386	-7.55	nan	25.0	-0.276	0.0	0.0	
5370.985	26.0	4.28	-2.836	-7.52	nan	2.9	-3.377	16.0	0.0
5371.33	28.0	4.42	-0.344	-7.276	nan	38.9	-0.31	-11.0	-0.02
5371.436	26.0	4.43	-2.221	-7.46	nan	8.0	-1.186	-87.3	0.0
5371.489	26.0	0.96	-1.645	-7.753	nan	63.71	-1.645	122.6	3030.72
5371.506	24.0	3.84	-1.404	-7.78	nan	1.67	-0.615	-128.3	0.0
5371.561	58.0	0.0	-1.324	0.0	nan	0.0	-1.324	-0.0	0.0
5371.93	60.1	1.41	0.073	0.0	nan	3.03	-0.165	144.2	0.0
5372.007	26.0	3.64	-4.244	-7.64	nan	0.48	-4.158	-2.1	0.0
5372.019	26.0	5.03	-2.345	-7.22	nan	1.79	-2.255	-4.0	0.0
5372.063	112.0	1.0	-0.832	0.0	1.34	0.06	-0.644	-29.2	0.0
5373.670	23.0	1.96	-2.133	-7.8	nan	0.06	-2.32	8.1	0.0
5373.701	24.0	3.85	-1.109	-7.78	nan	3.15	-1.081	-2.6	0.0
5373.709	26.0	4.47	-0.70	-7.123	nan	57.45	-0.86	-8.3	0.01
5374.123	112.0	1.04	0.136	0.0	1.34	0.48	-0.696	119.5	0.0
5374.145	26.0	5.03	-2.727	-7.28	nan	73.84	-2.727	91.7	-8.8
5374.27	112.0	0.73	-0.153	0.0	1.34	0.5	-1.106	86.2	0.0
5374.396	25.0	5.38	-0.205	-7.55	nan	3.6	-0.205	105.9	0.0
5379.574	26.0	3.69	-1.491	-7.575	nan	61.5	-1.514	1.5	-0.02
5380.287	112.0	1.06	-0.475	0.0	1.34	0.11	-0.6	20.8	0.0
5380.317	112.0	0.97	-0.675	0.0	1.34	0.11	-0.675	13.9	0.0
5380.325	6.0	7.68	-1.544	-7.37	nan	20.99	-1.616	4.5	-0.01
5381.015	16.0	7.87	-1.784	-6.71	nan	0.59	-1.823	2.1	0.0
5381.022	22.1	1.57	-1.876	-7.85	nan	58.21	-1.97	4.8	-0.02
5381.307	41.0	0.74	-0.212	0.0	nan	0.5	-0.212	0.0	0.0	
5381.770	27.0	4.24	-0.336	-7.51	nan	4.3	0.019	1868.4	0.0
5382.256	26.0	0.12	-8.998	-7.82	nan	0.03	-8.998	-0.0	0.0
5382.273	26.0	5.67	-0.518	-7.39	nan	30.77	-0.252	-17.5	-0.03
5382.987	58.1	0.17	-1.54	0.0	nan	1.2	-2.31	33.3	0.0
5383.378	26.0	4.31	0.421	-7.219	nan	197.21	0.645	34.7	0.01
5383.407	27.0	4.15	-0.776	-7.51	nan	1.97	-0.682	-13.8	0.0
5383.408	23.0	2.58	-0.38	-7.52	nan	0.88	-0.31	-22.6	0.0
5383.962	112.0	0.76	0.445	0.0	1.34	11.3	-1.214	136.7	-9.47
5384.055	23.0	3.27	-0.028	-7.44	nan	0.43	-1.012	97.2	0.0
5384.114	112.0	1.0	0.354	0.0	1.34	0.87	-0.709	149.9	0.0
5384.63	22.0	0.83	-2.844	-7.639	nan	1.6	-2.77	-2.7	0.0
5388.344	28.0	1.94	-3.39	-7.774	nan	13.9	-3.51	3.4	-0.01
5388.481	24.0	3.55	-3.559	-7.78	nan	0.02	-3.559	-0.0	0.0
5388.503	25.0	3.37	-1.674	-7.531	nan	5.68	-1.69	0.9	-0.01
5389.169	22.0	0.81	-2.35	-7.642	nan	8.9	-2.35	11.6	0.01
5389.485	26.0	4.42	-0.41	-7.159	nan	84.4	-0.41	-27.3	0.03
5389.501	64.0	1.31	-0.244	0.0	nan	0.0	-0.244	-0.0	0.0
5389.844	26.0	4.99	-1.508	-7.43	nan	10.94	-1.798	-12.7	0.0
5389.872	606.0	1.09	-0.374	0.0	6.25	0.43	-0.171	-118.7	0.0
5389.975	22.1	3.12	-3.76	-7.83	nan	0.09	-3.76	-0.0	0.0
5389.989	22.0	1.87	-1.135	-7.77	nan	8.51	-1.1	4.1	-0.01
5390.380	24.0	3.37	-1.016	-7.77	nan	10.1	-0.995	-2.1	-0.01
5390.523	22.0	0.81	-1.465	-7.81	nan	31.2	-3.38	55.9	0.0
5390.523	58.1	0.96	-1.191	0.0	nan	4.82	-1.91	93.1	0.0
5390.770	27.0	4.05	-0.844	-7.51	nan	0.5	-0.844	0.0	0.0
5391.33	112.0	1.02	-0.737	0.0	1.34	0.07	-0.612	-20.4	0.0
5391.339	24.0	3.37	-1.263	-7.77	nan	6.06	-1.178	-7.2	0.0
5391.366	24.0	4.54	-2.27	-7.78	nan	0.05	-1.145	-98.3	0.0
5391.459	26.0	4.15	-0.777	-7.53	nan	83.84	-0.777	23.7	0.05
5391.592	22.0	0.9	-3.37	-7.77	nan	0.41	-4.597	26.7	0.0
5391.620	606.0	1.19	0.556	0.0	6.25	6.66	-0.402	238.3	-3.8
5391.620	26.0	3.63	-2.20	-7.82	nan	31.7	-4.281	32.0	-0.01
5391.656	29.0	5.51	0.527	-7.59	nan	9.37	-0.638	182.6	-3.34
5392.015	26.0	4.8	-2.026	-7.32	nan	5.8	-1.831	-10.6	0.0
5392.331	28.0	4.15	-1.303	-7.192	nan	12.7	-1.32	1.3	0.0
5392.356	28.0	3.8	-3.813	-7.51	nan	0.1	-3.813	-0.0	0.0
5393.167	26.0	3.24	-0.746	-7.235	nan	164.54	-0.715	-4.3	-0.03
5393.251	112.0	0.7	0.46	0.0	1.34	0.0	-1.119	141.1	2.16
5393.262	23.0	1.87	-2.166	-7.78	nan	0.07	-1.791	-20.9	0.0
5393.391	112.0	0.67	-1.657	0.0	1.34	0.02	-1.157	-43.2	0.0
5393.392	58.1	1.1	-0.06	0.0	nan	1.45	-0.06	-806.7	0.0
5393.426	112.0	0.96	-1.112	0.0	1.34	0.03	-0.737	-50.9	0.0
5393.878	112.0	0.67	-0.704	0.0	1.34	0.16	-1.141	38.3	0.0
5393.913	26.0	3.05	-4.221	-7.83	nan	1.86	-4.828	12.6	0.0
5394.304	22.0	3.29	-2.49	-7.54	nan	0.01	-2.49	-0.0	0.0
5394.346	26.0	4.83	-2.507	-7.32	nan	1.9	-2.116	-18.5	0.0
5394.626	25.0	0.0	-4.07	-7.795	nan	79	-3.503	0.0	0.0
5394.657	25.0	0.0	-4.988	-7.795	nan	79	-3.503	0.0	0.0
5394.661	25.0	0.0	-4.21	-7.795	nan	79	-3.503	0.0	0.0
5394.684	25.0	0.0	-6.205	-7.795	nan	79	-3.503	0.0	0.0
5394.687	25.0	0.0	-4.812	-7.795	nan	79	-3.503	0.0	0.0
5394.690	25.0	0.0	-4.368	-7.795	nan	79	-3.503	0.0	0.0
5394.709	25.0	0.0	-5.853	-7.795	nan	79	-3.503	0.0	0.0
5394.712	25.0	0.0	-4.786	-7.795	nan	79	-3.503	0.0	0.0
5394.714	25.0	0.0	-4.552	-7.795	nan	79	-3.503	0.0	0.0
5394.728	25.0	0.0	-5.728	-7.795	nan	79	-3.503	0.0	0.0
5394.730	25.0	0.0	-4.853	-7.795	nan	79	-3.503	0.0	0.0
5394.731	25.0	0.0	-4.774	-7.795	nan	79	-3.503	0.0	0.0
5394.741	25.0	0.0	-5.807	-7.795	nan	79	-3.503	0.0	0.0
5394.742	25.0	0.0	-5.029	-7.795	nan	79	-3.503	0.0	0.0
5394.743	25.0	0.0	-5.059	-7.795	nan	79	-3.503	0.0	0.0
5395.186	58.1	1.67	-0.965	0.0	nan	0.16	-1.34	28.0	0.0
5395.217	26.0	4.45	-1.764	-7.143	nan	18.94	-2.17	18.7	0.01
5395.23	606.0	1.12	0.101	0.0	6.25	1.2	-0.239	142.3	0.0
5395.252	58.0	0.03	-1.035	0.0	nan	0.0	-1.035	-0.0	0.0
5395.332	112.0	0.84	-0.56	0.0	1.34	0.15	-1.81	69.1	0.0
5395.408	22.0	3.11	-1.355	-7.54	nan	0.3	-2.378	43.0	0.0
5395.445	606.0	1.18	0.555	0.0	6.25	3.29	-0.413	234.4	-0.37
5396.247	22.1	1.58	-3.1	-7.84	nan	10.4	-3.18	2.5	-0.02
5396.561	22.1	2.6	-2.316	-7.85	nan	7.19	-1.954	-18.5	0.0
5396.593	22.0	0.0	-3.69	-7.77	nan	1.54	-3.37	-9.5	0.0
5396.61	22.0	0.02	-4.111	-7.77	nan	0.57	-3.799	-8.2	0.0
5396.716	26.0	5.11	-2.149	-7.16	nan	2.35	-3.108	30.9	0.0
5396.716	26.0	5.06	-2.008	-7.25	nan	3.56	-2.963	32.2	0.0
5396.727	112.0	0.91	0.218	0.0	1.34	0.78	-0.709	130.7	0.0
5396.89	24.1	4.48	-4.081	-7.758	nan	0.46	-4.081	17.0	0.0
5396.898	26.0	3.02	-3.934	-7.82	nan	19.74	-3.934	21.1	0.03
5397.135	26.0	0.92	-1.993	-7.759	nan	184.9	-1.993	-18.8	0.0
5397.135	112.0	0.91	0.52	0.0	1.34	0.0	-0.691	175.3	1.55
5397.618	26.0	3.63	-2.378	-7.589	nan	24.68	-2.48	4.1	0.0
5397.636	58.0	0.27	-0.161	0.0	nan	0.02	-0.161	-0.0	0.0
5398.279	26.0	4.45	-0.600	-7.144	nan	72.03	-0.67	-4.0	-0.05
5398.306	112.0	0.64	-1.09	0.0	1.34	0.07	-1.027	-6.1	0.0
5398.812	26.0	5.01	-4.022	-7.46	nan	0.04	-4.272	5.9	0.0
5398.845	14.0	5.61	-2.589	-6.86	nan	3.46	-2.836	8.7	0.0
5399.450	25.0	3.85	-1.35	-6.35	nan	38.40	-0.345	0.0	0.0
5399.455	25.0	3.85	-1.21	-6.35	nan	38.40	-0.345	0.0	0.0
5399.465	25.0	3.85	-1.71	-6.35	nan	38.40	-0.345	0.0	0.0
5399.465	25.0	3.85	-1.32	-6.35	nan	38.40	-0.345	0.0	0.0
5399.478	25.0	3.85	-2.92	-6.35	nan	38.40	-0.345	0.0	0.0
5399.485	25.0	3.85	-0.84	-6.35	nan	38.40	-0.345	0.0	0.0
5399.494	25.0	3.85	-1.35	-6.35	nan	38.40	-0.345	0.0	0.0
5399.497	25.0	3.85	-1.39	-6.35	nan	38.40	-0.345	0.0	0.0
5399.521	25.0	3.85	-1.21	-6.35	nan	38.40	-0.345	0.0	0.0
5399.555	25.0	3.85	-1.32	-6.35	nan	38.40	-0.345	0.0	0.0
5399.710	606.0	1.1	-0.239	0.0	6.25	1.82	-0.239	210.9	0.0
5399.760	27.0	4.21	-0.911	-7.45	nan	1.28	-1.411	35.4	0.0
5400.501	26.0	4.37	-0.117	-7.187	nan	115.4	-0.16	26.9	0.03
5400.620	24.0	3.38	-0.280	-7.649	nan	30.1	-0.488	0.0	0.0
5400.655	26.0	3.63	-2.555	-7.82	nan	5.3	-2.615	2.3	0.0
5401.266	26.0	4.32	-1.744	-7.219	nan	24.1	-1.92	9.2	0.0
5401.719	112.0	0.98	0.527	0.0	1.34	2.6	-0.636	182.9	-1.25
5401.926	23.0	2.36	0.163	-7.76	nan	5.9	0.072	-265.3	0.0
5402.057	26.1	10.56	0.235	-7.59	nan	0.21	0.469	49.9	0.0
5402.07	26.0	4.91	-1.485	-7.3	nan	14.09	-2.111	29.7	-0.01
5408.3	29.0	5.72	-0.401	-7.55	nan	0.5	-1.026	60.9	0.0
5408.815	26.1	5.96	-2.215	-7.795	nan	3.57	-2.656	16.6	0.0
5408.843	112.0	0.66	-0.783	0.0	1.34	0.14	-1.189	34.1	0.0
5409.133	26.0	4.37	-1.070	-7.189	nan	70.89	-1.3	40.5	0.03
5409.136	26.0	4.8	-2.565	-7.3	nan	1.78	-2.795	8.2	0.0
5409.162	606.0	1.03	-0.039	0.0	6.25	1.07	-0.156	75.0	0.0
5409.608	22.0	1.89	-0.780	-7.77	nan	12.2	-0.73	-17.3	0.01
5409.766	14.0	5.62	-2.894	-6.86	nan	1.7	-2.738	-5.7	0.0
5409.795	24.0	1.03	-0.607	-7.62	nan	126.8	-0.67	-71.8	-0.02
5410.490	26.0	3.64	-3.803	-7.82	nan	7.1	-3.803	20.2	0.0
5410.915	26.0	4.47	0.398	-7.132	nan	123.7	0.398	105.5	0.02
5411.175	22.0	3.15	-2.148	-7.52	nan	0.04	-2.398	10.4	0.0
5411.218	28.0	4.09	-0.755	-7.37	nan	38.56	-1.065	38.5	0.04
5411.371	26.0	5.02	-2.294	-7.47	nan	2.05	-2.364	3.0	0.0
5411.389	26.0	3.64	-3.359	-7.82	nan	3.55	-3.431	2.1	0.0
5411.397	62.0	0.39	-0.902	0.0	nan	0.0	-0.902	-0.0	0.0
5412.557	26.0	4.58	-3.126	-7.79	nan	0.8	-3.368	7.2	0.0
5412.756	112.0	0.62	-1.178	0.0	1.34	0.06	-1.178	-0.0	0.0
5412.759	606.0	1.05	-0.325	0.0	6.25	0.53	-0.278	-16.9	0.0
5412.784	26.0	4.43	-1.784	-7.154	nan	18.92	-1.716	-4.0	0.01
5413.095	14.0	5.62	-1.90	-6.87	nan	4.91	-2.585	6.3	0.01
5413.107	26.0	5.11	-2.138	-7.16	nan	2.41	-2.3	7.0	0.0
5413.193	606.0	0.99	-0.427	0.0	6.25	0.48	-0.193	-121.2	0.0
5413.193	64.0	0.88	-0.674	0.0	nan	0.0	-0.674	-0.0	0.0
5413.220	59.1	0.06	-0.976	0.0	nan	0.99	-1.484	34.2	0.0
5413.337	112.0	0.88	0.036	0.0	1.34	0.55	-1.586	102.3	0.0
5413.368	64.0	0.84	-0.989	0.0	nan	0.0	-0.989	0.0	0.0
5413.369	23.0	0.28	-2.852	-7.79	nan	0.55	-4.672	39.0	0.0
5413.600	25.0	3.86	-1.92	0.00	nan	20.00	-0.647	8.8	0.03
5413.605	25.0	3.86	-1.49	0.00	nan	20.00	-0.647	8.8	0.03
5413.639	25.0	3.86	-1.38	0.00	nan	20.00	-0.647	8.8	0.03
5413.649	25.0	3.86	-1.38	0.00	nan	20.00	-0.647	8.8	0.03
5413.697	25.0	3.86	-1.02	0.00	nan	20.00	-0.647	8.8	0.03
5413.702	25.0	3.86	-1.48	0.00	nan	20.00	-0.647	8.8	0.03
5413.699	27.0	4.06	-0.649	-7.51	nan	3.17	-0.694	6.5	0.0
5414.04	606.0	1.01	-0.204	0.0	6.25	0.77	-0.165	-23.6	0.0
5414.07	26.1	3.22	-3.592	-7.878	nan	25.93	-3.54	-1.5	-0.01
5414.106	58.0	0.55	-0.622	0.0	nan	0.0	-0.622	-0.0	0.0
5414.861	39.0	1.85	0.381	-7.52	nan	1.6	-1.597	123.9	-1.18
5415.199	26.0	4.39	0.642	-7.182	nan	168.34	0.642	54.7	-0.01
5415.249	23.0	2.37	-1.595	-7.623	nan	0.09	0.28	669.6	0.0
5415.303	60.0	0.29	-0.95	0.0	nan	0.0	-0.95	-0.0	0.0
5415.51	26.0	4.97	-3.611	-7.35	nan	25.39	-3.611	69.2	-0.93
5415.51	112.0	0.69	-1.378	0.0	1.34	6.92	-1.378	130.4	-4.91
5415.538	26.0	5.1	-2.987	-7.17	nan	56.16	-2.987	83.7	-6.97
5417.033	26.0	4.42	-1.409	-7.166	nan	34.8	-1.68	16.1	0.0
5417.034	112.0	0.64	-0.943	0.0	1.34	0.1	-1.193	21.0	0.0
5417.036	39.0	1.99	0.444	-7.77	nan	0.0	-1.218	136.5	0.36
5418.000	40.1	1.76	-1.434	0	nan	4.4	-1.434	0.0	0.0	
5418.124	14.0	5.62	-2.050	-6.86	nan	5.7	-2.442	3.6	0.0
5418.259	26.0	4.99	-2.334	-7.4	nan	46.4	-3.695	67.7	-25.8
5418.768	22.1	1.58	-2.081	-7.85	nan	48.5	-2.13	2.3	0.0
5418.848	112.0	0.57	0.466	0.0	1.34	0.0	-1.074	143.4	2.91
5418.856	44.0	1.12	-0.523	0.0	nan	0.0	-2.2	76.2	0.78
5419.057	24.0	4.49	-0.842	-7.49	nan	0.05	-2.38	2.6	0.0
5419.100	112.0	0.82	-1.014	0.0	1.34	0.06	-0.764	-32.7	0.0
5419.158	26.0	4.19	-3.308	-7.72	nan	1.23	-3.601	8.1	0.0
5419.191	22.0	2.35	-1.113	-7.71	nan	2.75	-1.42	21.6	0.0
5419.362	607.0	0.66	-1.847	0.0	7.5	0.39	-2.581	28.4	0.0
5419.376	112.0	0.57	-0.309	0.0	1.34	0.5	-1.059	70.8	0.0
5419.391	23.0	1.93	-0.867	-7.81	nan	1.22	-1.613	46.2	0.0
5419.866	64.1	1.31	0.114	0.0	nan	2.8	-1.43	108.0	0.0
5423.322	66.0	0.0	0.407	0.0	nan	2.2	-1.447	128.1	-1.85
5423.428	58.0	0.55	-0.709	0.0	nan	0.0	-0.709	0.0	0.0	
5423.442	822.0	1.43	0.808	0.0	6.94	0.0	0.808	0.0	0.0
5423.464	606.0	0.97	-3.574	0.0	6.25	0.0	-3.574	0.0	0.0
5423.467	606.0	1.61	-2.959	0.0	6.25	0.0	-2.959	0.0	0.0
5423.467	16.0	9.71	-2.991	0.0	nan	0.0	-2.991	0.0	0.0
5423.737	112.0	0.62	-1.183	0.0	1.34	0.06	-1.245	5.0	0.0
5423.738	26.0	3.69	-2.836	-7.82	nan	9.69	-2.986	5.0	0.01
5423.751	606.0	0.97	-0.252	0.0	6.25	0.75	-0.166	-51.8	0.0
5423.796	606.0	1.06	0.25	0.0	6.25	1.93	-0.51	149.0	0.0
5423.802	606.0	0.97	0.089	0.0	6.25	1.64	-0.175	150.9	0.0
5423.934	112.0	0.77	-0.707	0.0	1.34	0.13	-1.144	38.2	0.0
5423.937	606.0	0.97	0.238	0.0	6.25	2.3	-0.183	230.1	0.0
5423.959	606.0	1.06	-0.106	0.0	6.25	0.86	-0.522	79.7	0.0
5424.060	23.0	2.36	-0.202	-7.76	nan	2.13	-0.204	1.0	0.0
5424.071	26.0	4.32	-0.001	-6.624	nan	130.31	0.52	146.2	-0.04
5424.142	26.0	4.08	-2.422	-7.8	nan	10.48	-2.33	-3.9	-0.01
5424.536	28.0	4.17	-1.335	-7.56	nan	0.0	-1.335	0.0	0.0
5424.607	58.1	0.79	-1.939	0.0	nan	0.12	-1.97	1.6	0.0
5424.645	28.0	1.95	-2.688	-7.774	nan	40.36	-2.74	1.9	0.03
5424.669	606.0	0.95	-0.192	0.0	6.25	0.91	-0.216	11.1	0.0
5425.22	112.0	0.68	0.393	0.0	1.34	0.0	-1.531	125.7	1.94
5425.234	606.0	1.0	-0.338	0.0	6.25	0.58	-0.299	-13.0	0.0
5425.248	26.1	3.2	-3.236	-7.886	nan	40.84	-3.16	-2.4	-0.04
5425.257	112.0	0.76	-0.932	0.0	1.34	0.08	-0.932	-0.0	0.0
5426.25	22.0	0.02	-2.998	-7.734	nan	6.8	-3.006	0.3	0.01
5433.382	606.0	0.93	0.134	0.0	6.25	1.99	-0.184	172.8	0.0
5433.397	25.0	5.37	-0.627	-7.61	nan	0.88	0.113	654.9	0.0
5433.402	606.0	0.97	-0.019	0.0	6.25	1.29	-0.332	94.3	0.0
5433.44	606.0	0.93	-0.187	0.0	6.25	0.96	-0.193	3.1	0.0
5433.577	606.0	0.93	0.58	0.0	6.25	0.01	-0.202	387.1	5.37
5433.599	606.0	1.03	-0.972	0.0	6.25	0.13	-0.566	-71.7	0.0
5433.604	26.0	5.37	-3.071	-7.51	nan	0.17	-2.665	-15.2	0.0
5433.643	26.0	5.07	-1.79	-7.33	nan	5.61	-1.352	-32.4	0.0
5434.155	23.0	2.37	-0.752	-7.72	nan	0.6	-0.514	-46.3	0.0
5434.182	23.0	1.85	-3.381	-7.8	nan	0.0	-3.381	0.0	0.0
5434.524	26.0	1.01	-2.212	-7.749	nan	197.3	-2.122	-4.2	0.08
5435.026	26.0	5.07	-1.983	-7.32	nan	3.69	-1.453	-36.5	0.0
5435.042	74.0	0.21	-3.22	0.0	nan	0.01	-2.97	-8.4	0.0
5435.170	26.0	4.43	-2.129	-7.16	nan	9.78	-2.19	2.8	0.01
5435.191	22.0	3.15	-2.55	-7.54	nan	0.02	-2.55	-0.0	0.0
5435.672	42.0	2.5	-0.737	0.0	nan	0.05	-1.362	45.9	0.0
5435.863	28.0	1.99	-2.415	-7.77	nan	48.14	-2.58	3.8	-0.02
5436.256	24.0	4.41	-1.666	-7.42	nan	0.0	-1.666	-0.0	0.0
5436.295	26.0	4.39	-1.317	-7.187	nan	40.6	-1.54	14.5	0.04
5436.588	26.0	2.28	-3.316	-7.579	nan	42.0	-2.964	-11.9	0.0
5436.716	22.0	0.9	-2.344	-7.727	nan	4.2	-2.44	3.9	0.0
5436.996	27.0	4.11	-0.963	-7.48	nan	1.41	-0.401	-140.1	0.0
5437.055	606.0	0.96	-0.677	0.0	6.25	0.29	-0.333	-103.3	0.0
5437.083	26.0	2.45	-4.082	-7.73	nan	4.3	-3.552	-24.7	0.0
5437.195	26.0	4.31	-1.951	-7.52	nan	16.94	-2.68	27.2	-0.02
5437.205	606.0	0.96	0.309	0.0	6.25	2.76	-0.344	189.8	0.0
5438.036	26.0	4.59	-2.577	-7.792	nan	2.7	-2.6	0.9	0.0
5444.584	27.0	4.07	0.145	-7.51	nan	15.9	-0.281	151.6	0.0
5444.884	112.0	0.68	-0.013	0.0	1.34	0.0	-0.013	0.0	0.0
5444.981	606.0	1.46	-0.732	0.0	6.25	0.0	-0.732	0.0	0.0
5445.042	26.0	4.39	-0.002	-7.189	nan	117.8	-0.02	-600.0	-0.01
5446.559	112.0	0.67	0.402	0.0	1.34	0.0	-1.479	127.2	2.03
5446.582	26.0	4.42	-0.399	-7.51	nan	81.34	-0.3	-33.0	0.0
5446.615	22.0	0.02	-3.286	-7.734	nan	3.66	-3.26	-0.8	0.0
5446.924	26.0	0.99	-1.914	-7.753	nan	205.0	-1.914	0.0	0.0
5447.233	28.0	3.84	-1.871	-7.51	nan	7.3	-2.692	30.5	0.0
5447.385	21.0	1.85	-1.579	-7.69	nan	0.06	-1.392	-13.4	0.0
5447.485	24.0	4.54	-0.579	-7.75	nan	2.43	-0.846	31.6	0.0
5447.507	606.0	0.88	0.311	0.0	6.25	3.32	-0.221	240.7	0.0
5447.55	25.0	6.24	0.383	-7.55	nan	1.43	-0.145	364.1	0.0
5447.673	606.0	0.88	-0.137	0.0	6.25	1.21	-0.231	40.7	0.0
5447.675	22.0	3.57	-0.553	-7.66	nan	0.69	-0.655	15.6	0.0
5453.955	58.0	0.52	-0.562	0.0	nan	0.0	-0.562	-0.0	0.0
5453.987	26.0	4.15	-2.529	-7.47	nan	7.4	-4.072	37.9	0.0
5453.989	822.0	0.2	-0.684	0.0	6.94	0.0	0.207	430.4	0.0
5454.091	112.0	0.73	-0.664	0.0	1.34	0.16	-0.83	20.0	0.0
5454.099	22.1	1.57	-3.438	-7.84	nan	5.29	-3.6	4.5	0.0
5454.102	606.0	1.41	0.116	0.0	6.25	0.65	-0.039	397.4	0.0
5454.554	822.0	0.21	-0.658	0.0	6.94	0.0	0.22	399.1	0.0
5454.57	27.0	4.07	0.028	-7.51	nan	12.8	0.238	88.2	0.0
5454.572	822.0	0.2	-0.827	0.0	6.94	0.0	0.149	655.0	0.0
5455.103	26.0	3.25	-3.661	-7.82	nan	4.2	-4.65	21.3	0.0
5455.132	822.0	0.21	-0.635	0.0	6.94	0.0	0.232	373.7	0.0
5455.203	6.0	8.85	-2.195	-6.6	nan	0.0	-2.195	0.0	0.0
5455.230	22.0	3.18	-1.423	-7.52	nan	0.0	-1.423	0.0	0.0
5455.233	21.0	2.0	-0.331	-7.56	nan	0.0	-0.331	0.0	0.0
5455.389	26.0	4.47	-2.146	-7.36	nan	8.72	-0.747	-187.3	-0.01
5455.453	822.0	0.2	0.234	0.0	6.94	0.0	0.234	369.7	0.0
5455.459	26.0	4.32	-0.050	-7.52	nan	96.3	0.329	262.9	0.0
5455.462	66.1	2.42	-0.542	0.0	nan	0.07	-0.542	-23.1	0.0
5455.477	822.0	0.21	0.178	0.0	6.94	0.0	0.178	521.3	0.0
5455.575	112.0	0.5	-1.311	0.0	1.34	0.0	-1.311	132.8	3.15
5455.601	25.0	2.95	-4.39	-7.77	nan	0.0	-4.39	56.9	8.51
5455.619	26.0	1.01	-2.091	-7.749	nan	125.32	-2.091	-37.6	-0.05
5455.663	606.0	0.89	-0.787	0.0	6.25	0.27	-0.381	-106.6	0.0
5455.737	606.0	0.89	0.212	0.0	6.25	2.61	-0.394	153.8	0.0
5455.745	822.0	0.22	-0.611	0.0	6.94	0.0	0.245	349.4	0.0
5455.864	606.0	0.89	0.478	0.0	6.25	4.7	-0.407	217.4	0.0
5456.339	26.0	5.11	-7.097	-7.49	nan	0.0	-7.097	-0.0	0.0
5456.349	24.0	4.42	-1.599	-7.42	nan	0.0	-1.599	-0.0	0.0
5456.349	606.0	0.95	0.447	0.0	6.25	3.85	-0.709	163.0	0.0
5456.379	112.0	0.68	-0.303	0.0	1.34	0.4	-0.877	65.5	0.0
5456.383	58.0	0.17	-0.794	0.0	nan	0.01	-0.794	-0.0	0.0
5456.385	822.0	0.22	-0.592	0.0	6.94	0.0	0.256	331.3	0.0
5456.456	606.0	0.84	-1.263	0.0	6.25	0.1	-0.232	-444.4	0.0
5456.495	822.0	0.22	-0.688	0.0	6.94	0.0	0.205	435.6	0.0
5456.513	26.0	3.6	-3.093	-7.55	nan	6.86	-3.316	6.7	0.0
5456.594	112.0	1.18	0.394	0.0	1.34	0.0	-1.52	125.9	0.65
5456.617	68.0	1.2	-2.0	0.0	nan	0.0	0.01	20100.0	0.0
5456.645	606.0	0.84	-0.364	0.0	6.25	0.79	-0.251	-45.0	0.0
5456.65	822.0	0.21	-0.59	0.0	6.94	0.0	0.257	329.6	0.0
5457.069	606.0	1.44	0.032	0.0	6.25	0.5	-0.096	133.3	0.0
5457.1	606.0	0.82	-0.112	0.0	6.25	1.47	-0.258	56.6	0.0
5457.118	23.1	2.28	-2.897	-7.87	nan	0.48	-3.061	5.4	0.0
5457.125	112.0	0.82	-1.029	0.0	1.34	0.06	-1.154	10.8	0.0
5461.55	26.0	4.45	-1.584	-7.16	nan	25.8	-1.9	16.6	0.0
5461.572	822.0	0.26	-0.48	0.0	6.94	0.0	0.331	245.0	0.0
5462.454	606.0	0.8	-0.235	0.0	6.25	1.16	-0.258	8.9	0.0
5462.493	28.0	3.85	-0.876	-7.221	nan	40.16	-0.93	5.8	-0.01
5462.502	112.0	0.69	0.357	0.0	1.34	0.0	-1.727	120.7	1.76
5462.511	112.0	0.77	-1.247	0.0	1.34	0.04	-1.247	-0.0	0.0
5462.94	606.0	1.36	-0.169	0.0	6.25	0.38	-0.052	-225.0	0.0
5462.959	26.0	4.47	-0.131	-7.46	nan	75.32	-0.131	-272.5	-0.01
5463.063	112.0	0.76	0.426	0.0	1.34	2.93	-1.331	132.0	-1.16
5463.077	606.0	1.36	0.595	0.0	6.25	46.53	-0.065	1015.4	-44.37
5463.118	822.0	0.27	-0.495	0.0	6.94	0.0	0.32	254.7	0.0
5463.143	112.0	0.54	0.402	0.0	1.34	4.13	-1.477	127.2	-1.42
5463.273	22.0	3.32	-2.824	-7.54	nan	0.0	-2.436	-15.9	0.0
5463.275	26.0	4.43	0.11	-7.166	nan	85.97	0.11	546.4	0.07
5463.291	822.0	0.27	0.35	0.0	6.94	0.0	0.35	230.3	0.0
5463.3	606.0	0.93	-0.535	0.0	6.25	0.43	-0.732	26.9	0.0
5463.411	822.0	0.26	-0.456	0.0	6.94	0.0	0.35	230.3	0.0
5463.464	20.0	4.88	-0.659	-7.15	nan	4.1	-0.657	-0.3	0.0
5463.793	26.0	3.55	-3.204	-7.76	nan	6.02	-3.649	12.2	0.0
5463.81	112.0	0.74	-0.938	0.0	1.34	0.08	-1.376	31.8	0.0
5463.921	28.0	3.85	-2.497	-7.5	nan	1.83	-2.796	10.7	0.0
5463.924	822.0	0.27	-0.481	0.0	6.94	0.0	0.33	245.8	0.0
5463.964	24.0	3.44	-1.052	-7.75	nan	8.26	-1.371	23.3	0.0
5463.982	606.0	1.26	-0.078	0.0	6.25	0.59	-0.368	78.8	0.0
5463.996	112.0	0.89	-1.336	0.0	1.34	0.02	-1.586	15.8	0.0
5464.28	26.0	4.14	-1.565	-7.77	nan	37.9	-1.402	-11.6	0.0
5464.292	822.0	0.26	-0.445	0.0	6.94	0.0	0.359	224.0	0.0
5465.119	822.0	0.28	-0.434	0.0	6.94	0.0	0.368	217.9	0.0
5465.15	606.0	0.81	0.112	0.0	6.25	2.5	-0.252	144.4	0.0
5465.334	58.0	0.29	0.06	0.0	nan	0.03	-0.351	117.1	0.0
5465.346	606.0	0.81	0.219	0.0	6.25	3.17	-0.273	180.2	0.0
5465.899	822.0	0.17	0.088	0.0	6.94	1.3	0.088	-595.5	-1.3
5466.395	26.0	4.37	-0.355	-7.51	nan	79.1	-0.285	-123.2	0.0
5466.987	26.0	3.57	-2.225	-7.82	nan	33.29	-2.233	0.4	0.02
5466.992	26.0	3.65	-3.708	-7.55	nan	1.61	-3.716	0.2	0.0
5467.379	606.0	0.78	-0.267	0.0	6.25	4.0	-0.267	262.9	0.0
5467.417	822.0	0.3	0.367	0.0	6.94	4.0	0.367	218.5	0.0
5467.405	26.1	6.81	-1.758	-7.835	nan	4.00	-2.611	26.9	0.0
5467.772	26.0	3.55	-3.323	-7.77	nan	4.67	-3.6	7.7	0.0
5467.792	23.0	2.37	-1.02	-7.75	nan	0.33	-1.27	19.7	0.0
5467.806	822.0	0.17	-0.914	0.0	6.94	0.0	0.122	849.2	0.0
5472.51	24.0	3.55	-1.834	-7.78	nan	1.18	-3.15	41.8	0.0
5472.538	606.0	0.83	-0.465	0.0	6.25	12.52	-0.465	217.8	-6.26
5472.678	606.0	1.19	-0.455	0.0	6.25	0.29	-0.408	-11.5	0.0
5472.69	22.0	1.44	-1.701	-7.7	nan	5.36	-1.63	-4.4	0.0
5472.707	606.0	0.83	-0.549	0.0	6.25	0.53	-0.479	-14.6	0.0
5472.709	26.0	4.21	-1.495	-7.253	nan	34.44	-1.495	-7.7	0.0
5472.716	606.0	1.19	-0.45	0.0	6.25	0.29	-0.419	-7.4	0.0
5473.163	26.0	4.19	-2.043	-7.173	nan	18.0	-2.14	4.5	0.02
5473.363	42.0	2.5	-0.814	0.0	nan	0.04	-0.909	10.5	0.0
5473.379	58.0	0.97	-0.213	0.0	nan	0.0	-0.213	-0.0	0.0
5473.385	39.1	1.74	-0.893	-7.75	nan	7.46	-1.02	12.5	0.0
5473.527	58.0	0.16	-1.017	0.0	nan	0.0	-1.017	0.0	0.0
5473.542	22.0	2.33	-0.953	-7.72	nan	4.1	-0.948	-0.5	0.0
5473.763	27.0	4.24	-1.26	-7.45	nan	0.55	-1.932	34.8	0.0
5473.773	606.0	0.78	0.372	0.0	6.25	4.76	-0.295	226.1	0.0
5473.908	26.0	4.15	-0.76	-7.266	nan	75.8	-0.76	-15.7	-0.03
5473.918	112.0	0.53	-1.594	0.0	1.34	0.0	-1.594	123.9	2.65
5474.223	22.0	1.46	-1.213	-7.732	nan	14.0	-1.23	1.4	-0.01
5474.452	22.0	2.35	-0.912	-7.72	nan	4.3	-0.95	4.0	0.0
5474.472	23.0	2.36	-1.549	-7.77	nan	0.1	-1.58	2.0	0.0
5486.982	606.0	1.08	0.056	0.0	6.25	1.2	-0.527	110.6	0.0
5486.989	23.1	2.27	-2.011	-7.86	nan	3.63	-2.601	22.7	0.0
5487.001	822.0	0.42	-0.305	0.0	6.94	0.0	0.495	161.6	0.0
5487.002	24.0	2.97	-3.596	-7.79	nan	0.07	-4.158	13.5	0.0
5487.141	26.0	4.42	-1.386	-7.283	nan	33.6	-1.273	-12.8	0.0
5487.487	26.0	5.07	-1.985	-7.26	nan	3.69	-2.16	8.1	0.0
5487.495	822.0	0.41	0.508	0.0	6.94	0.0	0.508	157.9	0.0
5487.510	26.0	3.64	-2.744	-7.82	nan	20.0	-2.744	7.8	0.01
5487.524	26.0	4.19	-2.456	-7.5	nan	10.2	-3.056	5.7	0.0
5487.714	606.0	0.78	-0.908	0.0	6.25	0.26	-0.549	-65.4	0.0
5487.721	112.0	0.56	-1.212	0.0	1.34	0.0	-1.212	136.7	2.86
5487.731	606.0	1.21	-0.361	0.0	6.25	0.34	-0.095	-280.0	0.0
5487.738	26.0	2.18	-4.154	-7.78	nan	0.0	-6.654	37.6	13.31
5487.745	26.0	4.14	-0.490	-7.45	nan	87.4	-0.71	-117.2	0.03
5487.873	606.0	1.21	0.59	0.0	6.25	6.17	-0.109	641.3	-3.17
5487.889	27.0	2.14	-2.541	-7.76	nan	3.0	-3.076	36.2	0.01
5487.915	23.0	2.37	-0.05	-7.627	nan	8.0	-0.05	232.0	0.0
5487.930	606.0	0.78	-0.457	0.0	6.25	0.73	-0.566	19.3	0.0
5488.120	27.0	4.21	-1.694	-7.51	nan	0.22	-1.6	-5.9	0.0
5488.135	26.0	4.61	-2.065	-7.41	nan	7.85	-1.962	-5.2	-0.01
5488.140	822.0	0.27	-0.51	0.0	6.94	0.0	0.309	265.0	0.0
5488.178	22.0	2.4	-0.434	-7.52	nan	10.62	-0.335	-29.6	0.01
5488.188	112.0	0.7	-1.543	0.0	1.34	0.02	-1.543	0.0	0.0
5496.449	606.0	1.09	-0.312	0.0	6.25	0.51	-0.265	-17.7	0.0
5496.477	26.0	3.57	-4.556	-7.82	nan	0.28	-3.806	-19.7	0.0
5496.562	26.0	4.91	-1.76	-7.345	nan	8.23	-1.73	-1.7	0.0
5496.579	822.0	0.47	-0.265	0.0	6.94	0.0	0.543	148.8	0.0
5496.582	606.0	1.09	-0.239	0.0	6.25	0.6	-0.275	13.1	0.0
5496.787	112.0	0.93	0.466	0.0	1.34	1.54	-1.075	143.3	-0.21
5496.815	23.0	2.36	-0.492	-7.8	nan	1.12	-2.144	77.1	0.0
5497.128	606.0	1.22	0.177	0.0	6.25	1.15	-0.153	215.7	0.0
5497.133	606.0	0.69	-0.009	0.0	6.25	2.49	-0.344	97.4	0.0
5497.181	112.0	0.64	-1.176	0.0	1.34	0.06	-1.426	17.5	0.0
5497.196	606.0	0.69	-0.027	0.0	6.25	2.4	-0.357	92.4	0.0
5497.361	25.0	4.33	-1.233	-7.77	nan	0.0	-1.233	0.0	0.0	
5497.409	39.1	1.75	-0.521	-7.75	nan	15.0	-0.732	0.0	0.0	
5497.489	822.0	0.3	-0.415	0.0	6.94	0.0	0.385	207.8	0.0
5497.516	26.0	1.01	-2.782	-7.751	nan	133.1	-2.849	2.4	-0.01
5500.797	606.0	0.73	-0.63	0.0	6.25	11.65	-0.63	183.8	-4.18
5500.798	112.0	0.75	-1.166	0.0	1.34	1.05	-1.166	116.0	0.0
5500.971	606.0	0.68	-0.188	0.0	6.25	1.7	-0.383	50.9	0.0
5501.429	22.0	3.2	-1.707	-7.52	nan	0.11	-1.644	-3.8	0.0
5501.449	606.0	1.19	-0.184	0.0	6.25	0.54	-0.153	-20.3	0.0
5501.465	26.0	0.96	-3.047	-7.757	nan	105.86	-3.047	-6.5	0.03
5501.477	606.0	1.05	-0.324	0.0	6.25	0.54	-0.285	-13.7	0.0
5501.493	27.0	1.96	-4.652	-7.79	nan	0.0	-4.652	53.7	10.07
5501.528	606.0	0.65	-0.864	0.0	6.25	0.39	-0.333	-159.5	0.0
5501.538	42.0	2.52	0.421	0.0	nan	0.0	-1.365	130.8	0.68
5501.538	16.0	7.87	-2.281	-6.79	nan	0.19	-1.781	-28.1	0.0
5501.611	606.0	1.05	-0.295	0.0	6.25	6.25	-0.295	292.9	-2.16
5501.641	28.0	4.54	-2.204	-7.28	nan	9.68	-2.204	51.3	0.01
5501.676	822.0	0.32	0.822	0.0	6.94	0.0	0.822	0.0	0.0
5501.694	606.0	0.65	-0.049	0.0	6.25	0.0	-0.049	0.0	0.0
5501.702	606.0	0.90	0.463	0.0	6.25	4.5	-0.891	0.0	0.0
5501.714	606.0	0.89	0.454	0.0	6.25	4.5	-0.959	0.0	0.0
5501.879	606.0	0.89	0.456	0.0	6.25	4.5	-0.994	0.0	0.0
5501.883	606.0	0.90	0.466	0.0	6.25	4.5	-0.921	0.0	0.0
5501.943	606.0	0.90	0.470	0.0	6.25	4.5	0.0	0.0	0.0
5502.085	24.1	4.17	-1.955	-7.845	nan	18.00	0.0	0.0	0.0
5505.633	822.0	0.53	0.302	0.0	6.94	0.0	0.302	0.0	0.0
5505.733	26.0	4.47	-2.477	0.0	nan	0.0	-2.477	0.0	0.0	
5505.753	112.0	0.4	-1.416	0.0	1.34	0.0	-1.416	0.0	0.0
5505.845	6.0	8.85	-2.592	-6.66	nan	0.32	-2.592	-0.0	0.0
5505.862	23.0	2.36	-1.11	-7.79	nan	0.27	-1.11	-0.0	0.0
5505.864	822.0	0.34	-0.372	0.0	6.94	0.0	0.425	187.5	0.0
5505.866	25.0	2.18	-2.483	-7.74	nan	11.75	-2.527	1.7	0.01
5505.881	26.0	4.42	-1.232	-7.51	nan	41.56	-1.306	5.7	0.01
5506.131	822.0	0.34	0.054	0.0	6.94	0.0	0.054	2448.1	0.0
5506.155	606.0	1.02	-0.295	0.0	6.25	3.1	-0.295	240.3	0.0
5506.349	606.0	1.02	-0.316	0.0	6.25	1.22	-0.316	100.6	0.0
5506.386	606.0	1.10	-0.148	0.0	6.25	1.23	-0.148	158.1	0.0
5506.199	26.1	10.52	1.134	-7.59	nan	0.0	1.134	0.0	0.0	
5506.492	24.0	3.89	-2.191	-7.73	nan	0.25	-2.972	26.3	0.0
5506.493	42.0	1.33	0.06	0.0	nan	1.44	0.06	800.0	0.0
5506.779	26.0	0.99	-2.797	-7.753	nan	61.2	-2.797	-49.8	0.01
5506.965	16.0	7.87	-2.084	-6.79	nan	11.4	-2.084	79.3	0.02
5507.735	23.0	1.71	-0.856	-7.78	nan	2.06	-1.073	20.2	0.0
5507.757	23.0	2.36	-0.735	-7.63	nan	0.64	0.11	768.2	0.0
5514.215	21.0	1.85	-0.043	-7.72	nan	2.1	0.175	124.6	0.0
5514.227	822.0	0.39	-0.83	0.0	6.94	0.0	0.148	660.8	0.0
5514.244	112.0	0.54	-1.066	0.0	1.34	0.1	-1.691	37.0	0.0
5514.349	22.0	1.43	-0.606	-7.71	nan	37.1	-0.66	2.1	-0.04
5514.537	22.0	1.44	-0.480	-7.71	nan	43.7	-0.5	0.4	0.01
5514.793	28.0	3.85	-1.99	-7.234	nan	3.74	-1.99	-9.4	0.0
5514.804	606.0	0.96	-0.35	0.0	6.25	0.42	-0.35	-49.1	0.0
5514.813	606.0	0.63	-0.608	0.0	6.25	0.73	-0.428	-42.1	0.0
5514.884	606.0	0.6	-0.63	0.0	6.25	0.75	-0.364	-73.1	0.0
5514.905	112.0	0.61	-1.393	0.0	1.34	0.04	-1.393	-0.0	0.0
5514.918	822.0	0.38	-0.336	0.0	6.94	0.0	0.461	172.9	0.0
5514.94	606.0	0.96	-0.184	0.0	6.25	0.92	-0.361	49.0	0.0
5514.947	606.0	0.6	-0.359	0.0	6.25	1.39	-0.375	4.3	0.0
5514.981	606.0	0.63	-0.693	0.0	6.25	0.6	-0.443	-56.4	0.0
5515.079	23.0	0.07	-2.595	-7.78	nan	1.61	-3.165	18.0	0.0
5515.082	606.0	0.6	-0.385	0.0	6.25	4.79	-0.385	150.1	0.0
5515.385	606.0	1.12	-0.181	0.0	6.25	39.29	-0.181	421.5	-35.68
5515.387	21.0	1.94	-1.367	-7.83	nan	4.91	-1.367	130.7	-0.09
5515.609	606.0	0.76	0.455	0.0	6.25	6.0	-2.978	0.0	0.0
5515.619	90.2	4.07	-2.840	0.0	nan	0.0	0.0	0.0	0.0
5515.630	606.0	1.19	-7.140	0.0	6.25	0.0	0.0	0.0	0.0
5516.275	60.0	1.2	-0.08	0.0	nan	0.0	-0.08	-0.0	0.0
5516.295	26.0	4.1	-2.774	-7.54	nan	4.9	-4.208	34.1	0.0
5516.306	822.0	0.37	-0.33	0.0	6.94	0.0	0.468	170.5	0.0
5516.478	606.0	0.69	-1.139	0.0	6.25	0.19	-0.858	-32.8	0.0
5516.482	26.0	3.55	-3.352	-7.78	nan	4.41	-3.045	-10.1	0.0
5516.504	822.0	0.6	-0.226	0.0	6.94	0.0	0.594	138.0	0.0
5516.699	25.0	2.18	-3.27	-7.54	nan	45.50	-1.847	-7.0	-0.03
5516.709	25.0	2.18	-2.91	-7.54	nan	45.50	-1.847	-7.0	-0.03
5516.718	25.0	2.18	-2.91	-7.54	nan	45.50	-1.847	-7.0	-0.03
5516.728	25.0	2.18	-4.48	-7.54	nan	45.50	-1.847	-7.0	-0.03
5516.743	25.0	2.18	-2.77	-7.54	nan	45.50	-1.847	-7.0	-0.03
5516.757	25.0	2.18	-2.77	-7.54	nan	45.50	-1.847	-7.0	-0.03
5516.771	25.0	2.18	-2.95	-7.54	nan	45.50	-1.847	-7.0	-0.03
5516.790	25.0	2.18	-2.88	-7.54	nan	45.50	-1.847	-7.0	-0.03
5516.809	25.0	2.18	-2.88	-7.54	nan	45.50	-1.847	-7.0	-0.03
5516.828	25.0	2.18	-2.40	-7.54	nan	45.50	-1.847	-7.0	-0.03
5516.794	606.0	0.94	-0.432	0.0	6.25	0.54	-0.362	-19.3	0.0
5516.811	606.0	1.03	-0.259	0.0	6.25	0.66	-0.173	-49.7	0.0
5516.814	822.0	0.38	-0.33	0.0	6.94	0.0	0.468	170.5	0.0
5517.065	26.0	4.21	-2.013	-7.48	nan	18.1	-2.37	15.1	0.0
5517.094	822.0	0.43	-0.767	0.0	6.94	0.0	0.171	548.5	0.0
5517.533	14.0	5.08	-2.423	-7.32	nan	13.7	-2.61	7.2	0.01
5518.070	606.0	0.62	0.059	0.0	6.25	3.41	-0.428	113.8	0.0
5518.107	606.0	0.69	-0.375	0.0	6.25	1.09	-0.86	56.4	0.0
5518.359	58.1	0.55	-0.825	0.0	nan	2.61	-2.03	59.4	0.0
5518.370	112.0	0.38	-0.414	0.0	1.34	0.61	-1.613	74.3	0.0
5518.374	606.0	0.62	-0.459	0.0	6.25	16.23	-0.459	219.6	-6.35
5518.407	822.0	0.61	-0.223	0.0	6.94	0.0	0.599	137.2	0.0
5518.416	112.0	1.18	-0.228	0.0	1.34	0.16	-1.54	85.2	0.0
5518.566	26.0	5.03	-2.328	-7.370	nan	3.0	-2.328	0.0	0.0 
5519.394	606.0	0.59	-0.375	0.0	6.25	4.4	-0.375	138.4	0.0
5519.554	606.0	1.09	0.069	0.0	6.25	1.21	-0.188	136.7	0.0
5519.556	606.0	0.59	-0.137	0.0	6.25	2.35	-0.396	65.4	0.0
5519.570	26.0	6.15	-0.149	-7.51	nan	19.24	0.34	143.8	-0.01
5519.799	606.0	1.01	0.464	0.0	6.25	3.55	-0.165	381.2	0.0
5519.834	26.1	3.34	-5.956	-7.88	nan	0.62	-5.956	10.6	0.0
5519.840	24.0	3.89	-2.262	-7.73	nan	0.21	-2.918	22.5	0.0
5519.844	606.0	1.01	0.459	0.0	6.25	3.51	-0.174	363.8	0.0
5519.860	112.0	0.85	-0.428	0.0	1.34	0.21	-1.084	60.5	0.0
5520.002	112.0	0.94	-0.811	0.0	1.34	0.07	-0.955	15.1	0.0
5520.03	606.0	0.69	-0.816	0.0	6.25	0.4	-0.941	13.3	0.0
5520.034	112.0	0.47	-0.992	0.0	1.34	0.13	-1.117	11.2	0.0
5520.179	58.1	1.67	-1.09	0.0	nan	0.12	-0.84	-29.8	0.0
5520.198	26.0	4.45	-2.864	-7.51	nan	1.92	-2.622	-9.2	0.0
5520.218	112.0	0.3	-1.482	0.0	1.34	0.06	-1.294	-14.5	0.0
5520.467	606.0	0.91	-0.421	0.0	6.25	0.6	-0.374	-12.6	0.0
5520.479	25.0	5.52	-0.332	-7.58	nan	1.26	-0.293	-13.3	0.0
5520.486	606.0	0.91	-0.425	0.0	6.25	0.59	-0.386	-10.1	0.0
5520.49	26.0	5.11	-1.835	-7.31	nan	4.73	-1.792	-2.4	0.0
5520.497	21.0	1.86	-0.574	-7.72	nan	0.62	0.293	295.9	0.0
5520.927	26.0	5.01	-1.612	-7.35	nan	9.2	-1.981	18.6	-0.01
5521.125	26.0	3.63	-3.048	-7.8	nan	7.16	-2.776	-9.8	-0.01
5521.131	20.0	1.89	-4.555	-7.48	nan	0.35	-4.321	-5.4	0.0
5521.138	22.0	3.42	-1.591	-7.47	nan	0.09	-1.341	-18.6	0.0
5521.248	606.0	0.61	-0.424	0.0	6.25	1.17	-0.444	4.5	0.0
5521.28	26.0	4.43	-2.37	-7.51	nan	5.93	-2.39	0.8	0.0
5521.375	112.0	0.66	-1.334	0.0	1.34	0.04	-1.397	4.5	0.0
5521.426	28.0	3.84	-2.184	-7.58	nan	3.76	-2.28	4.2	0.0
5521.538	606.0	0.61	-0.639	0.0	6.25	0.72	-0.475	-34.5	0.0
5521.562	39.1	1.74	-1.109	-7.75	nan	4.78	-0.933	-18.9	0.0
5521.578	606.0	0.68	-1.1	0.0	6.25	0.21	-0.944	-16.5	0.0
5522.163	606.0	0.90	0.409	0.0	6.25	4.0	0.118	0.0	0.0
5522.233	606.0	0.90	0.408	0.0	6.25	4.0	-0.736	0.0	0.0
5522.425	606.0	0.68	-0.955	0.0	6.25	0.3	-1.033	7.6	0.0
5522.444	26.0	4.21	-1.437	-7.257	nan	42.93	-1.55	7.3	-0.02
5522.458	23.0	2.37	-1.127	-7.79	nan	0.26	-1.174	4.0	0.0
5522.461	822.0	0.62	-0.213	0.0	6.94	0.0	0.613	134.7	0.0
5522.461	58.0	0.55	-0.539	0.0	nan	0.0	-0.539	-0.0	0.0
5524.99	27.0	4.11	-0.646	-7.5	nan	2.9	-0.216	-199.1	0.0
5525.113	822.0	0.488	0.488	0.0	6.94	0.0	0.488	163.9	0.0
5525.117	26.1	3.27	-4.067	-7.876	nan	11.7	-3.95	0.9	0.0
5525.544	26.0	4.23	-1.084	-7.259	nan	85.83	-1.084	40.3	0.06
5525.567	606.0	0.87	-0.296	0.0	6.25	0.87	-0.439	32.6	0.0
5525.700	20.0	5.18	-0.671	-6.98	nan	4.0	-0.671	0.0	0.0
5525.822	822.0	0.63	-0.206	0.0	6.94	0.0	0.622	133.1	0.0
5525.847	26.0	5.11	-2.009	-7.33	nan	3.23	-1.602	-25.4	0.0
5525.88	24.0	2.97	-4.048	-7.79	nan	0.03	-3.423	-18.3	0.0
5525.911	59.1	0.42	-1.597	0.0	nan	0.0	-1.597	123.9	8.76
5525.92	24.1	3.76	-5.94	-7.86	nan	0.01	-4.44	-33.8	0.0
5526.202	26.0	5.07	-2.111	-7.31	nan	2.8	-1.828	-15.5	0.0
5526.306	606.0	0.97	-0.536	0.0	6.25	0.4	-0.2	-168.0	0.0
5526.332	822.0	0.65	-0.21	0.0	6.94	0.0	0.617	134.0	0.0
5526.813	21.1	1.77	0.044	-7.81	nan	73.7	0.024	-83.3	0.0
5526.930	606.0	0.86	0.553	0.0	6.25	13.1	-0.426	229.8	-7.1
5531.947	606.0	0.54	-0.321	0.0	6.25	1.73	-0.421	23.8	0.0
5531.983	26.0	4.91	-1.428	-7.351	nan	16.5	-1.61	7.4	-0.01
5532.032	58.1	1.7	-1.228	0.0	nan	0.08	-1.29	4.8	0.0
5532.088	606.0	0.54	-0.627	0.0	6.25	0.87	-0.432	-45.1	0.0
5532.119	26.0	2.85	-4.718	-7.67	nan	0.95	-4.48	-5.3	0.0
5532.119	606.0	0.82	-0.718	0.0	6.25	0.37	-0.484	-48.3	0.0
5532.127	822.0	0.67	-0.197	0.0	6.94	0.0	0.635	131.0	0.0
5532.156	606.0	0.93	-0.856	0.0	6.25	0.21	-0.2	-328.0	0.0
5532.159	112.0	0.46	-1.505	0.0	1.34	0.04	-0.88	-71.0	0.0
5532.186	606.0	0.82	-1.438	0.0	6.25	0.07	-0.5	-187.6	0.0
5532.203	606.0	0.93	-1.085	0.0	6.25	0.12	-0.21	-416.7	0.0
5532.264	26.0	5.07	-3.209	-7.47	nan	0.23	-1.803	-78.0	0.0
5532.271	822.0	0.44	-0.285	0.0	6.94	0.0	0.519	154.9	0.0
5532.272	58.1	0.17	-2.680	0.0	nan	0.0	-2.68	93.3	19.8
5532.329	606.0	1.02	-0.703	0.0	6.25	0.24	-0.203	-246.3	0.0
5532.332	606.0	0.93	-0.734	0.0	6.25	0.28	-0.218	-236.7	0.0
5532.347	606.0	0.82	-1.079	0.0	6.25	0.16	-0.516	-109.1	0.0
5532.747	26.0	3.57	-2.15	-7.762	nan	32.7	-2.15	-4.4	0.01
5532.862	26.1	6.73	-2.845	-7.889	nan	0.2	-2.72	-4.6	0.0
5532.866	26.0	4.45	-1.72	-7.52	nan	20.2	-1.525	-12.8	-0.02
5533.031	42.0	1.33	-0.069	0.0	nan	26.21	-0.069	962.3	-13.71
5533.054	27.0	4.24	-1.172	-7.5	nan	5.57	-1.172	81.1	0.01
5533.058	112.0	0.73	-0.248	0.0	1.34	0.41	-1.178	78.9	0.0
5534.249	26.0	5.06	-2.127	-7.43	nan	2.76	-1.844	-15.3	0.0
5534.261	606.0	0.8	-0.783	0.0	6.25	0.33	-0.517	-51.5	0.0
5534.271	6.0	8.85	-2.769	-6.67	nan	0.21	-2.503	-10.6	0.0
5534.295	822.0	0.68	-0.194	0.0	6.94	0.0	0.639	130.4	0.0
5534.394	822.0	0.45	0.656	0.0	6.94	2.9	0.525	-25.0	-2.9
5534.659	26.0	3.64	-2.874	-7.81	nan	10.0	-2.578	-11.5	0.0
5534.835	112.0	0.27	-1.508	0.0	1.34	0.06	-1.383	-9.0	0.0
5534.838	26.1	3.25	-2.73	-7.883	nan	57.84	-2.73	-5.9	-0.02
5535.32	60.1	1.41	-0.166	0.0	nan	1.81	-0.83	80.0	0.0
5535.322	606.0	0.92	0.439	0.0	6.25	4.1	-0.228	292.5	0.0
5535.344	23.0	0.02	-4.195	-7.763	nan	0.05	-3.57	-17.5	0.0
5535.392	822.0	0.47	-0.285	0.0	6.94	0.0	0.519	154.9	0.0
5535.412	26.0	3.25	-4.089	-7.82	nan	1.46	-4.089	-1.2	0.0
5535.413	112.0	0.27	-1.292	0.0	1.34	0.1	-1.355	4.6	0.0
5535.414	606.0	0.79	-0.617	0.0	6.25	0.5	-0.57	-8.2	0.0
5535.418	26.0	4.19	-1.050	-7.8	nan	51.09	-1.158	-11.1	-0.03
5535.520	56.0	0.00	-1.179	0.0	nan	30.0	-1.179	0.0	0.0	
5535.529	26.0	6.15	-1.454	-7.51	nan	30.0	-1.454	127.9	-0.44
5536.053	606.0	0.53	-0.325	0.0	6.25	1.76	-0.421	22.8	0.0
5536.074	606.0	0.78	-0.529	0.0	6.25	0.63	-0.552	4.2	0.0
5536.086	606.0	0.53	-0.408	0.0	6.25	1.46	-0.433	5.8	0.0
5536.156	606.0	0.78	-1.821	0.0	6.25	0.03	-0.571	-218.9	0.0
5536.249	606.0	0.53	0.031	0.0	6.25	3.93	-0.445	107.0	0.0
5543.030	26.0	4.19	-3.256	-7.47	nan	1.39	-4.088	20.4	0.0
5543.030	26.0	3.69	-2.800	-7.81	nan	9.21	-3.738	23.3	0.0
5543.170	822.0	0.48	-0.261	0.0	6.94	0.0	0.548	147.6	0.0
5543.189	26.0	4.91	-0.351	-7.29	nan	61.1	-2.282	82.0	-0.05
5543.933	606.0	0.5	-0.469	0.0	6.25	1.36	-0.446	-5.2	0.0
5543.936	26.0	4.22	-1.01	-7.263	nan	54.34	-1.14	-6.1	-0.02
5543.947	26.1	5.57	-3.147	-7.885	nan	0.96	-3.127	-0.6	0.0
5544.147	606.0	0.50	-0.471	0.0	6.25	4.5	-0.471	0.0	0.0
5544.167	606.0	0.95	-0.226	0.0	6.25	4.5	-0.226	0.0	0.0
5544.284	606.0	0.95	-0.193	0	6.25	5	0.0	0.0	0.0	
5544.328	606.0	0.54	-0.112	0	6.25	4	0.0	0.0	0.0
5544.586	112.0	0.37	-1.364	0.0	1.34	0.07	-1.551	12.1	0.0
5544.600	39.1	1.74	-0.905	-7.75	nan	7.33	-1.09	17.0	0.01
5545.931	23.0	1.06	-1.305	-7.593	nan	3.17	-1.84	-40.8	0.0
5545.936	27.0	4.11	-0.535	-7.51	nan	10.0	0.0	0.0	0.0	
5545.937	606.0	0.84	-1.597	0.0	6.25	0.0	0.0	0.0	0.0
5545.960	606.0	0.84	-0.258	0.0	6.25	1.71	-0.258	87.6	0.0
5545.968	822.0	0.76	0.655	0.0	6.94	0.0	0.655	128.1	0.0
5546.009	39.1	1.75	-1.1	-7.75	nan	8.0	-1.1	22.5	0.0
5546.491	822.0	0.76	-0.181	0.0	6.94	0.0	0.659	127.5	0.0
5546.506	26.0	4.37	-1.096	-7.224	nan	51.0	-1.31	13.3	-0.05
5546.714	24.0	2.98	-2.936	-7.79	nan	0.34	-3.67	20.0	0.0
5546.725	26.0	5.01	-1.853	-7.4	nan	5.56	-2.632	29.6	0.0
5546.969	27.0	4.23	-0.95	-7.51	nan	1.14	-1.032	7.9	0.0
5546.99	26.0	4.22	-1.798	-7.263	nan	25.98	-1.91	5.9	0.02
5547.009	22.0	3.15	-1.035	-7.58	nan	0.58	-1.113	7.0	0.0
5553.069	822.0	0.8	-0.176	0.0	6.94	0.0	0.667	126.4	0.0
5553.104	606.0	0.79	-0.280	0.0	6.25	5.0	-0.280	0.0	0.0
5553.160	6.0	8.64	-1.769	-6.97	nan	5.0	-1.812	1.3	0.0
5553.221	26.0	4.22	-2.949	-7.5	nan	2.6	-3.504	3.5	0.0
5553.549	24.0	4.61	-0.234	-7.75	nan	4.54	-0.25	6.4	0.0
5553.585	26.0	4.43	-1.203	-7.188	nan	35.8	-1.41	1.9	0.0
5553.593	21.0	2.3	-1.038	-7.81	nan	0.08	-0.819	-26.7	0.0
5553.690	28.0	1.94	-3.138	-7.783	nan	22.17	-3.17	1.0	-0.02
5554.741	26.0	5.03	-1.656	-7.28	nan	0.0	-1.656	0.0	0.0	
5554.894	26.0	4.55	-0.229	-7.125	nan	99.5	-0.44	48.0	0.0
5554.909	24.0	4.44	-2.084	-7.75	nan	0.1	-2.24	7.0	0.0
5554.923	29.0	5.51	-0.988	-7.59	nan	0.2	-1.363	27.5	0.0
5555.102	606.0	0.46	-1.392	0.0	6.25	0.18	-0.486	-186.4	0.0
5555.122	26.0	4.14	-3.057	-7.8	nan	2.43	-2.045	-49.5	0.0
5555.184	26.0	3.55	-5.233	-7.82	nan	0.06	-4.358	-20.1	0.0
5555.193	606.0	0.46	-1.344	0.0	6.25	0.2	-0.5	-168.8	0.0
5555.197	24.0	3.56	-3.12	-7.79	nan	0.06	-2.307	-35.2	0.0
5555.346	606.0	0.46	-0.622	0.0	6.25	1.05	-0.513	-21.2	0.0
5555.441	606.0	0.78	-0.276	0.0	6.25	1.12	-0.291	5.2	0.0
5555.569	24.0	3.56	-2.094	-7.79	nan	0.65	-1.664	-25.8	0.0
5555.617	606.0	0.78	-0.218	0.0	6.25	1.28	-0.313	30.4	0.0
5555.634	606.0	0.88	-0.155	0.0	6.25	1.18	-0.25	38.0	0.0
5555.762	606.0	0.88	-0.531	0.0	6.25	0.5	-0.258	-105.8	0.0
5555.746	25.0	4.35	-1.303	-7.77	nan	6.0	-1.963	-10.3	0.0
5559.23	606.0	0.98	0.239	0.0	6.25	2.3	0.257	7.0	0.0
5559.639	26.0	4.99	-1.658	-7.3	nan	8.73	-1.83	9.4	0.0
5559.718	112.0	0.55	-2.311	0.0	1.34	0.01	-1.311	-76.3	0.0
5559.845	606.0	0.86	-1.357	0.0	6.25	0.08	0.205	762.0	0.0
5559.86	20.0	4.78	-3.04	-7.23	nan	0.02	-2.54	-19.7	0.0
5559.893	26.0	4.64	-2.264	-7.31	nan	4.88	-1.655	-36.8	0.0
5560.215	26.0	4.43	-1.006	-7.189	nan	52.0	-1.19	10.4	0.03
5561.439	112.0	0.53	-0.777	0.0	1.34	0.19	-1.371	43.3	0.0
5561.445	58.1	1.46	-0.299	0.0	nan	1.17	-0.88	66.0	0.0
5561.484	112.0	0.34	0.299	0.0	1.34	3.37	-1.006	129.7	0.0
5561.659	606.0	0.73	-0.166	0.0	6.25	1.62	-0.325	48.9	0.0
5561.663	23.0	1.71	-2.428	-7.74	nan	0.06	-1.24	-95.8	0.0
5561.717	606.0	0.74	-1.525	0.0	6.25	0.07	-0.337	-352.5	0.0
5561.791	112.0	0.74	-1.084	0.0	1.34	0.06	-1.459	25.7	0.0
5562.092	28.0	4.54	-4.294	-7.27	nan	0.01	-2.794	-53.7	0.0
5562.116	26.0	4.39	-2.529	-7.51	nan	4.59	-0.436	226.6	161.6
5562.118	822.0	0.56	-0.23	0.0	6.94	0.0	0.589	139.0	0.0
5562.273	606.0	0.49	-0.467	0.0	6.25	1.4	-0.823	43.3	0.0
5562.514	112.0	0.22	-0.029	0.0	1.34	2.1	-1.513	98.1	0.0
5562.704	26.0	3.27	-5.006	-7.81	nan	0.19	-4.818	-3.9	0.0
5562.706	26.0	4.43	-0.642	-7.52	nan	46.6	-0.642	-73.7	0.04
5562.708	22.0	0.9	-3.034	-7.632	nan	0.91	-2.87	-5.7	0.0
5563.307	112.0	0.52	-2.412	0.0	1.34	4.5	-2.412	56.2	-4.4
5563.354	112.0	0.5	-1.529	0.0	1.34	0.0	-1.529	0.0	0.0
5563.600	26.0	4.19	-0.850	-7.268	nan	39.2	-0.99	-55.2	0.03
5563.669	24.0	3.42	-2.845	-7.76	nan	0.16	-2.376	-19.7	0.0
5563.671	27.0	3.57	-2.752	-7.55	nan	0.08	-2.377	-15.8	0.0
5563.676	26.0	4.14	-3.641	-7.45	nan	0.65	-3.196	-13.9	0.0
5563.680	606.0	0.72	-0.756	0.0	6.25	0.43	-0.35	-116.0	0.0
5563.693	26.0	2.42	-3.401	-7.75	nan	16.68	-3.409	-11.5	-0.02
5565.449	606.0	0.71	-0.53	0.0	6.25	0.74	-0.35	-51.4	0.0
5565.463	822.0	0.6	-0.23	0.0	6.94	0.0	0.589	139.0	0.0
5565.474	22.0	2.24	-0.350	-7.73	nan	10.92	-0.22	-163.6	0.0
5565.48	26.1	6.73	-3.058	-7.89	nan	0.12	-2.777	-10.1	0.0
5565.684	112.0	0.38	0.34	0.0	1.34	0.0	-1.812	118.8	3.39
5565.685	26.0	0.05	-8.133	-7.82	nan	0.23	-8.086	-0.6	0.0
5565.704	26.0	4.61	-0.203	-7.41	nan	75.93	-0.214	-74.3	0.01
5565.742	606.0	0.43	-0.771	0.0	6.25	0.8	-0.529	-45.7	0.0
5565.945	27.0	4.23	-1.015	-7.51	nan	0.0	-1.015	0.0	0.0
5565.946	23.0	1.05	-2.188	-7.595	nan	0.0	-2.188	0.0	0.0
5565.968	58.0	0.47	1.31	0.0	nan	0.0	1.31	0.0	0.0
5565.969	16.0	8.04	-1.003	-6.43	nan	0.0	-1.003	0.0	0.0
5566.073	26.0	6.17	-0.462	-7.51	nan	10.52	0.342	235.1	0.0
5566.095	606.0	0.82	-0.275	0.0	6.25	1.03	-0.275	-0.0	0.0
5566.109	112.0	0.47	-1.599	0.0	1.34	0.03	-1.474	-8.5	0.0
5566.72	16.0	8.05	-2.004	-6.43	nan	0.0	-2.004	-0.0	0.0
5566.72	112.0	0.47	-0.775	0.0	1.34	0.22	-1.431	45.8	0.0
5566.722	26.0	5.01	-1.971	-7.3	nan	4.33	-2.47	27.4	0.0
5566.759	606.0	0.49	-0.997	0.0	6.25	5.0	-0.997	65.6	0.0
5566.799	26.0	3.25	-3.564	-7.79	nan	5.0	-3.564	0.0	0.0
5567.274	26.0	4.42	-1.961	-7.51	nan	13.83	-1.647	-19.1	0.01
5567.275	606.0	0.69	-0.604	0.0	6.25	0.65	-0.362	-66.9	0.0
5567.281	112.0	0.41	-2.167	0.0	1.34	0.01	-1.667	-30.0	0.0
5567.391	26.0	2.61	-2.668	-7.565	nan	57.64	-2.564	-4.1	0.04
5567.42	112.0	0.43	-1.372	0.0	1.34	0.06	-1.559	12.0	0.0
5567.755	25.0	5.52	0.426	-7.58	nan	1.9	0.426	135.7	0.0
5567.761	39.0	1.92	-0.862	-7.68	nan	0.04	-0.862	32.7	0.0
5567.82	58.0	1.06	0.069	0.0	nan	0.0	0.069	1782.6	0.0
5567.824	112.0	0.21	-2.605	0.0	1.34	0.01	-1.605	-62.3	0.0
5567.831	26.1	6.73	-2.663	-7.89	nan	0.3	-1.866	-42.7	0.0
5568.074	26.0	4.15	-3.007	-7.51	nan	2.66	-2.964	-1.5	0.0
5568.086	112.0	0.43	-1.507	0.0	1.34	0.04	-1.507	-0.0	0.0
5568.821	22.0	0.84	-4.691	-7.77	nan	0.0	-4.691	53.3	-1.63
5568.860	26.0	3.63	-2.922	-7.77	nan	9.3	-6.842	0.0	0.0	
5569.034	606.0	0.42	-0.635	0.0	6.25	1.13	-0.545	-16.5	0.0
5569.037	44.0	1.0	-2.79	0.0	nan	0.01	-2.79	-0.0	0.0
5569.112	606.0	0.68	-1.527	0.0	6.25	0.08	-0.402	-279.9	0.0
5569.143	606.0	0.42	-1.467	0.0	6.25	0.17	-0.561	-161.5	0.0
5569.512	22.0	3.46	-0.294	-7.54	nan	1.6	-0.654	55.0	0.0
5569.598	606.0	0.8	-0.284	0.0	6.25	1.06	-0.284	-0.0	0.0
5569.618	26.0	3.42	-0.486	-7.204	nan	98.8	-0.486	-158.6	-0.03
5570.051	26.0	2.85	-4.131	-7.83	nan	0.0	-4.131	0.0	0.0
5570.262	606.0	0.48	-1.328	0.0	6.25	0.2	-1.125	-18.0	0.0
5570.416	112.0	0.67	0.466	0.0	1.34	5.8	-1.075	143.3	-3.41
5570.539	25.1	6.18	-1.122	-7.88	nan	1.54	-1.434	21.8	0.0
5570.578	24.0	4.11	-1.365	-7.77	nan	1.04	-1.666	18.1	0.0
5570.58	606.0	0.67	-0.113	0.0	6.25	2.09	-0.389	71.0	0.0
5570.784	822.0	0.61	0.663	0.0	6.94	2.2	0.603	-10.0	-2.2
5572.043	606.0	0.66	-0.583	0.0	6.25	0.73	-0.403	-44.7	0.0
5572.056	24.0	4.45	-1.62	-7.76	nan	0.28	-1.433	-13.0	0.0
5572.095	606.0	0.48	-1.193	0.0	6.25	0.27	-1.162	-2.7	0.0
5572.11	606.0	0.66	-0.44	0.0	6.25	1.02	-0.417	-5.5	0.0
5572.193	58.0	0.17	-1.188	0.0	nan	0.0	-1.188	-0.0	0.0
5572.204	26.0	3.25	-4.317	-7.83	nan	0.98	-4.489	3.8	0.0
5572.297	822.0	0.61	-0.216	0.0	6.94	0.0	0.608	135.5	0.0
5572.346	112.0	1.04	-1.101	0.0	1.34	0.03	-1.351	18.5	0.0
5572.382	606.0	0.41	-0.6	0.0	6.25	1.25	-0.561	-7.0	0.0
5572.402	26.0	4.99	-2.338	-7.18	nan	2.0	-2.389	2.1	0.0
5572.469	606.0	0.41	-0.82	0.0	6.25	0.75	-0.578	-41.9	0.0
5572.5	27.0	2.28	-2.138	-7.76	nan	5.42	-1.646	-29.9	0.0
5572.664	606.0	0.41	-0.594	0.0	6.25	15.8	-0.594	189.6	-1.08
5572.842	26.0	3.4	-0.275	-7.211	nan	68.5	-0.275	-537.5	0.0
5573.102	26.0	4.19	-1.317	-7.57	nan	38.9	-1.317	-14.8	-0.01
5573.11	822.0	0.63	-0.22	0.0	6.94	0.0	0.603	136.5	0.0
5573.39	822.0	0.62	0.664	0.0	6.94	5.0	0.608	-9.2	-5.0
5573.409	62.0	0.39	0.47	0.0	nan	2.4	-1.052	144.7	-2.34
5573.516	112.0	0.2	-0.979	0.0	1.34	0.25	-1.667	41.3	0.0
5573.554	606.0	0.65	0.033	0.0	6.25	3.04	-0.432	107.6	0.0
5573.558	112.0	0.7	-1.095	0.0	1.34	0.06	-1.345	18.6	0.0
5573.574	112.0	0.18	-2.735	0.0	1.34	0.0	-2.735	-0.0	0.0
5573.659	25.0	5.54	-0.242	-7.58	nan	1.49	0.35	169.1	0.0
5573.707	27.0	4.23	-1.685	-7.51	nan	0.21	-1.701	0.9	0.0
5573.724	25.0	4.36	-1.398	-7.77	nan	1.32	-1.664	16.0	0.0
5573.734	606.0	0.65	-0.181	0.0	6.25	1.87	-0.447	59.5	0.0
5573.757	26.0	5.07	-2.752	-7.31	nan	0.66	-2.775	0.8	0.0
5574.344	112.0	0.2	-1.872	0.0	1.34	0.03	-1.622	-15.4	0.0
5574.388	26.0	4.42	-2.706	-7.51	nan	2.93	-2.599	-4.1	0.0
5574.393	24.0	4.45	-1.451	-7.76	nan	0.41	-1.349	-7.6	0.0
5574.419	112.0	0.53	-2.249	0.0	1.34	0.01	-2.249	-0.0	0.0
5575.5	60.0	1.04	-1.155	0.0	nan	0.0	0.07	1750.0	0.0
5575.523	606.0	0.4	-0.402	0.0	6.25	2.0	-0.578	30.4	0.0
5575.645	606.0	0.4	-0.269	0.0	6.25	2.7	-0.595	54.8	0.0
5575.817	606.0	0.4	-1.01	0.0	6.25	0.5	-0.612	-65.0	0.0
5576.048	27.0	4.5	-1.71	-7.55	nan	0.11	-1.21	-41.3	0.0
5576.089	26.0	3.43	-0.791	-7.201	nan	128.54	-1.0	8.9	-0.01
5576.098	606.0	0.76	-0.279	0.0	6.25	1.17	-0.302	7.6	0.0
5576.114	64.0	0.84	-1.068	0.0	nan	0.0	-1.068	-0.0	0.0
5576.209	606.0	0.62	-0.201	0.0	6.25	1.92	-0.464	56.7	0.0
5576.232	606.0	0.76	-0.529	0.0	6.25	0.66	-0.31	-70.6	0.0
5577.025	26.0	5.03	-1.5	-7.39	nan	11.1	-1.55	3.2	-0.01
5577.321	606.0	0.61	-0.376	0.0	6.25	1.32	-0.464	19.0	0.0
5577.339	8.0	1.97	-8.118	0.0	nan	1.72	-8.204	1.0	0.0
5577.39	606.0	0.61	-0.395	0.0	6.25	1.27	-0.48	17.7	0.0
5578.512	606.0	0.6	-0.497	0.0	6.25	4.6	-0.497	134.4	0.0
5578.678	606.0	0.6	-0.449	0.0	6.25	1.14	-0.515	12.8	0.0
5578.701	606.0	0.39	-0.548	0.0	6.25	1.47	-0.595	7.9	0.0
5578.714	26.0	5.06	-3.143	-7.14	nan	0.28	-3.159	0.5	0.0
5578.718	28.0	1.68	-2.729	-7.673	nan	51.67	-2.83	3.6	0.02
5578.724	822.0	0.65	-0.21	0.0	6.94	0.0	0.617	134.0	0.0
5579.009	606.0	0.39	-1.115	0.0	6.25	0.4	-0.631	-76.7	0.0
5579.329	112.0	0.27	-1.033	0.0	1.34	0.19	-1.142	9.5	0.0
5579.34	26.0	4.23	-2.299	-7.263	nan	10.31	-2.4	4.2	-0.01
5581.970	20.0	2.52	-0.300	-7.538	nan	108.58	-0.555	35.5	0.0
5582.007	606.0	0.38	-0.671	0.0	6.25	1.14	-0.651	-3.1	0.0
5582.107	23.0	1.93	-2.384	-7.8	nan	0.04	-2.759	13.6	0.0
5582.273	606.0	0.72	-0.271	0.0	6.25	1.31	-0.32	15.3	0.0
5582.29	606.0	0.57	-0.446	0.0	6.25	1.23	-0.594	24.9	0.0
5582.375	112.0	0.61	-1.341	0.0	1.34	0.04	-1.091	-22.9	0.0
5582.384	112.0	0.54	-2.187	0.0	1.34	0.01	-2.187	-0.0	0.0
5582.417	606.0	0.72	-0.419	0.0	6.25	0.93	-0.329	-27.4	0.0
5582.431	23.1	2.37	-3.029	-7.86	nan	0.3	-2.935	-3.2	0.0
5582.711	606.0	0.56	-0.026	0.0	6.25	3.26	-0.574	95.5	0.0
5582.73	58.0	0.17	-0.165	0.0	nan	0.02	-0.816	79.8	0.0
5582.809	606.0	0.56	-0.553	0.0	6.25	0.99	-0.596	7.2	0.0
5582.96	606.0	0.56	-0.078	0.0	6.25	2.9	-0.617	87.4	0.0
5582.964	822.0	0.65	-0.203	0.0	6.94	0.0	0.626	132.4	0.0
5582.981	112.0	0.25	-0.654	0.0	1.34	0.48	-1.185	44.8	0.0
5583.003	606.0	0.48	-0.774	0.0	6.25	0.72	-1.157	33.1	0.0
5586.256	112.0	1.0	0.412	0.0	1.34	0.0	-1.416	129.1	1.02
5586.267	26.0	4.64	-2.21	-7.31	nan	5.49	-1.288	-71.6	0.0
5586.285	24.0	4.61	-2.756	-7.75	nan	0.01	-2.256	-22.2	0.0
5586.755	26.0	3.37	-0.12	-7.221	nan	109.49	-0.12	-866.7	0.04
5586.766	26.0	4.26	-2.903	-7.53	nan	1.11	-2.903	-13.3	0.0
5587.574	26.0	4.14	-1.628	-7.8	nan	35.4	-1.85	12.0	0.01
5587.820	26.0	4.45	-3.735	-7.51	nan	0.27	-3.735	-0.0	0.0
5587.858	28.0	1.94	-2.438	-7.783	nan	52.84	-2.39	-2.0	-0.02
5587.874	606.0	0.36	-0.716	0.0	6.25	1.08	-0.693	-3.3	0.0
5588.759	20.0	2.525	0.358	-7.538	nan	148.89	0.358	58.1	0.0
5588.764	26.0	3.3	-4.768	-7.8	nan	0.31	-4.862	1.9	0.0
5588.968	26.0	5.03	-1.955	-7.41	nan	4.3	-2.705	27.7	0.0
5589.346	26.0	5.07	-2.893	-7.32	nan	0.48	-2.893	0.0	0.0
5589.358	28.0	3.9	-1.141	-7.221	nan	26.12	-1.14	-0.1	0.02
5589.851	26.0	5.07	-1.269	-7.43	nan	16.0	-1.484	14.5	0.0
5590.114	20.0	2.52	-0.459	-7.539	nan	88.8	-0.571	-18.7	-0.03
5590.151	26.0	4.1	-2.895	-7.55	nan	3.79	-2.86	-1.2	0.0
5590.666	27.0	2.04	-2.5	-7.82	nan	8.00	-1.87	0.0	0.0
5590.718	27.0	2.04	-2.8	-7.82	nan	8.00	-1.87	0.0	0.0
5590.727	27.0	2.04	-3.1	-7.82	nan	8.00	-1.87	0.0	0.0
5590.738	27.0	2.04	-2.9	-7.82	nan	8.00	-1.87	0.0	0.0
5590.769	27.0	2.04	-2.9	-7.82	nan	8.00	-1.87	0.0	0.0
5590.784	27.0	2.04	-2.8	-7.82	nan	8.00	-1.87	0.0	0.0
5590.812	27.0	2.04	-3.1	-7.82	nan	8.00	-1.87	0.0	0.0
5590.818	27.0	2.04	-2.9	-7.82	nan	8.00	-1.87	0.0	0.0
5591.360	26.1	3.27	-4.493	-7.883	nan	4.56	-4.59	2.1	0.0
5591.364	21.0	1.99	-0.436	-7.83	nan	0.64	-0.522	16.5	0.0
5593.735	28.0	3.9	-0.77	-7.222	nan	43.3	-0.84	8.3	0.09
5594.420	60.1	1.12	0.684	0.0	nan	10.0	0.684	0.0	0.0	
5594.458	24.0	3.1	-3.933	-7.73	nan	0.0	-3.933	63.6	7.45
5594.465	20.0	2.52	-0.008	-7.539	nan	114.5	0.097	385.6	-0.02
5594.655	26.0	4.55	-0.704	-7.51	nan	60.6	-0.658	-7.0	0.04
5594.671	112.0	0.81	0.431	0.0	1.34	0.0	-1.302	133.1	1.62
5595.035	112.0	0.21	-1.25	0.0	1.34	0.13	-1.344	7.0	0.0
5595.060	26.0	5.06	-1.708	-7.37	nan	6.87	-1.77	3.5	0.0
5598.295	26.0	4.65	-0.280	-7.085	nan	73.8	-0.37	-40.3	0.01
5598.417	606.0	0.33	-1.29	0.0	6.25	0.31	-0.767	-68.2	0.0
5598.425	26.0	3.63	-3.611	-7.75	nan	2.11	-3.088	-16.9	0.0
5598.462	822.0	0.46	-0.276	0.0	6.94	0.0	0.53	152.1	0.0
5598.462	822.0	0.59	-0.088	0.0	6.94	0.0	0.816	110.8	0.0
5598.466	26.0	2.42	-4.724	-7.77	nan	2.46	-4.773	1.0	0.0
5598.480	20.0	2.52	-0.007	-7.541	nan	105.03	-0.087	157.5	-0.01
5624.021	26.0	4.39	-1.155	-7.234	nan	45.7	-1.480	0.0	0.0
5624.343	606.0	0.44	-0.564	0.0	6.25	5.64	-0.564	117.7	0.0
5624.376	26.1	5.57	-2.562	-7.886	nan	3.46	-3.236	20.8	0.0
5624.542	26.0	3.42	-0.755	-7.211	nan	119.56	-0.755	-33.8	0.05
5624.556	24.0	4.39	-1.739	-7.64	nan	0.24	-1.723	-0.9	0.0
5624.874	23.0	1.05	-1.050	-7.598	nan	0.0	-1.050	0.0	0.0
5625.317	28.0	4.09	-0.699	-7.228	nan	38.0	-0.7	0.1	-0.02
5625.657	21.0	1.85	-2.138	-7.71	nan	0.13	-2.138	40.9	0.0
5625.670	27.0	1.04	-2.784	-7.71	nan	27.4	-8.028	0.0	0.0
5625.688	822.0	0.55	0.646	0.0	6.94	0.0	0.646	129.4	0.0
5625.740	606.0	0.43	-0.581	0.0	6.25	47.96	-0.581	191.9	-33.67
5625.802	6.0	8.85	-1.153	-6.75	nan	7.88	-2.35	50.9	0.0
5626.731	58.1	1.64	-0.392	0.0	nan	0.64	-1.04	62.3	0.0
5626.736	22.0	3.18	-1.355	-7.58	nan	0.26	-2.011	32.6	0.0
5626.763	606.0	0.42	0.092	0.0	6.25	5.79	-0.565	116.3	0.0
5626.768	822.0	0.76	0.087	0.0	6.94	0.0	1.223	92.9	0.0
5627.081	26.0	4.18	-2.831	-7.51	nan	3.7	-3.459	18.2	0.0
5627.489	26.1	3.39	-4.195	-7.879	nan	6.76	-4.13	-1.6	0.0
5627.508	26.0	4.59	-3.164	-7.78	nan	0.73	-3.101	-2.0	0.0
5627.630	23.0	1.08	-0.35	-7.594	nan	23.9	-0.35	18.6	-0.01
5628.022	606.0	0.41	0.033	0.0	6.25	5.2	-0.599	105.5	0.0
5628.318	24.0	5.78	0.035	-6.63	nan	0.75	-0.307	111.4	0.0
5628.342	28.0	4.09	-1.283	-7.58	nan	12.95	-1.743	22.4	-0.01
5628.642	24.0	3.42	-0.788	-7.588	nan	14.6	-0.74	-6.5	0.01
5640.306	26.0	4.64	-1.637	-7.31	nan	14.2	-1.367	-27.7	-0.01
5640.355	68.0	1.2	0.566	0.0	nan	0.0	-0.321	276.3	0.04
5640.989	21.1	1.5	-0.983	-7.86	nan	38.1	-1.131	13.1	-0.02
5641.101	26.0	4.61	-4.123	-7.42	nan	0.08	-3.936	-4.8	0.0
5641.117	28.0	4.11	-2.003	-7.5	nan	3.22	-1.825	-9.8	0.0
5641.408	20.0	5.05	-1.638	-7.15	nan	0.32	-1.575	-4.0	0.0
5641.418	26.0	5.07	-1.048	-7.38	nan	19.12	-1.048	-12.3	0.0
5641.431	23.0	3.27	-0.284	-7.53	nan	0.25	-0.221	-28.5	0.0
5641.434	26.0	4.26	-1.100	-7.264	nan	43.48	-1.18	-17.5	0.03
5641.881	28.0	4.11	-1.057	-7.215	nan	21.7	-1.07	1.2	0.01
5641.902	822.0	0.98	0.121	0.0	6.94	0.0	1.322	90.8	0.0
5642.359	24.0	3.86	-0.823	-7.184	nan	5.9	-0.83	0.8	0.0
5642.376	25.0	4.36	-2.544	-7.77	nan	0.1	-2.544	-0.0	0.0
5642.604	28.0	3.9	-1.933	-7.235	nan	5.8	-2.02	4.3	0.0
5642.75	26.0	4.61	-1.972	-7.113	nan	9.7	-2.12	7.0	-0.01
5642.784	822.0	0.66	-0.054	0.0	6.94	0.0	0.884	106.1	0.0
5643.078	28.0	4.16	-1.297	-7.223	nan	12.86	-1.24	-4.6	-0.02
5643.083	27.0	3.53	-1.318	-7.73	nan	2.04	-1.318	-3.7	0.0
5643.807	20.0	4.53	-1.268	-7.34	nan	2.17	-1.729	26.7	0.0
5643.851	112.0	0.86	0.313	0.0	1.34	0.0	-1.943	116.1	1.12
5643.926	26.0	4.08	-2.259	-7.8	nan	16.0	-2.05	-42.4	0.0
5644.025	26.0	4.56	-1.641	-7.31	nan	19.7	-0.697	-169.7	-0.01
5644.134	22.0	2.27	0.062	-7.73	nan	31.8	0.12	48.3	0.0
5644.357	26.0	4.15	-2.972	-7.237	nan	2.9	-3.04	2.2	0.0
5644.387	822.0	0.68	-0.034	0.0	6.94	0.0	0.924	103.7	0.0
5645.033	14.0	5.61	-2.398	-6.98	nan	5.3	-2.332	-2.8	0.0
5645.445	822.0	1.03	0.127	0.0	6.94	0.0	1.339	90.5	0.0
5645.488	24.0	3.46	-1.672	-7.31	nan	2.1	-1.705	1.9	0.0
5645.613	14.0	4.93	-2.006	-7.29	nan	36.1	-2.14	6.3	-0.01
5645.833	26.0	4.61	-1.84	-7.31	nan	12.5	-0.955	-92.7	0.0
5646.107	23.0	1.05	-1.172	-7.599	nan	4.4	-1.21	3.1	0.0
5646.134	822.0	0.71	-0.018	0.0	6.94	0.0	0.959	101.9	0.0
5646.684	26.0	4.26	-2.42	-7.48	nan	7.58	-2.5	3.2	0.01
5646.691	39.0	2.08	-0.818	-7.73	nan	0.02	-0.818	-0.0	0.0
5647.234	27.0	2.28	-1.655	-7.612	nan	14.6	-1.56	-6.1	-0.01
5647.856	22.0	1.88	-1.413	-7.72	nan	4.0	-2.66	46.9	0.0
5657.413	16.0	8.05	-2.11	-6.56	nan	0.0	-2.11	-0.0	0.0
5657.432	822.0	0.67	-0.263	0.0	6.94	0.0	0.546	148.2	0.0
5657.44	23.0	1.06	-0.997	-7.598	nan	6.3	-1.0	0.3	0.0
5657.838	25.0	5.67	-1.147	-7.5	nan	0.14	-1.178	2.6	0.0
5657.879	21.1	1.51	-0.323	-7.86	nan	68.86	-0.603	46.4	0.03
5658.341	21.1	1.5	-1.208	-7.86	nan	25.5	-1.208	-5.1	-0.01
5658.531	26.0	3.43	-1.871	-7.211	nan	60.8	-1.856	-0.8	0.05
5658.627	822.0	0.88	0.045	0.0	6.94	0.0	1.109	95.9	0.0
5658.631	24.0	3.56	-2.042	-7.79	nan	0.74	-1.862	-9.7	0.0
5658.642	112.0	0.87	0.322	0.0	1.34	0.0	-1.899	117.0	1.12
5658.657	26.0	4.28	-1.186	-7.53	nan	32.96	-1.186	-32.0	-0.02
5658.816	26.0	3.4	-0.793	-7.221	nan	130.0	-0.793	-16.3	0.01
5659.097	22.0	0.9	-2.978	-7.77	nan	12.1	-2.978	37.7	0.0
5659.574	26.0	5.09	-1.101	-7.4	nan	20.9	-0.986	-11.7	-0.01
5660.476	58.1	1.28	-1.485	0.0	nan	0.12	-1.61	7.8	0.0
5660.520	14.0	5.62	-1.955	-6.98	nan	14.98	-2.024	6.4	0.01
5660.675	14.0	5.62	-1.821	-6.980	nan	14.50	-2.024	6.4	0.01
5660.800	26.0	3.64	-2.634	-7.563	nan	16.09	-2.88	9.5	0.0
5661.020	26.0	4.58	-2.277	-7.776	nan	5.4	-2.43	6.3	0.0
5661.344	26.0	4.28	-1.799	-7.244	nan	23.8	-1.736	-3.6	0.02
5661.970	26.0	4.26	-2.648	-7.179	nan	4.7	-2.73	3.0	0.0
5661.975	822.0	0.71	-0.216	0.0	6.94	0.0	0.608	135.5	0.0
5662.15	22.0	2.32	-0.103	-7.226	nan	23.4	0.01	1130.0	0.01
5662.171	822.0	0.93	0.055	0.0	6.94	0.0	1.135	95.2	0.0
5662.516	26.0	4.18	-0.313	-7.53	nan	94.0	-0.573	135.8	0.0
5662.527	822.0	0.89	-0.02	0.0	6.94	0.0	0.956	102.1	0.0
5662.922	822.0	0.94	1.14	0.0	6.94	0.0	1.14	95.0	0.0
5662.924	39.1	1.94	0.20	-7.74	nan	8.16	0.2	433.0	0.0
5662.937	26.0	3.69	-1.916	-7.589	nan	42.84	-1.975	3.0	0.01
5663.820	112.0	0.77	-1.276	0.0	1.34	12.2	-1.276	134.1	-10.39
5663.984	28.0	4.54	-0.507	-7.278	nan	27.1	-0.43	-17.9	0.01
5663.984	58.0	0.72	-0.20	0.0	nan	0.0	-0.2	390.0	0.04
5664.030	24.0	3.43	-1.0	-7.76	nan	9.51	-0.989	-1.1	0.0
5664.581	24.0	3.83	-0.875	-7.36	nan	5.6	-0.633	-38.2	0.0
5665.555	14.0	4.92	-2.04	-7.3	nan	40.8	-2.04	5.5	-0.04
5666.677	14.0	5.62	-1.644	-6.98	nan	24.1	-1.797	8.5	-0.03
5666.793	28.0	4.11	-1.793	-7.5	nan	5.1	-2.262	20.7	-0.01
5667.141	21.1	1.5	-1.202	-7.86	nan	25.0	-1.309	-2.0	-0.03
5667.513	26.0	4.18	-1.337	-7.53	nan	53.7	-1.576	27.2	0.01
5668.362	23.0	1.08	-1.008	-7.595	nan	5.9	-1.01	0.2	0.01
5668.925	6.0	8.54	-1.469	-7.07	nan	6.0	-1.469	25.8	0.02
5669.032	21.1	1.5	-1.098	-7.86	nan	32.8	-1.2	-3.7	-0.03
5669.730	822.0	0.71	-0.276	0.0	6.94	0.0	0.53	152.1	0.0
5669.736	14.0	5.62	-1.78	-6.98	nan	23.28	-1.78	6.6	-0.02
5669.753	60.0	0.46	-0.058	0.0	nan	0.02	-0.125	53.6	0.0
5669.943	28.0	4.27	-1.031	-7.56	nan	17.1	-1.004	-2.7	0.0
5669.958	58.0	0.4	-0.917	0.0	nan	0.0	0.121	857.9	0.0
5669.975	822.0	0.71	-0.26	0.0	6.94	0.0	0.549	147.4	0.0
5670.848	23.0	1.08	-0.409	-7.633	nan	19.4	-0.43	4.9	0.01
5671.469	160.0	1.78	-8.762	0.0	3.47	0.0	0.0	0.0	0.0
5671.499	822.0	0.73	0.667	0.0	6.94	8.1	0.647	-3.1	-8.1
5671.646	26.0	2.73	-5.381	-7.71	nan	0.28	-5.615	4.2	0.0
5671.657	24.1	3.83	-3.548	-7.86	nan	1.22	-3.806	6.8	0.0
5671.792	822.0	0.74	-0.18	0.0	6.94	0.0	0.661	127.2	0.0
5671.810	21.0	1.45	2.16	-7.81	nan	14.5	0.495	5.7	0.0
5683.451	26.0	4.58	-2.491	-7.47	nan	3.4	-3.111	19.9	0.0
5684.190	21.1	1.51	-1.068	-7.86	nan	33.8	-1.074	0.6	-0.03
5684.484	26.0	5.07	-2.085	-7.41	nan	3.0	-1.947	-1.6	0.0
5684.484	14.0	4.95	-1.570	-7.3	nan	60.0	-1.65	-4.1	0.03
5694.740	24.0	3.86	-0.241	-7.191	nan	18.8	-0.241	-144.8	-9.16
5694.983	28.0	4.09	-0.605	-7.248	nan	42.72	-0.61	0.8	-0.03
5694.992	26.0	4.59	-3.348	-7.68	nan	0.48	-3.34	-0.2	0.0
5695.007	822.0	1.04	0.006	0.0	6.94	0.0	1.015	99.4	0.0
5696.057	58.1	0.71	-2.164	0.0	nan	0.09	-2.07	-4.5	0.0
5696.088	26.0	4.55	-1.850	-7.156	nan	13.2	-1.72	-16.2	0.01
6448.501	607.0	0.42	-1.845	0.0	7.63	1.1	-2.435	24.2	0.0
6448.99	822.0	0.38	-0.883	0.0	6.94	0.0	0.131	774.0	0.0
6449.000	607.0	0.40	-0.919	0.0	7.63	15.0	-2.446	0.0	0.0
6449.204	24.0	4.1	-0.583	-7.8	nan	10.4	-2.873	79.7	0.0
6449.369	607.0	0.44	-1.48	0.0	7.63	2.4	-2.683	44.8	0.0
6449.443	822.0	0.28	-1.367	0.0	6.94	0.0	0.043	3279.1	0.0
6449.606	822.0	0.42	0.62	0.0	6.94	3.9	0.164	-278.0	-3.9
6449.810	20.0	2.52	-0.312	-7.57	nan	91.2	-0.502	-196.6	0.02
6450.067	20.0	4.45	-0.723	-7.5	nan	8.6	-0.632	-14.4	0.0
6450.183	14.0	6.1	-1.132	-6.66	nan	32.0	-1.476	-46.2	0.0
6450.251	607.0	0.57	-3.058	0.0	7.63	0.05	-2.308	-32.5	0.0
6450.284	822.0	0.38	-0.851	0.0	6.94	0.0	0.141	703.5	0.0
6450.300	27.0	1.71	-2.167	-7.81	nan	17.6	-1.527	-62.3	0.01
6451.508	607.0	0.5	-2.08	0.0	7.63	0.53	-2.01	-3.5	0.0
6451.517	14.0	5.98	-2.632	-6.82	nan	1.53	-2.558	-2.9	0.0
6451.533	26.0	3.69	-4.93	-7.82	nan	0.1	-4.836	-1.9	0.0
6451.557	28.0	4.16	-2.13	-7.58	nan	2.34	-2.054	-3.7	0.0
6454.937	27.0	3.63	-2.228	-7.222	nan	15.6	-0.250	0.0	0.0
6454.937	27.0	3.63	-1.966	-7.222	nan	15.6	-0.250	0.0	0.0
6454.941	27.0	3.63	-1.762	-7.222	nan	15.6	-0.250	0.0	0.0
6454.948	27.0	3.63	-2.161	-7.222	nan	15.6	-0.250	0.0	0.0 
6454.950	27.0	3.63	-1.592	-7.222	nan	15.6	-0.250	0.0	0.0
6454.958	27.0	3.63	-1.966	-7.222	nan	15.6	-0.250	0.0	0.0 
6454.964	27.0	3.63	-1.446	-7.222	nan	15.6	-0.250	0.0	0.0 
6454.969	27.0	3.63	-2.860	-7.222	nan	15.6	-0.250	0.0	0.0 
6454.972	27.0	3.63	-1.861	-7.222	nan	15.6	-0.250	0.0	0.0 
6454.982	27.0	3.63	-1.317	-7.222	nan	15.6	-0.250	0.0	0.0 
6454.989	27.0	3.63	-2.705	-7.222	nan	15.6	-0.250	0.0	0.0 
6454.992	27.0	3.63	-1.814	-7.222	nan	15.6	-0.250	0.0	0.0 
6455.006	27.0	3.63	-1.201	-7.222	nan	15.6	-0.250	0.0	0.0 
6455.014	27.0	3.63	-2.705	-7.222	nan	15.6	-0.250	0.0	0.0 
6455.016	27.0	3.63	-1.820	-7.222	nan	15.6	-0.250	0.0	0.0 
6455.034	27.0	3.63	-1.096	-7.222	nan	15.6	-0.250	0.0	0.0 
6455.044	27.0	3.63	-2.802	-7.222	nan	15.6	-0.250	0.0	0.0 
6455.045	27.0	3.63	-1.893	-7.222	nan	15.6	-0.250	0.0	0.0 
6455.079	27.0	3.63	-3.006	-7.222	nan	15.6	-0.250	0.0	0.0 
6455.079	27.0	3.63	-2.103	-7.222	nan	15.6	-0.250	0.0	0.0 
6455.118	27.0	3.63	-3.403	-7.222	nan	15.6	-0.250	0.0	0.0
6455.582	822.0	0.44	0.184	0.0	6.94	0.0	0.184	0.0	0.0
6455.598	20.0	2.52	-1.297	-7.570	nan	59.0	-1.340	0.0	0.0
6455.624	62.1	1.46	-1.150	0.0	nan	0.0	-1.150	0.0	0.0            
6456.380	26.1	3.90	-2.108	-7.873	nan	63.1	-2.100	0.0	0.0
6456.391	822.0	0.31	0.087	0.000	6.94	0.0	0.087	0.0	0.0
6456.871	26.0	4.80	-1.776	-7.510	nan	10.5	-4.112	0.0	0.0
6456.875	20.1	8.44	0.155	-7.377	nan	6.5	0.155	0.0	0.0 
6456.895	112.0	0.83	-1.246	0.0	1.34	0.0	-1.246	0.0	0.0
6457.070	606.0	1.47	-0.947	0.0	6.25	0.0	-0.947	0.0	0.0
6457.081	606.0	1.61	-1.471	0.0	6.25	0.0	-1.471	0.0	0.0
6457.087	822.0	0.52	0.064	0.0	6.94	0.0	0.064	0.0	0.0
6457.109	606.0	1.65	-3.588	0.0	6.25	0.0	-3.588	0.0	0.0
6457.114	60.0	1.23	-0.300	0.0	nan	0.0	-0.300	0.0	0.0
6457.142	822.0	0.41	0.191	0.0	6.94	0.0	0.191	0.0	0.0
6457.174	24.0	3.89	-3.036	-7.730	nan	0.0	-3.036	0.0	0.0 
6457.319	607.0	0.50	-1.996	0.0	7.5	0.0	-1.996	0.0	0.0
6457.372	14.0	5.96	-2.040	-6.820	nan	6.0	-6.820	0.0	0.0
6461.824	822.0	0.47	0.204	0.0	6.94	0.0	0.204	0.0	0.0
6462.493	822.0	0.34	0.119	0.0	6.94	0.0	0.199	0.0	0.0
6462.567	20.0	2.52	-0.244	-7.591	nan	148.4	0.244	0.0	0.0	
6462.631	607.0	0.43	-2.407	0.0	7.5	0.0	-2.407	0.0	0.0
6462.713	26.0	0.92	-7.4	-7.83	nan	30.0	-7.4	0.0	0.0
6462.725	26.0	2.45	-2.367	-7.622	nan	30.0	-2.367	0.0	0.0
6463.199	822.0	0.44	0.227	0.0	6.94	0.0	0.227	0.0	0.0
6469.192	26.0	4.83	-0.653	-7.15	nan	57.5	-0.77	15.2	-0.05
6469.352	112.0	1.11	-0.952	0.0	1.34	6.8	-0.952	150.8	-5.75
6470.017	24.0	5.85	-0.385	-7.33	nan	11.3	-0.385	244.9	-9.12
6470.825	822.0	0.38	-0.804	0.0	6.94	0.0	0.157	612.1	0.0
6470.846	607.0	0.48	-1.46	0.0	7.63	2.3	-2.661	45.1	0.0
6471.662	20.0	2.53	-0.429	-7.57	nan	91.8	-0.686	-0.4	0.0
6471.667	822.0	0.35	0.093	0.0	6.94	0.0	0.093	1209.7	0.0
6472.589	822.0	0.39	0.164	0.0	6.94	5.3	0.164	-278.0	-5.3
6473.166	26.0	5.45	-2.944	-7.25	nan	16.3	-2.944	68.2	0.01
6474.145	607.0	0.67	-0.947	0.0	7.5	3.5	-2.169	56.3	0.0
6475.042	822.0	0.49	0.632	0.0	6.94	18.6	0.284	-122.5	-18.6
6475.624	26.0	2.56	-2.795	-7.605	nan	62.5	-2.942	-4.7	0.02
6476.605	26.0	4.1	-2.983	-7.54	nan	3.4	-3.805	21.6	0.0
6480.959	607.0	0.56	-1.954	0.0	7.5	3.3	-1.954	44.4	0.0
6481.834	822.0	0.43	-0.701	0.0	6.94	0.0	0.199	452.3	0.0
6481.870	26.0	2.28	-2.880	-7.646	nan	62.7	-2.984	0.4	0.02
6482.204	26.1	6.22	-1.853	-7.871	nan	11.62	-1.853	26.8	-0.01
6482.252	60.1	0.32	-2.72	0.0	nan	0.18	-2.72	14.9	0.0
6482.761	26.0	4.15	-3.995	-7.54	nan	0.31	-3.886	-2.8	0.0
6482.798	28.0	1.94	-2.825	-7.679	nan	38.12	-2.63	-7.4	-0.01
6482.806	27.0	2.33	-3.464	-7.79	nan	0.27	-3.402	-1.8	0.0
6491.566	22.1	2.06	-1.947	-7.85	nan	43.0	-1.942	-13.1	-0.01
6491.669	25.0	3.76	-1.095	-7.513	nan	9.6	-1.04	-5.3	0.0
6493.788	20.0	2.52	-0.029	-7.571	nan	123.6	-0.109	-120.2	0.0
6494.498	26.0	4.73	-1.219	-7.51	nan	30.8	-1.457	16.3	-0.01
6494.822	607.0	0.51	-1.337	0.0	7.5	2.11	-2.776	51.8	0.0
6494.853	607.0	0.53	-1.067	0.0	7.5	3.69	-2.518	57.6	0.0
6494.905	822.0	0.31	-1.959	0.0	6.94	0.0	0.011	17909.1	0.0
6494.973	822.0	0.45	-0.6	0.0	6.94	0.0	0.251	339.0	0.0
6494.980	26.0	2.4	-1.273	-7.629	nan	147.1	-1.273	-21.8	-0.02
6495.724	822.0	0.31	0.025	0.0	6.94	0.0	0.025	6508.0	0.0
6495.741	26.0	4.83	-0.940	-7.154	nan	20.4	-0.94	-49.5	0.01
6496.466	26.0	4.8	-0.570	-7.175	nan	61.57	-0.57	-6.3	0.02
6496.495	22.1	3.12	-3.123	-7.86	nan	0.43	-3.107	-0.5	0.0
6496.869	607.0	0.53	-2.352	0.0	7.5	0.2	-2.352	-0.0	0.0
6496.877	822.0	0.58	-0.444	0.0	6.94	0.0	0.36	223.3	0.0
6496.900	56.1	0.6	-0.018	-7.578	nan	98.1	-0.521	27.4	-0.06
6497.514	822.0	0.32	0.608	0.0	6.94	1.6	0.051	-1092.2	-1.6
6498.938	26.0	0.96	-4.627	-7.782	nan	46.5	-4.699	1.5	-0.01
6499.650	20.0	2.52	-0.625	-8.162	nan	85.5	-0.655	0.0	0.0	
6514.705	112.0	0.89	-0.927	0.0	1.34	7.53	-0.927	152.6	-5.81
6514.773	607.0	0.63	-2.188	0.0	7.5	24.77	-2.188	76.9	-14.75
6515.84	607.0	0.77	-2.119	0.0	7.5	6.64	-2.119	73.7	0.0
6515.843	607.0	0.57	-2.099	0.0	7.5	11.16	-2.099	75.4	-0.01
6515.86	822.0	0.41	0.22	0.0	6.94	0.0	0.22	399.1	0.0
6516.07	22.0	3.35	-1.465	-7.56	nan	0.15	-1.402	-4.5	0.0
6516.074	28.0	4.17	-2.293	-7.52	nan	1.6	-2.262	-1.4	0.0
6516.077	26.1	2.89	-3.32	-7.899	nan	48.35	-3.32	-2.7	-0.03
6518.366	26.0	2.83	-2.46	-7.609	nan	51.8	-2.46	-7.4	0.0
6518.381	607.0	0.54	-2.662	0.0	7.5	0.1	-2.6	-2.4	0.0
6518.726	607.0	0.64	-1.801	0.0	7.5	0.54	-2.168	16.9	0.0
6518.733	14.0	5.95	-1.450	-6.89	nan	18.06	-1.986	21.1	0.01
6518.901	607.0	0.62	-1.618	0.0	7.5	0.87	-2.177	25.7	0.0
6518.906	607.0	0.63	-1.33	0.0	7.5	1.63	-1.893	29.7	0.0
6519.014	24.0	5.21	-0.535	-7.51	nan	0.7	-0.712	24.9	0.0
6519.400	22.0	3.57	0.15	-7.52	nan	3.7	-1.292	111.6	0.0
6519.531	112.0	1.24	0.398	0.0	1.34	5.6	-1.497	126.6	-4.95
6526.006	26.0	5.09	-3.085	-7.33	nan	4.8	-3.085	39.1	0.0
6526.391	14.0	5.87	-2.229	-6.98	nan	7.5	-2.019	-1.5	0.0
6526.504	607.0	0.54	-2.247	0.0	7.63	0.34	-2.278	1.4	0.0
6526.505	25.0	4.34	-1.548	-7.77	nan	1.06	-1.591	2.7	0.0
6526.609	822.0	0.55	-0.526	0.0	6.94	0.0	0.298	276.5	0.0
6526.640	14.0	5.87	-1.527	-6.98	nan	20.2	-1.607	5.0	0.0
6526.984	57.1	0.23	-1.744	0.0	nan	1.6	-1.74	-0.2	0.0
6527.202	14.0	5.87	-1.255	-6.98	nan	34.8	-1.072	1.1	0.02
6527.400	607.0	0.53	-1.344	0.0	7.5	4.8	-2.644	-75.3	-2.1
6527.625	607.0	0.65	-1.882	0.0	7.63	4.4	-1.882	46.9	0.0
6528.535	26.0	3.11	-3.459	-7.710	nan	11.5	-4.639	0.0	0.0
6532.365	607.0	0.56	-2.473	0.0	7.5	26.5	-2.473	96.9	0.0
6532.873	28.0	1.94	-3.368	-7.681	nan	16.38	-3.35	-0.5	0.0
6532.888	24.0	5.22	-1.304	-7.51	nan	0.12	-1.304	-0.0	0.0
6532.908	822.0	0.48	-0.513	0.0	6.94	0.0	0.307	267.1	0.0
6533.928	26.0	4.56	-1.209	-7.182	nan	38.8	-1.46	14.5	-0.03
6534.181	25.0	4.34	-2.364	-7.77	nan	0.95	-2.364	32.4	0.0
6534.183	607.0	0.82	-2.10	0.0	7.5	1.07	-2.1	37.0	0.0
6534.210	607.0	0.66	-2.103	0.0	7.5	1.58	-2.103	37.5	0.0
6534.232	14.0	6.12	-2.262	-6.91	nan	2.66	-3.052	25.9	0.0
6534.651	822.0	0.49	0.635	0.0	6.94	2.6	0.314	-102.2	-2.6
6545.762	822.0	0.54	0.639	0.0	6.94	2.9	0.355	-80.0	-2.9
6546.212	112.0	1.17	0.392	0.0	1.34	0.0	-1.535	125.5	0.75
6546.245	26.0	2.76	-1.536	-7.626	nan	86.37	-1.536	-31.8	0.03
6546.269	22.0	1.43	-1.31	-7.75	nan	10.13	-1.31	-11.9	0.01
6568.728	6.0	9.0	-2.0	-6.94	nan	0.8	-2.168	7.7	0.0
6568.764	23.0	1.08	-2.556	-7.81	nan	0.2	-2.712	5.8	0.0
6569.224	26.0	4.73	-0.517	-7.51	nan	70.57	-0.127	-306.3	0.02
6569.234	25.0	4.36	-2.001	-7.77	nan	0.36	-1.845	-8.5	0.0
6569.234	112.0	1.36	0.517	0.0	1.34	0.0	-0.713	172.5	0.65
6569.430	40.0	0.65	-0.074	0.0	nan	5.0	-2.3	96.8	0.0
6574.195	607.0	0.63	-2.183	0.0	7.5	0.23	-2.214	1.4	0.0
6574.227	26.0	0.99	-4.985	-7.83	nan	28.17	-5.023	0.8	0.0
6575.010	22.0	3.55	-0.528	-7.53	nan	0.85	-0.559	5.5	0.0
6575.015	822.0	0.5	-0.592	0.0	6.94	0.0	0.256	331.3	0.0
6575.016	26.0	2.59	-2.625	-7.604	nan	64.65	-2.71	3.1	0.01
6576.205	607.0	0.69	-1.341	0.0	7.5	1.4	-1.814	26.1	0.0
6580.213	28.0	4.42	-1.238	-7.5	nan	9.4	-1.261	1.8	0.01
6580.334	822.0	0.52	-0.535	0.0	6.94	0.0	0.292	283.2	0.0
6580.356	112.0	0.94	-0.404	0.0	1.34	0.2	-0.84	51.9	0.0
6580.808	607.0	0.62	-2.252	0.0	7.5	6.1	-2.252	66.6	0.0
6581.209	26.0	1.49	-4.689	-7.73	nan	21.1	-4.679	-2.8	-0.01
6591.313	26.0	4.59	-1.995	-7.697	nan	10.2	-2.07	3.6	0.01
6592.507	28.0	4.24	-0.97	-7.5	nan	21.3	-0.975	0.5	0.0
6592.915	22.0	1.44	-2.666	-7.75	nan	0.71	-2.83	5.8	0.0
6592.921	26.0	2.73	-1.473	-7.633	nan	175.99	-1.473	31.4	0.06
6593.879	22.0	3.31	-0.629	-7.55	nan	0.0	-2.265	72.2	1.14
6593.880	26.0	2.43	-2.409	-7.629	nan	83.7	-2.422	0.5	0.01
6597.550	24.0	4.17	-0.789	-7.34	nan	3.08	-0.789	-9.1	0.0
6597.565	26.0	4.8	-0.977	-7.52	nan	40.92	-0.846	-15.5	0.04
6598.598	28.0	4.24	-0.885	-7.218	nan	25.1	-0.98	9.7	0.0
6599.073	112.0	1.08	-1.793	0.0	1.34	0.01	-1.793	0.0	0.0
6599.105	22.0	0.9	-2.02	-7.667	nan	9.69	-2.085	3.1	-0.01
6604.586	26.0	4.83	-1.878	-7.52	nan	8.15	-1.822	-3.1	0.0
6604.590	21.1	1.36	-1.309	-7.85	nan	28.25	-1.309	-5.9	0.02
6605.542	24.0	4.14	-0.937	-7.31	nan	4.3	-0.937	21.3	0.0
6605.876	607.0	0.99	-2.041	0.0	7.5	0.06	-2.041	-18.4	0.0
6605.882	22.1	4.01	-1.44	-7.84	nan	1.29	-1.44	-26.9	0.0
6605.967	23.0	1.2	-1.34	-7.626	nan	0.87	-1.34	-34.4	0.0
6608.025	26.0	2.28	-3.978	-7.648	nan	17.4	-4.03	1.3	0.01
6608.936	24.0	4.4	-1.499	-7.64	nan	0.44	-1.233	-21.6	0.0
6608.952	26.0	4.19	-2.949	-7.54	nan	3.06	-2.66	-10.9	0.0
6609.110	26.0	2.56	-2.589	-7.61	nan	63.1	-2.692	0.1	0.02
6609.560	26.0	0.99	-5.48	-7.83	nan	14.7	-5.18	-14.2	0.0
6609.678	26.0	0.99	-5.805	-7.83	nan	4.7	-5.18	-14.2	0.0
6623.779	26.0	4.07	-3.250	-7.64	nan	5.0	-4.976	0.0	0.0
6624.328	26.0	5.39	-1.896	-7.280	nan	2.5	-3.667	0.0	0.0
6624.838	23.0	1.22	-1.3	-7.623	nan	3.6	-1.3	11.5	0.0
6625.021	26.0	1.01	-5.306	-7.83	nan	14.9	-5.35	0.3	0.0
6627.238	26.1	7.27	-1.506	-7.86	nan	1.38	-1.768	14.8	0.0
6627.263	24.0	2.92	-3.064	-7.78	nan	0.32	-3.314	7.5	0.0
6627.544	26.0	4.55	-1.501	-7.25	nan	27.2	-1.68	10.7	-0.02
6627.648	607.0	0.92	-1.025	0.0	7.5	1.7	-1.908	46.3	0.0
6633.412	26.0	4.83	-1.268	-7.176	nan	25.9	-1.49	9.9	-0.01
6633.749	26.0	4.56	-0.750	-7.198	nan	58.5	-0.799	-11.8	0.04
6634.106	26.0	4.8	-1.207	-7.195	nan	24.6	-1.43	32.3	-0.01
6634.233	607.0	0.81	-0.999	0.0	7.5	1.0	-1.486	0.0	0.0
6635.095	27.0	3.53	-1.603	-7.73	nan	1.33	-1.615	0.7	0.0
6635.122	28.0	4.42	-0.805	-7.227	nan	21.57	-0.82	1.8	-0.01
6639.654	607.0	0.75	-2.835	0.0	7.5	0.04	-2.148	-32.0	0.0
6639.694	26.0	4.61	-1.577	-7.53	nan	21.4	-1.72	-47.8	0.0
6639.876	26.0	4.08	-2.325	-7.184	nan	15.0	-4.469	0.0	0.0
6639.907	24.0	4.4	-1.015	-5.034	nan	0.0	-1.015	0.0	0.0
6643.533	38.0	2.26	0.543	0.0	nan	8.5	-0.51	206.5	-5.68
6643.630	28.0	1.68	-1.990	-7.729	nan	85.4	-2.22	4.1	0.01
6644.313	607.0	0.81	-1.065	0.0	7.5	2.0	-2.258	0.0	0.0
6646.931	26.0	2.61	-3.939	-7.604	nan	10.0	-3.99	1.3	0.0
6647.793	28.0	4.42	-1.984	-7.21	nan	2.5	-1.984	0.0	0.0	
6648.090	26.0	1.01	-5.669	-6.462	nan	7.9	-5.523	0.0	0.0
6648.164	607.0	0.91	-0.827	0.0	7.5	2.72	-1.775	53.4	0.0
6652.970	26.0	5.52	-2.004	0.0	nan	1.5	-2.19	0.0	0.0	
6653.261	607.0	0.80	-1.382	0.0	7.5	1.0	0.0	0.0	0.0
6653.851	26.0	4.15	-2.424	-7.153	nan	10.3	-2.52	3.8	0.01
6654.517	607.0	0.74	-1.440	0.0	7.5	1.0	0.0	0.0	0.0
6654.610	6.0	9.0	-2.001	-7.009	nan	1.0	0.0	0.0	0.0
6663.231	26.0	4.56	-1.333	-7.53	nan	33.33	-1.039	-28.3	-0.02
6663.237	607.0	0.76	-2.202	0.0	7.5	0.17	-2.046	-7.6	0.0
6663.441	26.0	2.42	-2.400	-7.606	nan	78.4	-2.479	-1.4	-0.01
6677.92	65.1	1.68	-0.61	0.0	nan	0.04	-0.11	-454.5	0.0
6677.923	607.0	0.81	-2.465	0.0	7.5	0.08	-1.965	-25.4	0.0
6677.924	40.1	2.42	-1.907	0.0	nan	0.16	-1.36	-40.2	0.0
6677.953	26.0	2.56	-4.345	-7.79	nan	4.74	-3.671	-18.4	0.0
6677.990	26.0	2.69	-1.418	-7.643	nan	112.48	-1.418	-18.6	0.07
6678.569	22.0	2.25	-1.641	-7.73	nan	1.2	-1.36	-20.7	0.0
6678.809	27.0	1.96	-2.564	-7.749	nan	4.9	-2.68	4.3	0.0
6678.83	822.0	0.24	-0.86	0.0	6.94	0.0	0.138	723.2	0.0
6696.023	13.0	3.14	-1.558	0.0	nan	35.2	-1.347	-15.7	0.01
6696.185	13.0	4.02	-1.576	0.0	nan	1.3	-1.576	38.6	26.64
6696.315	26.0	4.83	-1.577	-7.185	nan	13.7	-1.67	2.6	0.02
6696.653	26.0	3.61	-4.000	-7.820	nan	4.0	-4.990	0.0	0.0
6696.788	13.0	4.02	-1.856	0.0	nan	4.0	-1.421	0.0	0.0
6697.376	26.0	5.83	-1.315	-7.540	nan	5.0	-1.260	0.0	0.0
6698.644	60.1	1.64	-1.423	0.0	nan	0.07	-1.36	-4.6	0.0
6698.659	822.0	0.08	-0.903	0.0	6.94	0.0	0.125	822.4	0.0
6698.673	13.0	3.14	-1.852	0.0	nan	21.63	-1.647	-12.4	-0.02
6699.141	26.0	4.59	-2.101	-7.667	nan	11.9	-2.101	8.6	0.01
6699.243	822.0	0.14	-0.135	0.0	6.94	0.0	-0.135	-0.0	0.0
6703.566	26.0	2.76	-3.00	-7.633	nan	36.9	-3.16	4.2	0.02
6704.48	26.0	4.22	-2.622	-7.54	nan	5.9	-2.66	1.4	0.0
6704.544	822.0	0.16	-0.099	0.0	6.94	0.0	-0.099	-0.0	0.0
6704.567	822.0	0.1	-0.703	0.0	6.94	0.0	0.198	455.1	0.0
6704.612	22.0	3.32	-1.213	-7.55	nan	0.3	-2.307	47.4	0.0
6705.101	26.0	4.61	-1.014	-7.48	nan	46.38	-1.382	22.2	0.02
6705.134	26.0	4.96	-2.222	-7.42	nan	3.02	-2.398	7.3	0.0
6709.893	20.0	2.93	-2.692	-7.312	nan	0.0	-2.692	0.0	0.0
6710.322	26.0	1.49	-4.819	-7.733	nan	16.0	-4.88	1.2	0.01
6711.82	26.0	4.96	-2.2	-7.31	nan	3.17	-0.875	-151.4	0.0
6711.828	607.0	0.88	-2.88	0.0	7.5	0.03	-1.755	-64.1	0.0
6712.438	26.0	4.99	-2.159	-7.122	nan	3.27	-2.16	0.0	0.0
6712.479	607.0	0.96	-1.589	0.0	7.5	0.43	-1.589	-0.0	0.0
6713.046	26.0	4.61	-1.503	-7.53	nan	24.3	-0.96	-56.6	-0.03
6713.193	822.0	0.43	-0.599	0.0	6.94	0.0	0.252	337.7	0.0
6713.195	26.0	4.14	-2.445	-7.7	nan	10.0	-2.972	17.7	-0.01
6713.743	26.0	4.8	-1.415	-7.207	nan	21.3	-1.6	17.5	0.01
6713.788	822.0	0.28	-0.824	0.0	6.94	0.0	0.15	649.3	0.0
6715.382	26.0	4.61	-1.439	-7.237	nan	27.6	-1.64	12.3	-0.03
6715.407	822.0	0.09	-0.224	0.0	6.94	0.0	-0.224	-0.0	0.0
6715.407	822.0	0.15	-0.542	0.0	6.94	0.0	0.287	288.9	0.0
6716.236	26.0	4.58	-1.791	-7.7	nan	15.5	-1.92	-3.6	0.01
6717.506	22.0	1.88	-3.332	-7.73	nan	0.06	-3.582	7.0	0.0
6717.526	26.0	4.61	-1.701	-7.57	nan	11.0	-2.751	10.2	0.0
6717.681	20.0	2.71	-0.331	-7.139	nan	107.9	-0.524	28.4	-0.09
6717.717	822.0	0.16	-0.226	0.0	6.94	0.0	-0.226	-0.0	0.0
6721.715	822.0	0.02	0.583	0.0	6.94	2.9	-0.176	431.3	-2.9
6721.844	14.0	5.86	-1.128	-7.081	nan	43.3	-1.515	0.0	0.0
6721.934	24.0	4.11	-2.557	-7.61	nan	0.5	-2.557	97.8	-25.34
6722.611	24.0	3.4	-2.865	-7.52	nan	6.8	-2.865	56.8	0.0
6724.645	58.1	1.19	-0.073	0.0	nan	3.9	-3.56	70.2	-2.77
6724.663	69.1	4.25	-2.87	0.0	nan	3.2	-2.87	87.1	-3.2
6725.360	26.0	4.1	-2.199	-7.181	nan	17.6	-2.3	4.4	0.01
6726.67	26.0	4.61	-0.994	-7.5	nan	47.3	-1.094	9.1	-0.01
6732.044	23.0	1.89	-2.069	-7.8	nan	0.1	-2.1	1.5	0.0
6732.065	26.0	4.58	-2.162	-7.7	nan	7.5	-2.21	2.2	0.0
6733.137	822.0	0.07	-0.804	0.0	6.94	0.0	0.157	612.1	0.0
6733.150	26.0	4.64	-1.402	-7.247	nan	26.29	-1.58	8.7	-0.03
6733.161	607.0	1.0	-1.475	0.0	7.5	0.51	-1.569	6.0	0.0
6733.538	606.0	1.028	0.157	0.0	6.25	2.0	-1.456	0.0	0.0
6734.114	24.0	5.27	-1.066	-7.51	nan	0.19	-0.972	-9.7	0.0
6734.200	24.0	4.19	-0.916	-7.28	nan	2.64	-0.957	-18.0	0.0
6734.23	822.0	0.3	-0.745	0.0	6.94	0.0	0.18	513.9	0.0
6734.312	607.0	1.02	-0.815	0.0	7.5	2.2	-1.85	55.9	0.0
6737.985	26.0	4.56	-1.644	-7.213	nan	21.41	-1.75	6.1	0.01
6737.995	607.0	0.86	-2.054	0.0	7.5	0.19	-2.117	3.0	0.0
6738.011	822.0	0.16	-0.057	0.0	6.94	0.0	-0.057	-0.0	0.0
6738.206	26.0	5.35	-1.483	-7.33	nan	8.1	-3.983	62.8	-1.37
6738.456	822.0	0.22	0.63	0.0	6.94	1.2	0.268	-135.1	-1.2
6738.620	22.0	3.39	-0.301	-7.628	nan	3.0	-0.338	0.0	0.0	
6738.833	21.0	3.08	-2.780	-7.550	nan	0.0	-2.780	0.0	0.0
6738.842	26.0	4.84	-1.987	-7.520	nan	7.0	-1.819	0.0	0.0
6738.910	822.0	0.26	0.643	0.0	6.94	13.5	0.4	-60.8	-13.5
6739.505	822.0	0.23	-0.553	0.0	6.94	0.0	0.28	297.5	0.0
6739.520	26.0	1.56	-4.904	-7.726	nan	11.9	-4.794	-0.6	0.01
6740.078	60.1	0.064	-1.682	0.0	nan	1.4	-2.100	0.0	0.0
6740.415	14.0	6.10	-2.581	-6.740	nan	1.3	-4.011	0.0	0.0
6740.942	607.0	0.81	-1.252	0.0	7.5	1.9	-3.326	0.0	0.0
6741.000	607.0	0.93	-1.099	0.0	7.5	1.9	-1.662	0.0	0.0
6741.596	822.0	0.4	-0.304	0.0	6.94	0.0	0.497	161.2	0.0
6741.628	14.0	5.98	-1.570	-6.92	nan	16.1	-1.75	13.0	0.0
6741.920	607.0	0.9	-1.464	0.0	7.63	0.9	-1.941	24.6	0.0
6742.297	26.0	4.96	-2.912	-7.420	nan	1.0	-5.412	0.0	0.0
6742.587	28.0	4.42	-2.013	-7.560	nan	2.0	-2.643	0.0	0.0
6742.916	607.0	0.89	-1.016	0.0	7.5	2.2	-2.081	0.0	0.0
6743.122	22.0	0.9	-1.705	-7.67	nan	18.2	-1.63	-4.6	-0.03
6743.483	16.0	7.87	-1.348	-7.16	nan	1.39	-1.401	3.8	0.0
6743.540	16.0	7.87	-0.898	-7.16	nan	3.71	-0.95	5.5	0.0
6743.633	822.0	0.18	-0.029	0.0	6.94	0.0	-0.029	-0.0	0.0
6743.640	16.0	7.87	-1.014	0.0	nan	2.9	-1.03	1.6	0.0
6745.100	26.0	4.58	-2.119	-7.726	nan	8.2	-2.16	1.9	0.0
6745.544	22.0	2.24	-1.19	-7.72	nan	3.4	-1.23	3.3	0.0
6745.558	822.0	0.19	-0.02	0.0	6.94	0.0	-0.02	-0.0	0.0
6745.956	26.0	4.08	-2.678	-7.82	nan	7.0	-2.77	3.3	0.0
6750.151	26.0	2.42	-2.500	-7.609	nan	74.2	-2.621	0.3	0.02
6752.707	26.0	4.64	-1.204	-7.249	nan	36.03	-1.204	-2.2	-0.04
6752.724	112.0	1.5	-0.543	0.0	1.34	0.04	-0.668	18.7	0.0
6752.73	40.0	1.0	-1.82	0.0	nan	0.04	-1.82	-0.0	0.0
6753.464	26.0	4.56	-2.29	-7.216	nan	10.6	-2.29	11.9	0.01
6753.487	822.0	0.22	-0.132	0.0	6.94	0.0	-0.132	-0.0	0.0
6767.780	28.0	1.83	-2.00	-7.76	nan	79.1	-2.14	2.3	0.0
6771.034	27.0	1.88	-1.923	-7.76	nan	20.7	-1.97	2.4	0.0
6771.074	822.0	0.34	0.209	0.0	6.94	0.0	0.209	0.0	0.0
6772.285	822.0	0.35	-0.666	0.0	6.94	0.0	0.216	408.3	0.0
6772.315	28.0	3.66	-0.956	-7.234	nan	49.5	-0.98	2.4	0.0
6785.741	26.0	4.58	-2.356	-7.77	nan	5.0	-2.442	3.5	0.0
6785.768	822.0	0.42	-0.271	0.0	6.94	0.0	0.536	150.6	0.0
6785.850	26.0	4.08	-3.659	-7.8	nan	0.8	-2.675	-36.8	0.0
6786.178	606.0	0.94	-5.139	0.0	6.25	4.0	-7.639	32.7	-4.0
6786.183	112.0	0.96	-1.745	0.0	1.34	4.0	-4.245	58.9	-3.99
6786.219	822.0	0.59	0.661	0.0	6.94	1.9	0.579	-14.2	-1.9
6786.425	26.0	3.24	-3.629	-7.82	nan	5.3	-3.763	3.6	0.0
6786.858	26.0	4.19	-1.927	-7.152	nan	23.5	-2.07	5.4	0.01
8491.279	607.0	0.79	-1.149	0.0	7.63	3.0	-1.389	0.0	0.0
8492.077	14.0	5.86	-2.077	-7.23	nan	7.9	-2.742	24.3	0.01
8493.406	607.0	0.81	-1.129	0.0	7.63	3.0	-1.389	0.0	0.0
8493.794	26.0	4.96	-2.298	-7.57	nan	1.4	-2.298	-15.3	0.0
8493.820	20.0	5.27	-2.929	-7.23	nan	0.02	-2.929	8.5	0.0
8494.450	22.0	1.74	-2.071	-7.8	nan	0.7	-2.071	-19.6	0.0
8494.592	607.0	0.79	-2.352	0.0	7.5	0.28	-2.352	12.6	0.0
8494.642	28.0	5.47	-2.305	-7.26	nan	0.88	-2.305	38.7	0.0
8495.322	58.1	0.96	-1.78	0.0	nan	8.4	-1.78	98.1	0.0
8495.452	607.0	0.75	-2.718	0.0	7.5	1.8	-2.718	52.8	0.0
8496.060	22.0	2.25	-1.230	-6.05	nan	3.0	-1.230	0.0	0.0
8496.100	607.0	0.73	-1.555	0.0	7.63	3.0	-1.555	0.0	0.0
8496.492	26.0	4.42	-2.562	-7.55	nan	7.8	-2.562	6.8	0.0
8495.542	22.0	3.41	-1.25	-7.74	nan	0.0	-1.25	0.0	0.0
8495.724	26.0	5.80	-1.474	-7.35	nan	0.0	-1.474	0.0	0.0
8496.989	26.0	4.61	-0.73	-7.54	nan	48.4	-0.73	-49.5	-0.01
8497.946	26.0	6.13	-0.165	-7.13	nan	0.52	-0.165	-1098.8	0.0
8498.020	20.1	1.69	-1.429	-7.675	nan	43.57	-1.429	128.7	4776.96
8498.077	20.1	1.69	-3.605	-7.675	nan	30.76	-3.605	-47.7	0.02
8498.098	20.1	1.69	-4.286	-7.675	nan	16.34	-4.286	-32.8	-0.02
8498.129	20.1	1.69	-3.097	-7.676	nan	139.42	-3.097	-18.0	0.01
8498.181	20.1	1.69	-5.814	-7.676	nan	0.34	-5.814	-28.2	0.0
8498.233	20.1	1.69	-4.144	-7.676	nan	11.08	-4.144	-42.1	0.01
8498.440	40.0	0.62	-2.22	0.0	nan	0.1	-2.22	12.7	0.0
8499.329	26.0	5.83	-0.693	-7.43	nan	9.2	-0.693	-38.5	-0.01
8499.619	22.0	2.25	-2.514	-7.7	nan	1.7	-2.514	37.0	0.0
8500.333	26.0	5.79	-1.351	-7.410	nan	5.0	-1.351	0.0	0.0
8501.544	14.0	5.87	-0.817	-7.32	nan	14.8	-0.817	-115.2	0.01
8501.796	28.0	3.85	-1.801	-7.56	nan	7.9	-1.801	-9.3	0.0
8501.544	14.0	5.87	-1.217	-7.32	nan	31.0	-0.817	-115.2	0.01
8502.228	14.0	5.87	-0.887	-7.320	nan	48.18	-0.627	0.0	0.0
8502.270	28.0	5.31	-1.242	-7.25	nan	0.0	-1.242	135.5	44.64
8502.492	607.0	0.81	-1.376	0.0	7.63	5.0	-1.376	0.0	0.0
8503.860	607.0	0.75	-2.130	0.000	7.63	2.0	-3.130	0.0	0.0
8503.981	607.0	0.73	-1.248	0.000	7.63	4.0	-1.548	0.0	0.0	
8504.530	607.0	0.89	-0.866	0.000	7.63	4.0	-1.166	0.0	0.0
8505.110	607.0	0.77	-0.900	0.000	7.63	4.0	-1.612	0.0	0.0 
8512.120	607.0	0.73	-1.803	0.0	7.5	0.58	-1.78	-1.3	0.0
8512.120	26.0	5.85	-1.713	-7.46	nan	1.72	-1.697	-0.9	0.0
8512.953	26.0	3.02	-4.199	-7.770	nan	3.0	-5.065	0.0	0.0
8513.326	607.0	0.79	-2.289	0.0	7.5	6.1	-2.289	69.5	-0.01
8513.982	607.0	0.84	-2.163	0.0	7.5	0.0	-2.163	78.2	8.88
8514.012	26.1	6.8	-4.366	-7.823	nan	0.01	-2.866	-52.3	0.0
8514.032	607.0	0.78	-3.234	0.0	7.5	0.02	-2.234	-44.8	0.0
8514.053	607.0	0.82	-1.515	0.0	7.5	0.91	-1.363	-11.2	0.0
8514.080	26.0	2.20	-2.099	-7.725	nan	114.74	-2.229	-12.6	-0.03
8514.617	607.0	0.91	-0.85	0.0	7.5	3.32	-1.166	27.1	0.0
8514.663	57.1	0.93	-1.928	0.0	nan	0.28	-2.24	13.9	0.0
8515.044	607.0	0.8	-3.257	0.0	7.5	0.02	-2.257	-44.3	0.0
8515.047	40.0	2.12	0.373	0.0	nan	0.0	-1.64	122.7	0.66
8515.118	26.0	3.02	-1.803	-7.77	nan	82.0	-2.073	0.0	0.00
8515.846	607.0	1.0	-1.563	0.0	7.5	7.5	-1.563	75.1	-0.01
8516.049	822.0	0.63	0.499	0.0	6.94	3.9	-0.848	158.8	-3.9
8516.056	822.0	0.82	0.575	0.0	6.94	3.9	-0.238	341.6	-3.9
8517.084	26.0	5.11	-2.282	-7.77	nan	2.32	-1.886	-21.0	0.0
8517.107	607.0	0.81	-2.665	0.0	7.5	0.07	-2.227	-19.7	0.0
8524.762	607.0	0.74	-1.064	0.000	7.63	4.5	-1.764	0.0	0.0
8525.011	26.0	5.81	-0.880	-7.38	nan	10.21	-1.523	35.7	0.0
8525.027	26.0	4.58	-3.177	-7.8	nan	0.97	-3.599	11.7	0.0
8525.609	26.0	5.88	-1.301	-7.13	nan	4.0	-2.131	23.9	0.0
8525.716	20.0	4.43	-1.032	-6.750	nan	5.0	-1.682	0.0	0.0
8525.965	607.0	0.84	-1.130	0.0	7.63	4.3	-1.351	27.3	0.0
8526.369	822.0	0.89	0.582	0.0	6.94	4.7	-0.184	416.3	-4.7
8526.369	822.0	0.67	0.542	0.0	6.94	4.7	-0.515	205.2	-4.7
8526.369	822.0	0.93	0.573	0.0	6.94	4.7	-0.256	323.8	-4.7
8526.673	26.0	4.91	-0.466	-7.543	nan	57.7	-0.76	-23.4	0.0
8526.776	607.0	1.24	-1.575	0.0	7.5	0.3	-1.481	-6.3	0.0
8526.955	26.0	5.83	-1.138	-7.23	nan	6.4	-1.029	-10.6	0.0
8526.958	41.0	1.35	-1.56	0.0	nan	0.0	-1.56	-0.0	0.0
8526.995	607.0	0.79	-2.123	0.0	7.5	0.24	-2.092	-1.5	0.0
8527.266	14.0	5.62	-3.332	-7.31	nan	0.8	-3.797	12.2	0.0
8527.710	26.0	5.97	-3.419	-7.17	nan	0.03	-2.919	-17.1	0.0
8527.738	607.0	0.86	-2.591	0.0	7.5	0.07	-2.091	-23.9	0.0
8527.852	26.0	5.02	-1.556	-7.53	nan	13.0	-1.607	3.2	0.0
8529.675	607.0	0.860	-0.851	0.000	7.63	5.0	-1.351	0.0	0.0
8530.165	607.0	0.77	-0.942	0.000	7.63	6.0	-1.534	0.0	0.0
8531.722	607.0	0.766	-1.127	0.000	nan	4.5	-2.927	0.0	0.0
8536.145	26.0	5.87	-1.624	-7.26	nan	2.03	-1.464	-10.9	0.0
8536.163	14.0	6.18	-0.715	-7.13	nan	49.73	-0.574	-50.7	-0.01
8538.017	26.0	4.91	-1.368	-7.53	nan	29.3	-2.366	38.8	0.02
8538.175	26.0	2.83	-4.056	-7.79	nan	6.2	-4.607	12.0	0.0
8539.342	22.0	2.24	-1.651	-7.71	nan	1.5	-1.37	-20.5	0.0
8541.872	23.0	2.68	0.223	-7.8	nan	3.9	-0.934	123.9	0.0
8542.088	20.1	1.7	0.547	-7.675	nan	45.6	-0.476	214.9	5010.55
8542.198	20.1	1.7	-0.449	-7.676	nan	40.91	-2.144	79.1	2312.82
8542.252	20.1	1.7	-6.195	-7.676	nan	5.76	-4.861	-27.4	0.0
8542.307	20.1	1.7	-5.066	-7.676	nan	43.72	-3.191	-58.8	0.04
8547.757	607.0	0.795	-1.127	0.000	7.63	5.0	-1.527	0.0	0.0
8548.040	26.0	5.59	-2.287	-7.26	nan	0.82	-1.576	-45.1	0.0
8548.088	22.0	1.87	-1.299	-7.75	nan	8.38	-1.16	-32.5	0.0
8548.852	24.0	2.71	-2.166	-7.78	nan	4.8	-1.944	-11.4	0.0
8549.164	607.0	0.96	-0.962	0.000	7.63	3.5	-1.149	0.0	0.0
8550.353	14.0	6.22	-1.605	-7.04	nan	10.7	-1.81	11.3	0.02
8550.865	607.0	0.88	-1.100	0.000	7.63	4.0	-1.328	0.0	0.0
8554.255	26.0	5.83	-1.534	-7.430	nan	3.4	-2.734	0.0	0.0
8554.381	607.0	0.83	-1.819	0.000	7.63	1.1	-1.919	0.0	0.0
8555.563	607.0	0.89	-0.667	0.000	7.63	7.0	-1.328	0.0	0.0
8556.507	607.0	0.9	-2.049	0.0	7.63	0.3	-2.002	-2.3	0.0
8556.676	58.1	0.7	-0.57	0.0	nan	4.74	-2.49	77.1	0.0
8556.706	22.0	2.27	-3.298	-7.73	nan	0.0	-3.298	75.8	9.14
8556.794	14.0	5.87	-0.169	-7.33	nan	113.5	-0.151	-744.4	-0.02
8556.880	607.0	0.92	0.302	0.0	7.63	0.0	-1.994	115.1	41.7
8557.057	607.0	1.18	-0.855	0.0	7.63	2.4	-1.371	37.6	0.0
8558.595	25.0	5.7	0.191	-7.57	nan	3.6	-1.091	117.5	0.0
8559.040	27.0	4.24	-0.339	-7.550	nan	6.0	-1.269	0.0	0.0
8559.738	26.0	5.11	-1.798	-7.71	nan	6.7	-1.51	-19.1	0.0
8560.000	56.0	1.41	0.593	0.0	nan	2.8	-0.08	841.3	-1.83
8561.605	26.0	5.72	-1.242	-7.33	nan	11.4	-1.512	17.9	0.01
8562.104	26.0	4.47	-1.955	-7.55	nan	18.02	-2.871	27.3	0.0
8562.133	607.0	1.06	-1.062	0.0	7.5	1.47	-1.523	30.3	0.0
8562.364	607.0	0.91	-0.586	0.0	7.5	6.0	-1.985	45.6	0.0
8563.827	607.0	0.9	-0.78	0.0	7.5	4.5	-1.316	40.7	0.0
8570.659	24.0	5.32	0.523	-7.49	nan	5.1	-0.663	178.9	-5.1
8571.085	40.0	1.53	-0.367	0.0	nan	3.6	-2.07	82.3	-3.13
8571.306	14.0	6.19	-1.855	-7.13	nan	4.9	-1.855	-7.7	0.0
8571.798	822.0	0.63	-0.748	0.0	6.94	0.0	-0.748	-0.0	0.0
8571.804	26.0	5.01	-1.031	-7.48	nan	31.1	-1.391	11.2	-0.02
8571.892	16.0	8.7	-2.15	0.0	nan	0.05	-0.9	-138.9	0.0
8573.219	607.0	0.82	-1.36	0.0	7.5	1.3	-1.508	9.8	0.0
8573.336	607.0	0.99	-0.626	0.0	7.5	4.6	-1.133	44.7	0.0
8573.533	26.0	5.74	-1.312	-7.33	nan	5.3	-2.102	37.6	0.0
8581.661	607.0	1.08	-1.088	0.000	7.63	1.8	-1.227	0.0	0.0
8581.786	607.0	0.86	-1.316	0.000	7.63	1.8	-1.816	0.0	0.0
8582.269	26.0	2.99	-1.980	-7.78	nan	78.9	-2.134	1.3	0.0
8582.771	607.0	1.11	-1.010	0.000	7.63	2.0	-1.517	0.0	0.0
8582.890	607.0	0.94	-1.056	0.0	7.5	2.0	-1.306	1.5	0.0
8582.906	24.0	5.67	-0.012	-7.51	nan	1.06	0.277	104.3	0.0
8583.322	20.0	4.44	-0.69	-6.75	nan	12.0	-1.502	54.1	0.02
8584.093	607.0	0.84	-1.185	0.000	7.63	2.5	-1.505	0.0	0.0
8591.175	607.0	0.81	-0.851	0.0	7.5	4.2	-2.703	68.5	0.0
8591.490	607.0	0.84	-1.202	0.0	7.5	1.78	-1.499	19.8	0.0
8591.530	607.0	1.01	-0.918	0.0	7.5	2.29	-1.125	18.4	0.0
8591.530	60.1	1.36	-1.337	0.0	nan	0.2	-1.65	19.0	0.0
8592.121	26.0	5.01	-2.16	-7.57	nan	3.8	-3.295	34.4	0.0
8592.909	58.1	0.61	-2.765	0.0	nan	0.04	-2.64	-4.7	0.0
8592.940	607.0	0.82	-1.802	0.0	7.5	0.48	-1.693	-6.4	0.0
8592.959	26.0	4.96	-0.758	-7.5	nan	53.34	-1.086	-9.9	0.02
8593.098	822.0	0.72	0.563	0.0	6.94	3.6	-0.346	262.7	-3.6
8593.138	26.0	5.70	-1.250	-7.290	nan	12.0	-5.060	0.0	0.0
8597.050	14.0	6.19	-1.08	-7.13	nan	30.31	-1.058	-2.1	-0.01
8597.089	607.0	0.96	-1.315	0.0	7.5	1.05	-1.295	-1.5	0.0
8597.123	58.1	0.74	-3.18	0.0	nan	0.01	-1.68	-89.3	0.0
8597.276	26.0	5.27	-2.645	-7.51	nan	0.73	-2.442	-8.3	0.0
8597.373	607.0	0.89	-2.366	0.0	7.5	0.11	-1.772	-33.5	0.0
8598.807	26.0	5.94	-2.704	-7.15	nan	0.15	-2.563	-5.5	0.0
8598.829	26.0	4.39	-1.194	-7.55	nan	54.86	-1.089	0.6	0.01
8598.871	23.0	2.58	-0.527	-7.78	nan	0.0	-2.203	76.1	0.91
8605.646	607.0	0.9	-1.393	0.0	7.5	1.01	-1.752	20.5	0.0
8605.683	26.0	5.97	-1.613	-7.12	nan	1.7	-1.978	18.5	0.0
8605.721	607.0	0.84	-1.864	0.0	7.5	0.39	-2.223	16.1	0.0
8606.012	14.0	5.95	-2.025	-7.19	nan	7.5	-2.016	-0.4	0.0
8606.373	28.0	5.28	-0.566	-7.52	nan	8.5	-0.461	-22.8	0.0
8607.080	26.0	5.01	-1.424	-7.5	nan	17.1	-1.557	8.5	0.02
8607.182	26.0	5.69	-3.104	-7.32	nan	0.1	-2.417	-28.4	0.0
8608.339	607.0	0.73	-0.455	0.0	7.5	11.8	-3.067	81.5	-3.07
8610.057	607.0	1.04	-1.117	0.0	7.5	0.0	-1.117	0.0	0.0
8610.164	607.0	0.86	-1.49	0.0	7.5	0.0	-1.49	0.0	0.0
8610.488	26.0	5.82	-1.23	-7.35	nan	5.4	-2.094	41.3	0.0
8610.610	26.0	4.43	-1.755	-7.55	nan	25.4	-2.683	21.2	0.0
8611.319	607.0	1.02	-1.32	0.0	7.5	0.9	-1.886	30.0	0.0
8611.615	607.0	0.9	-1.146	0.0	7.5	1.77	-1.574	27.2	0.0
8611.654	607.0	0.98	-0.855	0.0	7.5	2.83	-1.285	33.5	0.0
8611.812	26.0	2.85	-1.706	-7.644	nan	99.93	-1.926	-11.1	0.03
8611.812	27.0	4.11	-1.277	-7.55	nan	0.97	-1.226	-4.2	0.0
8613.939	26.0	4.99	-1.077	-7.47	nan	31.4	-1.246	4.3	0.01
8614.266	607.0	0.91	-2.388	0.0	7.5	0.1	-1.732	-37.9	0.0
8615.325	26.0	5.83	-0.986	-7.230	nan	8.9	-0.853	0.0	0.0
8615.351	822.0	1.04	-0.079	0.0	6.94	0.0	-0.079	-0.0	0.0
8615.400	607.0	0.74	-3.321	0.0	7.5	2.7	-3.321	66.2	0.0
8616.251	26.0	5.95	-2.726	-7.12	nan	0.14	-1.507	-80.9	0.0
8616.280	26.0	4.91	-0.811	-7.52	nan	43.6	-0.707	-4.4	0.01
8617.040	62.1	1.49	-1.26	0.0	nan	0.0	-1.26	0.0	0.0
8621.610	26.0	2.95	-2.111	-7.78	nan	72.0	-2.321	0.0	0.0	
8622.749	607.0	0.86	-0.422	-0.357	7.5	9.6	-1.667	78.6	0.0
8622.909	607.0	1.07	-0.683	0.0	7.5	3.4	-1.117	38.9	0.0
8623.191	607.0	0.92	-1.296	0.0	7.5	1.2	-1.714	24.4	0.0
8646.371	14.0	6.21	-1.620	-7.12	nan	4.8	-1.62	-23.0	0.0
8646.484	26.0	4.21	-4.307	-7.54	nan	2.7	-4.307	28.3	0.0
8647.847	26.0	5.72	-1.624	-7.32	nan	10.0	-1.724	-20.8	0.0
8648.042	26.0	5.88	-1.326	-7.45	nan	16.0	-1.526	58.3	-0.02
8648.366	607.0	1.09	-1.102	0.0	7.63	0.21	-1.102	-82.2	0.0
8648.465	14.0	6.21	0.139	-7.13	nan	104.46	0.139	152.5	0.0
8648.688	607.0	0.91	-1.472	0.0	7.63	0.07	-1.472	-80.6	0.0
8648.716	20.0	4.55	-2.061	-6.52	nan	0.03	-2.061	-54.6	0.0
8648.892	607.0	0.87	-2.134	0.0	7.63	7.6	-2.134	69.3	0.0
8649.195	607.0	1.18	-1.208	0.0	7.63	5.1	-1.208	56.7	0.0
8649.360	607.0	1.02	-1.255	0.0	7.63	1.1	-1.255	-9.0	0.0
8652.480	26.0	4.15	-2.696	-7.54	nan	7.2	-2.654	-1.6	0.0
8654.082	26.0	4.97	-2.167	-7.5	nan	4.1	-2.274	4.7	0.0
8654.423	26.0	3.30	-3.384	-7.73	nan	8.1	-3.539	-1.3	0.0
8656.673	26.0	5.02	-1.837	-7.57	nan	7.5	-2.650	0.0	0.0
8661.068	27.0	2.72	-1.919	-7.81	nan	4.9	-1.705	-12.6	0.0
8661.177	14.0	6.21	-1.923	-7.13	nan	5.6	-1.985	3.1	0.0
8661.285	26.0	5.95	-1.026	-7.17	nan	6.5	-1.241	17.3	0.01
8661.899	26.0	2.22	-1.537	-7.725	nan	32.1	-1.537	125.4	1467.57
8662.138	20.1	1.69	-0.736	-7.675	nan	38.91	-0.736	169.8	5008.78
8662.197	20.1	1.69	-2.912	-7.675	nan	3.47	-2.912	85.9	2431.67
8662.217	20.1	1.69	-3.593	-7.675	nan	2.03	-3.593	69.6	1571.05
8662.251	20.1	1.69	-2.404	-7.676	nan	19.99	-2.404	57.7	1679.66
8662.304	20.1	1.69	-6.789	-7.676	nan	1.6	-5.121	-32.6	0.0
8662.358	20.1	1.69	-5.291	-7.676	nan	32.87	-3.451	-53.3	0.01
8663.717	26.0	4.99	-1.988	-7.53	nan	5.8	-1.358	-46.4	0.0
8665.022	1.0	12.09	-1.454	13.0	nan	3.0	-1.292	-12.5	151.1
8667.366	26.0	2.45	-4.302	-7.82	nan	8.3	-4.939	-8.2	0.0
8667.380	14.0	5.96	-2.373	-7.19	nan	3.47	-1.949	-21.8	0.0
8668.440	16.0	8.41	-0.389	-7.08	nan	4.4	-0.499	-28.7	0.0
8670.200	16.0	7.87	-0.761	-6.992	nan	4.7	-1.21	30.5	0.0
8671.300	16.0	7.87	-0.533	-6.992	nan	8.8	-0.97	45.1	0.01
8670.627	16.0	7.87	-0.620	-6.992	nan	7.4	-0.860	30.5	0.0
8671.860	26.0	5.02	-1.465	-7.5	nan	15.7	-1.594	-14.5	0.0
8672.019	25.0	4.42	-1.096	-7.66	nan	3.1	-0.668	-64.1	0.0
8674.756	26.0	2.83	-1.855	-7.647	nan	107.0	-1.8	-17.4	0.0
8675.293	607.0	1.25	-1.467	0.0	7.5	0.0	-1.467	127.5	22.74
8675.372	22.0	1.07	-1.589	-7.681	nan	20.4	-1.5	-8.1	0.0
8675.779	26.0	3.64	-4.849	-7.82	nan	0.17	-4.849	-0.0	0.0
8675.791	26.0	4.99	-2.155	-7.49	nan	4.05	-2.321	7.2	0.0
8678.931	26.0	2.45	-5.082	-7.81	nan	1.5	-5.418	6.2	0.0
8678.979	607.0	1.49	-1.198	0.0	7.5	0.4	-1.448	17.3	0.0
8678.960	16.0	7.87	-0.523	-6.992	nan	9.0	-1.340	0.0	0.0
8679.640	26.0	4.97	-1.050	-7.52	nan	36.0	-1.276	0.2	0.01
8679.640	16.0	7.87	-0.75	-6.992	nan	5.69	-0.75	-0.0	0.0
8679.71	25.0	5.38	-2.213	-7.26	nan	0.03	-1.338	-65.4	0.0
8679.954	26.0	3.02	-4.853	-7.79	nan	0.7	-4.255	-14.1	0.0
8680.059	16.0	8.42	-0.802	-7.08	nan	1.87	-1.669	51.9	0.0
8680.080	14.0	5.86	-1.835	-6.87	nan	22.23	-3.247	26.7	0.0
8680.282	7.0	10.34	0.515	-7.441	nan	9.6	0.359	-43.5	0.0
8680.440	16.0	7.87	-0.167	-6.992	nan	17.4	-0.54	-21.5	0.0
8680.631	607.0	0.99	-1.047	0.0	7.5	1.81	-1.553	32.6	0.0
8680.719	28.0	5.77	-0.656	-7.34	nan	0.0	-2.279	71.2	2.63
8680.810	26.0	4.19	-2.77	-7.8	nan	8.50	-2.748	2.8	0.0
8682.43	607.0	1.15	-0.533	0.0	7.5	4.0	-1.095	51.3	0.0
8686.723	607.0	0.94	-1.283	0.0	7.5	1.19	-1.621	20.9	0.0
8686.78	26.0	4.99	-2.018	-7.57	nan	5.45	-2.518	19.9	0.0
8686.918	607.0	1.39	-1.06	0.0	7.5	0.7	-1.333	20.5	0.0
8687.82	607.0	1.15	-0.742	0.0	7.5	2.5	-1.088	31.8	0.0
8688.274	607.0	0.92	-2.037	0.0	7.5	8.0	-2.037	77.9	-0.01
8688.642	26.0	2.18	-1.212	-7.732	nan	172.1	-1.212	-45.2	-0.06
8688.848	607.0	0.96	-1.455	0.0	7.5	27.25	-1.455	114.2	0.0
8688.852	22.0	3.06	-1.977	-7.77	nan	4.25	-1.977	80.3	0.0
8689.298	38.1	6.95	0.657	0.0	nan	1.2	0.538	-22.1	-0.97
8689.7	26.0	3.05	-3.803	-7.77	nan	6.8	-3.699	-2.8	0.01
8689.817	607.0	0.91	-2.922	0.0	7.5	0.03	-2.047	-42.7	0.0
8689.859	26.0	5.11	-1.587	-7.69	nan	11.5	-1.032	-87.7	0.0
8690.055	607.0	1.08	-0.922	0.0	7.5	1.96	-1.236	25.4	0.0
8690.083	23.0	3.31	-0.694	-7.52	nan	0.12	-0.954	27.3	0.0
8691.303	60.1	1.35	-1.574	0.0	nan	0.12	-1.73	9.0	0.0
8691.327	28.0	5.36	-1.322	-7.27	nan	3.2	-1.322	27.9	0.0
8698.408	607.0	1.02	-1.582	0.0	7.5	0.5	-1.551	-2.0	0.0
8698.706	26.0	2.99	-3.371	-7.79	nan	18.1	-3.442	2.1	0.01
8699.454	26.0	4.96	-0.38	-7.51	nan	60.4	-0.38	-191.6	0.03
8700.327	26.0	4.96	-2.321	-7.53	nan	3.0	-2.505	7.3	0.0
8700.939	607.0	0.92	-2.464	0.0	7.5	0.08	-2.027	-21.6	0.0
8700.949	25.0	4.43	-0.688	-6.66	nan	9.47	-0.564	-50.0	0.0
8701.155	607.0	0.99	-0.769	0.0	7.5	3.4	-3.658	0.0	0.0
8709.269	607.0	1.18	-1.081	0.0	7.5	3.5	-1.081	47.8	0.0
8709.560	607.0	0.99	-1.447	0.0	7.5	1.58	-1.447	23.4	0.0
8709.562	20.0	4.53	-2.356	-6.59	nan	0.52	-2.356	14.6	0.0
8710.164	25.0	4.27	-1.983	-7.77	nan	0.35	-1.983	-11.0	0.0
8710.175	12.0	5.93	-1.715	0.0	nan	23.25	-1.565	0.0	0.02
8710.392	26.0	4.91	-0.368	-7.51	nan	73.7	-0.532	-19.7	0.0
8711.670	7.0	10.33	-0.233	-7.443	nan	0.0	-0.233	0.0	0.0
8712.449	607.0	0.94	-2.009	0.0	7.5	0.2	-2.009	-3.1	0.0
8712.690	12.0	5.93	-1.213	0.0	nan	49.4	-1.213	-6.3	0.05
8712.827	60.1	1.14	-1.93	0.0	nan	8.0	-1.93	104.5	0.0
8712.885	26.0	5.68	-1.294	-7.290	nan	10.0	-4.284	0.0	0.0
8713.184	27.0	1.71	-5.095	-7.81	nan	0.0	-5.095	49.1	9.97
8713.208	26.0	2.95	-2.650	-7.78	nan	34.92	-2.467	-23.5	-0.01
8713.208	26.0	4.99	-1.356	-7.5	nan	20.23	-1.01	-40.1	0.0
8713.858	607.0	1.11	-1.218	0.0	7.5	4.1	-1.218	53.7	0.0
8717.511	26.0	5.33	-2.128	-7.51	nan	2.1	-2.878	26.1	0.0
8717.825	12.0	5.93	-0.955	0.0	nan	76.95	-0.941	0.0	0.0
8717.856	62.1	1.59	-1.321	0.0	nan	0.09	-1.04	-27.0	0.0
8718.073	607.0	1.2	-0.516	0.0	7.63	5.0	-1.769	70.8	0.0
8718.815	607.0	1.05	-1.124	0.0	7.63	1.8	-1.575	28.6	0.0
8734.710	22.0	1.05	-2.374	-7.683	nan	4.3	-2.24	-6.0	0.0
8736.031	12.0	5.95	-0.318	0.0	nan	164.5	-0.725	56.1	0.06
8736.555	607.0	0.96	-1.88	0.0	7.63	0.4	-1.974	4.8	0.0
8737.304	22.0	3.72	0.172	-7.54	nan	3.6	-0.827	120.8	0.0
8745.423	607.0	1.04	-0.721	0.0	7.5	3.4	-1.436	49.8	0.0
8747.435	26.0	3.02	-3.317	-7.78	nan	19.0	-3.176	0.0	0.0
8755.750	26.0	5.35	-1.567	-7.51	nan	6.9	-1.472	-6.5	0.0
8757.029	607.0	1.1	-0.615	0.0	7.5	3.76	-1.538	60.0	0.0
8757.116	607.0	1.26	-2.49	0.0	7.5	0.04	-1.74	-43.1	0.0
8757.195	26.0	2.85	-1.713	-7.647	nan	93.83	-2.059	-51.2	0.02
8757.307	26.0	6.02	-0.892	-7.19	nan	7.6	-2.503	64.4	0.01
8763.976	26.0	4.65	-0.146	-7.54	nan	101.4	-0.146	-34.9	0.01
8764.940	14.0	6.22	-2.418	-7.05	nan	0.0	-2.148	0.0	0.0
8784.313	22.0	3.92	-0.511	-7.6	nan	0.5	-0.981	47.9	0.0
8784.440	26.0	4.96	-1.102	-7.53	nan	28.9	-1.593	25.2	0.01
8784.824	607.0	1.63	-0.357	0.0	7.63	2.7	-1.421	0.0	0.0
8785.115	607.0	1.03	-0.929	0.0	7.63	3.7	-2.779	0.0	0.0
8790.050	607.0	1.29	-1.06	0.0	7.5	0.0	1.06	0.0	0.0
8790.389	14.0	6.19	-0.326	-7.13	nan	18.7	-0.326	-317.8	0.0
8790.521	26.0	4.99	-0.586	-7.5	nan	23.0	-0.586	-119.5	-0.02
8792.882	607.0	1.14	-2.378	0.0	7.5	0.06	-1.503	-58.2	0.0
8792.965	14.0	6.19	-1.48	-7.13	nan	14.9	-1.406	-5.3	-0.01
8793.120	11.0	3.62	-0.547	0.0	nan	8.7	-1.798	69.6	-8.7
8793.352	26.0	4.61	-0.002	-7.54	nan	110.8	-0.092	0.0	-0.01
8795.871	607.0	1.29	-0.863	0.0	7.5	1.4	-1.054	18.1	0.0
8796.321	607.0	1.38	-1.008	0.0	7.5	0.82	-1.172	14.0	0.0
8796.353	24.0	4.45	-2.551	-7.77	nan	0.05	-1.926	-32.5	0.0
8796.484	26.0	4.96	-1.229	-7.53	nan	20.3	-1.229	-12.9	0.01
8796.648	607.0	1.09	-1.142	0.0	7.5	1.18	-1.415	19.3	0.0
8796.665	607.0	1.55	-0.959	0.0	7.5	0.62	-1.303	26.4	0.0
8798.064	58.1	0.27	-2.605	0.0	nan	0.13	-2.73	4.6	0.0
8798.072	26.0	4.99	-1.82	-7.52	nan	8.38	-1.89	3.7	0.0
8803.796	607.0	1.23	-0.431	0.0	7.63	5.7	-1.177	75.3	0.0
8803.928	28.0	5.53	-0.631	-7.49	nan	4.6	-0.569	-10.9	0.0
8804.615	607.0	1.15	-1.535	0.0	7.63	0.56	-1.519	-1.1	0.0
8804.631	26.0	2.28	-3.060	-7.666	nan	58.75	-3.234	-2.5	-0.04
8805.169	607.0	1.67	0.411	0.0	7.63	0.0	-1.422	128.9	13.19
8805.225	26.0	4.91	-2.048	-7.55	nan	6.11	-2.628	22.1	0.0
8805.430	26.0	5.35	-2.491	-7.51	nan	0.9	-2.28	-9.3	0.0
8805.625	607.0	1.08	-2.364	0.0	7.63	0.1	-2.208	-7.1	0.0
8806.724	607.0	1.16	-0.004	0.0	7.63	16.2	-1.492	99.7	0.01
8806.767	12.0	4.35	-0.134	-7.413	nan	356.0	-0.134	0.0	0.0
8807.623	26.0	5.97	-1.109	-7.12	nan	5.33	-1.863	40.5	0.0
8807.646	607.0	1.05	-3.143	0.0	7.63	0.02	-1.893	-66.0	0.0
8808.170	26.0	5.01	-0.987	-7.49	nan	35.3	-1.083	9.0	0.01
8809.226	26.0	5.01	-2.298	-7.53	nan	1.09	-2.298	-18.7	0.0
8809.247	26.0	6.27	-0.514	-7.54	nan	5.34	-0.494	-86.8	0.0
8809.415	28.0	3.9	-1.345	-7.56	nan	24.2	-1.183	5.6	0.02
8809.812	26.1	6.72	-1.992	-7.891	nan	5.7	-1.992	35.6	0.0
8816.183	607.0	1.25	-1.177	0.0	7.5	0.0	-1.177	0.0	0.0
8816.885	26.0	4.99	-1.639	-7.52	nan	12.1	-2.287	30.1	0.0
8817.016	22.0	0.9	-3.888	-7.77	nan	0.2	-5.138	24.3	0.0
8818.689	607.0	1.33	-0.580	0.0	7.5	3.2	-1.047	0.0	0.0
8823.835	21.0	3.19	0.542	-7.72	nan	1.3	-0.513	205.7	-0.7
8824.230	26.0	2.2	-1.540	-7.73	nan	160.0	-1.54	-20.8	0.04
8824.398	26.0	5.83	-0.835	-7.31	nan	12.3	-3.03	72.4	0.0
8836.959	607.0	1.2	-1.58	0.0	7.5	0.34	-1.471	-7.4	0.0
8836.992	12.0	6.12	-2.765	0.0	nan	1.66	-2.66	-3.9	0.0
8838.435	26.0	2.86	-1.840	-7.647	nan	98.5	-2.05	30.2	0.05
8846.740	26.0	5.01	-0.681	-7.50	nan	46.7	-0.781	0.0	0.0
8862.056	26.0	5.36	-1.003	-7.51	nan	18.5	-0.876	-28.2	0.01
8862.550	28.0	4.09	-0.396	-7.56	nan	55.0	-0.396	-33.8	-0.02
8863.587	26.0	4.97	-1.504	-7.54	nan	16.3	-1.519	1.0	0.0
8866.613	607.0	1.18	-0.527	0.0	7.5	12.0	-1.393	83.7	0.0
8866.731	26.0	5.33	-1.54	-7.51	nan	7.7	-3.3	53.3	-0.01
8866.941	26.0	4.55	-0.153	-7.54	nan	132.0	0.083	0.0	0.0
8867.382	62.1	1.38	-0.204	0.0	nan	1.9	-1.19	82.9	0.0
8868.435	26.0	3.02	-2.549	-7.79	nan	52.03	-2.909	5.0	0.04
8868.497	26.0	5.31	-3.175	-7.52	nan	0.21	-2.456	-29.3	0.0
8874.480	16.0	8.42	-0.001	-6.667	nan	10.0	-0.09	-63.3	0.0
8875.988	26.0	4.58	-3.952	-7.77	nan	0.17	-3.952	-0.0	0.0
8876.024	26.0	5.02	-1.02	-7.49	nan	33.49	-1.052	3.0	-0.04
8876.051	58.1	0.53	-2.259	0.0	nan	0.16	-2.15	-5.1	0.0
8876.339	20.0	4.62	-0.788	-6.58	nan	0.0	-0.788	-0.0	0.0
8876.362	607.0	1.33	-1.154	0.0	7.5	3.3	-1.154	61.3	0.0
8877.028	28.0	5.49	-0.542	-7.53	nan	6.1	-0.326	-66.3	0.0
8891.410	26.0	5.33	-1.353	-7.51	nan	11.3	-1.104	-31.2	0.01
8892.135	26.0	5.03	-2.347	-7.47	nan	3.6	-4.877	0.0	0.0
8892.702	607.0	1.69	-1.233	0.0	7.5	0.24	-1.28	3.7	0.0
8892.725	14.0	5.98	-0.738	-6.8	nan	69.56	-0.758	26.6	0.11
8918.650	607.0	1.39	-0.190	0.000	7.63	7.0	-1.139	0.0	0.0 
8920.025	26.0	5.06	-0.305	-7.53	nan	68.7	-0.415	0.0	0.0
8942.893	26.0	4.96	-1.666	-7.54	nan	12.3	-3.255	48.8	0.02
8943.065	26.0	2.83	-3.457	-7.79	nan	21.2	-3.346	-3.3	-0.01
8945.161	26.0	5.36	-3.085	-7.51	nan	0.23	-3.148	2.0	0.0
8945.189	26.0	5.03	-0.223	-7.53	nan	76.47	-0.22	-1.4	0.0
8945.208	22.0	3.87	0.32	-7.55	nan	0.0	-1.909	116.8	3.73
8945.23	26.0	6.33	-0.839	-7.16	nan	0.0	-3.339	74.9	4.74
8945.738	607.0	1.23	-1.237	0.0	7.5	0.7	-1.491	17.0	0.0
8946.26	26.0	2.85	-2.986	-7.79	nan	41.7	-3.509	14.9	0.0
8947.182	24.0	3.1	-0.708	-7.8	nan	36.5	-0.748	5.3	0.01
